
================================================================================
Using Hardware from Registry: jetson_orin_nx_16gb_gpu
================================================================================
  Vendor:   NVIDIA
  Model:    Jetson Orin NX 16GB (GPU)
  Type:     gpu
  Arch:     Ampere


================================================================================
EXECUTION DEVICE
================================================================================
  Requested device: CUDA
  Actual device:    GPU (Orin)
  Framework:        PYTORCH

================================================================================
Hardware Calibration: Jetson Orin NX 16GB (GPU)
================================================================================

Running pre-flight checks...
======================================================================
PRE-FLIGHT CHECKS
======================================================================

[OK] CPU Governor: schedutil (Jetson default)
    Current:  schedutil
    Expected: schedutil or performance
[OK] CPU Frequency: 1498 MHz (100% of max)
    Current:  1498 MHz
    Expected: >= 1348 MHz (90%)
[-] Turbo Boost: Could not determine (not Intel pstate)
[X] System Load: 27.3% (high - will affect results)
    Current:  27.3%
    Expected: < 5%
    Fix: Close other applications or wait for background tasks
[OK] Thermal State: 44°C (cool)
    Current:  44°C
    Expected: < 80°C
[OK] GPU Power Mode: 25W (power-limited profile)

RESULT: FAILED
  Calibration aborted. Fix issues above or use --force to override.

  Fix commands:
    Close other applications or wait for background tasks
======================================================================

[!] WARNING: Proceeding with calibration despite failed pre-flight checks.
  Results will be flagged as non-representative of peak performance.

System Information:
  CPU: aarch64
  Cores: 8 physical, 8 logical
  Memory: 15.3 GB
  Python: 3.10.12
  NumPy: 1.26.4
  PyTorch: 2.4.0a0+3bcc3cddb5.nv24.07

Execution Device:
  Running on: GPU (Orin)
  Framework:  PYTORCH
              (PyTorch DL framework, GPU-accelerated)

Querying CPU clock frequencies...
  CPU Freq: 1037 MHz (69% of max 1498 MHz)
  Governor: schedutil
  Power Mode: 25W (nvpmodel 25)

Querying GPU clock frequencies...
  Running warmup to capture clock under load...
  SM Clock (idle): 306 MHz
  SM Clock (load): 408 MHz (100% of max 408 MHz)
  Power Mode: 25W

Running calibration benchmarks...

1. STREAM Memory Bandwidth Benchmark
--------------------------------------------------------------------------------
Framework: PyTorch 2.4.0a0+3bcc3cddb5.nv24.07
  Device: Orin
  CUDA:   12.2

STREAM Benchmark Suite:
--------------------------------------------------------------------------------

COPY (a[i] = b[i]):
  Memory ops: 2, FLOPs/element: 0
  Size     8 MB...    31.9 GB/s  (31.3%)    0.53 ms
  Size    16 MB...    37.6 GB/s  (36.9%)    0.89 ms
  Size    32 MB...    40.7 GB/s  (39.9%)    1.65 ms
  Size    64 MB...    41.8 GB/s  (40.9%)    3.21 ms
  Size   128 MB...    42.2 GB/s  (41.4%)    6.36 ms
  Size   256 MB...    38.0 GB/s  (37.3%)   14.12 ms
  Size   512 MB...    38.5 GB/s  (37.8%)   27.87 ms

SCALE (a[i] = q * b[i]):
  Memory ops: 2, FLOPs/element: 1
  Size     8 MB...    32.4 GB/s  (31.7%)    0.52 ms  |  4.0 GFLOPS
  Size    16 MB...    38.1 GB/s  (37.4%)    0.88 ms  |  4.8 GFLOPS
  Size    32 MB...    40.6 GB/s  (39.8%)    1.65 ms  |  5.1 GFLOPS
  Size    64 MB...    42.7 GB/s  (41.8%)    3.15 ms  |  5.3 GFLOPS
  Size   128 MB...    43.4 GB/s  (42.5%)    6.19 ms  |  5.4 GFLOPS
  Size   256 MB...    43.6 GB/s  (42.8%)   12.31 ms  |  5.5 GFLOPS
  Size   512 MB...    43.8 GB/s  (42.9%)   24.54 ms  |  5.5 GFLOPS

ADD (a[i] = b[i] + c[i]):
  Memory ops: 3, FLOPs/element: 1
  Size     8 MB...    39.6 GB/s  (38.9%)    0.63 ms  |  3.3 GFLOPS
  Size    16 MB...    41.4 GB/s  (40.6%)    1.22 ms  |  3.5 GFLOPS
  Size    32 MB...    42.5 GB/s  (41.7%)    2.37 ms  |  3.5 GFLOPS
  Size    64 MB...    43.3 GB/s  (42.5%)    4.65 ms  |  3.6 GFLOPS
  Size   128 MB...    42.3 GB/s  (41.4%)    9.53 ms  |  3.5 GFLOPS
  Size   256 MB...    43.3 GB/s  (42.5%)   18.59 ms  |  3.6 GFLOPS
  Size   512 MB...    42.9 GB/s  (42.1%)   37.53 ms  |  3.6 GFLOPS

TRIAD (a[i] = b[i] + q * c[i]):
  Memory ops: 3, FLOPs/element: 2
  Size     8 MB...    22.5 GB/s  (22.1%)    1.12 ms  |  3.8 GFLOPS
  Size    16 MB...    24.3 GB/s  (23.8%)    2.07 ms  |  4.0 GFLOPS
  Size    32 MB...    25.5 GB/s  (25.0%)    3.95 ms  |  4.2 GFLOPS
  Size    64 MB...    26.0 GB/s  (25.5%)    7.75 ms  |  4.3 GFLOPS
  Size   128 MB...    25.6 GB/s  (25.1%)   15.76 ms  |  4.3 GFLOPS
  Size   256 MB...    26.0 GB/s  (25.5%)   30.99 ms  |  4.3 GFLOPS
  Size   512 MB...    26.1 GB/s  (25.5%)   61.82 ms  |  4.3 GFLOPS

================================================================================
STREAM Summary:
--------------------------------------------------------------------------------
Kernel            Best BW    Latency   Efficiency Description
------------------------------------------------------------------------------------------
COPY               42.2 GB/s     6.36 ms       41.4%  a[i] = b[i]
SCALE              43.8 GB/s    24.54 ms       42.9%  a[i] = q * b[i]
ADD                43.3 GB/s     4.65 ms       42.5%  a[i] = b[i] + c[i]
TRIAD              26.1 GB/s    61.82 ms       25.5%  a[i] = b[i] + q * c[i]

STREAM Score (minimum): 22.5 GB/s
================================================================================
STREAM Score (minimum bandwidth): 22.5 GB/s

2. BLAS Compute Benchmark Suite
--------------------------------------------------------------------------------
Testing precisions: fp64, fp32, tf32, fp16, fp8, fp4, bf16, int64, int32, int16, int8, int4

Framework: PyTorch 2.4.0a0+3bcc3cddb5.nv24.07
  Device: Orin
  CUDA:   12.2

BLAS Benchmark Suite:
==========================================================================================

BLAS Level 1: DOT
------------------------------------------------------------------------------------------
  Size     1K:
    fp64      [!] SLOW (   0.0 GFLOPS < 1.0 GFLOPS threshold)    0.18ms
    fp32      [!] SLOW (   0.0 GFLOPS < 1.0 GFLOPS threshold)    0.17ms
    tf32      [!] SLOW (   0.0 GFLOPS < 1.0 GFLOPS threshold)    0.18ms
    fp16      [!] SLOW (   0.0 GFLOPS < 1.0 GFLOPS threshold)    0.19ms
    fp8                                               SKIPPED  (PyTorch does not support this precision)
    fp4                                               SKIPPED  (PyTorch does not support this precision)
    bf16      [!] SLOW (   0.0 GFLOPS < 1.0 GFLOPS threshold)    0.18ms
    int64                                             SKIPPED  (RuntimeError: "dot" not implemented for 'Long')
    int32                                             SKIPPED  (RuntimeError: "dot" not implemented for 'Int')
    int16                                             SKIPPED  (RuntimeError: "dot" not implemented for 'Short')
    int8                                              SKIPPED  (RuntimeError: "dot" not implemented for 'Char')
    int4                                              SKIPPED  (PyTorch does not support this precision)
  Size    10K:
    fp64      [!] SLOW (   0.1 GFLOPS < 1.0 GFLOPS threshold)    0.18ms
    fp32      [!] SLOW (   0.1 GFLOPS < 1.0 GFLOPS threshold)    0.17ms
    tf32      [!] SLOW (   0.1 GFLOPS < 1.0 GFLOPS threshold)    0.16ms
    fp16      [!] SLOW (   0.1 GFLOPS < 1.0 GFLOPS threshold)    0.17ms
    fp8                                               SKIPPED  (PyTorch does not support this precision)
    fp4                                               SKIPPED  (PyTorch does not support this precision)
    bf16      [!] SLOW (   0.1 GFLOPS < 1.0 GFLOPS threshold)    0.16ms
    int64                                             SKIPPED  (RuntimeError: "dot" not implemented for 'Long')
    int32                                             SKIPPED  (RuntimeError: "dot" not implemented for 'Int')
    int16                                             SKIPPED  (RuntimeError: "dot" not implemented for 'Short')
    int8                                              SKIPPED  (RuntimeError: "dot" not implemented for 'Char')
    int4                                              SKIPPED  (PyTorch does not support this precision)
  Size   100K:
    fp64                                           1.4 GFLOPS    0.14ms
    fp32                                           1.4 GFLOPS    0.14ms
    tf32                                           1.4 GFLOPS    0.14ms
    fp16                                           1.5 GFLOPS    0.13ms
    fp8                                               SKIPPED  (PyTorch does not support this precision)
    fp4                                               SKIPPED  (PyTorch does not support this precision)
    bf16                                           1.6 GFLOPS    0.12ms
    int64                                             SKIPPED  (RuntimeError: "dot" not implemented for 'Long')
    int32                                             SKIPPED  (RuntimeError: "dot" not implemented for 'Int')
    int16                                             SKIPPED  (RuntimeError: "dot" not implemented for 'Short')
    int8                                              SKIPPED  (RuntimeError: "dot" not implemented for 'Char')
    int4                                              SKIPPED  (PyTorch does not support this precision)
  Size     1M:
    fp64                                           3.6 GFLOPS    0.56ms
    fp32                                           6.1 GFLOPS    0.33ms
    tf32                                           6.1 GFLOPS    0.33ms
    fp16                                           9.5 GFLOPS    0.21ms
    fp8                                               SKIPPED  (PyTorch does not support this precision)
    fp4                                               SKIPPED  (PyTorch does not support this precision)
    bf16                                           9.6 GFLOPS    0.21ms
    int64                                             SKIPPED  (RuntimeError: "dot" not implemented for 'Long')
    int32                                             SKIPPED  (RuntimeError: "dot" not implemented for 'Int')
    int16                                             SKIPPED  (RuntimeError: "dot" not implemented for 'Short')
    int8                                              SKIPPED  (RuntimeError: "dot" not implemented for 'Char')
    int4                                              SKIPPED  (PyTorch does not support this precision)
  Size    10M:
    fp64                                           4.9 GFLOPS    4.05ms
    fp32                                           9.5 GFLOPS    2.11ms
    tf32                                           9.5 GFLOPS    2.10ms
    fp16                                          17.4 GFLOPS    1.15ms
    fp8                                               SKIPPED  (PyTorch does not support this precision)
    fp4                                               SKIPPED  (PyTorch does not support this precision)
    bf16                                          17.4 GFLOPS    1.15ms
    int64                                             SKIPPED  (RuntimeError: "dot" not implemented for 'Long')
    int32                                             SKIPPED  (RuntimeError: "dot" not implemented for 'Int')
    int16                                             SKIPPED  (RuntimeError: "dot" not implemented for 'Short')
    int8                                              SKIPPED  (RuntimeError: "dot" not implemented for 'Char')
    int4                                              SKIPPED  (PyTorch does not support this precision)

BLAS Level 1: AXPY
------------------------------------------------------------------------------------------
  Size     1K:
    fp64      [!] SLOW (   0.0 GFLOPS < 1.0 GFLOPS threshold)    0.29ms
    fp32      [!] SLOW (   0.0 GFLOPS < 1.0 GFLOPS threshold)    0.31ms
    tf32      [!] SLOW (   0.0 GFLOPS < 1.0 GFLOPS threshold)    0.47ms
    fp16      [!] SLOW (   0.0 GFLOPS < 1.0 GFLOPS threshold)    0.29ms
    fp8                                               SKIPPED  (PyTorch does not support this precision)
    fp4                                               SKIPPED  (PyTorch does not support this precision)
    bf16      [!] SLOW (   0.0 GFLOPS < 1.0 GFLOPS threshold)    0.29ms
    int64      [!] SLOW (   0.0 GIOPS < 1.0 GFLOPS threshold)    0.30ms
    int32      [!] SLOW (   0.0 GIOPS < 1.0 GFLOPS threshold)    0.29ms
    int16      [!] SLOW (   0.0 GIOPS < 1.0 GFLOPS threshold)    0.32ms
    int8       [!] SLOW (   0.0 GIOPS < 1.0 GFLOPS threshold)    0.30ms
    int4                                              SKIPPED  (PyTorch does not support this precision)
  Size    10K:
    fp64      [!] SLOW (   0.1 GFLOPS < 1.0 GFLOPS threshold)    0.28ms
    fp32      [!] SLOW (   0.1 GFLOPS < 1.0 GFLOPS threshold)    0.27ms
    tf32      [!] SLOW (   0.1 GFLOPS < 1.0 GFLOPS threshold)    0.24ms
    fp16      [!] SLOW (   0.1 GFLOPS < 1.0 GFLOPS threshold)    0.22ms
    fp8                                               SKIPPED  (PyTorch does not support this precision)
    fp4                                               SKIPPED  (PyTorch does not support this precision)
    bf16      [!] SLOW (   0.1 GFLOPS < 1.0 GFLOPS threshold)    0.23ms
    int64      [!] SLOW (   0.1 GIOPS < 1.0 GFLOPS threshold)    0.20ms
    int32      [!] SLOW (   0.1 GIOPS < 1.0 GFLOPS threshold)    0.20ms
    int16      [!] SLOW (   0.1 GIOPS < 1.0 GFLOPS threshold)    0.21ms
    int8       [!] SLOW (   0.1 GIOPS < 1.0 GFLOPS threshold)    0.18ms
    int4                                              SKIPPED  (PyTorch does not support this precision)
  Size   100K:
    fp64      [!] SLOW (   0.9 GFLOPS < 1.0 GFLOPS threshold)    0.22ms
    fp32                                           1.1 GFLOPS    0.18ms
    tf32                                           1.2 GFLOPS    0.17ms
    fp16                                           1.2 GFLOPS    0.17ms
    fp8                                               SKIPPED  (PyTorch does not support this precision)
    fp4                                               SKIPPED  (PyTorch does not support this precision)
    bf16                                           1.2 GFLOPS    0.16ms
    int64      [!] SLOW (   0.9 GIOPS < 1.0 GFLOPS threshold)    0.22ms
    int32                                           1.2 GIOPS    0.16ms
    int16                                           1.2 GIOPS    0.17ms
    int8                                            1.2 GIOPS    0.16ms
    int4                                              SKIPPED  (PyTorch does not support this precision)
  Size     1M:
    fp64                                           1.2 GFLOPS    1.71ms
    fp32                                           2.5 GFLOPS    0.81ms
    tf32                                           2.5 GFLOPS    0.81ms
    fp16                                           4.0 GFLOPS    0.50ms
    fp8                                               SKIPPED  (PyTorch does not support this precision)
    fp4                                               SKIPPED  (PyTorch does not support this precision)
    bf16                                           4.3 GFLOPS    0.47ms
    int64                                           1.2 GIOPS    1.69ms
    int32                                           2.4 GIOPS    0.82ms
    int16                                           4.2 GIOPS    0.48ms
    int8                                            7.2 GIOPS    0.28ms
    int4                                              SKIPPED  (PyTorch does not support this precision)
  Size    10M:
    fp64                                           1.3 GFLOPS   15.77ms
    fp32                                           3.1 GFLOPS    6.44ms
    tf32                                           2.9 GFLOPS    6.87ms
    fp16                                           6.1 GFLOPS    3.30ms
    fp8                                               SKIPPED  (PyTorch does not support this precision)
    fp4                                               SKIPPED  (PyTorch does not support this precision)
    bf16                                           6.0 GFLOPS    3.32ms
    int64                                           1.3 GIOPS   15.61ms
    int32                                           3.1 GIOPS    6.45ms
    int16                                           6.0 GIOPS    3.33ms
    int8                                           11.4 GIOPS    1.75ms
    int4                                              SKIPPED  (PyTorch does not support this precision)

BLAS Level 2: GEMV
------------------------------------------------------------------------------------------
  Size     32:
    fp64      [!] SLOW (   0.0 GFLOPS < 1.0 GFLOPS threshold)    0.43ms
    fp32      [!] SLOW (   0.0 GFLOPS < 1.0 GFLOPS threshold)    0.43ms
    tf32      [!] SLOW (   0.0 GFLOPS < 1.0 GFLOPS threshold)    0.43ms
    fp16      [!] SLOW (   0.0 GFLOPS < 1.0 GFLOPS threshold)    0.42ms
    fp8                                               SKIPPED  (PyTorch does not support this precision)
    fp4                                               SKIPPED  (PyTorch does not support this precision)
    bf16      [!] SLOW (   0.0 GFLOPS < 1.0 GFLOPS threshold)    0.28ms
    int64                                             SKIPPED  (RuntimeError: "addmv_impl_cuda" not implemented for 'Long')
    int32                                             SKIPPED  (RuntimeError: "addmv_impl_cuda" not implemented for 'Int')
    int16                                             SKIPPED  (RuntimeError: "addmv_impl_cuda" not implemented for 'Short')
    int8                                              SKIPPED  (RuntimeError: "addmv_impl_cuda" not implemented for 'Char')
    int4                                              SKIPPED  (PyTorch does not support this precision)
  Size     64:
    fp64      [!] SLOW (   0.0 GFLOPS < 1.0 GFLOPS threshold)    0.28ms
    fp32      [!] SLOW (   0.0 GFLOPS < 1.0 GFLOPS threshold)    0.29ms
    tf32      [!] SLOW (   0.0 GFLOPS < 1.0 GFLOPS threshold)    0.29ms
    fp16      [!] SLOW (   0.0 GFLOPS < 1.0 GFLOPS threshold)    0.29ms
    fp8                                               SKIPPED  (PyTorch does not support this precision)
    fp4                                               SKIPPED  (PyTorch does not support this precision)
    bf16      [!] SLOW (   0.0 GFLOPS < 1.0 GFLOPS threshold)    0.28ms
    int64                                             SKIPPED  (RuntimeError: "addmv_impl_cuda" not implemented for 'Long')
    int32                                             SKIPPED  (RuntimeError: "addmv_impl_cuda" not implemented for 'Int')
    int16                                             SKIPPED  (RuntimeError: "addmv_impl_cuda" not implemented for 'Short')
    int8                                              SKIPPED  (RuntimeError: "addmv_impl_cuda" not implemented for 'Char')
    int4                                              SKIPPED  (PyTorch does not support this precision)
  Size    128:
    fp64      [!] SLOW (   0.1 GFLOPS < 1.0 GFLOPS threshold)    0.28ms
    fp32      [!] SLOW (   0.1 GFLOPS < 1.0 GFLOPS threshold)    0.28ms
    tf32      [!] SLOW (   0.1 GFLOPS < 1.0 GFLOPS threshold)    0.29ms
    fp16      [!] SLOW (   0.1 GFLOPS < 1.0 GFLOPS threshold)    0.29ms
    fp8                                               SKIPPED  (PyTorch does not support this precision)
    fp4                                               SKIPPED  (PyTorch does not support this precision)
    bf16      [!] SLOW (   0.1 GFLOPS < 1.0 GFLOPS threshold)    0.29ms
    int64                                             SKIPPED  (RuntimeError: "addmv_impl_cuda" not implemented for 'Long')
    int32                                             SKIPPED  (RuntimeError: "addmv_impl_cuda" not implemented for 'Int')
    int16                                             SKIPPED  (RuntimeError: "addmv_impl_cuda" not implemented for 'Short')
    int8                                              SKIPPED  (RuntimeError: "addmv_impl_cuda" not implemented for 'Char')
    int4                                              SKIPPED  (PyTorch does not support this precision)
  Size    256:
    fp64      [!] SLOW (   0.5 GFLOPS < 1.0 GFLOPS threshold)    0.28ms
    fp32      [!] SLOW (   0.5 GFLOPS < 1.0 GFLOPS threshold)    0.28ms
    tf32      [!] SLOW (   0.5 GFLOPS < 1.0 GFLOPS threshold)    0.29ms
    fp16      [!] SLOW (   0.4 GFLOPS < 1.0 GFLOPS threshold)    0.30ms
    fp8                                               SKIPPED  (PyTorch does not support this precision)
    fp4                                               SKIPPED  (PyTorch does not support this precision)
    bf16      [!] SLOW (   0.5 GFLOPS < 1.0 GFLOPS threshold)    0.28ms
    int64                                             SKIPPED  (RuntimeError: "addmv_impl_cuda" not implemented for 'Long')
    int32                                             SKIPPED  (RuntimeError: "addmv_impl_cuda" not implemented for 'Int')
    int16                                             SKIPPED  (RuntimeError: "addmv_impl_cuda" not implemented for 'Short')
    int8                                              SKIPPED  (RuntimeError: "addmv_impl_cuda" not implemented for 'Char')
    int4                                              SKIPPED  (PyTorch does not support this precision)
  Size    512:
    fp64                                           1.8 GFLOPS    0.28ms
    fp32                                           1.8 GFLOPS    0.29ms
    tf32                                           1.8 GFLOPS    0.29ms
    fp16                                           1.8 GFLOPS    0.30ms
    fp8                                               SKIPPED  (PyTorch does not support this precision)
    fp4                                               SKIPPED  (PyTorch does not support this precision)
    bf16                                           1.8 GFLOPS    0.29ms
    int64                                             SKIPPED  (RuntimeError: "addmv_impl_cuda" not implemented for 'Long')
    int32                                             SKIPPED  (RuntimeError: "addmv_impl_cuda" not implemented for 'Int')
    int16                                             SKIPPED  (RuntimeError: "addmv_impl_cuda" not implemented for 'Short')
    int8                                              SKIPPED  (RuntimeError: "addmv_impl_cuda" not implemented for 'Char')
    int4                                              SKIPPED  (PyTorch does not support this precision)
  Size     1K:
    fp64                                           4.0 GFLOPS    0.52ms
    fp32                                           7.3 GFLOPS    0.29ms
    tf32                                           7.3 GFLOPS    0.29ms
    fp16                                           7.0 GFLOPS    0.30ms
    fp8                                               SKIPPED  (PyTorch does not support this precision)
    fp4                                               SKIPPED  (PyTorch does not support this precision)
    bf16                                           6.9 GFLOPS    0.30ms
    int64                                             SKIPPED  (RuntimeError: "addmv_impl_cuda" not implemented for 'Long')
    int32                                             SKIPPED  (RuntimeError: "addmv_impl_cuda" not implemented for 'Int')
    int16                                             SKIPPED  (RuntimeError: "addmv_impl_cuda" not implemented for 'Short')
    int8                                              SKIPPED  (RuntimeError: "addmv_impl_cuda" not implemented for 'Char')
    int4                                              SKIPPED  (PyTorch does not support this precision)
  Size     2K:
    fp64                                           5.1 GFLOPS    1.66ms
    fp32                                          11.7 GFLOPS    0.72ms
    tf32                                          11.1 GFLOPS    0.76ms
    fp16                                          17.7 GFLOPS    0.47ms
    fp8                                               SKIPPED  (PyTorch does not support this precision)
    fp4                                               SKIPPED  (PyTorch does not support this precision)
    bf16                                          18.1 GFLOPS    0.46ms
    int64                                             SKIPPED  (RuntimeError: "addmv_impl_cuda" not implemented for 'Long')
    int32                                             SKIPPED  (RuntimeError: "addmv_impl_cuda" not implemented for 'Int')
    int16                                             SKIPPED  (RuntimeError: "addmv_impl_cuda" not implemented for 'Short')
    int8                                              SKIPPED  (RuntimeError: "addmv_impl_cuda" not implemented for 'Char')
    int4                                              SKIPPED  (PyTorch does not support this precision)

BLAS Level 3: GEMM
------------------------------------------------------------------------------------------
  Size     32:
    fp64      [!] SLOW (   0.2 GFLOPS < 1.0 GFLOPS threshold)    0.30ms
    fp32      [!] SLOW (   0.2 GFLOPS < 1.0 GFLOPS threshold)    0.29ms
    tf32      [!] SLOW (   0.2 GFLOPS < 1.0 GFLOPS threshold)    0.30ms
    fp16      [!] SLOW (   0.2 GFLOPS < 1.0 GFLOPS threshold)    0.31ms
    fp8                                               SKIPPED  (PyTorch does not support this precision)
    fp4                                               SKIPPED  (PyTorch does not support this precision)
    bf16      [!] SLOW (   0.2 GFLOPS < 1.0 GFLOPS threshold)    0.29ms
    int64                                             SKIPPED  (RuntimeError: RuntimeError: "addmm_cuda" not implemented for 'Lo)
    int32                                             SKIPPED  (RuntimeError: RuntimeError: "addmm_cuda" not implemented for 'In)
    int16                                             SKIPPED  (RuntimeError: RuntimeError: "addmm_cuda" not implemented for 'Sh)
    int8                                              SKIPPED  (RuntimeError: RuntimeError: "addmm_cuda" not implemented for 'Ch)
    int4                                              SKIPPED  (PyTorch does not support this precision)
  Size     64:
    fp64      [!] SLOW (   0.7 GFLOPS < 1.0 GFLOPS threshold)    0.74ms
    fp32                                           1.8 GFLOPS    0.30ms
    tf32                                           1.8 GFLOPS    0.30ms
    fp16                                           1.7 GFLOPS    0.31ms
    fp8                                               SKIPPED  (PyTorch does not support this precision)
    fp4                                               SKIPPED  (PyTorch does not support this precision)
    bf16                                           1.9 GFLOPS    0.28ms
    int64                                             SKIPPED  (RuntimeError: RuntimeError: "addmm_cuda" not implemented for 'Lo)
    int32                                             SKIPPED  (RuntimeError: RuntimeError: "addmm_cuda" not implemented for 'In)
    int16                                             SKIPPED  (RuntimeError: RuntimeError: "addmm_cuda" not implemented for 'Sh)
    int8                                              SKIPPED  (RuntimeError: RuntimeError: "addmm_cuda" not implemented for 'Ch)
    int4                                              SKIPPED  (PyTorch does not support this precision)
  Size    128:
    fp64                                           6.3 GFLOPS    0.67ms
    fp32                                          13.8 GFLOPS    0.30ms
    tf32                                          13.8 GFLOPS    0.30ms
    fp16                                          12.5 GFLOPS    0.34ms
    fp8                                               SKIPPED  (PyTorch does not support this precision)
    fp4                                               SKIPPED  (PyTorch does not support this precision)
    bf16                                          12.2 GFLOPS    0.34ms
    int64                                             SKIPPED  (RuntimeError: RuntimeError: "addmm_cuda" not implemented for 'Lo)
    int32                                             SKIPPED  (RuntimeError: RuntimeError: "addmm_cuda" not implemented for 'In)
    int16                                             SKIPPED  (RuntimeError: RuntimeError: "addmm_cuda" not implemented for 'Sh)
    int8                                              SKIPPED  (RuntimeError: RuntimeError: "addmm_cuda" not implemented for 'Ch)
    int4                                              SKIPPED  (PyTorch does not support this precision)
  Size    256:
    fp64                                           6.9 GFLOPS    4.88ms
    fp32                                         108.7 GFLOPS    0.31ms
    tf32                                         107.8 GFLOPS    0.31ms
    fp16                                         112.0 GFLOPS    0.30ms
    fp8                                               SKIPPED  (PyTorch does not support this precision)
    fp4                                               SKIPPED  (PyTorch does not support this precision)
    bf16                                         110.0 GFLOPS    0.31ms
    int64                                             SKIPPED  (RuntimeError: RuntimeError: "addmm_cuda" not implemented for 'Lo)
    int32                                             SKIPPED  (RuntimeError: RuntimeError: "addmm_cuda" not implemented for 'In)
    int16                                             SKIPPED  (RuntimeError: RuntimeError: "addmm_cuda" not implemented for 'Sh)
    int8                                              SKIPPED  (RuntimeError: RuntimeError: "addmm_cuda" not implemented for 'Ch)
    int4                                              SKIPPED  (PyTorch does not support this precision)
  Size    512:
    fp64                                          10.7 GFLOPS   25.08ms
    fp32                                         201.7 GFLOPS    1.33ms
    tf32                                         430.8 GFLOPS    0.62ms
    fp16                                         739.8 GFLOPS    0.36ms
    fp8                                               SKIPPED  (PyTorch does not support this precision)
    fp4                                               SKIPPED  (PyTorch does not support this precision)
    bf16                                         709.2 GFLOPS    0.38ms
    int64                                             SKIPPED  (RuntimeError: RuntimeError: "addmm_cuda" not implemented for 'Lo)
    int32                                             SKIPPED  (RuntimeError: RuntimeError: "addmm_cuda" not implemented for 'In)
    int16                                             SKIPPED  (RuntimeError: RuntimeError: "addmm_cuda" not implemented for 'Sh)
    int8                                              SKIPPED  (RuntimeError: RuntimeError: "addmm_cuda" not implemented for 'Ch)
    int4                                              SKIPPED  (PyTorch does not support this precision)
  Size     1K:
    fp64                                              SKIPPED  (Timeout: GEMM benchmark exceeded 5s timeout)
    fp32                                         351.3 GFLOPS    6.11ms
    tf32                                         755.9 GFLOPS    2.84ms
    fp16                                        1228.7 GFLOPS    1.75ms
    fp8                                               SKIPPED  (PyTorch does not support this precision)
    fp4                                               SKIPPED  (PyTorch does not support this precision)
    bf16                                        1089.3 GFLOPS    1.97ms
    int64                                             SKIPPED  (RuntimeError: RuntimeError: "addmm_cuda" not implemented for 'Lo)
    int32                                             SKIPPED  (RuntimeError: RuntimeError: "addmm_cuda" not implemented for 'In)
    int16                                             SKIPPED  (RuntimeError: RuntimeError: "addmm_cuda" not implemented for 'Sh)
    int8                                              SKIPPED  (RuntimeError: RuntimeError: "addmm_cuda" not implemented for 'Ch)
    int4                                              SKIPPED  (PyTorch does not support this precision)
  Size     2K:
    fp64                                              SKIPPED  (Skipped (poor performance at size 1K: Timeout (>5s)))
    fp32                                         478.0 GFLOPS   35.94ms
    tf32                                        1335.5 GFLOPS   12.86ms
    fp16                                        2423.3 GFLOPS    7.09ms
    fp8                                               SKIPPED  (PyTorch does not support this precision)
    fp4                                               SKIPPED  (PyTorch does not support this precision)
    bf16                                        2522.2 GFLOPS    6.81ms
    int64                                             SKIPPED  (RuntimeError: RuntimeError: "addmm_cuda" not implemented for 'Lo)
    int32                                             SKIPPED  (RuntimeError: RuntimeError: "addmm_cuda" not implemented for 'In)
    int16                                             SKIPPED  (RuntimeError: RuntimeError: "addmm_cuda" not implemented for 'Sh)
    int8                                              SKIPPED  (RuntimeError: RuntimeError: "addmm_cuda" not implemented for 'Ch)
    int4                                              SKIPPED  (PyTorch does not support this precision)

==========================================================================================
BLAS Suite Complete: 24 calibrations
==========================================================================================

Building precision capability matrix...

Calibration saved to: /home/lanner/dev/branes/clones/graphs/hardware_registry/gpu/jetson_orin_nx_16gb_gpu/calibrations/pending_pytorch.json

================================================================================
Hardware Calibration: Jetson Orin NX 16GB (GPU)
Date: 2026-01-28T14:22:43.888577
================================================================================

Framework: PYTORCH
Device:    CUDA

Theoretical Specifications:
  Peak GFLOPS (FP32): 1882.0
  Peak Bandwidth:     102.0 GB/s

STREAM Memory Bandwidth Benchmark:
  Kernel           Size (MB)    Bandwidth    Latency   Efficiency Description
  -----------------------------------------------------------------------------------------------
  COPY                   128       42.2 GB/s     6.36 ms       41.4%  a[i] = b[i]
  SCALE                  512       43.8 GB/s    24.54 ms       42.9%  a[i] = q * b[i]
  ADD                     64       43.3 GB/s     4.65 ms       42.5%  a[i] = b[i] + c[i]
  TRIAD                  512       26.1 GB/s    61.82 ms       25.5%  a[i] = b[i] + q * c[i]

  STREAM Score (minimum): 22.5 GB/s

BLAS Performance Summary (Highest Throughput by Precision):
  Operation          fp64       fp32       tf32       fp16        fp8        fp4       bf16      int64      int32      int16       int8       int4   Best Precision
  ------------------------------------------------------------------------------------------------------------------------------------------------------------------
  AXPY                1.3        3.1        2.9        6.1        N/A        N/A        6.0        1.3        3.1        6.0       11.4        N/A             int8
  DOT                 4.9        9.5        9.5       17.4        N/A        N/A       17.4        N/A        N/A        N/A        N/A        N/A             fp16
  GEMV                5.1       11.7       11.1       17.7        N/A        N/A       18.1        N/A        N/A        N/A        N/A        N/A             bf16
  GEMM               10.7      478.0     1335.5     2423.3        N/A        N/A     2522.2        N/A        N/A        N/A        N/A        N/A             bf16

BLAS Compute Performance (by Operation and Precision):
========================================================================================================================

Level 1: Vector-Vector (O(n))
------------------------------------------------------------------------------------------------------------------------

AXPY:
  Precision   Best Size Highest Throughput    Latency       AI   Efficiency
  --------------------------------------------------------------------------------
  fp64              10M         1.3 GFLOPS    15.77ms     0.33        2.1%
  fp32              10M         3.1 GFLOPS     6.44ms     0.17        0.2%
  tf32              10M         2.9 GFLOPS     6.87ms     0.17        0.1%
  fp16              10M         6.1 GFLOPS     3.30ms     0.33        0.1%
  bf16              10M         6.0 GFLOPS     3.32ms     0.33        0.1%
  int64             10M          1.3 GIOPS    15.61ms     0.33        0.0%
  int32             10M          3.1 GIOPS     6.45ms     0.33        0.2%
  int16             10M          6.0 GIOPS     3.33ms     0.33        0.1%
  int8              10M         11.4 GIOPS     1.75ms     0.33        0.1%

DOT:
  Precision   Best Size Highest Throughput    Latency       AI   Efficiency
  --------------------------------------------------------------------------------
  fp64              10M         4.9 GFLOPS     4.05ms     0.50        8.4%
  fp32              10M         9.5 GFLOPS     2.11ms     0.25        0.5%
  tf32              10M         9.5 GFLOPS     2.10ms     0.25        0.3%
  fp16              10M        17.4 GFLOPS     1.15ms     0.50        0.2%
  bf16              10M        17.4 GFLOPS     1.15ms     0.50        0.2%

Level 2: Matrix-Vector (O(n²))
------------------------------------------------------------------------------------------------------------------------

GEMV:
  Precision   Best Size Highest Throughput    Latency       AI   Efficiency
  --------------------------------------------------------------------------------
  fp64               2K         5.1 GFLOPS     1.66ms     1.00        8.6%
  fp32               2K        11.7 GFLOPS     0.72ms     0.50        0.6%
  tf32               2K        11.1 GFLOPS     0.76ms     0.50        0.3%
  fp16               2K        17.7 GFLOPS     0.47ms     1.00        0.2%
  bf16               2K        18.1 GFLOPS     0.46ms     1.00        0.2%

Level 3: Matrix-Matrix (O(n³))
------------------------------------------------------------------------------------------------------------------------

GEMM:
  Precision   Best Size Highest Throughput    Latency       AI   Efficiency
  --------------------------------------------------------------------------------
  fp64              512        10.7 GFLOPS    25.08ms    42.67       18.1%
  fp32               2K       478.0 GFLOPS    35.94ms   341.33       25.4%
  tf32               2K      1335.5 GFLOPS    12.86ms   341.33       35.5%
  fp16               2K      2423.3 GFLOPS     7.09ms   682.67       32.2%
  bf16               2K      2522.2 GFLOPS     6.81ms   682.67       33.5%

Precision Support Summary:
  Supported:   fp64, fp32, tf32, fp16, bf16, int64, int32, int16, int8
  Unsupported: fp8, fp4, int4


================================================================================
Calibration Complete!
================================================================================

Calibration file: /home/lanner/dev/branes/clones/graphs/hardware_registry/gpu/jetson_orin_nx_16gb_gpu/calibrations/25W_408MHz_pytorch_20260128T192640Z.json

Next steps:
  1. Review the calibration results above
  2. View calibration efficiency:
     ./cli/show_calibration_efficiency.py --id jetson_orin_nx_16gb_gpu

  3. Use in analysis (calibration auto-loaded from registry):
     ./cli/analyze_comprehensive.py --model resnet18 --hardware jetson_orin_nx_16gb_gpu

