branes@Branes-Jetson:~/dev/branes/clones/graphs$ ./cli/calibrate.py --id jetson_orin_nano_gpu --framework pytorch
================================================================================
Hardware Calibration: Jetson Orin Nano (GPU)
================================================================================

Running pre-flight checks...
======================================================================
PRE-FLIGHT CHECKS
======================================================================

✓ CPU Governor: schedutil (Jetson default)
    Current:  schedutil
    Expected: schedutil or performance
✓ CPU Frequency: 934 MHz idle (DVFS will boost under load)
    Current:  934 MHz (idle)
    Expected: Up to 1344 MHz under load
○ Turbo Boost: Could not determine (not Intel pstate)
✓ System Load: 1.7% (idle)
    Current:  1.7%
    Expected: < 5%
✓ Thermal State: 46°C (cool)
    Current:  46°C
    Expected: < 80°C
✓ GPU Power Mode: 25W (power-limited profile)

RESULT: PASSED
  System is ready for calibration.
======================================================================
System Information:
  CPU: aarch64
  Cores: 6 physical, 6 logical
  Memory: 7.4 GB
  Python: 3.10.12
  NumPy: 1.26.4
  PyTorch: 2.5.0a0+872d972e41.nv24.08

Target Device: CUDA
Framework:     PYTORCH

Querying CPU clock frequencies...
  CPU Freq: 986 MHz (73% of max 1344 MHz)
  Governor: schedutil

Querying GPU clock frequencies...
  Running warmup to capture clock under load...
  SM Clock (idle): 306 MHz
  SM Clock (load): 918 MHz (100% of max 918 MHz)
  Power Mode: 25W

Running calibration benchmarks...

1. STREAM Memory Bandwidth Benchmark
--------------------------------------------------------------------------------
Framework: PyTorch 2.5.0a0+872d972e41.nv24.08
  Device: Orin
  CUDA:   12.6

STREAM Benchmark Suite:
--------------------------------------------------------------------------------

COPY (a[i] = b[i]):
  Memory ops: 2, FLOPs/element: 0
  Size     8 MB...    39.7 GB/s  (58.3%)    0.42 ms
  Size    16 MB...    50.1 GB/s  (73.7%)    0.67 ms
  Size    32 MB...    37.1 GB/s  (54.6%)    1.81 ms
  Size    64 MB...    37.8 GB/s  (55.5%)    3.55 ms
  Size   128 MB...    57.8 GB/s  (85.0%)    4.65 ms
  Size   256 MB...    56.6 GB/s  (83.2%)    9.48 ms
  Size   512 MB...    57.5 GB/s  (84.5%)   18.68 ms

SCALE (a[i] = q * b[i]):
  Memory ops: 2, FLOPs/element: 1
  Size     8 MB...    21.5 GB/s  (31.6%)    0.78 ms  |  2.7 GFLOPS
  Size    16 MB...    26.3 GB/s  (38.6%)    1.28 ms  |  3.3 GFLOPS
  Size    32 MB...    57.1 GB/s  (83.9%)    1.18 ms  |  7.1 GFLOPS
  Size    64 MB...    69.6 GB/s (102.4%)    1.93 ms  |  8.7 GFLOPS
  Size   128 MB...    75.3 GB/s (110.7%)    3.57 ms  |  9.4 GFLOPS
  Size   256 MB...    93.7 GB/s (137.8%)    5.73 ms  |  11.7 GFLOPS
  Size   512 MB...    87.7 GB/s (129.0%)   12.24 ms  |  11.0 GFLOPS

ADD (a[i] = b[i] + c[i]):
  Memory ops: 3, FLOPs/element: 1
  Size     8 MB...    68.1 GB/s (100.2%)    0.37 ms  |  5.7 GFLOPS
  Size    16 MB...    45.3 GB/s  (66.6%)    1.11 ms  |  3.8 GFLOPS
  Size    32 MB...    87.3 GB/s (128.4%)    1.15 ms  |  7.3 GFLOPS
  Size    64 MB...    72.8 GB/s (107.1%)    2.76 ms  |  6.1 GFLOPS
  Size   128 MB...    82.0 GB/s (120.6%)    4.91 ms  |  6.8 GFLOPS
  Size   256 MB...    92.2 GB/s (135.5%)    8.74 ms  |  7.7 GFLOPS
  Size   512 MB...    94.8 GB/s (139.5%)   16.98 ms  |  7.9 GFLOPS

TRIAD (a[i] = b[i] + q * c[i]):
  Memory ops: 3, FLOPs/element: 2
  Size     8 MB...    43.5 GB/s  (64.0%)    0.58 ms  |  7.3 GFLOPS
  Size    16 MB...    31.8 GB/s  (46.7%)    1.58 ms  |  5.3 GFLOPS
  Size    32 MB...    50.9 GB/s  (74.8%)    1.98 ms  |  8.5 GFLOPS
  Size    64 MB...    47.8 GB/s  (70.2%)    4.22 ms  |  8.0 GFLOPS
  Size   128 MB...    54.9 GB/s  (80.8%)    7.33 ms  |  9.2 GFLOPS
  Size   256 MB...    55.1 GB/s  (81.1%)   14.61 ms  |  9.2 GFLOPS
  Size   512 MB...    56.1 GB/s  (82.5%)   28.71 ms  |  9.3 GFLOPS

================================================================================
STREAM Summary:
--------------------------------------------------------------------------------
Kernel            Best BW    Latency   Efficiency Description
------------------------------------------------------------------------------------------
COPY               57.8 GB/s     4.65 ms       85.0%  a[i] = b[i]
SCALE              93.7 GB/s     5.73 ms      137.8%  a[i] = q * b[i]
ADD                94.8 GB/s    16.98 ms      139.5%  a[i] = b[i] + c[i]
TRIAD              56.1 GB/s    28.71 ms       82.5%  a[i] = b[i] + q * c[i]

STREAM Score (minimum): 21.5 GB/s
================================================================================
STREAM Score (minimum bandwidth): 21.5 GB/s

2. BLAS Compute Benchmark Suite
--------------------------------------------------------------------------------
Testing precisions: fp64, fp32, fp16, fp8, fp4, bf16, tf32, int64, int32, int16, int8, int4

Framework: PyTorch 2.5.0a0+872d972e41.nv24.08
  Device: Orin
  CUDA:   12.6

BLAS Benchmark Suite:
==========================================================================================

BLAS Level 1: DOT
------------------------------------------------------------------------------------------
  Size     1K:
    fp64        ⚠ SLOW (   0.0 GFLOPS < 1.0 GFLOPS threshold)    0.18ms
    fp32        ⚠ SLOW (   0.0 GFLOPS < 1.0 GFLOPS threshold)    0.56ms
    tf32        ⚠ SLOW (   0.0 GFLOPS < 1.0 GFLOPS threshold)    0.47ms
    fp16        ⚠ SLOW (   0.0 GFLOPS < 1.0 GFLOPS threshold)    0.18ms
    fp8                                               SKIPPED  (PyTorch does not support this precision)
    fp4                                               SKIPPED  (PyTorch does not support this precision)
    bf16        ⚠ SLOW (   0.0 GFLOPS < 1.0 GFLOPS threshold)    0.52ms
    int64                                             SKIPPED  (RuntimeError: "dot" not implemented for 'Long')
    int32                                             SKIPPED  (RuntimeError: "dot" not implemented for 'Int')
    int16                                             SKIPPED  (RuntimeError: "dot" not implemented for 'Short')
    int8                                              SKIPPED  (RuntimeError: "dot" not implemented for 'Char')
    int4                                              SKIPPED  (PyTorch does not support this precision)
  Size    10K:
    fp64        ⚠ SLOW (   0.1 GFLOPS < 1.0 GFLOPS threshold)    0.19ms
    fp32        ⚠ SLOW (   0.1 GFLOPS < 1.0 GFLOPS threshold)    0.18ms
    tf32        ⚠ SLOW (   0.1 GFLOPS < 1.0 GFLOPS threshold)    0.18ms
    fp16        ⚠ SLOW (   0.1 GFLOPS < 1.0 GFLOPS threshold)    0.17ms
    fp8                                               SKIPPED  (PyTorch does not support this precision)
    fp4                                               SKIPPED  (PyTorch does not support this precision)
    bf16        ⚠ SLOW (   0.1 GFLOPS < 1.0 GFLOPS threshold)    0.19ms
    int64                                             SKIPPED  (RuntimeError: "dot" not implemented for 'Long')
    int32                                             SKIPPED  (RuntimeError: "dot" not implemented for 'Int')
    int16                                             SKIPPED  (RuntimeError: "dot" not implemented for 'Short')
    int8                                              SKIPPED  (RuntimeError: "dot" not implemented for 'Char')
    int4                                              SKIPPED  (PyTorch does not support this precision)
  Size   100K:
    fp64                                           1.1 GFLOPS    0.18ms
    fp32                                           1.1 GFLOPS    0.18ms
    tf32                                           1.3 GFLOPS    0.16ms
    fp16        ⚠ SLOW (   1.0 GFLOPS < 1.0 GFLOPS threshold)    0.21ms
    fp8                                               SKIPPED  (PyTorch does not support this precision)
    fp4                                               SKIPPED  (PyTorch does not support this precision)
    bf16                                           1.3 GFLOPS    0.15ms
    int64                                             SKIPPED  (RuntimeError: "dot" not implemented for 'Long')
    int32                                             SKIPPED  (RuntimeError: "dot" not implemented for 'Int')
    int16                                             SKIPPED  (RuntimeError: "dot" not implemented for 'Short')
    int8                                              SKIPPED  (RuntimeError: "dot" not implemented for 'Char')
    int4                                              SKIPPED  (PyTorch does not support this precision)
  Size     1M:
    fp64                                           2.3 GFLOPS    0.86ms
    fp32                                           6.3 GFLOPS    0.32ms
    tf32                                           9.0 GFLOPS    0.22ms
    fp16                                          11.6 GFLOPS    0.17ms
    fp8                                               SKIPPED  (PyTorch does not support this precision)
    fp4                                               SKIPPED  (PyTorch does not support this precision)
    bf16                                          11.3 GFLOPS    0.18ms
    int64                                             SKIPPED  (RuntimeError: "dot" not implemented for 'Long')
    int32                                             SKIPPED  (RuntimeError: "dot" not implemented for 'Int')
    int16                                             SKIPPED  (RuntimeError: "dot" not implemented for 'Short')
    int8                                              SKIPPED  (RuntimeError: "dot" not implemented for 'Char')
    int4                                              SKIPPED  (PyTorch does not support this precision)
  Size    10M:
    fp64                                           9.9 GFLOPS    2.03ms
    fp32                                          17.7 GFLOPS    1.13ms
    tf32                                          19.6 GFLOPS    1.02ms
    fp16                                          31.4 GFLOPS    0.64ms
    fp8                                               SKIPPED  (PyTorch does not support this precision)
    fp4                                               SKIPPED  (PyTorch does not support this precision)
    bf16                                          31.4 GFLOPS    0.64ms
    int64                                             SKIPPED  (RuntimeError: "dot" not implemented for 'Long')
    int32                                             SKIPPED  (RuntimeError: "dot" not implemented for 'Int')
    int16                                             SKIPPED  (RuntimeError: "dot" not implemented for 'Short')
    int8                                              SKIPPED  (RuntimeError: "dot" not implemented for 'Char')
    int4                                              SKIPPED  (PyTorch does not support this precision)

BLAS Level 1: AXPY
------------------------------------------------------------------------------------------
  Size     1K:
    fp64        ⚠ SLOW (   0.0 GFLOPS < 1.0 GFLOPS threshold)    0.30ms
    fp32        ⚠ SLOW (   0.0 GFLOPS < 1.0 GFLOPS threshold)    0.35ms
    tf32        ⚠ SLOW (   0.0 GFLOPS < 1.0 GFLOPS threshold)    0.67ms
    fp16        ⚠ SLOW (   0.0 GFLOPS < 1.0 GFLOPS threshold)    0.29ms
    fp8                                               SKIPPED  (PyTorch does not support this precision)
    fp4                                               SKIPPED  (PyTorch does not support this precision)
    bf16        ⚠ SLOW (   0.0 GFLOPS < 1.0 GFLOPS threshold)    0.30ms
    int64        ⚠ SLOW (   0.0 GIOPS < 1.0 GFLOPS threshold)    0.28ms
    int32        ⚠ SLOW (   0.0 GIOPS < 1.0 GFLOPS threshold)    0.43ms
    int16        ⚠ SLOW (   0.0 GIOPS < 1.0 GFLOPS threshold)    0.30ms
    int8         ⚠ SLOW (   0.0 GIOPS < 1.0 GFLOPS threshold)    0.31ms
    int4                                              SKIPPED  (PyTorch does not support this precision)
  Size    10K:
    fp64        ⚠ SLOW (   0.1 GFLOPS < 1.0 GFLOPS threshold)    0.28ms
    fp32        ⚠ SLOW (   0.1 GFLOPS < 1.0 GFLOPS threshold)    0.31ms
    tf32        ⚠ SLOW (   0.0 GFLOPS < 1.0 GFLOPS threshold)    0.41ms
    fp16        ⚠ SLOW (   0.1 GFLOPS < 1.0 GFLOPS threshold)    0.25ms
    fp8                                               SKIPPED  (PyTorch does not support this precision)
    fp4                                               SKIPPED  (PyTorch does not support this precision)
    bf16        ⚠ SLOW (   0.0 GFLOPS < 1.0 GFLOPS threshold)    0.42ms
    int64        ⚠ SLOW (   0.0 GIOPS < 1.0 GFLOPS threshold)    0.69ms
    int32        ⚠ SLOW (   0.1 GIOPS < 1.0 GFLOPS threshold)    0.31ms
    int16        ⚠ SLOW (   0.1 GIOPS < 1.0 GFLOPS threshold)    0.32ms
    int8         ⚠ SLOW (   0.1 GIOPS < 1.0 GFLOPS threshold)    0.29ms
    int4                                              SKIPPED  (PyTorch does not support this precision)
  Size   100K:
    fp64        ⚠ SLOW (   0.8 GFLOPS < 1.0 GFLOPS threshold)    0.25ms
    fp32        ⚠ SLOW (   0.2 GFLOPS < 1.0 GFLOPS threshold)    0.92ms
    tf32        ⚠ SLOW (   0.6 GFLOPS < 1.0 GFLOPS threshold)    0.31ms
    fp16        ⚠ SLOW (   0.6 GFLOPS < 1.0 GFLOPS threshold)    0.32ms
    fp8                                               SKIPPED  (PyTorch does not support this precision)
    fp4                                               SKIPPED  (PyTorch does not support this precision)
    bf16        ⚠ SLOW (   0.7 GFLOPS < 1.0 GFLOPS threshold)    0.28ms
    int64        ⚠ SLOW (   0.8 GIOPS < 1.0 GFLOPS threshold)    0.25ms
    int32        ⚠ SLOW (   0.8 GIOPS < 1.0 GFLOPS threshold)    0.25ms
    int16        ⚠ SLOW (   0.8 GIOPS < 1.0 GFLOPS threshold)    0.26ms
    int8         ⚠ SLOW (   0.9 GIOPS < 1.0 GFLOPS threshold)    0.22ms
    int4                                              SKIPPED  (PyTorch does not support this precision)
  Size     1M:
    fp64                                           1.6 GFLOPS    1.29ms
    fp32                                           2.9 GFLOPS    0.69ms
    tf32                                           3.6 GFLOPS    0.56ms
    fp16                                           2.9 GFLOPS    0.68ms
    fp8                                               SKIPPED  (PyTorch does not support this precision)
    fp4                                               SKIPPED  (PyTorch does not support this precision)
    bf16                                           6.2 GFLOPS    0.32ms
    int64                                           2.3 GIOPS    0.85ms
    int32                                           4.4 GIOPS    0.45ms
    int16                                           6.6 GIOPS    0.30ms
    int8                                            7.4 GIOPS    0.27ms
    int4                                              SKIPPED  (PyTorch does not support this precision)
  Size    10M:
    fp64                                           2.5 GFLOPS    7.85ms
    fp32                                           6.3 GFLOPS    3.19ms
    tf32                                           6.3 GFLOPS    3.16ms
    fp16                                          10.7 GFLOPS    1.86ms
    fp8                                               SKIPPED  (PyTorch does not support this precision)
    fp4                                               SKIPPED  (PyTorch does not support this precision)
    bf16                                           9.4 GFLOPS    2.12ms
    int64                                           2.7 GIOPS    7.51ms
    int32                                           6.3 GIOPS    3.17ms
    int16                                          11.8 GIOPS    1.69ms
    int8                                           17.0 GIOPS    1.18ms
    int4                                              SKIPPED  (PyTorch does not support this precision)

BLAS Level 2: GEMV
------------------------------------------------------------------------------------------
  Size     32:
    fp64        ⚠ SLOW (   0.0 GFLOPS < 1.0 GFLOPS threshold)    0.36ms
    fp32        ⚠ SLOW (   0.0 GFLOPS < 1.0 GFLOPS threshold)    0.35ms
    tf32        ⚠ SLOW (   0.0 GFLOPS < 1.0 GFLOPS threshold)    0.31ms
    fp16        ⚠ SLOW (   0.0 GFLOPS < 1.0 GFLOPS threshold)    0.32ms
    fp8                                               SKIPPED  (PyTorch does not support this precision)
    fp4                                               SKIPPED  (PyTorch does not support this precision)
    bf16        ⚠ SLOW (   0.0 GFLOPS < 1.0 GFLOPS threshold)    0.32ms
    int64                                             SKIPPED  (RuntimeError: "addmv_impl_cuda" not implemented for 'Long')
    int32                                             SKIPPED  (RuntimeError: "addmv_impl_cuda" not implemented for 'Int')
    int16                                             SKIPPED  (RuntimeError: "addmv_impl_cuda" not implemented for 'Short')
    int8                                              SKIPPED  (RuntimeError: "addmv_impl_cuda" not implemented for 'Char')
    int4                                              SKIPPED  (PyTorch does not support this precision)
  Size     64:
    fp64        ⚠ SLOW (   0.0 GFLOPS < 1.0 GFLOPS threshold)    0.32ms
    fp32        ⚠ SLOW (   0.0 GFLOPS < 1.0 GFLOPS threshold)    0.31ms
    tf32        ⚠ SLOW (   0.0 GFLOPS < 1.0 GFLOPS threshold)    0.31ms
    fp16        ⚠ SLOW (   0.0 GFLOPS < 1.0 GFLOPS threshold)    1.06ms
    fp8                                               SKIPPED  (PyTorch does not support this precision)
    fp4                                               SKIPPED  (PyTorch does not support this precision)
    bf16        ⚠ SLOW (   0.0 GFLOPS < 1.0 GFLOPS threshold)    0.32ms
    int64                                             SKIPPED  (RuntimeError: "addmv_impl_cuda" not implemented for 'Long')
    int32                                             SKIPPED  (RuntimeError: "addmv_impl_cuda" not implemented for 'Int')
    int16                                             SKIPPED  (RuntimeError: "addmv_impl_cuda" not implemented for 'Short')
    int8                                              SKIPPED  (RuntimeError: "addmv_impl_cuda" not implemented for 'Char')
    int4                                              SKIPPED  (PyTorch does not support this precision)
  Size    128:
    fp64        ⚠ SLOW (   0.1 GFLOPS < 1.0 GFLOPS threshold)    0.31ms
    fp32        ⚠ SLOW (   0.0 GFLOPS < 1.0 GFLOPS threshold)    0.85ms
    tf32        ⚠ SLOW (   0.1 GFLOPS < 1.0 GFLOPS threshold)    0.44ms
    fp16        ⚠ SLOW (   0.1 GFLOPS < 1.0 GFLOPS threshold)    0.44ms
    fp8                                               SKIPPED  (PyTorch does not support this precision)
    fp4                                               SKIPPED  (PyTorch does not support this precision)
    bf16        ⚠ SLOW (   0.0 GFLOPS < 1.0 GFLOPS threshold)    0.69ms
    int64                                             SKIPPED  (RuntimeError: "addmv_impl_cuda" not implemented for 'Long')
    int32                                             SKIPPED  (RuntimeError: "addmv_impl_cuda" not implemented for 'Int')
    int16                                             SKIPPED  (RuntimeError: "addmv_impl_cuda" not implemented for 'Short')
    int8                                              SKIPPED  (RuntimeError: "addmv_impl_cuda" not implemented for 'Char')
    int4                                              SKIPPED  (PyTorch does not support this precision)
  Size    256:
    fp64        ⚠ SLOW (   0.4 GFLOPS < 1.0 GFLOPS threshold)    0.32ms
    fp32        ⚠ SLOW (   0.1 GFLOPS < 1.0 GFLOPS threshold)    1.08ms
    tf32        ⚠ SLOW (   0.4 GFLOPS < 1.0 GFLOPS threshold)    0.34ms
    fp16        ⚠ SLOW (   0.4 GFLOPS < 1.0 GFLOPS threshold)    0.34ms
    fp8                                               SKIPPED  (PyTorch does not support this precision)
    fp4                                               SKIPPED  (PyTorch does not support this precision)
    bf16        ⚠ SLOW (   0.3 GFLOPS < 1.0 GFLOPS threshold)    0.46ms
    int64                                             SKIPPED  (RuntimeError: "addmv_impl_cuda" not implemented for 'Long')
    int32                                             SKIPPED  (RuntimeError: "addmv_impl_cuda" not implemented for 'Int')
    int16                                             SKIPPED  (RuntimeError: "addmv_impl_cuda" not implemented for 'Short')
    int8                                              SKIPPED  (RuntimeError: "addmv_impl_cuda" not implemented for 'Char')
    int4                                              SKIPPED  (PyTorch does not support this precision)
  Size    512:
    fp64                                           1.7 GFLOPS    0.31ms
    fp32                                           1.7 GFLOPS    0.32ms
    tf32        ⚠ SLOW (   0.5 GFLOPS < 1.0 GFLOPS threshold)    1.15ms
    fp16        ⚠ SLOW (   0.7 GFLOPS < 1.0 GFLOPS threshold)    0.76ms
    fp8                                               SKIPPED  (PyTorch does not support this precision)
    fp4                                               SKIPPED  (PyTorch does not support this precision)
    bf16                                           1.6 GFLOPS    0.33ms
    int64                                             SKIPPED  (RuntimeError: "addmv_impl_cuda" not implemented for 'Long')
    int32                                             SKIPPED  (RuntimeError: "addmv_impl_cuda" not implemented for 'Int')
    int16                                             SKIPPED  (RuntimeError: "addmv_impl_cuda" not implemented for 'Short')
    int8                                              SKIPPED  (RuntimeError: "addmv_impl_cuda" not implemented for 'Char')
    int4                                              SKIPPED  (PyTorch does not support this precision)
  Size     1K:
    fp64                                           6.2 GFLOPS    0.34ms
    fp32                                           4.4 GFLOPS    0.48ms
    tf32                                           5.6 GFLOPS    0.38ms
    fp16                                           1.5 GFLOPS    1.45ms
    fp8                                               SKIPPED  (PyTorch does not support this precision)
    fp4                                               SKIPPED  (PyTorch does not support this precision)
    bf16                                           5.3 GFLOPS    0.40ms
    int64                                             SKIPPED  (RuntimeError: "addmv_impl_cuda" not implemented for 'Long')
    int32                                             SKIPPED  (RuntimeError: "addmv_impl_cuda" not implemented for 'Int')
    int16                                             SKIPPED  (RuntimeError: "addmv_impl_cuda" not implemented for 'Short')
    int8                                              SKIPPED  (RuntimeError: "addmv_impl_cuda" not implemented for 'Char')
    int4                                              SKIPPED  (PyTorch does not support this precision)
  Size     2K:
    fp64                                           5.8 GFLOPS    1.45ms
    fp32                                           4.7 GFLOPS    1.78ms
    tf32                                          17.7 GFLOPS    0.47ms
    fp16                                          13.4 GFLOPS    0.63ms
    fp8                                               SKIPPED  (PyTorch does not support this precision)
    fp4                                               SKIPPED  (PyTorch does not support this precision)
    bf16                                          17.4 GFLOPS    0.48ms
    int64                                             SKIPPED  (RuntimeError: "addmv_impl_cuda" not implemented for 'Long')
    int32                                             SKIPPED  (RuntimeError: "addmv_impl_cuda" not implemented for 'Int')
    int16                                             SKIPPED  (RuntimeError: "addmv_impl_cuda" not implemented for 'Short')
    int8                                              SKIPPED  (RuntimeError: "addmv_impl_cuda" not implemented for 'Char')
    int4                                              SKIPPED  (PyTorch does not support this precision)

BLAS Level 3: GEMM
------------------------------------------------------------------------------------------
  Size     32:
    fp64        ⚠ SLOW (   0.1 GFLOPS < 1.0 GFLOPS threshold)    0.51ms
    fp32        ⚠ SLOW (   0.1 GFLOPS < 1.0 GFLOPS threshold)    0.96ms
    tf32        ⚠ SLOW (   0.1 GFLOPS < 1.0 GFLOPS threshold)    0.47ms
    fp16        ⚠ SLOW (   0.1 GFLOPS < 1.0 GFLOPS threshold)    1.19ms
    fp8                                               SKIPPED  (PyTorch does not support this precision)
    fp4                                               SKIPPED  (PyTorch does not support this precision)
    bf16        ⚠ SLOW (   0.1 GFLOPS < 1.0 GFLOPS threshold)    0.62ms
    int64                                             SKIPPED  (RuntimeError: "addmm_cuda" not implemented for 'Long')
    int32                                             SKIPPED  (RuntimeError: "addmm_cuda" not implemented for 'Int')
    int16                                             SKIPPED  (RuntimeError: "addmm_cuda" not implemented for 'Short')
    int8                                              SKIPPED  (RuntimeError: "addmm_cuda" not implemented for 'Char')
    int4                                              SKIPPED  (PyTorch does not support this precision)
  Size     64:
    fp64                                           1.2 GFLOPS    0.43ms
    fp32                                           1.4 GFLOPS    0.37ms
    tf32                                           1.2 GFLOPS    0.45ms
    fp16                                           1.3 GFLOPS    0.39ms
    fp8                                               SKIPPED  (PyTorch does not support this precision)
    fp4                                               SKIPPED  (PyTorch does not support this precision)
    bf16        ⚠ SLOW (   0.4 GFLOPS < 1.0 GFLOPS threshold)    1.30ms
    int64                                             SKIPPED  (RuntimeError: "addmm_cuda" not implemented for 'Long')
    int32                                             SKIPPED  (RuntimeError: "addmm_cuda" not implemented for 'Int')
    int16                                             SKIPPED  (RuntimeError: "addmm_cuda" not implemented for 'Short')
    int8                                              SKIPPED  (RuntimeError: "addmm_cuda" not implemented for 'Char')
    int4                                              SKIPPED  (PyTorch does not support this precision)
  Size    128:
    fp64                                           9.2 GFLOPS    0.46ms
    fp32                                           3.2 GFLOPS    1.30ms
    tf32                                          10.0 GFLOPS    0.42ms
    fp16                                           9.0 GFLOPS    0.46ms
    fp8                                               SKIPPED  (PyTorch does not support this precision)
    fp4                                               SKIPPED  (PyTorch does not support this precision)
    bf16                                          10.0 GFLOPS    0.42ms
    int64                                             SKIPPED  (RuntimeError: "addmm_cuda" not implemented for 'Long')
    int32                                             SKIPPED  (RuntimeError: "addmm_cuda" not implemented for 'Int')
    int16                                             SKIPPED  (RuntimeError: "addmm_cuda" not implemented for 'Short')
    int8                                              SKIPPED  (RuntimeError: "addmm_cuda" not implemented for 'Char')
    int4                                              SKIPPED  (PyTorch does not support this precision)
  Size    256:
    fp64                                           9.3 GFLOPS    3.60ms
    fp32                                          62.1 GFLOPS    0.54ms
    tf32                                          74.8 GFLOPS    0.45ms
    fp16                                          63.2 GFLOPS    0.53ms
    fp8                                               SKIPPED  (PyTorch does not support this precision)
    fp4                                               SKIPPED  (PyTorch does not support this precision)
    bf16                                          72.1 GFLOPS    0.47ms
    int64                                             SKIPPED  (RuntimeError: "addmm_cuda" not implemented for 'Long')
    int32                                             SKIPPED  (RuntimeError: "addmm_cuda" not implemented for 'Int')
    int16                                             SKIPPED  (RuntimeError: "addmm_cuda" not implemented for 'Short')
    int8                                              SKIPPED  (RuntimeError: "addmm_cuda" not implemented for 'Char')
    int4                                              SKIPPED  (PyTorch does not support this precision)
  Size    512:
    fp64                                          22.4 GFLOPS   11.98ms
    fp32                                         487.8 GFLOPS    0.55ms
    tf32                                         488.7 GFLOPS    0.55ms
    fp16                                         495.9 GFLOPS    0.54ms
    fp8                                               SKIPPED  (PyTorch does not support this precision)
    fp4                                               SKIPPED  (PyTorch does not support this precision)
    bf16                                         500.1 GFLOPS    0.54ms
    int64                                             SKIPPED  (RuntimeError: "addmm_cuda" not implemented for 'Long')
    int32                                             SKIPPED  (RuntimeError: "addmm_cuda" not implemented for 'Int')
    int16                                             SKIPPED  (RuntimeError: "addmm_cuda" not implemented for 'Short')
    int8                                              SKIPPED  (RuntimeError: "addmm_cuda" not implemented for 'Char')
    int4                                              SKIPPED  (PyTorch does not support this precision)
  Size     1K:
    fp64                                          23.8 GFLOPS   90.11ms
    fp32                                         796.8 GFLOPS    2.69ms
    tf32                                        1429.2 GFLOPS    1.50ms
    fp16                                        2849.5 GFLOPS    0.75ms
    fp8                                               SKIPPED  (PyTorch does not support this precision)
    fp4                                               SKIPPED  (PyTorch does not support this precision)
    bf16                                        2078.5 GFLOPS    1.03ms
    int64                                             SKIPPED  (RuntimeError: "addmm_cuda" not implemented for 'Long')
    int32                                             SKIPPED  (RuntimeError: "addmm_cuda" not implemented for 'Int')
    int16                                             SKIPPED  (RuntimeError: "addmm_cuda" not implemented for 'Short')
    int8                                              SKIPPED  (RuntimeError: "addmm_cuda" not implemented for 'Char')
    int4                                              SKIPPED  (PyTorch does not support this precision)
  Size     2K:
    fp64                                          24.3 GFLOPS  705.70ms
    fp32                                         951.8 GFLOPS   18.05ms
    tf32                                        3044.3 GFLOPS    5.64ms
    fp16                                        5542.4 GFLOPS    3.10ms
    fp8                                               SKIPPED  (PyTorch does not support this precision)
    fp4                                               SKIPPED  (PyTorch does not support this precision)
    bf16                                        6164.7 GFLOPS    2.79ms
    int64                                             SKIPPED  (RuntimeError: "addmm_cuda" not implemented for 'Long')
    int32                                             SKIPPED  (RuntimeError: "addmm_cuda" not implemented for 'Int')
    int16                                             SKIPPED  (RuntimeError: "addmm_cuda" not implemented for 'Short')
    int8                                              SKIPPED  (RuntimeError: "addmm_cuda" not implemented for 'Char')
    int4                                              SKIPPED  (PyTorch does not support this precision)

==========================================================================================
BLAS Suite Complete: 24 calibrations
==========================================================================================

Building precision capability matrix...

================================================================================
Hardware Calibration: Jetson Orin Nano (GPU)
Date: 2025-11-27T15:08:49.723620
================================================================================

Framework: PYTORCH
Device:    CUDA

Theoretical Specifications:
  Peak GFLOPS (FP32): 1880.0
  Peak Bandwidth:     68.0 GB/s

STREAM Memory Bandwidth Benchmark:
  Kernel           Size (MB)    Bandwidth    Latency   Efficiency Description
  -----------------------------------------------------------------------------------------------
  COPY                   128       57.8 GB/s     4.65 ms       85.0%  a[i] = b[i]
  SCALE                  256       93.7 GB/s     5.73 ms      137.8%  a[i] = q * b[i]
  ADD                    512       94.8 GB/s    16.98 ms      139.5%  a[i] = b[i] + c[i]
  TRIAD                  512       56.1 GB/s    28.71 ms       82.5%  a[i] = b[i] + q * c[i]

  STREAM Score (minimum): 21.5 GB/s

BLAS Performance Summary (Highest Throughput by Precision):
  Operation          fp64       fp32       tf32       fp16        fp8        fp4       bf16      int64      int32      int16       int8       int4   Best Precision
  ------------------------------------------------------------------------------------------------------------------------------------------------------------------
  AXPY                2.5        6.3        6.3       10.7        N/A        N/A        9.4        2.7        6.3       11.8       17.0        N/A             int8
  DOT                 9.9       17.7       19.6       31.4        N/A        N/A       31.4        N/A        N/A        N/A        N/A        N/A             bf16
  GEMV                6.2        4.7       17.7       13.4        N/A        N/A       17.4        N/A        N/A        N/A        N/A        N/A             tf32
  GEMM               24.3      951.8     3044.3     5542.4        N/A        N/A     6164.7        N/A        N/A        N/A        N/A        N/A             bf16

BLAS Compute Performance (by Operation and Precision):
========================================================================================================================

Level 1: Vector-Vector (O(n))
------------------------------------------------------------------------------------------------------------------------

AXPY:
  Precision   Best Size Highest Throughput    Latency       AI   Efficiency
  --------------------------------------------------------------------------------
  fp64              10M         2.5 GFLOPS     7.85ms     0.33        4.2%
  fp32              10M         6.3 GFLOPS     3.19ms     0.17        0.3%
  tf32              10M         6.3 GFLOPS     3.16ms     0.17        0.3%
  fp16              10M        10.7 GFLOPS     1.86ms     0.33        0.3%
  bf16              10M         9.4 GFLOPS     2.12ms     0.33        0.3%
  int64             10M          2.7 GIOPS     7.51ms     0.33        0.0%
  int32             10M          6.3 GIOPS     3.17ms     0.33        0.3%
  int16             10M         11.8 GIOPS     1.69ms     0.33        0.3%
  int8              10M         17.0 GIOPS     1.18ms     0.33        0.2%

DOT:
  Precision   Best Size Highest Throughput    Latency       AI   Efficiency
  --------------------------------------------------------------------------------
  fp64              10M         9.9 GFLOPS     2.03ms     0.50       16.5%
  fp32              10M        17.7 GFLOPS     1.13ms     0.25        0.9%
  tf32              10M        19.6 GFLOPS     1.02ms     0.25        1.0%
  fp16              10M        31.4 GFLOPS     0.64ms     0.50        0.8%
  bf16              10M        31.4 GFLOPS     0.64ms     0.50        0.8%

Level 2: Matrix-Vector (O(n²))
------------------------------------------------------------------------------------------------------------------------

GEMV:
  Precision   Best Size Highest Throughput    Latency       AI   Efficiency
  --------------------------------------------------------------------------------
  fp64               1K         6.2 GFLOPS     0.34ms     1.00       10.3%
  fp32               2K         4.7 GFLOPS     1.78ms     0.50        0.3%
  tf32               2K        17.7 GFLOPS     0.47ms     0.50        0.9%
  fp16               2K        13.4 GFLOPS     0.63ms     1.00        0.4%
  bf16               2K        17.4 GFLOPS     0.48ms     1.00        0.5%

Level 3: Matrix-Matrix (O(n³))
------------------------------------------------------------------------------------------------------------------------

GEMM:
  Precision   Best Size Highest Throughput    Latency       AI   Efficiency
  --------------------------------------------------------------------------------
  fp64               2K        24.3 GFLOPS   705.70ms   682.67       40.6%
  fp32               2K       951.8 GFLOPS    18.05ms   341.33       50.6%
  tf32               2K      3044.3 GFLOPS     5.64ms   341.33      161.9%
  fp16               2K      5542.4 GFLOPS     3.10ms   682.67      147.4%
  bf16               2K      6164.7 GFLOPS     2.79ms   682.67      164.0%

Precision Support Summary:
  Supported:   fp64, fp32, tf32, fp16, bf16, int64, int32, int16, int8
  Unsupported: fp8, fp4, int4


============================================================
Calibration Complete!
============================================================

Profile saved: jetson_orin_nano_gpu
Location:      /home/branes/dev/branes/clones/graphs/hardware_registry/gpu/jetson_orin_nano_gpu

Use in analysis:
  ./cli/analyze.py --model resnet18 --hardware jetson_orin_nano_gpu

