Detected 2 DLA core(s)

######################################################################
# DLA Core 0, Precision: FP16
######################################################################

======================================================================
  DLA Calibration
  Hardware:   Jetson AGX Orin for DSBOARD-AGX
  DLA Core:   0 (of 2)
  Precision:  FP16
  Fallback:   GPU
  Power Mode: MODE_50W (ID: 3)
  Clocks:     dvfs
  TensorRT:   8.5.2.2
======================================================================

Running synthetic layer benchmarks...
====== Diagnostic Run torch.onnx.export version 2.1.0a0+41361538.nv23.06 =======
verbose: False, log level: Level.ERROR
======================= 0 NONE 0 NOTE 0 WARNING 0 ERROR ========================

====== Diagnostic Run torch.onnx.export version 2.1.0a0+41361538.nv23.06 =======
verbose: False, log level: Level.ERROR
======================= 0 NONE 0 NOTE 0 WARNING 0 ERROR ========================

====== Diagnostic Run torch.onnx.export version 2.1.0a0+41361538.nv23.06 =======
verbose: False, log level: Level.ERROR
======================= 0 NONE 0 NOTE 0 WARNING 0 ERROR ========================

====== Diagnostic Run torch.onnx.export version 2.1.0a0+41361538.nv23.06 =======
verbose: False, log level: Level.ERROR
======================= 0 NONE 0 NOTE 0 WARNING 0 ERROR ========================

====== Diagnostic Run torch.onnx.export version 2.1.0a0+41361538.nv23.06 =======
verbose: False, log level: Level.ERROR
======================= 0 NONE 0 NOTE 0 WARNING 0 ERROR ========================

====== Diagnostic Run torch.onnx.export version 2.1.0a0+41361538.nv23.06 =======
verbose: False, log level: Level.ERROR
======================= 0 NONE 0 NOTE 0 WARNING 0 ERROR ========================

====== Diagnostic Run torch.onnx.export version 2.1.0a0+41361538.nv23.06 =======
verbose: False, log level: Level.ERROR
======================= 0 NONE 0 NOTE 0 WARNING 0 ERROR ========================

====== Diagnostic Run torch.onnx.export version 2.1.0a0+41361538.nv23.06 =======
verbose: False, log level: Level.ERROR
======================= 0 NONE 0 NOTE 0 WARNING 0 ERROR ========================

====== Diagnostic Run torch.onnx.export version 2.1.0a0+41361538.nv23.06 =======
verbose: False, log level: Level.ERROR
======================= 0 NONE 0 NOTE 0 WARNING 0 ERROR ========================

====== Diagnostic Run torch.onnx.export version 2.1.0a0+41361538.nv23.06 =======
verbose: False, log level: Level.ERROR
======================= 0 NONE 0 NOTE 0 WARNING 0 ERROR ========================

====== Diagnostic Run torch.onnx.export version 2.1.0a0+41361538.nv23.06 =======
verbose: False, log level: Level.ERROR
======================= 0 NONE 0 NOTE 0 WARNING 0 ERROR ========================

====== Diagnostic Run torch.onnx.export version 2.1.0a0+41361538.nv23.06 =======
verbose: False, log level: Level.ERROR
======================= 0 NONE 0 NOTE 0 WARNING 0 ERROR ========================

====== Diagnostic Run torch.onnx.export version 2.1.0a0+41361538.nv23.06 =======
verbose: False, log level: Level.ERROR
======================= 0 NONE 0 NOTE 0 WARNING 0 ERROR ========================

====== Diagnostic Run torch.onnx.export version 2.1.0a0+41361538.nv23.06 =======
verbose: False, log level: Level.ERROR
======================= 0 NONE 0 NOTE 0 WARNING 0 ERROR ========================

====== Diagnostic Run torch.onnx.export version 2.1.0a0+41361538.nv23.06 =======
verbose: False, log level: Level.ERROR
======================= 0 NONE 0 NOTE 0 WARNING 0 ERROR ========================

====== Diagnostic Run torch.onnx.export version 2.1.0a0+41361538.nv23.06 =======
verbose: False, log level: Level.ERROR
======================= 0 NONE 0 NOTE 0 WARNING 0 ERROR ========================

====== Diagnostic Run torch.onnx.export version 2.1.0a0+41361538.nv23.06 =======
verbose: False, log level: Level.ERROR
======================= 0 NONE 0 NOTE 0 WARNING 0 ERROR ========================

====== Diagnostic Run torch.onnx.export version 2.1.0a0+41361538.nv23.06 =======
verbose: False, log level: Level.ERROR
======================= 0 NONE 0 NOTE 0 WARNING 0 ERROR ========================

====== Diagnostic Run torch.onnx.export version 2.1.0a0+41361538.nv23.06 =======
verbose: False, log level: Level.ERROR
======================= 0 NONE 0 NOTE 0 WARNING 0 ERROR ========================

    Conv2d(3,64,k3,s1)                  2.449ms [DLA]
    Conv2d(64,64,k3,s1)                 0.504ms [DLA]
    Conv2d(64,128,k3,s2)                0.482ms [DLA]
    Conv2d(128,256,k3,s2)               0.452ms [DLA]
    Conv2d(256,512,k3,s2)               0.703ms [DLA]
    Conv2d(64,256,k1,s1)                0.533ms [DLA]
    Conv2d(256,64,k1,s1)                0.517ms [DLA]
    Conv2d(512,2048,k1,s1)              0.673ms [DLA]
    Conv2d(32,64,k5,s1)                 2.151ms [DLA]
    DWConv(32,k3,s1)                    0.665ms [DLA]
    DWConv(64,k3,s2)                    0.273ms [DLA]
    DWConv(128,k3,s1)                   0.275ms [DLA]
    DWConv(256,k5,s1)                   0.374ms [DLA]
    DWConv(512,k3,s1)                   0.255ms [DLA]
    FC(512,512)                         0.259ms [DLA]
    FC(512,1000)                        0.280ms [DLA]
    FC(1024,1024)                       0.326ms [DLA]
    FC(2048,1000)                       0.379ms [DLA]
    FC(2048,2048)                       0.504ms [DLA]

Running reference model benchmarks...
  Benchmarking resnet18 on DLA core 0 (fp16)...
====== Diagnostic Run torch.onnx.export version 2.1.0a0+41361538.nv23.06 =======
verbose: False, log level: Level.ERROR
======================= 0 NONE 0 NOTE 0 WARNING 0 ERROR ========================

    8.29 ms, 120.7 FPS, DLA: 33/101 layers
  Benchmarking mobilenet_v2 on DLA core 0 (fp16)...
====== Diagnostic Run torch.onnx.export version 2.1.0a0+41361538.nv23.06 =======
verbose: False, log level: Level.ERROR
======================= 0 NONE 0 NOTE 0 WARNING 0 ERROR ========================

    5.79 ms, 172.8 FPS, DLA: 32/185 layers

Running nsys profiling for utilization metrics...
====== Diagnostic Run torch.onnx.export version 2.1.0a0+41361538.nv23.06 =======
verbose: False, log level: Level.ERROR
======================= 0 NONE 0 NOTE 0 WARNING 0 ERROR ========================

  Profiling resnet18...
    GPU busy: 61.336ms, DLA busy: 0.000ms, U: 100.0%
====== Diagnostic Run torch.onnx.export version 2.1.0a0+41361538.nv23.06 =======
verbose: False, log level: Level.ERROR
======================= 0 NONE 0 NOTE 0 WARNING 0 ERROR ========================

  Profiling mobilenet_v2...
    GPU busy: 180.783ms, DLA busy: 0.000ms, U: 100.0%

======================================================================
  DLA Calibration Complete
  Results: 21/21 succeeded, 0 failed
  Saved:   /mnt/nvme/dev/branes/clones/graphs/hardware_registry/accelerator/nvidia_dla_orin/calibrations/dla0_fp16_mode_50w_20260201T030014Z.json
======================================================================


######################################################################
# DLA Core 1, Precision: FP16
######################################################################

======================================================================
  DLA Calibration
  Hardware:   Jetson AGX Orin for DSBOARD-AGX
  DLA Core:   1 (of 2)
  Precision:  FP16
  Fallback:   GPU
  Power Mode: MODE_50W (ID: 3)
  Clocks:     dvfs
  TensorRT:   8.5.2.2
======================================================================

Running synthetic layer benchmarks...
====== Diagnostic Run torch.onnx.export version 2.1.0a0+41361538.nv23.06 =======
verbose: False, log level: Level.ERROR
======================= 0 NONE 0 NOTE 0 WARNING 0 ERROR ========================

====== Diagnostic Run torch.onnx.export version 2.1.0a0+41361538.nv23.06 =======
verbose: False, log level: Level.ERROR
======================= 0 NONE 0 NOTE 0 WARNING 0 ERROR ========================

====== Diagnostic Run torch.onnx.export version 2.1.0a0+41361538.nv23.06 =======
verbose: False, log level: Level.ERROR
======================= 0 NONE 0 NOTE 0 WARNING 0 ERROR ========================

====== Diagnostic Run torch.onnx.export version 2.1.0a0+41361538.nv23.06 =======
verbose: False, log level: Level.ERROR
======================= 0 NONE 0 NOTE 0 WARNING 0 ERROR ========================

====== Diagnostic Run torch.onnx.export version 2.1.0a0+41361538.nv23.06 =======
verbose: False, log level: Level.ERROR
======================= 0 NONE 0 NOTE 0 WARNING 0 ERROR ========================

====== Diagnostic Run torch.onnx.export version 2.1.0a0+41361538.nv23.06 =======
verbose: False, log level: Level.ERROR
======================= 0 NONE 0 NOTE 0 WARNING 0 ERROR ========================

====== Diagnostic Run torch.onnx.export version 2.1.0a0+41361538.nv23.06 =======
verbose: False, log level: Level.ERROR
======================= 0 NONE 0 NOTE 0 WARNING 0 ERROR ========================

====== Diagnostic Run torch.onnx.export version 2.1.0a0+41361538.nv23.06 =======
verbose: False, log level: Level.ERROR
======================= 0 NONE 0 NOTE 0 WARNING 0 ERROR ========================

====== Diagnostic Run torch.onnx.export version 2.1.0a0+41361538.nv23.06 =======
verbose: False, log level: Level.ERROR
======================= 0 NONE 0 NOTE 0 WARNING 0 ERROR ========================

====== Diagnostic Run torch.onnx.export version 2.1.0a0+41361538.nv23.06 =======
verbose: False, log level: Level.ERROR
======================= 0 NONE 0 NOTE 0 WARNING 0 ERROR ========================

====== Diagnostic Run torch.onnx.export version 2.1.0a0+41361538.nv23.06 =======
verbose: False, log level: Level.ERROR
======================= 0 NONE 0 NOTE 0 WARNING 0 ERROR ========================

====== Diagnostic Run torch.onnx.export version 2.1.0a0+41361538.nv23.06 =======
verbose: False, log level: Level.ERROR
======================= 0 NONE 0 NOTE 0 WARNING 0 ERROR ========================

====== Diagnostic Run torch.onnx.export version 2.1.0a0+41361538.nv23.06 =======
verbose: False, log level: Level.ERROR
======================= 0 NONE 0 NOTE 0 WARNING 0 ERROR ========================

====== Diagnostic Run torch.onnx.export version 2.1.0a0+41361538.nv23.06 =======
verbose: False, log level: Level.ERROR
======================= 0 NONE 0 NOTE 0 WARNING 0 ERROR ========================

====== Diagnostic Run torch.onnx.export version 2.1.0a0+41361538.nv23.06 =======
verbose: False, log level: Level.ERROR
======================= 0 NONE 0 NOTE 0 WARNING 0 ERROR ========================

====== Diagnostic Run torch.onnx.export version 2.1.0a0+41361538.nv23.06 =======
verbose: False, log level: Level.ERROR
======================= 0 NONE 0 NOTE 0 WARNING 0 ERROR ========================

====== Diagnostic Run torch.onnx.export version 2.1.0a0+41361538.nv23.06 =======
verbose: False, log level: Level.ERROR
======================= 0 NONE 0 NOTE 0 WARNING 0 ERROR ========================

====== Diagnostic Run torch.onnx.export version 2.1.0a0+41361538.nv23.06 =======
verbose: False, log level: Level.ERROR
======================= 0 NONE 0 NOTE 0 WARNING 0 ERROR ========================

====== Diagnostic Run torch.onnx.export version 2.1.0a0+41361538.nv23.06 =======
verbose: False, log level: Level.ERROR
======================= 0 NONE 0 NOTE 0 WARNING 0 ERROR ========================

    Conv2d(3,64,k3,s1)                  2.726ms [DLA]
    Conv2d(64,64,k3,s1)                 0.667ms [DLA]
    Conv2d(64,128,k3,s2)                0.633ms [DLA]
    Conv2d(128,256,k3,s2)               0.595ms [DLA]
    Conv2d(256,512,k3,s2)               0.913ms [DLA]
    Conv2d(64,256,k1,s1)                0.787ms [DLA]
    Conv2d(256,64,k1,s1)                0.708ms [DLA]
    Conv2d(512,2048,k1,s1)              0.882ms [DLA]
    Conv2d(32,64,k5,s1)                 2.221ms [DLA]
    DWConv(32,k3,s1)                    0.897ms [DLA]
    DWConv(64,k3,s2)                    0.348ms [DLA]
    DWConv(128,k3,s1)                   0.353ms [DLA]
    DWConv(256,k5,s1)                   0.486ms [DLA]
    DWConv(512,k3,s1)                   0.341ms [DLA]
    FC(512,512)                         0.304ms [DLA]
    FC(512,1000)                        0.347ms [DLA]
    FC(1024,1024)                       0.366ms [DLA]
    FC(2048,1000)                       0.472ms [DLA]
    FC(2048,2048)                       0.653ms [DLA]

Running reference model benchmarks...
  Benchmarking resnet18 on DLA core 1 (fp16)...
====== Diagnostic Run torch.onnx.export version 2.1.0a0+41361538.nv23.06 =======
verbose: False, log level: Level.ERROR
======================= 0 NONE 0 NOTE 0 WARNING 0 ERROR ========================

    8.07 ms, 123.9 FPS, DLA: 33/101 layers
  Benchmarking mobilenet_v2 on DLA core 1 (fp16)...
====== Diagnostic Run torch.onnx.export version 2.1.0a0+41361538.nv23.06 =======
verbose: False, log level: Level.ERROR
======================= 0 NONE 0 NOTE 0 WARNING 0 ERROR ========================

    5.81 ms, 172.2 FPS, DLA: 32/189 layers

Running nsys profiling for utilization metrics...
====== Diagnostic Run torch.onnx.export version 2.1.0a0+41361538.nv23.06 =======
verbose: False, log level: Level.ERROR
======================= 0 NONE 0 NOTE 0 WARNING 0 ERROR ========================

  Profiling resnet18...
    GPU busy: 63.210ms, DLA busy: 0.000ms, U: 100.0%
====== Diagnostic Run torch.onnx.export version 2.1.0a0+41361538.nv23.06 =======
verbose: False, log level: Level.ERROR
======================= 0 NONE 0 NOTE 0 WARNING 0 ERROR ========================

  Profiling mobilenet_v2...
    GPU busy: 177.523ms, DLA busy: 0.000ms, U: 100.0%

======================================================================
  DLA Calibration Complete
  Results: 21/21 succeeded, 0 failed
  Saved:   /mnt/nvme/dev/branes/clones/graphs/hardware_registry/accelerator/nvidia_dla_orin/calibrations/dla1_fp16_mode_50w_20260201T030544Z.json
======================================================================


======================================================================
  DLA Calibration Summary
======================================================================
================================================================================
DLA Calibration: Jetson AGX Orin for DSBOARD-AGX
  Core: DLA 0  |  Precision: FP16
  Date: 2026-02-01T03:00:14.277149+00:00
  TensorRT: 8.5.2.2
  Power Mode: MODE_50W
  Clock Policy: dvfs
================================================================================

Synthetic Layer Benchmarks (19 succeeded, 0 failed):
  Layer                                  Latency     TFLOPS     E(%)   DLA   GPU
  ------------------------------------------------------------------------------
  Conv2d(3,64,k3,s1)                     2.449ms      0.071      2.7     3     0
  Conv2d(64,64,k3,s1)                    0.504ms      0.459     17.2     3     0
  Conv2d(64,128,k3,s2)                   0.482ms      0.240      9.0     3     0
  Conv2d(128,256,k3,s2)                  0.452ms      0.256      9.6     3     0
  Conv2d(256,512,k3,s2)                  0.703ms      0.164      6.2     3     0
  Conv2d(64,256,k1,s1)                   0.533ms      0.193      7.2     3     0
  Conv2d(256,64,k1,s1)                   0.517ms      0.199      7.5     3     0
  Conv2d(512,2048,k1,s1)                 0.673ms      0.153      5.7     3     0
  Conv2d(32,64,k5,s1)                    2.151ms      0.597     22.4     3     0
  DWConv(32,k3,s1)                       0.665ms      0.011      0.4     3     0
  DWConv(64,k3,s2)                       0.273ms      0.003      0.1     3     0
  DWConv(128,k3,s1)                      0.275ms      0.007      0.2     3     0
  DWConv(256,k5,s1)                      0.374ms      0.007      0.3     3     0
  DWConv(512,k3,s1)                      0.255ms      0.002      0.1     3     0
  FC(512,512)                            0.259ms      0.002      0.1     3     6
  FC(512,1000)                           0.280ms      0.004      0.1     4     7
  FC(1024,1024)                          0.326ms      0.006      0.2     3     6
  FC(2048,1000)                          0.379ms      0.011      0.4     4     6
  FC(2048,2048)                          0.504ms      0.017      0.6     3     5

Reference Model Benchmarks:
  Model                   Latency        FPS    X(GFLOPS)     E(%)     U(%)     DLA%    DLA/Total
  -------------------------------------------------------------------------------------
  resnet18                 8.29ms      120.7        217.2      8.2    100.0    32.7%   33/101 
  mobilenet_v2             5.79ms      172.8         51.8      1.9    100.0    17.3%   32/185 

================================================================================
DLA Calibration: Jetson AGX Orin for DSBOARD-AGX
  Core: DLA 1  |  Precision: FP16
  Date: 2026-02-01T03:05:44.039023+00:00
  TensorRT: 8.5.2.2
  Power Mode: MODE_50W
  Clock Policy: dvfs
================================================================================

Synthetic Layer Benchmarks (19 succeeded, 0 failed):
  Layer                                  Latency     TFLOPS     E(%)   DLA   GPU
  ------------------------------------------------------------------------------
  Conv2d(3,64,k3,s1)                     2.726ms      0.064      2.4     3     0
  Conv2d(64,64,k3,s1)                    0.667ms      0.347     13.0     3     0
  Conv2d(64,128,k3,s2)                   0.633ms      0.183      6.9     3     0
  Conv2d(128,256,k3,s2)                  0.595ms      0.194      7.3     3     0
  Conv2d(256,512,k3,s2)                  0.913ms      0.127      4.8     3     0
  Conv2d(64,256,k1,s1)                   0.787ms      0.131      4.9     3     0
  Conv2d(256,64,k1,s1)                   0.708ms      0.145      5.4     3     0
  Conv2d(512,2048,k1,s1)                 0.882ms      0.116      4.4     3     0
  Conv2d(32,64,k5,s1)                    2.221ms      0.578     21.7     3     0
  DWConv(32,k3,s1)                       0.897ms      0.008      0.3     3     0
  DWConv(64,k3,s2)                       0.348ms      0.003      0.1     3     0
  DWConv(128,k3,s1)                      0.353ms      0.005      0.2     3     0
  DWConv(256,k5,s1)                      0.486ms      0.005      0.2     3     0
  DWConv(512,k3,s1)                      0.341ms      0.001      0.0     3     0
  FC(512,512)                            0.304ms      0.002      0.1     3     6
  FC(512,1000)                           0.347ms      0.003      0.1     4     5
  FC(1024,1024)                          0.366ms      0.006      0.2     3     6
  FC(2048,1000)                          0.472ms      0.009      0.3     4     6
  FC(2048,2048)                          0.653ms      0.013      0.5     3     5

Reference Model Benchmarks:
  Model                   Latency        FPS    X(GFLOPS)     E(%)     U(%)     DLA%    DLA/Total
  -------------------------------------------------------------------------------------
  resnet18                 8.07ms      123.9        222.9      8.4    100.0    32.7%   33/101 
  mobilenet_v2             5.81ms      172.2         51.7      1.9    100.0    16.9%   32/189 

