Detected 2 DLA core(s)

######################################################################
# DLA Core 0, Precision: INT8
######################################################################

======================================================================
  DLA Calibration
  Hardware:   Jetson AGX Orin for DSBOARD-AGX
  DLA Core:   0 (of 2)
  Precision:  INT8
  Fallback:   GPU
  Power Mode: MODE_50W (ID: 3)
  Clocks:     dvfs
  TensorRT:   8.5.2.2
======================================================================

Running synthetic layer benchmarks...
====== Diagnostic Run torch.onnx.export version 2.1.0a0+41361538.nv23.06 =======
verbose: False, log level: Level.ERROR
======================= 0 NONE 0 NOTE 0 WARNING 0 ERROR ========================

====== Diagnostic Run torch.onnx.export version 2.1.0a0+41361538.nv23.06 =======
verbose: False, log level: Level.ERROR
======================= 0 NONE 0 NOTE 0 WARNING 0 ERROR ========================

====== Diagnostic Run torch.onnx.export version 2.1.0a0+41361538.nv23.06 =======
verbose: False, log level: Level.ERROR
======================= 0 NONE 0 NOTE 0 WARNING 0 ERROR ========================

====== Diagnostic Run torch.onnx.export version 2.1.0a0+41361538.nv23.06 =======
verbose: False, log level: Level.ERROR
======================= 0 NONE 0 NOTE 0 WARNING 0 ERROR ========================

====== Diagnostic Run torch.onnx.export version 2.1.0a0+41361538.nv23.06 =======
verbose: False, log level: Level.ERROR
======================= 0 NONE 0 NOTE 0 WARNING 0 ERROR ========================

====== Diagnostic Run torch.onnx.export version 2.1.0a0+41361538.nv23.06 =======
verbose: False, log level: Level.ERROR
======================= 0 NONE 0 NOTE 0 WARNING 0 ERROR ========================

====== Diagnostic Run torch.onnx.export version 2.1.0a0+41361538.nv23.06 =======
verbose: False, log level: Level.ERROR
======================= 0 NONE 0 NOTE 0 WARNING 0 ERROR ========================

====== Diagnostic Run torch.onnx.export version 2.1.0a0+41361538.nv23.06 =======
verbose: False, log level: Level.ERROR
======================= 0 NONE 0 NOTE 0 WARNING 0 ERROR ========================

====== Diagnostic Run torch.onnx.export version 2.1.0a0+41361538.nv23.06 =======
verbose: False, log level: Level.ERROR
======================= 0 NONE 0 NOTE 0 WARNING 0 ERROR ========================

====== Diagnostic Run torch.onnx.export version 2.1.0a0+41361538.nv23.06 =======
verbose: False, log level: Level.ERROR
======================= 0 NONE 0 NOTE 0 WARNING 0 ERROR ========================

====== Diagnostic Run torch.onnx.export version 2.1.0a0+41361538.nv23.06 =======
verbose: False, log level: Level.ERROR
======================= 0 NONE 0 NOTE 0 WARNING 0 ERROR ========================

====== Diagnostic Run torch.onnx.export version 2.1.0a0+41361538.nv23.06 =======
verbose: False, log level: Level.ERROR
======================= 0 NONE 0 NOTE 0 WARNING 0 ERROR ========================

====== Diagnostic Run torch.onnx.export version 2.1.0a0+41361538.nv23.06 =======
verbose: False, log level: Level.ERROR
======================= 0 NONE 0 NOTE 0 WARNING 0 ERROR ========================

====== Diagnostic Run torch.onnx.export version 2.1.0a0+41361538.nv23.06 =======
verbose: False, log level: Level.ERROR
======================= 0 NONE 0 NOTE 0 WARNING 0 ERROR ========================

====== Diagnostic Run torch.onnx.export version 2.1.0a0+41361538.nv23.06 =======
verbose: False, log level: Level.ERROR
======================= 0 NONE 0 NOTE 0 WARNING 0 ERROR ========================

====== Diagnostic Run torch.onnx.export version 2.1.0a0+41361538.nv23.06 =======
verbose: False, log level: Level.ERROR
======================= 0 NONE 0 NOTE 0 WARNING 0 ERROR ========================

====== Diagnostic Run torch.onnx.export version 2.1.0a0+41361538.nv23.06 =======
verbose: False, log level: Level.ERROR
======================= 0 NONE 0 NOTE 0 WARNING 0 ERROR ========================

====== Diagnostic Run torch.onnx.export version 2.1.0a0+41361538.nv23.06 =======
verbose: False, log level: Level.ERROR
======================= 0 NONE 0 NOTE 0 WARNING 0 ERROR ========================

====== Diagnostic Run torch.onnx.export version 2.1.0a0+41361538.nv23.06 =======
verbose: False, log level: Level.ERROR
======================= 0 NONE 0 NOTE 0 WARNING 0 ERROR ========================

    Conv2d(3,64,k3,s1)                  0.610ms [DLA]
    Conv2d(64,64,k3,s1)                 0.221ms [DLA]
    Conv2d(64,128,k3,s2)                0.211ms [DLA]
    Conv2d(128,256,k3,s2)               0.197ms [DLA]
    Conv2d(256,512,k3,s2)               0.219ms [DLA]
    Conv2d(64,256,k1,s1)                0.326ms [DLA]
    Conv2d(256,64,k1,s1)                0.299ms [DLA]
    Conv2d(512,2048,k1,s1)              0.224ms [DLA]
    Conv2d(32,64,k5,s1)                 0.413ms [DLA]
    DWConv(32,k3,s1)                    0.314ms [DLA]
    DWConv(64,k3,s2)                    0.195ms [DLA]
    DWConv(128,k3,s1)                   0.215ms [DLA]
    DWConv(256,k5,s1)                   0.204ms [DLA]
    DWConv(512,k3,s1)                   0.196ms [DLA]
    FC(512,512)                         0.271ms [DLA]
    FC(512,1000)                        0.283ms [DLA]
    FC(1024,1024)                       0.473ms [DLA]
    FC(2048,1000)                       0.319ms [DLA]
    FC(2048,2048)                       0.474ms [DLA]

Running reference model benchmarks...
  Benchmarking resnet18 on DLA core 0 (int8)...
====== Diagnostic Run torch.onnx.export version 2.1.0a0+41361538.nv23.06 =======
verbose: False, log level: Level.ERROR
======================= 0 NONE 0 NOTE 0 WARNING 0 ERROR ========================

    2.18 ms, 459.6 FPS, DLA: 16/67 layers
  Benchmarking mobilenet_v2 on DLA core 0 (int8)...
====== Diagnostic Run torch.onnx.export version 2.1.0a0+41361538.nv23.06 =======
verbose: False, log level: Level.ERROR
======================= 0 NONE 0 NOTE 0 WARNING 0 ERROR ========================

    3.88 ms, 258.0 FPS, DLA: 27/160 layers

Running nsys profiling for utilization metrics...
====== Diagnostic Run torch.onnx.export version 2.1.0a0+41361538.nv23.06 =======
verbose: False, log level: Level.ERROR
======================= 0 NONE 0 NOTE 0 WARNING 0 ERROR ========================

  Profiling resnet18...
    GPU busy: 125.265ms, DLA busy: 0.000ms, U: 100.0%
====== Diagnostic Run torch.onnx.export version 2.1.0a0+41361538.nv23.06 =======
verbose: False, log level: Level.ERROR
======================= 0 NONE 0 NOTE 0 WARNING 0 ERROR ========================

  Profiling mobilenet_v2...
    GPU busy: 373.743ms, DLA busy: 0.000ms, U: 100.0%

======================================================================
  DLA Calibration Complete
  Results: 21/21 succeeded, 0 failed
  Saved:   /mnt/nvme/dev/branes/clones/graphs/hardware_registry/accelerator/nvidia_dla_orin/calibrations/dla0_int8_mode_50w_20260131T234531Z.json
======================================================================


######################################################################
# DLA Core 1, Precision: INT8
######################################################################

======================================================================
  DLA Calibration
  Hardware:   Jetson AGX Orin for DSBOARD-AGX
  DLA Core:   1 (of 2)
  Precision:  INT8
  Fallback:   GPU
  Power Mode: MODE_50W (ID: 3)
  Clocks:     dvfs
  TensorRT:   8.5.2.2
======================================================================

Running synthetic layer benchmarks...
====== Diagnostic Run torch.onnx.export version 2.1.0a0+41361538.nv23.06 =======
verbose: False, log level: Level.ERROR
======================= 0 NONE 0 NOTE 0 WARNING 0 ERROR ========================

====== Diagnostic Run torch.onnx.export version 2.1.0a0+41361538.nv23.06 =======
verbose: False, log level: Level.ERROR
======================= 0 NONE 0 NOTE 0 WARNING 0 ERROR ========================

====== Diagnostic Run torch.onnx.export version 2.1.0a0+41361538.nv23.06 =======
verbose: False, log level: Level.ERROR
======================= 0 NONE 0 NOTE 0 WARNING 0 ERROR ========================

====== Diagnostic Run torch.onnx.export version 2.1.0a0+41361538.nv23.06 =======
verbose: False, log level: Level.ERROR
======================= 0 NONE 0 NOTE 0 WARNING 0 ERROR ========================

====== Diagnostic Run torch.onnx.export version 2.1.0a0+41361538.nv23.06 =======
verbose: False, log level: Level.ERROR
======================= 0 NONE 0 NOTE 0 WARNING 0 ERROR ========================

====== Diagnostic Run torch.onnx.export version 2.1.0a0+41361538.nv23.06 =======
verbose: False, log level: Level.ERROR
======================= 0 NONE 0 NOTE 0 WARNING 0 ERROR ========================

====== Diagnostic Run torch.onnx.export version 2.1.0a0+41361538.nv23.06 =======
verbose: False, log level: Level.ERROR
======================= 0 NONE 0 NOTE 0 WARNING 0 ERROR ========================

====== Diagnostic Run torch.onnx.export version 2.1.0a0+41361538.nv23.06 =======
verbose: False, log level: Level.ERROR
======================= 0 NONE 0 NOTE 0 WARNING 0 ERROR ========================

====== Diagnostic Run torch.onnx.export version 2.1.0a0+41361538.nv23.06 =======
verbose: False, log level: Level.ERROR
======================= 0 NONE 0 NOTE 0 WARNING 0 ERROR ========================

====== Diagnostic Run torch.onnx.export version 2.1.0a0+41361538.nv23.06 =======
verbose: False, log level: Level.ERROR
======================= 0 NONE 0 NOTE 0 WARNING 0 ERROR ========================

====== Diagnostic Run torch.onnx.export version 2.1.0a0+41361538.nv23.06 =======
verbose: False, log level: Level.ERROR
======================= 0 NONE 0 NOTE 0 WARNING 0 ERROR ========================

====== Diagnostic Run torch.onnx.export version 2.1.0a0+41361538.nv23.06 =======
verbose: False, log level: Level.ERROR
======================= 0 NONE 0 NOTE 0 WARNING 0 ERROR ========================

====== Diagnostic Run torch.onnx.export version 2.1.0a0+41361538.nv23.06 =======
verbose: False, log level: Level.ERROR
======================= 0 NONE 0 NOTE 0 WARNING 0 ERROR ========================

====== Diagnostic Run torch.onnx.export version 2.1.0a0+41361538.nv23.06 =======
verbose: False, log level: Level.ERROR
======================= 0 NONE 0 NOTE 0 WARNING 0 ERROR ========================

====== Diagnostic Run torch.onnx.export version 2.1.0a0+41361538.nv23.06 =======
verbose: False, log level: Level.ERROR
======================= 0 NONE 0 NOTE 0 WARNING 0 ERROR ========================

====== Diagnostic Run torch.onnx.export version 2.1.0a0+41361538.nv23.06 =======
verbose: False, log level: Level.ERROR
======================= 0 NONE 0 NOTE 0 WARNING 0 ERROR ========================

====== Diagnostic Run torch.onnx.export version 2.1.0a0+41361538.nv23.06 =======
verbose: False, log level: Level.ERROR
======================= 0 NONE 0 NOTE 0 WARNING 0 ERROR ========================

====== Diagnostic Run torch.onnx.export version 2.1.0a0+41361538.nv23.06 =======
verbose: False, log level: Level.ERROR
======================= 0 NONE 0 NOTE 0 WARNING 0 ERROR ========================

====== Diagnostic Run torch.onnx.export version 2.1.0a0+41361538.nv23.06 =======
verbose: False, log level: Level.ERROR
======================= 0 NONE 0 NOTE 0 WARNING 0 ERROR ========================

    Conv2d(3,64,k3,s1)                  0.618ms [DLA]
    Conv2d(64,64,k3,s1)                 0.217ms [DLA]
    Conv2d(64,128,k3,s2)                0.212ms [DLA]
    Conv2d(128,256,k3,s2)               0.206ms [DLA]
    Conv2d(256,512,k3,s2)               0.219ms [DLA]
    Conv2d(64,256,k1,s1)                0.327ms [DLA]
    Conv2d(256,64,k1,s1)                0.292ms [DLA]
    Conv2d(512,2048,k1,s1)              0.224ms [DLA]
    Conv2d(32,64,k5,s1)                 0.413ms [DLA]
    DWConv(32,k3,s1)                    0.311ms [DLA]
    DWConv(64,k3,s2)                    0.198ms [DLA]
    DWConv(128,k3,s1)                   0.220ms [DLA]
    DWConv(256,k5,s1)                   0.225ms [DLA]
    DWConv(512,k3,s1)                   0.204ms [DLA]
    FC(512,512)                         0.275ms [DLA]
    FC(512,1000)                        0.287ms [DLA]
    FC(1024,1024)                       0.289ms [DLA]
    FC(2048,1000)                       0.326ms [DLA]
    FC(2048,2048)                       0.482ms [DLA]

Running reference model benchmarks...
  Benchmarking resnet18 on DLA core 1 (int8)...
====== Diagnostic Run torch.onnx.export version 2.1.0a0+41361538.nv23.06 =======
verbose: False, log level: Level.ERROR
======================= 0 NONE 0 NOTE 0 WARNING 0 ERROR ========================

    2.24 ms, 446.5 FPS, DLA: 16/67 layers
  Benchmarking mobilenet_v2 on DLA core 1 (int8)...
====== Diagnostic Run torch.onnx.export version 2.1.0a0+41361538.nv23.06 =======
verbose: False, log level: Level.ERROR
======================= 0 NONE 0 NOTE 0 WARNING 0 ERROR ========================

    3.89 ms, 257.4 FPS, DLA: 28/161 layers

Running nsys profiling for utilization metrics...
====== Diagnostic Run torch.onnx.export version 2.1.0a0+41361538.nv23.06 =======
verbose: False, log level: Level.ERROR
======================= 0 NONE 0 NOTE 0 WARNING 0 ERROR ========================

  Profiling resnet18...
    GPU busy: 125.764ms, DLA busy: 0.000ms, U: 100.0%
====== Diagnostic Run torch.onnx.export version 2.1.0a0+41361538.nv23.06 =======
verbose: False, log level: Level.ERROR
======================= 0 NONE 0 NOTE 0 WARNING 0 ERROR ========================

  Profiling mobilenet_v2...
    GPU busy: 387.618ms, DLA busy: 0.000ms, U: 100.0%

======================================================================
  DLA Calibration Complete
  Results: 21/21 succeeded, 0 failed
  Saved:   /mnt/nvme/dev/branes/clones/graphs/hardware_registry/accelerator/nvidia_dla_orin/calibrations/dla1_int8_mode_50w_20260131T235609Z.json
======================================================================


======================================================================
  DLA Calibration Summary
======================================================================
================================================================================
DLA Calibration: Jetson AGX Orin for DSBOARD-AGX
  Core: DLA 0  |  Precision: INT8
  Date: 2026-01-31T23:45:31.109415+00:00
  TensorRT: 8.5.2.2
  Power Mode: MODE_50W
  Clock Policy: dvfs
================================================================================

Synthetic Layer Benchmarks (19 succeeded, 0 failed):
  Layer                                  Latency     TFLOPS     E(%)   DLA   GPU
  ------------------------------------------------------------------------------
  Conv2d(3,64,k3,s1)                     0.610ms      0.284      5.3     3     0
  Conv2d(64,64,k3,s1)                    0.221ms      1.048     19.7     3     0
  Conv2d(64,128,k3,s2)                   0.211ms      0.548     10.3     3     0
  Conv2d(128,256,k3,s2)                  0.197ms      0.587     11.0     3     0
  Conv2d(256,512,k3,s2)                  0.219ms      0.529      9.9     3     0
  Conv2d(64,256,k1,s1)                   0.326ms      0.315      5.9     3     0
  Conv2d(256,64,k1,s1)                   0.299ms      0.344      6.5     3     0
  Conv2d(512,2048,k1,s1)                 0.224ms      0.458      8.6     3     0
  Conv2d(32,64,k5,s1)                    0.413ms      3.112     58.4     3     0
  DWConv(32,k3,s1)                       0.314ms      0.023      0.4     3     0
  DWConv(64,k3,s2)                       0.195ms      0.005      0.1     3     0
  DWConv(128,k3,s1)                      0.215ms      0.008      0.2     3     0
  DWConv(256,k5,s1)                      0.204ms      0.012      0.2     3     0
  DWConv(512,k3,s1)                      0.196ms      0.002      0.0     3     0
  FC(512,512)                            0.271ms      0.002      0.0     3     6
  FC(512,1000)                           0.283ms      0.004      0.1     3     5
  FC(1024,1024)                          0.473ms      0.004      0.1     3     6
  FC(2048,1000)                          0.319ms      0.013      0.2     4     6
  FC(2048,2048)                          0.474ms      0.018      0.3     3     6

Reference Model Benchmarks:
  Model                   Latency        FPS    X(GFLOPS)     E(%)     U(%)     DLA%    DLA/Total
  -------------------------------------------------------------------------------------
  resnet18                 2.18ms      459.6        827.3     15.5    100.0    23.9%   16/67  
  mobilenet_v2             3.88ms      258.0         77.4      1.5    100.0    16.9%   27/160 

================================================================================
DLA Calibration: Jetson AGX Orin for DSBOARD-AGX
  Core: DLA 1  |  Precision: INT8
  Date: 2026-01-31T23:56:09.189902+00:00
  TensorRT: 8.5.2.2
  Power Mode: MODE_50W
  Clock Policy: dvfs
================================================================================

Synthetic Layer Benchmarks (19 succeeded, 0 failed):
  Layer                                  Latency     TFLOPS     E(%)   DLA   GPU
  ------------------------------------------------------------------------------
  Conv2d(3,64,k3,s1)                     0.618ms      0.281      5.3     3     0
  Conv2d(64,64,k3,s1)                    0.217ms      1.065     20.0     3     0
  Conv2d(64,128,k3,s2)                   0.212ms      0.545     10.2     3     0
  Conv2d(128,256,k3,s2)                  0.206ms      0.562     10.6     3     0
  Conv2d(256,512,k3,s2)                  0.219ms      0.529      9.9     3     0
  Conv2d(64,256,k1,s1)                   0.327ms      0.314      5.9     3     0
  Conv2d(256,64,k1,s1)                   0.292ms      0.352      6.6     3     0
  Conv2d(512,2048,k1,s1)                 0.224ms      0.460      8.6     3     0
  Conv2d(32,64,k5,s1)                    0.413ms      3.113     58.5     3     0
  DWConv(32,k3,s1)                       0.311ms      0.023      0.4     3     0
  DWConv(64,k3,s2)                       0.198ms      0.005      0.1     3     0
  DWConv(128,k3,s1)                      0.220ms      0.008      0.2     3     0
  DWConv(256,k5,s1)                      0.225ms      0.011      0.2     3     0
  DWConv(512,k3,s1)                      0.204ms      0.002      0.0     3     0
  FC(512,512)                            0.275ms      0.002      0.0     3     6
  FC(512,1000)                           0.287ms      0.004      0.1     3     4
  FC(1024,1024)                          0.289ms      0.007      0.1     3     5
  FC(2048,1000)                          0.326ms      0.013      0.2     3     4
  FC(2048,2048)                          0.482ms      0.017      0.3     3     6

Reference Model Benchmarks:
  Model                   Latency        FPS    X(GFLOPS)     E(%)     U(%)     DLA%    DLA/Total
  -------------------------------------------------------------------------------------
  resnet18                 2.24ms      446.5        803.7     15.1    100.0    23.9%   16/67  
  mobilenet_v2             3.89ms      257.4         77.2      1.4    100.0    17.4%   28/161 

