(.venv) cjuser@sdhome-jetson:/mnt/nvme/dev/branes/clones/graphs$ cli/calibrate_dla.py
Detected 2 DLA core(s)

######################################################################
# DLA Core 0, Precision: FP16
######################################################################

======================================================================
  DLA Calibration
  Hardware:   Jetson AGX Orin for DSBOARD-AGX
  DLA Core:   0 (of 2)
  Precision:  FP16
  Fallback:   GPU
  Power Mode: MODE_50W (ID: 3)
  Clocks:     dvfs
  TensorRT:   8.5.2.2
======================================================================

Running synthetic layer benchmarks...
====== Diagnostic Run torch.onnx.export version 2.1.0a0+41361538.nv23.06 =======
verbose: False, log level: Level.ERROR
======================= 0 NONE 0 NOTE 0 WARNING 0 ERROR ========================

====== Diagnostic Run torch.onnx.export version 2.1.0a0+41361538.nv23.06 =======
verbose: False, log level: Level.ERROR
======================= 0 NONE 0 NOTE 0 WARNING 0 ERROR ========================

====== Diagnostic Run torch.onnx.export version 2.1.0a0+41361538.nv23.06 =======
verbose: False, log level: Level.ERROR
======================= 0 NONE 0 NOTE 0 WARNING 0 ERROR ========================

====== Diagnostic Run torch.onnx.export version 2.1.0a0+41361538.nv23.06 =======
verbose: False, log level: Level.ERROR
======================= 0 NONE 0 NOTE 0 WARNING 0 ERROR ========================

====== Diagnostic Run torch.onnx.export version 2.1.0a0+41361538.nv23.06 =======
verbose: False, log level: Level.ERROR
======================= 0 NONE 0 NOTE 0 WARNING 0 ERROR ========================

====== Diagnostic Run torch.onnx.export version 2.1.0a0+41361538.nv23.06 =======
verbose: False, log level: Level.ERROR
======================= 0 NONE 0 NOTE 0 WARNING 0 ERROR ========================

====== Diagnostic Run torch.onnx.export version 2.1.0a0+41361538.nv23.06 =======
verbose: False, log level: Level.ERROR
======================= 0 NONE 0 NOTE 0 WARNING 0 ERROR ========================

====== Diagnostic Run torch.onnx.export version 2.1.0a0+41361538.nv23.06 =======
verbose: False, log level: Level.ERROR
======================= 0 NONE 0 NOTE 0 WARNING 0 ERROR ========================

====== Diagnostic Run torch.onnx.export version 2.1.0a0+41361538.nv23.06 =======
verbose: False, log level: Level.ERROR
======================= 0 NONE 0 NOTE 0 WARNING 0 ERROR ========================

====== Diagnostic Run torch.onnx.export version 2.1.0a0+41361538.nv23.06 =======
verbose: False, log level: Level.ERROR
======================= 0 NONE 0 NOTE 0 WARNING 0 ERROR ========================

====== Diagnostic Run torch.onnx.export version 2.1.0a0+41361538.nv23.06 =======
verbose: False, log level: Level.ERROR
======================= 0 NONE 0 NOTE 0 WARNING 0 ERROR ========================

====== Diagnostic Run torch.onnx.export version 2.1.0a0+41361538.nv23.06 =======
verbose: False, log level: Level.ERROR
======================= 0 NONE 0 NOTE 0 WARNING 0 ERROR ========================

====== Diagnostic Run torch.onnx.export version 2.1.0a0+41361538.nv23.06 =======
verbose: False, log level: Level.ERROR
======================= 0 NONE 0 NOTE 0 WARNING 0 ERROR ========================

====== Diagnostic Run torch.onnx.export version 2.1.0a0+41361538.nv23.06 =======
verbose: False, log level: Level.ERROR
======================= 0 NONE 0 NOTE 0 WARNING 0 ERROR ========================

====== Diagnostic Run torch.onnx.export version 2.1.0a0+41361538.nv23.06 =======
verbose: False, log level: Level.ERROR
======================= 0 NONE 0 NOTE 0 WARNING 0 ERROR ========================

====== Diagnostic Run torch.onnx.export version 2.1.0a0+41361538.nv23.06 =======
verbose: False, log level: Level.ERROR
======================= 0 NONE 0 NOTE 0 WARNING 0 ERROR ========================

====== Diagnostic Run torch.onnx.export version 2.1.0a0+41361538.nv23.06 =======
verbose: False, log level: Level.ERROR
======================= 0 NONE 0 NOTE 0 WARNING 0 ERROR ========================

====== Diagnostic Run torch.onnx.export version 2.1.0a0+41361538.nv23.06 =======
verbose: False, log level: Level.ERROR
======================= 0 NONE 0 NOTE 0 WARNING 0 ERROR ========================

====== Diagnostic Run torch.onnx.export version 2.1.0a0+41361538.nv23.06 =======
verbose: False, log level: Level.ERROR
======================= 0 NONE 0 NOTE 0 WARNING 0 ERROR ========================

    Conv2d(3,64,k3,s1)                  2.449ms [DLA]
    Conv2d(64,64,k3,s1)                 0.497ms [DLA]
    Conv2d(64,128,k3,s2)                0.475ms [DLA]
    Conv2d(128,256,k3,s2)               0.448ms [DLA]
    Conv2d(256,512,k3,s2)               0.697ms [DLA]
    Conv2d(64,256,k1,s1)                0.510ms [DLA]
    Conv2d(256,64,k1,s1)                0.484ms [DLA]
    Conv2d(512,2048,k1,s1)              0.672ms [DLA]
    Conv2d(32,64,k5,s1)                 2.123ms [DLA]
    DWConv(32,k3,s1)                    0.631ms [DLA]
    DWConv(64,k3,s2)                    0.269ms [DLA]
    DWConv(128,k3,s1)                   0.275ms [DLA]
    DWConv(256,k5,s1)                   0.375ms [DLA]
    DWConv(512,k3,s1)                   0.260ms [DLA]
    FC(512,512)                         0.239ms [DLA]
    FC(512,1000)                        0.278ms [DLA]
    FC(1024,1024)                       0.301ms [DLA]
    FC(2048,1000)                       0.379ms [DLA]
    FC(2048,2048)                       0.501ms [DLA]

Running reference model benchmarks...
  Benchmarking resnet18 on DLA core 0 (fp16)...
/mnt/nvme/dev/branes/clones/graphs/.venv/lib/python3.8/site-packages/torchvision/io/image.py:13: UserWarning: Failed to load image Python extension: '/mnt/nvme/dev/branes/clones/graphs/.venv/lib/python3.8/site-packages/torchvision/image.so: undefined symbol: _ZN5torch3jit17parseSchemaOrNameERKSs'If you don't plan on using image functionality from `torchvision.io`, you can ignore this warning. Otherwise, there might be something wrong with your environment. Did you have `libjpeg` or `libpng` installed before building `torchvision` from source?
  warn(
    FAILED: No module named 'requests'
  Benchmarking mobilenet_v2 on DLA core 0 (fp16)...
    FAILED: No module named 'requests'

======================================================================
  DLA Calibration Complete
  Results: 19/21 succeeded, 2 failed
  Saved:   /mnt/nvme/dev/branes/clones/graphs/hardware_registry/accelerator/nvidia_dla_orin/calibrations/dla0_fp16_mode_50w_20260131T164618Z.json
======================================================================


######################################################################
# DLA Core 1, Precision: FP16
######################################################################

======================================================================
  DLA Calibration
  Hardware:   Jetson AGX Orin for DSBOARD-AGX
  DLA Core:   1 (of 2)
  Precision:  FP16
  Fallback:   GPU
  Power Mode: MODE_50W (ID: 3)
  Clocks:     dvfs
  TensorRT:   8.5.2.2
======================================================================

Running synthetic layer benchmarks...
====== Diagnostic Run torch.onnx.export version 2.1.0a0+41361538.nv23.06 =======
verbose: False, log level: Level.ERROR
======================= 0 NONE 0 NOTE 0 WARNING 0 ERROR ========================

====== Diagnostic Run torch.onnx.export version 2.1.0a0+41361538.nv23.06 =======
verbose: False, log level: Level.ERROR
======================= 0 NONE 0 NOTE 0 WARNING 0 ERROR ========================

====== Diagnostic Run torch.onnx.export version 2.1.0a0+41361538.nv23.06 =======
verbose: False, log level: Level.ERROR
======================= 0 NONE 0 NOTE 0 WARNING 0 ERROR ========================

====== Diagnostic Run torch.onnx.export version 2.1.0a0+41361538.nv23.06 =======
verbose: False, log level: Level.ERROR
======================= 0 NONE 0 NOTE 0 WARNING 0 ERROR ========================

====== Diagnostic Run torch.onnx.export version 2.1.0a0+41361538.nv23.06 =======
verbose: False, log level: Level.ERROR
======================= 0 NONE 0 NOTE 0 WARNING 0 ERROR ========================

====== Diagnostic Run torch.onnx.export version 2.1.0a0+41361538.nv23.06 =======
verbose: False, log level: Level.ERROR
======================= 0 NONE 0 NOTE 0 WARNING 0 ERROR ========================

====== Diagnostic Run torch.onnx.export version 2.1.0a0+41361538.nv23.06 =======
verbose: False, log level: Level.ERROR
======================= 0 NONE 0 NOTE 0 WARNING 0 ERROR ========================

====== Diagnostic Run torch.onnx.export version 2.1.0a0+41361538.nv23.06 =======
verbose: False, log level: Level.ERROR
======================= 0 NONE 0 NOTE 0 WARNING 0 ERROR ========================

====== Diagnostic Run torch.onnx.export version 2.1.0a0+41361538.nv23.06 =======
verbose: False, log level: Level.ERROR
======================= 0 NONE 0 NOTE 0 WARNING 0 ERROR ========================

====== Diagnostic Run torch.onnx.export version 2.1.0a0+41361538.nv23.06 =======
verbose: False, log level: Level.ERROR
======================= 0 NONE 0 NOTE 0 WARNING 0 ERROR ========================

====== Diagnostic Run torch.onnx.export version 2.1.0a0+41361538.nv23.06 =======
verbose: False, log level: Level.ERROR
======================= 0 NONE 0 NOTE 0 WARNING 0 ERROR ========================

====== Diagnostic Run torch.onnx.export version 2.1.0a0+41361538.nv23.06 =======
verbose: False, log level: Level.ERROR
======================= 0 NONE 0 NOTE 0 WARNING 0 ERROR ========================

====== Diagnostic Run torch.onnx.export version 2.1.0a0+41361538.nv23.06 =======
verbose: False, log level: Level.ERROR
======================= 0 NONE 0 NOTE 0 WARNING 0 ERROR ========================

====== Diagnostic Run torch.onnx.export version 2.1.0a0+41361538.nv23.06 =======
verbose: False, log level: Level.ERROR
======================= 0 NONE 0 NOTE 0 WARNING 0 ERROR ========================

====== Diagnostic Run torch.onnx.export version 2.1.0a0+41361538.nv23.06 =======
verbose: False, log level: Level.ERROR
======================= 0 NONE 0 NOTE 0 WARNING 0 ERROR ========================

====== Diagnostic Run torch.onnx.export version 2.1.0a0+41361538.nv23.06 =======
verbose: False, log level: Level.ERROR
======================= 0 NONE 0 NOTE 0 WARNING 0 ERROR ========================

====== Diagnostic Run torch.onnx.export version 2.1.0a0+41361538.nv23.06 =======
verbose: False, log level: Level.ERROR
======================= 0 NONE 0 NOTE 0 WARNING 0 ERROR ========================

====== Diagnostic Run torch.onnx.export version 2.1.0a0+41361538.nv23.06 =======
verbose: False, log level: Level.ERROR
======================= 0 NONE 0 NOTE 0 WARNING 0 ERROR ========================

====== Diagnostic Run torch.onnx.export version 2.1.0a0+41361538.nv23.06 =======
verbose: False, log level: Level.ERROR
======================= 0 NONE 0 NOTE 0 WARNING 0 ERROR ========================

    Conv2d(3,64,k3,s1)                  2.442ms [DLA]
    Conv2d(64,64,k3,s1)                 0.506ms [DLA]
    Conv2d(64,128,k3,s2)                0.483ms [DLA]
    Conv2d(128,256,k3,s2)               0.461ms [DLA]
    Conv2d(256,512,k3,s2)               0.704ms [DLA]
    Conv2d(64,256,k1,s1)                0.522ms [DLA]
    Conv2d(256,64,k1,s1)                0.490ms [DLA]
    Conv2d(512,2048,k1,s1)              0.673ms [DLA]
    Conv2d(32,64,k5,s1)                 2.115ms [DLA]
    DWConv(32,k3,s1)                    0.635ms [DLA]
    DWConv(64,k3,s2)                    0.265ms [DLA]
    DWConv(128,k3,s1)                   0.268ms [DLA]
    DWConv(256,k5,s1)                   0.375ms [DLA]
    DWConv(512,k3,s1)                   0.254ms [DLA]
    FC(512,512)                         0.243ms [DLA]
    FC(512,1000)                        0.276ms [DLA]
    FC(1024,1024)                       0.336ms [DLA]
    FC(2048,1000)                       0.384ms [DLA]
    FC(2048,2048)                       0.503ms [DLA]

Running reference model benchmarks...
  Benchmarking resnet18 on DLA core 1 (fp16)...
    FAILED: No module named 'requests'
  Benchmarking mobilenet_v2 on DLA core 1 (fp16)...
    FAILED: No module named 'requests'

======================================================================
  DLA Calibration Complete
  Results: 19/21 succeeded, 2 failed
  Saved:   /mnt/nvme/dev/branes/clones/graphs/hardware_registry/accelerator/nvidia_dla_orin/calibrations/dla1_fp16_mode_50w_20260131T164654Z.json
======================================================================


######################################################################
# DLA Core 0, Precision: INT8
######################################################################

======================================================================
  DLA Calibration
  Hardware:   Jetson AGX Orin for DSBOARD-AGX
  DLA Core:   0 (of 2)
  Precision:  INT8
  Fallback:   GPU
  Power Mode: MODE_50W (ID: 3)
  Clocks:     dvfs
  TensorRT:   8.5.2.2
======================================================================

Running synthetic layer benchmarks...
====== Diagnostic Run torch.onnx.export version 2.1.0a0+41361538.nv23.06 =======
verbose: False, log level: Level.ERROR
======================= 0 NONE 0 NOTE 0 WARNING 0 ERROR ========================

[TRT] 4: [standardEngineBuilder.cpp::initCalibrationParams::1460] Error Code 4: Internal Error (Calibration failure occurred with no scaling factors detected. This could be due to no int8 calibrator or insufficient custom scales for network layers. Please see int8 sample to setup calibration correctly.)
[TRT] 2: [builder.cpp::buildSerializedNetwork::751] Error Code 2: Internal Error (Assertion engine != nullptr failed. )
====== Diagnostic Run torch.onnx.export version 2.1.0a0+41361538.nv23.06 =======
verbose: False, log level: Level.ERROR
======================= 0 NONE 0 NOTE 0 WARNING 0 ERROR ========================

[TRT] 4: [standardEngineBuilder.cpp::initCalibrationParams::1460] Error Code 4: Internal Error (Calibration failure occurred with no scaling factors detected. This could be due to no int8 calibrator or insufficient custom scales for network layers. Please see int8 sample to setup calibration correctly.)
[TRT] 2: [builder.cpp::buildSerializedNetwork::751] Error Code 2: Internal Error (Assertion engine != nullptr failed. )
====== Diagnostic Run torch.onnx.export version 2.1.0a0+41361538.nv23.06 =======
verbose: False, log level: Level.ERROR
======================= 0 NONE 0 NOTE 0 WARNING 0 ERROR ========================

[TRT] 4: [standardEngineBuilder.cpp::initCalibrationParams::1460] Error Code 4: Internal Error (Calibration failure occurred with no scaling factors detected. This could be due to no int8 calibrator or insufficient custom scales for network layers. Please see int8 sample to setup calibration correctly.)
[TRT] 2: [builder.cpp::buildSerializedNetwork::751] Error Code 2: Internal Error (Assertion engine != nullptr failed. )
====== Diagnostic Run torch.onnx.export version 2.1.0a0+41361538.nv23.06 =======
verbose: False, log level: Level.ERROR
======================= 0 NONE 0 NOTE 0 WARNING 0 ERROR ========================

[TRT] 4: [standardEngineBuilder.cpp::initCalibrationParams::1460] Error Code 4: Internal Error (Calibration failure occurred with no scaling factors detected. This could be due to no int8 calibrator or insufficient custom scales for network layers. Please see int8 sample to setup calibration correctly.)
[TRT] 2: [builder.cpp::buildSerializedNetwork::751] Error Code 2: Internal Error (Assertion engine != nullptr failed. )
====== Diagnostic Run torch.onnx.export version 2.1.0a0+41361538.nv23.06 =======
verbose: False, log level: Level.ERROR
======================= 0 NONE 0 NOTE 0 WARNING 0 ERROR ========================

[TRT] 4: [standardEngineBuilder.cpp::initCalibrationParams::1460] Error Code 4: Internal Error (Calibration failure occurred with no scaling factors detected. This could be due to no int8 calibrator or insufficient custom scales for network layers. Please see int8 sample to setup calibration correctly.)
[TRT] 2: [builder.cpp::buildSerializedNetwork::751] Error Code 2: Internal Error (Assertion engine != nullptr failed. )
====== Diagnostic Run torch.onnx.export version 2.1.0a0+41361538.nv23.06 =======
verbose: False, log level: Level.ERROR
======================= 0 NONE 0 NOTE 0 WARNING 0 ERROR ========================

[TRT] 4: [standardEngineBuilder.cpp::initCalibrationParams::1460] Error Code 4: Internal Error (Calibration failure occurred with no scaling factors detected. This could be due to no int8 calibrator or insufficient custom scales for network layers. Please see int8 sample to setup calibration correctly.)
[TRT] 2: [builder.cpp::buildSerializedNetwork::751] Error Code 2: Internal Error (Assertion engine != nullptr failed. )
====== Diagnostic Run torch.onnx.export version 2.1.0a0+41361538.nv23.06 =======
verbose: False, log level: Level.ERROR
======================= 0 NONE 0 NOTE 0 WARNING 0 ERROR ========================

[TRT] 4: [standardEngineBuilder.cpp::initCalibrationParams::1460] Error Code 4: Internal Error (Calibration failure occurred with no scaling factors detected. This could be due to no int8 calibrator or insufficient custom scales for network layers. Please see int8 sample to setup calibration correctly.)
[TRT] 2: [builder.cpp::buildSerializedNetwork::751] Error Code 2: Internal Error (Assertion engine != nullptr failed. )
====== Diagnostic Run torch.onnx.export version 2.1.0a0+41361538.nv23.06 =======
verbose: False, log level: Level.ERROR
======================= 0 NONE 0 NOTE 0 WARNING 0 ERROR ========================

[TRT] 4: [standardEngineBuilder.cpp::initCalibrationParams::1460] Error Code 4: Internal Error (Calibration failure occurred with no scaling factors detected. This could be due to no int8 calibrator or insufficient custom scales for network layers. Please see int8 sample to setup calibration correctly.)
[TRT] 2: [builder.cpp::buildSerializedNetwork::751] Error Code 2: Internal Error (Assertion engine != nullptr failed. )
====== Diagnostic Run torch.onnx.export version 2.1.0a0+41361538.nv23.06 =======
verbose: False, log level: Level.ERROR
======================= 0 NONE 0 NOTE 0 WARNING 0 ERROR ========================

[TRT] 4: [standardEngineBuilder.cpp::initCalibrationParams::1460] Error Code 4: Internal Error (Calibration failure occurred with no scaling factors detected. This could be due to no int8 calibrator or insufficient custom scales for network layers. Please see int8 sample to setup calibration correctly.)
[TRT] 2: [builder.cpp::buildSerializedNetwork::751] Error Code 2: Internal Error (Assertion engine != nullptr failed. )
====== Diagnostic Run torch.onnx.export version 2.1.0a0+41361538.nv23.06 =======
verbose: False, log level: Level.ERROR
======================= 0 NONE 0 NOTE 0 WARNING 0 ERROR ========================

[TRT] 4: [standardEngineBuilder.cpp::initCalibrationParams::1460] Error Code 4: Internal Error (Calibration failure occurred with no scaling factors detected. This could be due to no int8 calibrator or insufficient custom scales for network layers. Please see int8 sample to setup calibration correctly.)
[TRT] 2: [builder.cpp::buildSerializedNetwork::751] Error Code 2: Internal Error (Assertion engine != nullptr failed. )
====== Diagnostic Run torch.onnx.export version 2.1.0a0+41361538.nv23.06 =======
verbose: False, log level: Level.ERROR
======================= 0 NONE 0 NOTE 0 WARNING 0 ERROR ========================

[TRT] 4: [standardEngineBuilder.cpp::initCalibrationParams::1460] Error Code 4: Internal Error (Calibration failure occurred with no scaling factors detected. This could be due to no int8 calibrator or insufficient custom scales for network layers. Please see int8 sample to setup calibration correctly.)
[TRT] 2: [builder.cpp::buildSerializedNetwork::751] Error Code 2: Internal Error (Assertion engine != nullptr failed. )
====== Diagnostic Run torch.onnx.export version 2.1.0a0+41361538.nv23.06 =======
verbose: False, log level: Level.ERROR
======================= 0 NONE 0 NOTE 0 WARNING 0 ERROR ========================

[TRT] 4: [standardEngineBuilder.cpp::initCalibrationParams::1460] Error Code 4: Internal Error (Calibration failure occurred with no scaling factors detected. This could be due to no int8 calibrator or insufficient custom scales for network layers. Please see int8 sample to setup calibration correctly.)
[TRT] 2: [builder.cpp::buildSerializedNetwork::751] Error Code 2: Internal Error (Assertion engine != nullptr failed. )
====== Diagnostic Run torch.onnx.export version 2.1.0a0+41361538.nv23.06 =======
verbose: False, log level: Level.ERROR
======================= 0 NONE 0 NOTE 0 WARNING 0 ERROR ========================

[TRT] 4: [standardEngineBuilder.cpp::initCalibrationParams::1460] Error Code 4: Internal Error (Calibration failure occurred with no scaling factors detected. This could be due to no int8 calibrator or insufficient custom scales for network layers. Please see int8 sample to setup calibration correctly.)
[TRT] 2: [builder.cpp::buildSerializedNetwork::751] Error Code 2: Internal Error (Assertion engine != nullptr failed. )
====== Diagnostic Run torch.onnx.export version 2.1.0a0+41361538.nv23.06 =======
verbose: False, log level: Level.ERROR
======================= 0 NONE 0 NOTE 0 WARNING 0 ERROR ========================

[TRT] 4: [standardEngineBuilder.cpp::initCalibrationParams::1460] Error Code 4: Internal Error (Calibration failure occurred with no scaling factors detected. This could be due to no int8 calibrator or insufficient custom scales for network layers. Please see int8 sample to setup calibration correctly.)
[TRT] 2: [builder.cpp::buildSerializedNetwork::751] Error Code 2: Internal Error (Assertion engine != nullptr failed. )
====== Diagnostic Run torch.onnx.export version 2.1.0a0+41361538.nv23.06 =======
verbose: False, log level: Level.ERROR
======================= 0 NONE 0 NOTE 0 WARNING 0 ERROR ========================

[TRT] 4: [standardEngineBuilder.cpp::initCalibrationParams::1460] Error Code 4: Internal Error (Calibration failure occurred with no scaling factors detected. This could be due to no int8 calibrator or insufficient custom scales for network layers. Please see int8 sample to setup calibration correctly.)
[TRT] 2: [builder.cpp::buildSerializedNetwork::751] Error Code 2: Internal Error (Assertion engine != nullptr failed. )
====== Diagnostic Run torch.onnx.export version 2.1.0a0+41361538.nv23.06 =======
verbose: False, log level: Level.ERROR
======================= 0 NONE 0 NOTE 0 WARNING 0 ERROR ========================

[TRT] 4: [standardEngineBuilder.cpp::initCalibrationParams::1460] Error Code 4: Internal Error (Calibration failure occurred with no scaling factors detected. This could be due to no int8 calibrator or insufficient custom scales for network layers. Please see int8 sample to setup calibration correctly.)
[TRT] 2: [builder.cpp::buildSerializedNetwork::751] Error Code 2: Internal Error (Assertion engine != nullptr failed. )
====== Diagnostic Run torch.onnx.export version 2.1.0a0+41361538.nv23.06 =======
verbose: False, log level: Level.ERROR
======================= 0 NONE 0 NOTE 0 WARNING 0 ERROR ========================

[TRT] 4: [standardEngineBuilder.cpp::initCalibrationParams::1460] Error Code 4: Internal Error (Calibration failure occurred with no scaling factors detected. This could be due to no int8 calibrator or insufficient custom scales for network layers. Please see int8 sample to setup calibration correctly.)
[TRT] 2: [builder.cpp::buildSerializedNetwork::751] Error Code 2: Internal Error (Assertion engine != nullptr failed. )
====== Diagnostic Run torch.onnx.export version 2.1.0a0+41361538.nv23.06 =======
verbose: False, log level: Level.ERROR
======================= 0 NONE 0 NOTE 0 WARNING 0 ERROR ========================

[TRT] 4: [standardEngineBuilder.cpp::initCalibrationParams::1460] Error Code 4: Internal Error (Calibration failure occurred with no scaling factors detected. This could be due to no int8 calibrator or insufficient custom scales for network layers. Please see int8 sample to setup calibration correctly.)
[TRT] 2: [builder.cpp::buildSerializedNetwork::751] Error Code 2: Internal Error (Assertion engine != nullptr failed. )
====== Diagnostic Run torch.onnx.export version 2.1.0a0+41361538.nv23.06 =======
verbose: False, log level: Level.ERROR
======================= 0 NONE 0 NOTE 0 WARNING 0 ERROR ========================

[TRT] 4: [standardEngineBuilder.cpp::initCalibrationParams::1460] Error Code 4: Internal Error (Calibration failure occurred with no scaling factors detected. This could be due to no int8 calibrator or insufficient custom scales for network layers. Please see int8 sample to setup calibration correctly.)
[TRT] 2: [builder.cpp::buildSerializedNetwork::751] Error Code 2: Internal Error (Assertion engine != nullptr failed. )
    Conv2d(3,64,k3,s1)                  FAILED: Engine build failed
    Conv2d(64,64,k3,s1)                 FAILED: Engine build failed
    Conv2d(64,128,k3,s2)                FAILED: Engine build failed
    Conv2d(128,256,k3,s2)               FAILED: Engine build failed
    Conv2d(256,512,k3,s2)               FAILED: Engine build failed
    Conv2d(64,256,k1,s1)                FAILED: Engine build failed
    Conv2d(256,64,k1,s1)                FAILED: Engine build failed
    Conv2d(512,2048,k1,s1)              FAILED: Engine build failed
    Conv2d(32,64,k5,s1)                 FAILED: Engine build failed
    DWConv(32,k3,s1)                    FAILED: Engine build failed
    DWConv(64,k3,s2)                    FAILED: Engine build failed
    DWConv(128,k3,s1)                   FAILED: Engine build failed
    DWConv(256,k5,s1)                   FAILED: Engine build failed
    DWConv(512,k3,s1)                   FAILED: Engine build failed
    FC(512,512)                         FAILED: Engine build failed
    FC(512,1000)                        FAILED: Engine build failed
    FC(1024,1024)                       FAILED: Engine build failed
    FC(2048,1000)                       FAILED: Engine build failed
    FC(2048,2048)                       FAILED: Engine build failed

Running reference model benchmarks...
  Benchmarking resnet18 on DLA core 0 (int8)...
    FAILED: No module named 'requests'
  Benchmarking mobilenet_v2 on DLA core 0 (int8)...
    FAILED: No module named 'requests'

======================================================================
  DLA Calibration Complete
  Results: 0/21 succeeded, 21 failed
  Saved:   /mnt/nvme/dev/branes/clones/graphs/hardware_registry/accelerator/nvidia_dla_orin/calibrations/dla0_int8_mode_50w_20260131T164724Z.json
======================================================================


######################################################################
# DLA Core 1, Precision: INT8
######################################################################

======================================================================
  DLA Calibration
  Hardware:   Jetson AGX Orin for DSBOARD-AGX
  DLA Core:   1 (of 2)
  Precision:  INT8
  Fallback:   GPU
  Power Mode: MODE_50W (ID: 3)
  Clocks:     dvfs
  TensorRT:   8.5.2.2
======================================================================

Running synthetic layer benchmarks...
====== Diagnostic Run torch.onnx.export version 2.1.0a0+41361538.nv23.06 =======
verbose: False, log level: Level.ERROR
======================= 0 NONE 0 NOTE 0 WARNING 0 ERROR ========================

[TRT] 4: [standardEngineBuilder.cpp::initCalibrationParams::1460] Error Code 4: Internal Error (Calibration failure occurred with no scaling factors detected. This could be due to no int8 calibrator or insufficient custom scales for network layers. Please see int8 sample to setup calibration correctly.)
[TRT] 2: [builder.cpp::buildSerializedNetwork::751] Error Code 2: Internal Error (Assertion engine != nullptr failed. )
====== Diagnostic Run torch.onnx.export version 2.1.0a0+41361538.nv23.06 =======
verbose: False, log level: Level.ERROR
======================= 0 NONE 0 NOTE 0 WARNING 0 ERROR ========================

[TRT] 4: [standardEngineBuilder.cpp::initCalibrationParams::1460] Error Code 4: Internal Error (Calibration failure occurred with no scaling factors detected. This could be due to no int8 calibrator or insufficient custom scales for network layers. Please see int8 sample to setup calibration correctly.)
[TRT] 2: [builder.cpp::buildSerializedNetwork::751] Error Code 2: Internal Error (Assertion engine != nullptr failed. )
====== Diagnostic Run torch.onnx.export version 2.1.0a0+41361538.nv23.06 =======
verbose: False, log level: Level.ERROR
======================= 0 NONE 0 NOTE 0 WARNING 0 ERROR ========================

[TRT] 4: [standardEngineBuilder.cpp::initCalibrationParams::1460] Error Code 4: Internal Error (Calibration failure occurred with no scaling factors detected. This could be due to no int8 calibrator or insufficient custom scales for network layers. Please see int8 sample to setup calibration correctly.)
[TRT] 2: [builder.cpp::buildSerializedNetwork::751] Error Code 2: Internal Error (Assertion engine != nullptr failed. )
====== Diagnostic Run torch.onnx.export version 2.1.0a0+41361538.nv23.06 =======
verbose: False, log level: Level.ERROR
======================= 0 NONE 0 NOTE 0 WARNING 0 ERROR ========================

[TRT] 4: [standardEngineBuilder.cpp::initCalibrationParams::1460] Error Code 4: Internal Error (Calibration failure occurred with no scaling factors detected. This could be due to no int8 calibrator or insufficient custom scales for network layers. Please see int8 sample to setup calibration correctly.)
[TRT] 2: [builder.cpp::buildSerializedNetwork::751] Error Code 2: Internal Error (Assertion engine != nullptr failed. )
====== Diagnostic Run torch.onnx.export version 2.1.0a0+41361538.nv23.06 =======
verbose: False, log level: Level.ERROR
======================= 0 NONE 0 NOTE 0 WARNING 0 ERROR ========================

[TRT] 4: [standardEngineBuilder.cpp::initCalibrationParams::1460] Error Code 4: Internal Error (Calibration failure occurred with no scaling factors detected. This could be due to no int8 calibrator or insufficient custom scales for network layers. Please see int8 sample to setup calibration correctly.)
[TRT] 2: [builder.cpp::buildSerializedNetwork::751] Error Code 2: Internal Error (Assertion engine != nullptr failed. )
====== Diagnostic Run torch.onnx.export version 2.1.0a0+41361538.nv23.06 =======
verbose: False, log level: Level.ERROR
======================= 0 NONE 0 NOTE 0 WARNING 0 ERROR ========================

[TRT] 4: [standardEngineBuilder.cpp::initCalibrationParams::1460] Error Code 4: Internal Error (Calibration failure occurred with no scaling factors detected. This could be due to no int8 calibrator or insufficient custom scales for network layers. Please see int8 sample to setup calibration correctly.)
[TRT] 2: [builder.cpp::buildSerializedNetwork::751] Error Code 2: Internal Error (Assertion engine != nullptr failed. )
====== Diagnostic Run torch.onnx.export version 2.1.0a0+41361538.nv23.06 =======
verbose: False, log level: Level.ERROR
======================= 0 NONE 0 NOTE 0 WARNING 0 ERROR ========================

[TRT] 4: [standardEngineBuilder.cpp::initCalibrationParams::1460] Error Code 4: Internal Error (Calibration failure occurred with no scaling factors detected. This could be due to no int8 calibrator or insufficient custom scales for network layers. Please see int8 sample to setup calibration correctly.)
[TRT] 2: [builder.cpp::buildSerializedNetwork::751] Error Code 2: Internal Error (Assertion engine != nullptr failed. )
====== Diagnostic Run torch.onnx.export version 2.1.0a0+41361538.nv23.06 =======
verbose: False, log level: Level.ERROR
======================= 0 NONE 0 NOTE 0 WARNING 0 ERROR ========================

[TRT] 4: [standardEngineBuilder.cpp::initCalibrationParams::1460] Error Code 4: Internal Error (Calibration failure occurred with no scaling factors detected. This could be due to no int8 calibrator or insufficient custom scales for network layers. Please see int8 sample to setup calibration correctly.)
[TRT] 2: [builder.cpp::buildSerializedNetwork::751] Error Code 2: Internal Error (Assertion engine != nullptr failed. )
====== Diagnostic Run torch.onnx.export version 2.1.0a0+41361538.nv23.06 =======
verbose: False, log level: Level.ERROR
======================= 0 NONE 0 NOTE 0 WARNING 0 ERROR ========================

[TRT] 4: [standardEngineBuilder.cpp::initCalibrationParams::1460] Error Code 4: Internal Error (Calibration failure occurred with no scaling factors detected. This could be due to no int8 calibrator or insufficient custom scales for network layers. Please see int8 sample to setup calibration correctly.)
[TRT] 2: [builder.cpp::buildSerializedNetwork::751] Error Code 2: Internal Error (Assertion engine != nullptr failed. )
====== Diagnostic Run torch.onnx.export version 2.1.0a0+41361538.nv23.06 =======
verbose: False, log level: Level.ERROR
======================= 0 NONE 0 NOTE 0 WARNING 0 ERROR ========================

[TRT] 4: [standardEngineBuilder.cpp::initCalibrationParams::1460] Error Code 4: Internal Error (Calibration failure occurred with no scaling factors detected. This could be due to no int8 calibrator or insufficient custom scales for network layers. Please see int8 sample to setup calibration correctly.)
[TRT] 2: [builder.cpp::buildSerializedNetwork::751] Error Code 2: Internal Error (Assertion engine != nullptr failed. )
====== Diagnostic Run torch.onnx.export version 2.1.0a0+41361538.nv23.06 =======
verbose: False, log level: Level.ERROR
======================= 0 NONE 0 NOTE 0 WARNING 0 ERROR ========================

[TRT] 4: [standardEngineBuilder.cpp::initCalibrationParams::1460] Error Code 4: Internal Error (Calibration failure occurred with no scaling factors detected. This could be due to no int8 calibrator or insufficient custom scales for network layers. Please see int8 sample to setup calibration correctly.)
[TRT] 2: [builder.cpp::buildSerializedNetwork::751] Error Code 2: Internal Error (Assertion engine != nullptr failed. )
====== Diagnostic Run torch.onnx.export version 2.1.0a0+41361538.nv23.06 =======
verbose: False, log level: Level.ERROR
======================= 0 NONE 0 NOTE 0 WARNING 0 ERROR ========================

[TRT] 4: [standardEngineBuilder.cpp::initCalibrationParams::1460] Error Code 4: Internal Error (Calibration failure occurred with no scaling factors detected. This could be due to no int8 calibrator or insufficient custom scales for network layers. Please see int8 sample to setup calibration correctly.)
[TRT] 2: [builder.cpp::buildSerializedNetwork::751] Error Code 2: Internal Error (Assertion engine != nullptr failed. )
====== Diagnostic Run torch.onnx.export version 2.1.0a0+41361538.nv23.06 =======
verbose: False, log level: Level.ERROR
======================= 0 NONE 0 NOTE 0 WARNING 0 ERROR ========================

[TRT] 4: [standardEngineBuilder.cpp::initCalibrationParams::1460] Error Code 4: Internal Error (Calibration failure occurred with no scaling factors detected. This could be due to no int8 calibrator or insufficient custom scales for network layers. Please see int8 sample to setup calibration correctly.)
[TRT] 2: [builder.cpp::buildSerializedNetwork::751] Error Code 2: Internal Error (Assertion engine != nullptr failed. )
====== Diagnostic Run torch.onnx.export version 2.1.0a0+41361538.nv23.06 =======
verbose: False, log level: Level.ERROR
======================= 0 NONE 0 NOTE 0 WARNING 0 ERROR ========================

[TRT] 4: [standardEngineBuilder.cpp::initCalibrationParams::1460] Error Code 4: Internal Error (Calibration failure occurred with no scaling factors detected. This could be due to no int8 calibrator or insufficient custom scales for network layers. Please see int8 sample to setup calibration correctly.)
[TRT] 2: [builder.cpp::buildSerializedNetwork::751] Error Code 2: Internal Error (Assertion engine != nullptr failed. )
====== Diagnostic Run torch.onnx.export version 2.1.0a0+41361538.nv23.06 =======
verbose: False, log level: Level.ERROR
======================= 0 NONE 0 NOTE 0 WARNING 0 ERROR ========================

[TRT] 4: [standardEngineBuilder.cpp::initCalibrationParams::1460] Error Code 4: Internal Error (Calibration failure occurred with no scaling factors detected. This could be due to no int8 calibrator or insufficient custom scales for network layers. Please see int8 sample to setup calibration correctly.)
[TRT] 2: [builder.cpp::buildSerializedNetwork::751] Error Code 2: Internal Error (Assertion engine != nullptr failed. )
====== Diagnostic Run torch.onnx.export version 2.1.0a0+41361538.nv23.06 =======
verbose: False, log level: Level.ERROR
======================= 0 NONE 0 NOTE 0 WARNING 0 ERROR ========================

[TRT] 4: [standardEngineBuilder.cpp::initCalibrationParams::1460] Error Code 4: Internal Error (Calibration failure occurred with no scaling factors detected. This could be due to no int8 calibrator or insufficient custom scales for network layers. Please see int8 sample to setup calibration correctly.)
[TRT] 2: [builder.cpp::buildSerializedNetwork::751] Error Code 2: Internal Error (Assertion engine != nullptr failed. )
====== Diagnostic Run torch.onnx.export version 2.1.0a0+41361538.nv23.06 =======
verbose: False, log level: Level.ERROR
======================= 0 NONE 0 NOTE 0 WARNING 0 ERROR ========================

[TRT] 4: [standardEngineBuilder.cpp::initCalibrationParams::1460] Error Code 4: Internal Error (Calibration failure occurred with no scaling factors detected. This could be due to no int8 calibrator or insufficient custom scales for network layers. Please see int8 sample to setup calibration correctly.)
[TRT] 2: [builder.cpp::buildSerializedNetwork::751] Error Code 2: Internal Error (Assertion engine != nullptr failed. )
====== Diagnostic Run torch.onnx.export version 2.1.0a0+41361538.nv23.06 =======
verbose: False, log level: Level.ERROR
======================= 0 NONE 0 NOTE 0 WARNING 0 ERROR ========================

[TRT] 4: [standardEngineBuilder.cpp::initCalibrationParams::1460] Error Code 4: Internal Error (Calibration failure occurred with no scaling factors detected. This could be due to no int8 calibrator or insufficient custom scales for network layers. Please see int8 sample to setup calibration correctly.)
[TRT] 2: [builder.cpp::buildSerializedNetwork::751] Error Code 2: Internal Error (Assertion engine != nullptr failed. )
====== Diagnostic Run torch.onnx.export version 2.1.0a0+41361538.nv23.06 =======
verbose: False, log level: Level.ERROR
======================= 0 NONE 0 NOTE 0 WARNING 0 ERROR ========================

[TRT] 4: [standardEngineBuilder.cpp::initCalibrationParams::1460] Error Code 4: Internal Error (Calibration failure occurred with no scaling factors detected. This could be due to no int8 calibrator or insufficient custom scales for network layers. Please see int8 sample to setup calibration correctly.)
[TRT] 2: [builder.cpp::buildSerializedNetwork::751] Error Code 2: Internal Error (Assertion engine != nullptr failed. )
    Conv2d(3,64,k3,s1)                  FAILED: Engine build failed
    Conv2d(64,64,k3,s1)                 FAILED: Engine build failed
    Conv2d(64,128,k3,s2)                FAILED: Engine build failed
    Conv2d(128,256,k3,s2)               FAILED: Engine build failed
    Conv2d(256,512,k3,s2)               FAILED: Engine build failed
    Conv2d(64,256,k1,s1)                FAILED: Engine build failed
    Conv2d(256,64,k1,s1)                FAILED: Engine build failed
    Conv2d(512,2048,k1,s1)              FAILED: Engine build failed
    Conv2d(32,64,k5,s1)                 FAILED: Engine build failed
    DWConv(32,k3,s1)                    FAILED: Engine build failed
    DWConv(64,k3,s2)                    FAILED: Engine build failed
    DWConv(128,k3,s1)                   FAILED: Engine build failed
    DWConv(256,k5,s1)                   FAILED: Engine build failed
    DWConv(512,k3,s1)                   FAILED: Engine build failed
    FC(512,512)                         FAILED: Engine build failed
    FC(512,1000)                        FAILED: Engine build failed
    FC(1024,1024)                       FAILED: Engine build failed
    FC(2048,1000)                       FAILED: Engine build failed
    FC(2048,2048)                       FAILED: Engine build failed

Running reference model benchmarks...
  Benchmarking resnet18 on DLA core 1 (int8)...
    FAILED: No module named 'requests'
  Benchmarking mobilenet_v2 on DLA core 1 (int8)...
    FAILED: No module named 'requests'

======================================================================
  DLA Calibration Complete
  Results: 0/21 succeeded, 21 failed
  Saved:   /mnt/nvme/dev/branes/clones/graphs/hardware_registry/accelerator/nvidia_dla_orin/calibrations/dla1_int8_mode_50w_20260131T164729Z.json
======================================================================


======================================================================
  DLA Calibration Summary
======================================================================
================================================================================
DLA Calibration: Jetson AGX Orin for DSBOARD-AGX
  Core: DLA 0  |  Precision: FP16
  Date: 2026-01-31T16:46:18.953159+00:00
  TensorRT: 8.5.2.2
  Power Mode: MODE_50W
  Clock Policy: dvfs
================================================================================

Synthetic Layer Benchmarks (19 succeeded, 0 failed):
  Layer                                  Latency     TFLOPS   DLA   GPU
  ----------------------------------------------------------------------
  Conv2d(3,64,k3,s1)                     2.449ms      0.071     3     0
  Conv2d(64,64,k3,s1)                    0.497ms      0.465     3     0
  Conv2d(64,128,k3,s2)                   0.475ms      0.243     3     0
  Conv2d(128,256,k3,s2)                  0.448ms      0.258     3     0
  Conv2d(256,512,k3,s2)                  0.697ms      0.166     3     0
  Conv2d(64,256,k1,s1)                   0.510ms      0.201     3     0
  Conv2d(256,64,k1,s1)                   0.484ms      0.212     3     0
  Conv2d(512,2048,k1,s1)                 0.672ms      0.153     3     0
  Conv2d(32,64,k5,s1)                    2.123ms      0.605     3     0
  DWConv(32,k3,s1)                       0.631ms      0.011     3     0
  DWConv(64,k3,s2)                       0.269ms      0.003     3     0
  DWConv(128,k3,s1)                      0.275ms      0.007     3     0
  DWConv(256,k5,s1)                      0.375ms      0.007     3     0
  DWConv(512,k3,s1)                      0.260ms      0.002     3     0
  FC(512,512)                            0.239ms      0.002     3     6
  FC(512,1000)                           0.278ms      0.004     4     6
  FC(1024,1024)                          0.301ms      0.007     3     5
  FC(2048,1000)                          0.379ms      0.011     4     6
  FC(2048,2048)                          0.501ms      0.017     3     5

================================================================================
DLA Calibration: Jetson AGX Orin for DSBOARD-AGX
  Core: DLA 1  |  Precision: FP16
  Date: 2026-01-31T16:46:54.255813+00:00
  TensorRT: 8.5.2.2
  Power Mode: MODE_50W
  Clock Policy: dvfs
================================================================================

Synthetic Layer Benchmarks (19 succeeded, 0 failed):
  Layer                                  Latency     TFLOPS   DLA   GPU
  ----------------------------------------------------------------------
  Conv2d(3,64,k3,s1)                     2.442ms      0.071     3     0
  Conv2d(64,64,k3,s1)                    0.506ms      0.457     3     0
  Conv2d(64,128,k3,s2)                   0.483ms      0.239     3     0
  Conv2d(128,256,k3,s2)                  0.461ms      0.251     3     0
  Conv2d(256,512,k3,s2)                  0.704ms      0.164     3     0
  Conv2d(64,256,k1,s1)                   0.522ms      0.197     3     0
  Conv2d(256,64,k1,s1)                   0.490ms      0.210     3     0
  Conv2d(512,2048,k1,s1)                 0.673ms      0.153     3     0
  Conv2d(32,64,k5,s1)                    2.115ms      0.607     3     0
  DWConv(32,k3,s1)                       0.635ms      0.011     3     0
  DWConv(64,k3,s2)                       0.265ms      0.003     3     0
  DWConv(128,k3,s1)                      0.268ms      0.007     3     0
  DWConv(256,k5,s1)                      0.375ms      0.007     3     0
  DWConv(512,k3,s1)                      0.254ms      0.002     3     0
  FC(512,512)                            0.243ms      0.002     3     6
  FC(512,1000)                           0.276ms      0.004     4     7
  FC(1024,1024)                          0.336ms      0.006     3     5
  FC(2048,1000)                          0.384ms      0.011     4     5
  FC(2048,2048)                          0.503ms      0.017     3     5

================================================================================
DLA Calibration: Jetson AGX Orin for DSBOARD-AGX
  Core: DLA 0  |  Precision: INT8
  Date: 2026-01-31T16:47:24.298175+00:00
  TensorRT: 8.5.2.2
  Power Mode: MODE_50W
  Clock Policy: dvfs
================================================================================

================================================================================
DLA Calibration: Jetson AGX Orin for DSBOARD-AGX
  Core: DLA 1  |  Precision: INT8
  Date: 2026-01-31T16:47:29.143235+00:00
  TensorRT: 8.5.2.2
  Power Mode: MODE_50W
  Clock Policy: dvfs
================================================================================

