======================================================================
  DLA Calibration Summary
======================================================================
================================================================================
DLA Calibration: Jetson AGX Orin for DSBOARD-AGX
  Core: DLA 0  |  Precision: FP16
  Date: 2026-02-01T14:29:26.811284+00:00
  TensorRT: 8.5.2.2
  Power Mode: MAXN
  Clock Policy: dvfs
================================================================================

Synthetic Layer Benchmarks (19 succeeded, 0 failed):
  Layer                                  Latency     TFLOPS     E(%)   DLA   GPU
  ------------------------------------------------------------------------------
  Conv2d(3,64,k3,s1)                     2.426ms      0.071      2.7     3     0
  Conv2d(64,64,k3,s1)                    0.477ms      0.485     18.2     3     0
  Conv2d(64,128,k3,s2)                   0.451ms      0.256      9.6     3     0
  Conv2d(128,256,k3,s2)                  0.419ms      0.276     10.4     3     0
  Conv2d(256,512,k3,s2)                  0.674ms      0.172      6.4     3     0
  Conv2d(64,256,k1,s1)                   0.481ms      0.214      8.0     3     0
  Conv2d(256,64,k1,s1)                   0.473ms      0.217      8.2     3     0
  Conv2d(512,2048,k1,s1)                 0.641ms      0.160      6.0     3     0
  Conv2d(32,64,k5,s1)                    2.101ms      0.611     23.0     3     0
  DWConv(32,k3,s1)                       0.615ms      0.012      0.4     3     0
  DWConv(64,k3,s2)                       0.240ms      0.004      0.1     3     0
  DWConv(128,k3,s1)                      0.241ms      0.008      0.3     3     0
  DWConv(256,k5,s1)                      0.345ms      0.007      0.3     3     0
  DWConv(512,k3,s1)                      0.236ms      0.002      0.1     3     0
  FC(512,512)                            0.216ms      0.002      0.1     3     6
  FC(512,1000)                           0.244ms      0.004      0.2     4     6
  FC(1024,1024)                          0.259ms      0.008      0.3     3     6
  FC(2048,1000)                          0.338ms      0.012      0.5     4     6
  FC(2048,2048)                          0.472ms      0.018      0.7     3     5

Reference Model Benchmarks:
  Model                   Latency        FPS    X(GFLOPS)     E(%)     DLA%    DLA/Total
  ---------------------------------------------------------------------------
  resnet18                 7.70ms      129.9        233.8      8.8    32.7%   33/101
  mobilenet_v2             5.08ms      196.8         59.0      2.2    17.3%   32/185

================================================================================
DLA Calibration: Jetson AGX Orin for DSBOARD-AGX
  Core: DLA 1  |  Precision: FP16
  Date: 2026-02-01T14:31:12.208740+00:00
  TensorRT: 8.5.2.2
  Power Mode: MAXN
  Clock Policy: dvfs
================================================================================

Synthetic Layer Benchmarks (19 succeeded, 0 failed):
  Layer                                  Latency     TFLOPS     E(%)   DLA   GPU
  ------------------------------------------------------------------------------
  Conv2d(3,64,k3,s1)                     2.272ms      0.076      2.9     3     0
  Conv2d(64,64,k3,s1)                    0.454ms      0.509     19.1     3     0
  Conv2d(64,128,k3,s2)                   0.443ms      0.261      9.8     3     0
  Conv2d(128,256,k3,s2)                  0.415ms      0.278     10.5     3     0
  Conv2d(256,512,k3,s2)                  0.669ms      0.173      6.5     3     0
  Conv2d(64,256,k1,s1)                   0.458ms      0.224      8.4     3     0
  Conv2d(256,64,k1,s1)                   0.447ms      0.230      8.6     3     0
  Conv2d(512,2048,k1,s1)                 0.638ms      0.161      6.0     3     0
  Conv2d(32,64,k5,s1)                    2.066ms      0.622     23.4     3     0
  DWConv(32,k3,s1)                       0.590ms      0.012      0.5     3     0
  DWConv(64,k3,s2)                       0.235ms      0.004      0.1     3     0
  DWConv(128,k3,s1)                      0.240ms      0.008      0.3     3     0
  DWConv(256,k5,s1)                      0.348ms      0.007      0.3     3     0
  DWConv(512,k3,s1)                      0.241ms      0.002      0.1     3     0
  FC(512,512)                            0.236ms      0.002      0.1     3     6
  FC(512,1000)                           0.252ms      0.004      0.2     4     7
  FC(1024,1024)                          0.263ms      0.008      0.3     3     6
  FC(2048,1000)                          0.340ms      0.012      0.5     4     6
  FC(2048,2048)                          0.470ms      0.018      0.7     3     5

Reference Model Benchmarks:
  Model                   Latency        FPS    X(GFLOPS)     E(%)     DLA%    DLA/Total
  ---------------------------------------------------------------------------
  resnet18                 8.18ms      122.3        220.1      8.3    32.7%   33/101
  mobilenet_v2             3.78ms      264.3         79.3      3.0    17.8%   32/180

================================================================================
DLA Calibration: Jetson AGX Orin for DSBOARD-AGX
  Core: DLA 0  |  Precision: INT8
  Date: 2026-02-01T14:32:47.174787+00:00
  TensorRT: 8.5.2.2
  Power Mode: MAXN
  Clock Policy: dvfs
================================================================================

Synthetic Layer Benchmarks (19 succeeded, 0 failed):
  Layer                                  Latency     TFLOPS     E(%)   DLA   GPU
  ------------------------------------------------------------------------------
  Conv2d(3,64,k3,s1)                     0.449ms      0.387      7.3     3     0
  Conv2d(64,64,k3,s1)                    0.172ms      1.345     25.3     3     0
  Conv2d(64,128,k3,s2)                   0.171ms      0.675     12.7     3     0
  Conv2d(128,256,k3,s2)                  0.169ms      0.685     12.9     3     0
  Conv2d(256,512,k3,s2)                  0.193ms      0.599     11.2     3     0
  Conv2d(64,256,k1,s1)                   0.271ms      0.379      7.1     3     0
  Conv2d(256,64,k1,s1)                   0.249ms      0.412      7.7     3     0
  Conv2d(512,2048,k1,s1)                 0.192ms      0.536     10.1     3     0
  Conv2d(32,64,k5,s1)                    0.347ms      3.702     69.5     3     0
  DWConv(32,k3,s1)                       0.269ms      0.027      0.5     3     0
  DWConv(64,k3,s2)                       0.162ms      0.006      0.1     3     0
  DWConv(128,k3,s1)                      0.181ms      0.010      0.2     3     0
  DWConv(256,k5,s1)                      0.178ms      0.014      0.3     3     0
  DWConv(512,k3,s1)                      0.167ms      0.003      0.1     3     0
  FC(512,512)                            0.212ms      0.002      0.0     3     6
  FC(512,1000)                           0.249ms      0.004      0.1     3     5
  FC(1024,1024)                          0.244ms      0.009      0.2     3     6
  FC(2048,1000)                          0.287ms      0.014      0.3     3     5
  FC(2048,2048)                          0.388ms      0.022      0.4     3     6

Reference Model Benchmarks:
  Model                   Latency        FPS    X(GFLOPS)     E(%)     DLA%    DLA/Total
  ---------------------------------------------------------------------------
  resnet18                 1.99ms      503.0        905.4     17.0    23.9%   16/67
  mobilenet_v2             3.54ms      282.3         84.7      1.6    16.9%   27/160

================================================================================
DLA Calibration: Jetson AGX Orin for DSBOARD-AGX
  Core: DLA 1  |  Precision: INT8
  Date: 2026-02-01T14:35:56.098944+00:00
  TensorRT: 8.5.2.2
  Power Mode: MAXN
  Clock Policy: dvfs
================================================================================

Synthetic Layer Benchmarks (19 succeeded, 0 failed):
  Layer                                  Latency     TFLOPS     E(%)   DLA   GPU
  ------------------------------------------------------------------------------
  Conv2d(3,64,k3,s1)                     0.504ms      0.344      6.5     3     0
  Conv2d(64,64,k3,s1)                    0.190ms      1.217     22.9     3     0
  Conv2d(64,128,k3,s2)                   0.174ms      0.663     12.5     3     0
  Conv2d(128,256,k3,s2)                  0.172ms      0.672     12.6     3     0
  Conv2d(256,512,k3,s2)                  0.197ms      0.586     11.0     3     0
  Conv2d(64,256,k1,s1)                   0.300ms      0.343      6.4     3     0
  Conv2d(256,64,k1,s1)                   0.275ms      0.374      7.0     3     0
  Conv2d(512,2048,k1,s1)                 0.204ms      0.503      9.4     3     0
  Conv2d(32,64,k5,s1)                    0.378ms      3.397     63.8     3     0
  DWConv(32,k3,s1)                       0.290ms      0.025      0.5     3     0
  DWConv(64,k3,s2)                       0.162ms      0.006      0.1     3     0
  DWConv(128,k3,s1)                      0.183ms      0.010      0.2     3     0
  DWConv(256,k5,s1)                      0.185ms      0.014      0.3     3     0
  DWConv(512,k3,s1)                      0.175ms      0.003      0.0     3     0
  FC(512,512)                            0.214ms      0.002      0.0     3     6
  FC(512,1000)                           0.243ms      0.004      0.1     3     4
  FC(1024,1024)                          0.248ms      0.008      0.2     3     6
  FC(2048,1000)                          0.291ms      0.014      0.3     4     6
  FC(2048,2048)                          0.341ms      0.025      0.5     3     6

Reference Model Benchmarks:
  Model                   Latency        FPS    X(GFLOPS)     E(%)     DLA%    DLA/Total
  ---------------------------------------------------------------------------
  resnet18                 2.00ms      500.4        900.8     16.9    23.9%   16/67
  mobilenet_v2             3.87ms      258.7         77.6      1.5    17.4%   28/161

