(.venv) cjuser@sdhome-jetson://mnt/nvme/dev/branes/clones/graphs$ cli/calibrate_dla.py
Detected 2 DLA core(s)

######################################################################
# DLA Core 0, Precision: FP16
######################################################################
[sudo] password for cjuser:

======================================================================
  DLA Calibration
  Hardware:   Jetson AGX Orin for DSBOARD-AGX
  DLA Core:   0 (of 2)
  Precision:  FP16
  Fallback:   GPU
  Power Mode: MODE_50W (ID: 3)
  Clocks:     dvfs
  TensorRT:   8.5.2.2
======================================================================

Running synthetic layer benchmarks...
====== Diagnostic Run torch.onnx.export version 2.1.0a0+41361538.nv23.06 =======
verbose: False, log level: Level.ERROR
======================= 0 NONE 0 NOTE 0 WARNING 0 ERROR ========================

====== Diagnostic Run torch.onnx.export version 2.1.0a0+41361538.nv23.06 =======
verbose: False, log level: Level.ERROR
======================= 0 NONE 0 NOTE 0 WARNING 0 ERROR ========================

====== Diagnostic Run torch.onnx.export version 2.1.0a0+41361538.nv23.06 =======
verbose: False, log level: Level.ERROR
======================= 0 NONE 0 NOTE 0 WARNING 0 ERROR ========================

====== Diagnostic Run torch.onnx.export version 2.1.0a0+41361538.nv23.06 =======
verbose: False, log level: Level.ERROR
======================= 0 NONE 0 NOTE 0 WARNING 0 ERROR ========================

====== Diagnostic Run torch.onnx.export version 2.1.0a0+41361538.nv23.06 =======
verbose: False, log level: Level.ERROR
======================= 0 NONE 0 NOTE 0 WARNING 0 ERROR ========================

====== Diagnostic Run torch.onnx.export version 2.1.0a0+41361538.nv23.06 =======
verbose: False, log level: Level.ERROR
======================= 0 NONE 0 NOTE 0 WARNING 0 ERROR ========================

====== Diagnostic Run torch.onnx.export version 2.1.0a0+41361538.nv23.06 =======
verbose: False, log level: Level.ERROR
======================= 0 NONE 0 NOTE 0 WARNING 0 ERROR ========================

====== Diagnostic Run torch.onnx.export version 2.1.0a0+41361538.nv23.06 =======
verbose: False, log level: Level.ERROR
======================= 0 NONE 0 NOTE 0 WARNING 0 ERROR ========================

====== Diagnostic Run torch.onnx.export version 2.1.0a0+41361538.nv23.06 =======
verbose: False, log level: Level.ERROR
======================= 0 NONE 0 NOTE 0 WARNING 0 ERROR ========================

====== Diagnostic Run torch.onnx.export version 2.1.0a0+41361538.nv23.06 =======
verbose: False, log level: Level.ERROR
======================= 0 NONE 0 NOTE 0 WARNING 0 ERROR ========================

====== Diagnostic Run torch.onnx.export version 2.1.0a0+41361538.nv23.06 =======
verbose: False, log level: Level.ERROR
======================= 0 NONE 0 NOTE 0 WARNING 0 ERROR ========================

====== Diagnostic Run torch.onnx.export version 2.1.0a0+41361538.nv23.06 =======
verbose: False, log level: Level.ERROR
======================= 0 NONE 0 NOTE 0 WARNING 0 ERROR ========================

====== Diagnostic Run torch.onnx.export version 2.1.0a0+41361538.nv23.06 =======
verbose: False, log level: Level.ERROR
======================= 0 NONE 0 NOTE 0 WARNING 0 ERROR ========================

====== Diagnostic Run torch.onnx.export version 2.1.0a0+41361538.nv23.06 =======
verbose: False, log level: Level.ERROR
======================= 0 NONE 0 NOTE 0 WARNING 0 ERROR ========================

====== Diagnostic Run torch.onnx.export version 2.1.0a0+41361538.nv23.06 =======
verbose: False, log level: Level.ERROR
======================= 0 NONE 0 NOTE 0 WARNING 0 ERROR ========================

====== Diagnostic Run torch.onnx.export version 2.1.0a0+41361538.nv23.06 =======
verbose: False, log level: Level.ERROR
======================= 0 NONE 0 NOTE 0 WARNING 0 ERROR ========================

====== Diagnostic Run torch.onnx.export version 2.1.0a0+41361538.nv23.06 =======
verbose: False, log level: Level.ERROR
======================= 0 NONE 0 NOTE 0 WARNING 0 ERROR ========================

====== Diagnostic Run torch.onnx.export version 2.1.0a0+41361538.nv23.06 =======
verbose: False, log level: Level.ERROR
======================= 0 NONE 0 NOTE 0 WARNING 0 ERROR ========================

====== Diagnostic Run torch.onnx.export version 2.1.0a0+41361538.nv23.06 =======
verbose: False, log level: Level.ERROR
======================= 0 NONE 0 NOTE 0 WARNING 0 ERROR ========================

    Conv2d(3,64,k3,s1)                  2.696ms [DLA]
    Conv2d(64,64,k3,s1)                 0.665ms [DLA]
    Conv2d(64,128,k3,s2)                0.652ms [DLA]
    Conv2d(128,256,k3,s2)               0.576ms [DLA]
    Conv2d(256,512,k3,s2)               0.910ms [DLA]
    Conv2d(64,256,k1,s1)                0.785ms [DLA]
    Conv2d(256,64,k1,s1)                0.702ms [DLA]
    Conv2d(512,2048,k1,s1)              0.866ms [DLA]
    Conv2d(32,64,k5,s1)                 2.221ms [DLA]
    DWConv(32,k3,s1)                    0.891ms [DLA]
    DWConv(64,k3,s2)                    0.352ms [DLA]
    DWConv(128,k3,s1)                   0.355ms [DLA]
    DWConv(256,k5,s1)                   0.483ms [DLA]
    DWConv(512,k3,s1)                   0.333ms [DLA]
    FC(512,512)                         0.304ms [DLA]
    FC(512,1000)                        0.333ms [DLA]
    FC(1024,1024)                       0.391ms [DLA]
    FC(2048,1000)                       0.381ms [DLA]
    FC(2048,2048)                       0.501ms [DLA]

Running reference model benchmarks...
  Benchmarking resnet18 on DLA core 0 (fp16)...
/mnt/nvme/dev/branes/clones/graphs/.venv/lib/python3.8/site-packages/torchvision/io/image.py:13: UserWarning: Failed to load image Python extension: '/mnt/nvme/dev/branes/clones/graphs/.venv/lib/python3.8/site-packages/torchvision/image.so: undefined symbol: _ZN5torch3jit17parseSchemaOrNameERKSs'If you don't plan on using image functionality from `torchvision.io`, you can ignore this warning. Otherwise, there might be something wrong with your environment. Did you have `libjpeg` or `libpng` installed before building `torchvision` from source?
  warn(
====== Diagnostic Run torch.onnx.export version 2.1.0a0+41361538.nv23.06 =======
verbose: False, log level: Level.ERROR
======================= 0 NONE 0 NOTE 0 WARNING 0 ERROR ========================

    8.03 ms, 124.5 FPS, DLA: 33/101 layers
  Benchmarking mobilenet_v2 on DLA core 0 (fp16)...
====== Diagnostic Run torch.onnx.export version 2.1.0a0+41361538.nv23.06 =======
verbose: False, log level: Level.ERROR
======================= 0 NONE 0 NOTE 0 WARNING 0 ERROR ========================

    5.25 ms, 190.4 FPS, DLA: 32/185 layers

======================================================================
  DLA Calibration Complete
  Results: 21/21 succeeded, 0 failed
  Saved:   /mnt/nvme/dev/branes/clones/graphs/hardware_registry/accelerator/nvidia_dla_orin/calibrations/dla0_fp16_mode_50w_20260131T171351Z.json
======================================================================


######################################################################
# DLA Core 1, Precision: FP16
######################################################################

======================================================================
  DLA Calibration
  Hardware:   Jetson AGX Orin for DSBOARD-AGX
  DLA Core:   1 (of 2)
  Precision:  FP16
  Fallback:   GPU
  Power Mode: MODE_50W (ID: 3)
  Clocks:     dvfs
  TensorRT:   8.5.2.2
======================================================================

Running synthetic layer benchmarks...
====== Diagnostic Run torch.onnx.export version 2.1.0a0+41361538.nv23.06 =======
verbose: False, log level: Level.ERROR
======================= 0 NONE 0 NOTE 0 WARNING 0 ERROR ========================

====== Diagnostic Run torch.onnx.export version 2.1.0a0+41361538.nv23.06 =======
verbose: False, log level: Level.ERROR
======================= 0 NONE 0 NOTE 0 WARNING 0 ERROR ========================

====== Diagnostic Run torch.onnx.export version 2.1.0a0+41361538.nv23.06 =======
verbose: False, log level: Level.ERROR
======================= 0 NONE 0 NOTE 0 WARNING 0 ERROR ========================

====== Diagnostic Run torch.onnx.export version 2.1.0a0+41361538.nv23.06 =======
verbose: False, log level: Level.ERROR
======================= 0 NONE 0 NOTE 0 WARNING 0 ERROR ========================

====== Diagnostic Run torch.onnx.export version 2.1.0a0+41361538.nv23.06 =======
verbose: False, log level: Level.ERROR
======================= 0 NONE 0 NOTE 0 WARNING 0 ERROR ========================

====== Diagnostic Run torch.onnx.export version 2.1.0a0+41361538.nv23.06 =======
verbose: False, log level: Level.ERROR
======================= 0 NONE 0 NOTE 0 WARNING 0 ERROR ========================

====== Diagnostic Run torch.onnx.export version 2.1.0a0+41361538.nv23.06 =======
verbose: False, log level: Level.ERROR
======================= 0 NONE 0 NOTE 0 WARNING 0 ERROR ========================

====== Diagnostic Run torch.onnx.export version 2.1.0a0+41361538.nv23.06 =======
verbose: False, log level: Level.ERROR
======================= 0 NONE 0 NOTE 0 WARNING 0 ERROR ========================

====== Diagnostic Run torch.onnx.export version 2.1.0a0+41361538.nv23.06 =======
verbose: False, log level: Level.ERROR
======================= 0 NONE 0 NOTE 0 WARNING 0 ERROR ========================

====== Diagnostic Run torch.onnx.export version 2.1.0a0+41361538.nv23.06 =======
verbose: False, log level: Level.ERROR
======================= 0 NONE 0 NOTE 0 WARNING 0 ERROR ========================

====== Diagnostic Run torch.onnx.export version 2.1.0a0+41361538.nv23.06 =======
verbose: False, log level: Level.ERROR
======================= 0 NONE 0 NOTE 0 WARNING 0 ERROR ========================

====== Diagnostic Run torch.onnx.export version 2.1.0a0+41361538.nv23.06 =======
verbose: False, log level: Level.ERROR
======================= 0 NONE 0 NOTE 0 WARNING 0 ERROR ========================

====== Diagnostic Run torch.onnx.export version 2.1.0a0+41361538.nv23.06 =======
verbose: False, log level: Level.ERROR
======================= 0 NONE 0 NOTE 0 WARNING 0 ERROR ========================

====== Diagnostic Run torch.onnx.export version 2.1.0a0+41361538.nv23.06 =======
verbose: False, log level: Level.ERROR
======================= 0 NONE 0 NOTE 0 WARNING 0 ERROR ========================

====== Diagnostic Run torch.onnx.export version 2.1.0a0+41361538.nv23.06 =======
verbose: False, log level: Level.ERROR
======================= 0 NONE 0 NOTE 0 WARNING 0 ERROR ========================

====== Diagnostic Run torch.onnx.export version 2.1.0a0+41361538.nv23.06 =======
verbose: False, log level: Level.ERROR
======================= 0 NONE 0 NOTE 0 WARNING 0 ERROR ========================

====== Diagnostic Run torch.onnx.export version 2.1.0a0+41361538.nv23.06 =======
verbose: False, log level: Level.ERROR
======================= 0 NONE 0 NOTE 0 WARNING 0 ERROR ========================

====== Diagnostic Run torch.onnx.export version 2.1.0a0+41361538.nv23.06 =======
verbose: False, log level: Level.ERROR
======================= 0 NONE 0 NOTE 0 WARNING 0 ERROR ========================

====== Diagnostic Run torch.onnx.export version 2.1.0a0+41361538.nv23.06 =======
verbose: False, log level: Level.ERROR
======================= 0 NONE 0 NOTE 0 WARNING 0 ERROR ========================

    Conv2d(3,64,k3,s1)                  2.327ms [DLA]
    Conv2d(64,64,k3,s1)                 0.487ms [DLA]
    Conv2d(64,128,k3,s2)                0.469ms [DLA]
    Conv2d(128,256,k3,s2)               0.443ms [DLA]
    Conv2d(256,512,k3,s2)               0.697ms [DLA]
    Conv2d(64,256,k1,s1)                0.494ms [DLA]
    Conv2d(256,64,k1,s1)                0.461ms [DLA]
    Conv2d(512,2048,k1,s1)              0.672ms [DLA]
    Conv2d(32,64,k5,s1)                 2.115ms [DLA]
    DWConv(32,k3,s1)                    0.634ms [DLA]
    DWConv(64,k3,s2)                    0.269ms [DLA]
    DWConv(128,k3,s1)                   0.269ms [DLA]
    DWConv(256,k5,s1)                   0.961ms [DLA]
    DWConv(512,k3,s1)                   0.255ms [DLA]
    FC(512,512)                         0.239ms [DLA]
    FC(512,1000)                        0.274ms [DLA]
    FC(1024,1024)                       0.292ms [DLA]
    FC(2048,1000)                       0.631ms [DLA]
    FC(2048,2048)                       0.498ms [DLA]

Running reference model benchmarks...
  Benchmarking resnet18 on DLA core 1 (fp16)...
====== Diagnostic Run torch.onnx.export version 2.1.0a0+41361538.nv23.06 =======
verbose: False, log level: Level.ERROR
======================= 0 NONE 0 NOTE 0 WARNING 0 ERROR ========================

    7.95 ms, 125.8 FPS, DLA: 33/101 layers
  Benchmarking mobilenet_v2 on DLA core 1 (fp16)...
====== Diagnostic Run torch.onnx.export version 2.1.0a0+41361538.nv23.06 =======
verbose: False, log level: Level.ERROR
======================= 0 NONE 0 NOTE 0 WARNING 0 ERROR ========================

    5.26 ms, 190.3 FPS, DLA: 32/183 layers

======================================================================
  DLA Calibration Complete
  Results: 21/21 succeeded, 0 failed
  Saved:   /mnt/nvme/dev/branes/clones/graphs/hardware_registry/accelerator/nvidia_dla_orin/calibrations/dla1_fp16_mode_50w_20260131T171604Z.json
======================================================================


######################################################################
# DLA Core 0, Precision: INT8
######################################################################

======================================================================
  DLA Calibration
  Hardware:   Jetson AGX Orin for DSBOARD-AGX
  DLA Core:   0 (of 2)
  Precision:  INT8
  Fallback:   GPU
  Power Mode: MODE_50W (ID: 3)
  Clocks:     dvfs
  TensorRT:   8.5.2.2
======================================================================

Running synthetic layer benchmarks...
====== Diagnostic Run torch.onnx.export version 2.1.0a0+41361538.nv23.06 =======
verbose: False, log level: Level.ERROR
======================= 0 NONE 0 NOTE 0 WARNING 0 ERROR ========================

====== Diagnostic Run torch.onnx.export version 2.1.0a0+41361538.nv23.06 =======
verbose: False, log level: Level.ERROR
======================= 0 NONE 0 NOTE 0 WARNING 0 ERROR ========================

====== Diagnostic Run torch.onnx.export version 2.1.0a0+41361538.nv23.06 =======
verbose: False, log level: Level.ERROR
======================= 0 NONE 0 NOTE 0 WARNING 0 ERROR ========================

====== Diagnostic Run torch.onnx.export version 2.1.0a0+41361538.nv23.06 =======
verbose: False, log level: Level.ERROR
======================= 0 NONE 0 NOTE 0 WARNING 0 ERROR ========================

====== Diagnostic Run torch.onnx.export version 2.1.0a0+41361538.nv23.06 =======
verbose: False, log level: Level.ERROR
======================= 0 NONE 0 NOTE 0 WARNING 0 ERROR ========================

====== Diagnostic Run torch.onnx.export version 2.1.0a0+41361538.nv23.06 =======
verbose: False, log level: Level.ERROR
======================= 0 NONE 0 NOTE 0 WARNING 0 ERROR ========================

====== Diagnostic Run torch.onnx.export version 2.1.0a0+41361538.nv23.06 =======
verbose: False, log level: Level.ERROR
======================= 0 NONE 0 NOTE 0 WARNING 0 ERROR ========================

====== Diagnostic Run torch.onnx.export version 2.1.0a0+41361538.nv23.06 =======
verbose: False, log level: Level.ERROR
======================= 0 NONE 0 NOTE 0 WARNING 0 ERROR ========================

====== Diagnostic Run torch.onnx.export version 2.1.0a0+41361538.nv23.06 =======
verbose: False, log level: Level.ERROR
======================= 0 NONE 0 NOTE 0 WARNING 0 ERROR ========================

====== Diagnostic Run torch.onnx.export version 2.1.0a0+41361538.nv23.06 =======
verbose: False, log level: Level.ERROR
======================= 0 NONE 0 NOTE 0 WARNING 0 ERROR ========================

====== Diagnostic Run torch.onnx.export version 2.1.0a0+41361538.nv23.06 =======
verbose: False, log level: Level.ERROR
======================= 0 NONE 0 NOTE 0 WARNING 0 ERROR ========================

====== Diagnostic Run torch.onnx.export version 2.1.0a0+41361538.nv23.06 =======
verbose: False, log level: Level.ERROR
======================= 0 NONE 0 NOTE 0 WARNING 0 ERROR ========================

====== Diagnostic Run torch.onnx.export version 2.1.0a0+41361538.nv23.06 =======
verbose: False, log level: Level.ERROR
======================= 0 NONE 0 NOTE 0 WARNING 0 ERROR ========================

====== Diagnostic Run torch.onnx.export version 2.1.0a0+41361538.nv23.06 =======
verbose: False, log level: Level.ERROR
======================= 0 NONE 0 NOTE 0 WARNING 0 ERROR ========================

====== Diagnostic Run torch.onnx.export version 2.1.0a0+41361538.nv23.06 =======
verbose: False, log level: Level.ERROR
======================= 0 NONE 0 NOTE 0 WARNING 0 ERROR ========================

====== Diagnostic Run torch.onnx.export version 2.1.0a0+41361538.nv23.06 =======
verbose: False, log level: Level.ERROR
======================= 0 NONE 0 NOTE 0 WARNING 0 ERROR ========================

====== Diagnostic Run torch.onnx.export version 2.1.0a0+41361538.nv23.06 =======
verbose: False, log level: Level.ERROR
======================= 0 NONE 0 NOTE 0 WARNING 0 ERROR ========================

====== Diagnostic Run torch.onnx.export version 2.1.0a0+41361538.nv23.06 =======
verbose: False, log level: Level.ERROR
======================= 0 NONE 0 NOTE 0 WARNING 0 ERROR ========================

====== Diagnostic Run torch.onnx.export version 2.1.0a0+41361538.nv23.06 =======
verbose: False, log level: Level.ERROR
======================= 0 NONE 0 NOTE 0 WARNING 0 ERROR ========================

    Conv2d(3,64,k3,s1)                  0.532ms [DLA]
    Conv2d(64,64,k3,s1)                 0.244ms [DLA]
    Conv2d(64,128,k3,s2)                0.202ms [DLA]
    Conv2d(128,256,k3,s2)               0.198ms [DLA]
    Conv2d(256,512,k3,s2)               0.209ms [DLA]
    Conv2d(64,256,k1,s1)                0.300ms [DLA]
    Conv2d(256,64,k1,s1)                0.267ms [DLA]
    Conv2d(512,2048,k1,s1)              0.589ms [DLA]
    Conv2d(32,64,k5,s1)                 0.383ms [DLA]
    DWConv(32,k3,s1)                    0.302ms [DLA]
    DWConv(64,k3,s2)                    0.196ms [DLA]
    DWConv(128,k3,s1)                   0.205ms [DLA]
    DWConv(256,k5,s1)                   0.212ms [DLA]
    DWConv(512,k3,s1)                   0.191ms [DLA]
    FC(512,512)                         0.278ms [DLA]
    FC(512,1000)                        0.275ms [DLA]
    FC(1024,1024)                       0.272ms [DLA]
    FC(2048,1000)                       0.330ms [DLA]
    FC(2048,2048)                       0.463ms [DLA]

Running reference model benchmarks...
  Benchmarking resnet18 on DLA core 0 (int8)...
====== Diagnostic Run torch.onnx.export version 2.1.0a0+41361538.nv23.06 =======
verbose: False, log level: Level.ERROR
======================= 0 NONE 0 NOTE 0 WARNING 0 ERROR ========================


    2.13 ms, 470.3 FPS, DLA: 16/67 layers
  Benchmarking mobilenet_v2 on DLA core 0 (int8)...
====== Diagnostic Run torch.onnx.export version 2.1.0a0+41361538.nv23.06 =======
verbose: False, log level: Level.ERROR
======================= 0 NONE 0 NOTE 0 WARNING 0 ERROR ========================

    3.56 ms, 280.7 FPS, DLA: 27/160 layers

======================================================================
  DLA Calibration Complete
  Results: 21/21 succeeded, 0 failed
  Saved:   /mnt/nvme/dev/branes/clones/graphs/hardware_registry/accelerator/nvidia_dla_orin/calibrations/dla0_int8_mode_50w_20260131T171803Z.json
======================================================================


######################################################################
# DLA Core 1, Precision: INT8
######################################################################

======================================================================
  DLA Calibration
  Hardware:   Jetson AGX Orin for DSBOARD-AGX
  DLA Core:   1 (of 2)
  Precision:  INT8
  Fallback:   GPU
  Power Mode: MODE_50W (ID: 3)
  Clocks:     dvfs
  TensorRT:   8.5.2.2
======================================================================

Running synthetic layer benchmarks...
====== Diagnostic Run torch.onnx.export version 2.1.0a0+41361538.nv23.06 =======
verbose: False, log level: Level.ERROR
======================= 0 NONE 0 NOTE 0 WARNING 0 ERROR ========================

====== Diagnostic Run torch.onnx.export version 2.1.0a0+41361538.nv23.06 =======
verbose: False, log level: Level.ERROR
======================= 0 NONE 0 NOTE 0 WARNING 0 ERROR ========================

====== Diagnostic Run torch.onnx.export version 2.1.0a0+41361538.nv23.06 =======
verbose: False, log level: Level.ERROR
======================= 0 NONE 0 NOTE 0 WARNING 0 ERROR ========================

====== Diagnostic Run torch.onnx.export version 2.1.0a0+41361538.nv23.06 =======
verbose: False, log level: Level.ERROR
======================= 0 NONE 0 NOTE 0 WARNING 0 ERROR ========================

====== Diagnostic Run torch.onnx.export version 2.1.0a0+41361538.nv23.06 =======
verbose: False, log level: Level.ERROR
======================= 0 NONE 0 NOTE 0 WARNING 0 ERROR ========================

====== Diagnostic Run torch.onnx.export version 2.1.0a0+41361538.nv23.06 =======
verbose: False, log level: Level.ERROR
======================= 0 NONE 0 NOTE 0 WARNING 0 ERROR ========================

====== Diagnostic Run torch.onnx.export version 2.1.0a0+41361538.nv23.06 =======
verbose: False, log level: Level.ERROR
======================= 0 NONE 0 NOTE 0 WARNING 0 ERROR ========================

====== Diagnostic Run torch.onnx.export version 2.1.0a0+41361538.nv23.06 =======
verbose: False, log level: Level.ERROR
======================= 0 NONE 0 NOTE 0 WARNING 0 ERROR ========================

====== Diagnostic Run torch.onnx.export version 2.1.0a0+41361538.nv23.06 =======
verbose: False, log level: Level.ERROR
======================= 0 NONE 0 NOTE 0 WARNING 0 ERROR ========================

====== Diagnostic Run torch.onnx.export version 2.1.0a0+41361538.nv23.06 =======
verbose: False, log level: Level.ERROR
======================= 0 NONE 0 NOTE 0 WARNING 0 ERROR ========================

====== Diagnostic Run torch.onnx.export version 2.1.0a0+41361538.nv23.06 =======
verbose: False, log level: Level.ERROR
======================= 0 NONE 0 NOTE 0 WARNING 0 ERROR ========================

====== Diagnostic Run torch.onnx.export version 2.1.0a0+41361538.nv23.06 =======
verbose: False, log level: Level.ERROR
======================= 0 NONE 0 NOTE 0 WARNING 0 ERROR ========================

====== Diagnostic Run torch.onnx.export version 2.1.0a0+41361538.nv23.06 =======
verbose: False, log level: Level.ERROR
======================= 0 NONE 0 NOTE 0 WARNING 0 ERROR ========================

====== Diagnostic Run torch.onnx.export version 2.1.0a0+41361538.nv23.06 =======
verbose: False, log level: Level.ERROR
======================= 0 NONE 0 NOTE 0 WARNING 0 ERROR ========================

====== Diagnostic Run torch.onnx.export version 2.1.0a0+41361538.nv23.06 =======
verbose: False, log level: Level.ERROR
======================= 0 NONE 0 NOTE 0 WARNING 0 ERROR ========================

====== Diagnostic Run torch.onnx.export version 2.1.0a0+41361538.nv23.06 =======
verbose: False, log level: Level.ERROR
======================= 0 NONE 0 NOTE 0 WARNING 0 ERROR ========================

====== Diagnostic Run torch.onnx.export version 2.1.0a0+41361538.nv23.06 =======
verbose: False, log level: Level.ERROR
======================= 0 NONE 0 NOTE 0 WARNING 0 ERROR ========================

====== Diagnostic Run torch.onnx.export version 2.1.0a0+41361538.nv23.06 =======
verbose: False, log level: Level.ERROR
======================= 0 NONE 0 NOTE 0 WARNING 0 ERROR ========================

====== Diagnostic Run torch.onnx.export version 2.1.0a0+41361538.nv23.06 =======
verbose: False, log level: Level.ERROR
======================= 0 NONE 0 NOTE 0 WARNING 0 ERROR ========================

    Conv2d(3,64,k3,s1)                  0.545ms [DLA]
    Conv2d(64,64,k3,s1)                 0.216ms [DLA]
    Conv2d(64,128,k3,s2)                0.219ms [DLA]
    Conv2d(128,256,k3,s2)               0.213ms [DLA]
    Conv2d(256,512,k3,s2)               0.219ms [DLA]
    Conv2d(64,256,k1,s1)                0.289ms [DLA]
    Conv2d(256,64,k1,s1)                0.266ms [DLA]
    Conv2d(512,2048,k1,s1)              0.225ms [DLA]
    Conv2d(32,64,k5,s1)                 0.381ms [DLA]
    DWConv(32,k3,s1)                    0.302ms [DLA]
    DWConv(64,k3,s2)                    0.194ms [DLA]
    DWConv(128,k3,s1)                   1.107ms [DLA]
    DWConv(256,k5,s1)                   0.216ms [DLA]
    DWConv(512,k3,s1)                   0.190ms [DLA]
    FC(512,512)                         0.272ms [DLA]
    FC(512,1000)                        0.357ms [DLA]
    FC(1024,1024)                       0.723ms [DLA]
    FC(2048,1000)                       0.312ms [DLA]
    FC(2048,2048)                       0.364ms [DLA]

Running reference model benchmarks...
  Benchmarking resnet18 on DLA core 1 (int8)...
====== Diagnostic Run torch.onnx.export version 2.1.0a0+41361538.nv23.06 =======
verbose: False, log level: Level.ERROR
======================= 0 NONE 0 NOTE 0 WARNING 0 ERROR ========================

    2.13 ms, 468.9 FPS, DLA: 18/69 layers
  Benchmarking mobilenet_v2 on DLA core 1 (int8)...
====== Diagnostic Run torch.onnx.export version 2.1.0a0+41361538.nv23.06 =======
verbose: False, log level: Level.ERROR
======================= 0 NONE 0 NOTE 0 WARNING 0 ERROR ========================

    3.26 ms, 306.3 FPS, DLA: 26/165 layers

======================================================================
  DLA Calibration Complete
  Results: 21/21 succeeded, 0 failed
  Saved:   /mnt/nvme/dev/branes/clones/graphs/hardware_registry/accelerator/nvidia_dla_orin/calibrations/dla1_int8_mode_50w_20260131T172156Z.json
======================================================================


======================================================================
  DLA Calibration Summary
======================================================================
================================================================================
DLA Calibration: Jetson AGX Orin for DSBOARD-AGX
  Core: DLA 0  |  Precision: FP16
  Date: 2026-01-31T17:13:51.111338+00:00
  TensorRT: 8.5.2.2
  Power Mode: MODE_50W
  Clock Policy: dvfs
================================================================================

Synthetic Layer Benchmarks (19 succeeded, 0 failed):
  Layer                                  Latency     TFLOPS   DLA   GPU
  ----------------------------------------------------------------------
  Conv2d(3,64,k3,s1)                     2.696ms      0.064     3     0
  Conv2d(64,64,k3,s1)                    0.665ms      0.348     3     0
  Conv2d(64,128,k3,s2)                   0.652ms      0.177     3     0
  Conv2d(128,256,k3,s2)                  0.576ms      0.201     3     0
  Conv2d(256,512,k3,s2)                  0.910ms      0.127     3     0
  Conv2d(64,256,k1,s1)                   0.785ms      0.131     3     0
  Conv2d(256,64,k1,s1)                   0.702ms      0.146     3     0
  Conv2d(512,2048,k1,s1)                 0.866ms      0.119     3     0
  Conv2d(32,64,k5,s1)                    2.221ms      0.578     3     0
  DWConv(32,k3,s1)                       0.891ms      0.008     3     0
  DWConv(64,k3,s2)                       0.352ms      0.003     3     0
  DWConv(128,k3,s1)                      0.355ms      0.005     3     0
  DWConv(256,k5,s1)                      0.483ms      0.005     3     0
  DWConv(512,k3,s1)                      0.333ms      0.001     3     0
  FC(512,512)                            0.304ms      0.002     3     5
  FC(512,1000)                           0.333ms      0.003     4     7
  FC(1024,1024)                          0.391ms      0.005     4     6
  FC(2048,1000)                          0.381ms      0.011     4     7
  FC(2048,2048)                          0.501ms      0.017     3     5

Reference Model Benchmarks:
  Model                   Latency        FPS     DLA%    DLA/Total
  -----------------------------------------------------------------
  resnet18                 8.03ms      124.5    32.7%   33/101
  mobilenet_v2             5.25ms      190.4    17.3%   32/185

================================================================================
DLA Calibration: Jetson AGX Orin for DSBOARD-AGX
  Core: DLA 1  |  Precision: FP16
  Date: 2026-01-31T17:16:04.674181+00:00
  TensorRT: 8.5.2.2
  Power Mode: MODE_50W
  Clock Policy: dvfs
================================================================================

Synthetic Layer Benchmarks (19 succeeded, 0 failed):
  Layer                                  Latency     TFLOPS   DLA   GPU
  ----------------------------------------------------------------------
  Conv2d(3,64,k3,s1)                     2.327ms      0.075     3     0
  Conv2d(64,64,k3,s1)                    0.487ms      0.475     3     0
  Conv2d(64,128,k3,s2)                   0.469ms      0.247     3     0
  Conv2d(128,256,k3,s2)                  0.443ms      0.261     3     0
  Conv2d(256,512,k3,s2)                  0.697ms      0.166     3     0
  Conv2d(64,256,k1,s1)                   0.494ms      0.208     3     0
  Conv2d(256,64,k1,s1)                   0.461ms      0.223     3     0
  Conv2d(512,2048,k1,s1)                 0.672ms      0.153     3     0
  Conv2d(32,64,k5,s1)                    2.115ms      0.607     3     0
  DWConv(32,k3,s1)                       0.634ms      0.011     3     0
  DWConv(64,k3,s2)                       0.269ms      0.003     3     0
  DWConv(128,k3,s1)                      0.269ms      0.007     3     0
  DWConv(256,k5,s1)                      0.961ms      0.003     3     0
  DWConv(512,k3,s1)                      0.255ms      0.002     3     0
  FC(512,512)                            0.239ms      0.002     3     6
  FC(512,1000)                           0.274ms      0.004     4     5
  FC(1024,1024)                          0.292ms      0.007     3     6
  FC(2048,1000)                          0.631ms      0.006     4     6
  FC(2048,2048)                          0.498ms      0.017     3     5

Reference Model Benchmarks:
  Model                   Latency        FPS     DLA%    DLA/Total
  -----------------------------------------------------------------
  resnet18                 7.95ms      125.8    32.7%   33/101
  mobilenet_v2             5.26ms      190.3    17.5%   32/183

================================================================================
DLA Calibration: Jetson AGX Orin for DSBOARD-AGX
  Core: DLA 0  |  Precision: INT8
  Date: 2026-01-31T17:18:03.250906+00:00
  TensorRT: 8.5.2.2
  Power Mode: MODE_50W
  Clock Policy: dvfs
================================================================================

Synthetic Layer Benchmarks (19 succeeded, 0 failed):
  Layer                                  Latency     TFLOPS   DLA   GPU
  ----------------------------------------------------------------------
  Conv2d(3,64,k3,s1)                     0.532ms      0.326     3     0
  Conv2d(64,64,k3,s1)                    0.244ms      0.948     3     0
  Conv2d(64,128,k3,s2)                   0.202ms      0.573     3     0
  Conv2d(128,256,k3,s2)                  0.198ms      0.585     3     0
  Conv2d(256,512,k3,s2)                  0.209ms      0.552     3     0
  Conv2d(64,256,k1,s1)                   0.300ms      0.342     3     0
  Conv2d(256,64,k1,s1)                   0.267ms      0.384     3     0
  Conv2d(512,2048,k1,s1)                 0.589ms      0.175     3     0
  Conv2d(32,64,k5,s1)                    0.383ms      3.354     3     0
  DWConv(32,k3,s1)                       0.302ms      0.024     3     0
  DWConv(64,k3,s2)                       0.196ms      0.005     3     0
  DWConv(128,k3,s1)                      0.205ms      0.009     3     0
  DWConv(256,k5,s1)                      0.212ms      0.012     3     0
  DWConv(512,k3,s1)                      0.191ms      0.002     3     0
  FC(512,512)                            0.278ms      0.002     3     6
  FC(512,1000)                           0.275ms      0.004     3     5
  FC(1024,1024)                          0.272ms      0.008     3     6
  FC(2048,1000)                          0.330ms      0.012     4     6
  FC(2048,2048)                          0.463ms      0.018     3     6

Reference Model Benchmarks:
  Model                   Latency        FPS     DLA%    DLA/Total
  -----------------------------------------------------------------
  resnet18                 2.13ms      470.3    23.9%   16/67
  mobilenet_v2             3.56ms      280.7    16.9%   27/160

================================================================================
DLA Calibration: Jetson AGX Orin for DSBOARD-AGX
  Core: DLA 1  |  Precision: INT8
  Date: 2026-01-31T17:21:56.367812+00:00
  TensorRT: 8.5.2.2
  Power Mode: MODE_50W
  Clock Policy: dvfs
================================================================================

Synthetic Layer Benchmarks (19 succeeded, 0 failed):
  Layer                                  Latency     TFLOPS   DLA   GPU
  ----------------------------------------------------------------------
  Conv2d(3,64,k3,s1)                     0.545ms      0.318     3     0
  Conv2d(64,64,k3,s1)                    0.216ms      1.071     3     0
  Conv2d(64,128,k3,s2)                   0.219ms      0.527     3     0
  Conv2d(128,256,k3,s2)                  0.213ms      0.542     3     0
  Conv2d(256,512,k3,s2)                  0.219ms      0.529     3     0
  Conv2d(64,256,k1,s1)                   0.289ms      0.356     3     0
  Conv2d(256,64,k1,s1)                   0.266ms      0.386     3     0
  Conv2d(512,2048,k1,s1)                 0.225ms      0.457     3     0
  Conv2d(32,64,k5,s1)                    0.381ms      3.369     3     0
  DWConv(32,k3,s1)                       0.302ms      0.024     3     0
  DWConv(64,k3,s2)                       0.194ms      0.005     3     0
  DWConv(128,k3,s1)                      1.107ms      0.002     3     0
  DWConv(256,k5,s1)                      0.216ms      0.012     3     0
  DWConv(512,k3,s1)                      0.190ms      0.002     3     0
  FC(512,512)                            0.272ms      0.002     3     5
  FC(512,1000)                           0.357ms      0.003     3     4
  FC(1024,1024)                          0.723ms      0.003     3     5
  FC(2048,1000)                          0.312ms      0.013     3     5
  FC(2048,2048)                          0.364ms      0.023     3     6

Reference Model Benchmarks:
  Model                   Latency        FPS     DLA%    DLA/Total
  -----------------------------------------------------------------
  resnet18                 2.13ms      468.9    26.1%   18/69
  mobilenet_v2             3.26ms      306.3    15.8%   26/165

Detected 2 DLA core(s)

######################################################################
# DLA Core 0, Precision: FP16
######################################################################

======================================================================
  DLA Calibration
  Hardware:   Jetson AGX Orin for DSBOARD-AGX
  DLA Core:   0 (of 2)
  Precision:  FP16
  Fallback:   GPU
  Power Mode: MODE_50W (ID: 3)
  Clocks:     dvfs
  TensorRT:   8.5.2.2
======================================================================

Running synthetic layer benchmarks...
====== Diagnostic Run torch.onnx.export version 2.1.0a0+41361538.nv23.06 =======
verbose: False, log level: Level.ERROR
======================= 0 NONE 0 NOTE 0 WARNING 0 ERROR ========================

====== Diagnostic Run torch.onnx.export version 2.1.0a0+41361538.nv23.06 =======
verbose: False, log level: Level.ERROR
======================= 0 NONE 0 NOTE 0 WARNING 0 ERROR ========================

====== Diagnostic Run torch.onnx.export version 2.1.0a0+41361538.nv23.06 =======
verbose: False, log level: Level.ERROR
======================= 0 NONE 0 NOTE 0 WARNING 0 ERROR ========================

====== Diagnostic Run torch.onnx.export version 2.1.0a0+41361538.nv23.06 =======
verbose: False, log level: Level.ERROR
======================= 0 NONE 0 NOTE 0 WARNING 0 ERROR ========================

====== Diagnostic Run torch.onnx.export version 2.1.0a0+41361538.nv23.06 =======
verbose: False, log level: Level.ERROR
======================= 0 NONE 0 NOTE 0 WARNING 0 ERROR ========================

====== Diagnostic Run torch.onnx.export version 2.1.0a0+41361538.nv23.06 =======
verbose: False, log level: Level.ERROR
======================= 0 NONE 0 NOTE 0 WARNING 0 ERROR ========================

====== Diagnostic Run torch.onnx.export version 2.1.0a0+41361538.nv23.06 =======
verbose: False, log level: Level.ERROR
======================= 0 NONE 0 NOTE 0 WARNING 0 ERROR ========================

====== Diagnostic Run torch.onnx.export version 2.1.0a0+41361538.nv23.06 =======
verbose: False, log level: Level.ERROR
======================= 0 NONE 0 NOTE 0 WARNING 0 ERROR ========================

====== Diagnostic Run torch.onnx.export version 2.1.0a0+41361538.nv23.06 =======
verbose: False, log level: Level.ERROR
======================= 0 NONE 0 NOTE 0 WARNING 0 ERROR ========================

====== Diagnostic Run torch.onnx.export version 2.1.0a0+41361538.nv23.06 =======
verbose: False, log level: Level.ERROR
======================= 0 NONE 0 NOTE 0 WARNING 0 ERROR ========================

====== Diagnostic Run torch.onnx.export version 2.1.0a0+41361538.nv23.06 =======
verbose: False, log level: Level.ERROR
======================= 0 NONE 0 NOTE 0 WARNING 0 ERROR ========================

====== Diagnostic Run torch.onnx.export version 2.1.0a0+41361538.nv23.06 =======
verbose: False, log level: Level.ERROR
======================= 0 NONE 0 NOTE 0 WARNING 0 ERROR ========================

====== Diagnostic Run torch.onnx.export version 2.1.0a0+41361538.nv23.06 =======
verbose: False, log level: Level.ERROR
======================= 0 NONE 0 NOTE 0 WARNING 0 ERROR ========================

====== Diagnostic Run torch.onnx.export version 2.1.0a0+41361538.nv23.06 =======
verbose: False, log level: Level.ERROR
======================= 0 NONE 0 NOTE 0 WARNING 0 ERROR ========================

====== Diagnostic Run torch.onnx.export version 2.1.0a0+41361538.nv23.06 =======
verbose: False, log level: Level.ERROR
======================= 0 NONE 0 NOTE 0 WARNING 0 ERROR ========================

====== Diagnostic Run torch.onnx.export version 2.1.0a0+41361538.nv23.06 =======
verbose: False, log level: Level.ERROR
======================= 0 NONE 0 NOTE 0 WARNING 0 ERROR ========================

====== Diagnostic Run torch.onnx.export version 2.1.0a0+41361538.nv23.06 =======
verbose: False, log level: Level.ERROR
======================= 0 NONE 0 NOTE 0 WARNING 0 ERROR ========================

====== Diagnostic Run torch.onnx.export version 2.1.0a0+41361538.nv23.06 =======
verbose: False, log level: Level.ERROR
======================= 0 NONE 0 NOTE 0 WARNING 0 ERROR ========================

====== Diagnostic Run torch.onnx.export version 2.1.0a0+41361538.nv23.06 =======
verbose: False, log level: Level.ERROR
======================= 0 NONE 0 NOTE 0 WARNING 0 ERROR ========================

    Conv2d(3,64,k3,s1)                  2.692ms [DLA]
    Conv2d(64,64,k3,s1)                 0.674ms [DLA]
    Conv2d(64,128,k3,s2)                0.620ms [DLA]
    Conv2d(128,256,k3,s2)               0.581ms [DLA]
    Conv2d(256,512,k3,s2)               0.910ms [DLA]
    Conv2d(64,256,k1,s1)                0.792ms [DLA]
    Conv2d(256,64,k1,s1)                0.708ms [DLA]
    Conv2d(512,2048,k1,s1)              0.874ms [DLA]
    Conv2d(32,64,k5,s1)                 2.149ms [DLA]
    DWConv(32,k3,s1)                    0.661ms [DLA]
    DWConv(64,k3,s2)                    0.270ms [DLA]
    DWConv(128,k3,s1)                   0.272ms [DLA]
    DWConv(256,k5,s1)                   0.379ms [DLA]
    DWConv(512,k3,s1)                   0.259ms [DLA]
    FC(512,512)                         0.243ms [DLA]
    FC(512,1000)                        0.318ms [DLA]
    FC(1024,1024)                       0.301ms [DLA]
    FC(2048,1000)                       0.376ms [DLA]
    FC(2048,2048)                       0.523ms [DLA]

Running reference model benchmarks...
  Benchmarking resnet18 on DLA core 0 (fp16)...
====== Diagnostic Run torch.onnx.export version 2.1.0a0+41361538.nv23.06 =======
verbose: False, log level: Level.ERROR
======================= 0 NONE 0 NOTE 0 WARNING 0 ERROR ========================

    8.04 ms, 124.4 FPS, DLA: 33/101 layers
  Benchmarking mobilenet_v2 on DLA core 0 (fp16)...
====== Diagnostic Run torch.onnx.export version 2.1.0a0+41361538.nv23.06 =======
verbose: False, log level: Level.ERROR
======================= 0 NONE 0 NOTE 0 WARNING 0 ERROR ========================

    5.32 ms, 187.9 FPS, DLA: 32/185 layers

======================================================================
  DLA Calibration Complete
  Results: 21/21 succeeded, 0 failed
  Saved:   /mnt/nvme/dev/branes/clones/graphs/hardware_registry/accelerator/nvidia_dla_orin/calibrations/dla0_fp16_mode_50w_20260131T223403Z.json
======================================================================


######################################################################
# DLA Core 1, Precision: FP16
######################################################################

======================================================================
  DLA Calibration
  Hardware:   Jetson AGX Orin for DSBOARD-AGX
  DLA Core:   1 (of 2)
  Precision:  FP16
  Fallback:   GPU
  Power Mode: MODE_50W (ID: 3)
  Clocks:     dvfs
  TensorRT:   8.5.2.2
======================================================================

Running synthetic layer benchmarks...
====== Diagnostic Run torch.onnx.export version 2.1.0a0+41361538.nv23.06 =======
verbose: False, log level: Level.ERROR
======================= 0 NONE 0 NOTE 0 WARNING 0 ERROR ========================

====== Diagnostic Run torch.onnx.export version 2.1.0a0+41361538.nv23.06 =======
verbose: False, log level: Level.ERROR
======================= 0 NONE 0 NOTE 0 WARNING 0 ERROR ========================

====== Diagnostic Run torch.onnx.export version 2.1.0a0+41361538.nv23.06 =======
verbose: False, log level: Level.ERROR
======================= 0 NONE 0 NOTE 0 WARNING 0 ERROR ========================

====== Diagnostic Run torch.onnx.export version 2.1.0a0+41361538.nv23.06 =======
verbose: False, log level: Level.ERROR
======================= 0 NONE 0 NOTE 0 WARNING 0 ERROR ========================

====== Diagnostic Run torch.onnx.export version 2.1.0a0+41361538.nv23.06 =======
verbose: False, log level: Level.ERROR
======================= 0 NONE 0 NOTE 0 WARNING 0 ERROR ========================

====== Diagnostic Run torch.onnx.export version 2.1.0a0+41361538.nv23.06 =======
verbose: False, log level: Level.ERROR
======================= 0 NONE 0 NOTE 0 WARNING 0 ERROR ========================

====== Diagnostic Run torch.onnx.export version 2.1.0a0+41361538.nv23.06 =======
verbose: False, log level: Level.ERROR
======================= 0 NONE 0 NOTE 0 WARNING 0 ERROR ========================

====== Diagnostic Run torch.onnx.export version 2.1.0a0+41361538.nv23.06 =======
verbose: False, log level: Level.ERROR
======================= 0 NONE 0 NOTE 0 WARNING 0 ERROR ========================

====== Diagnostic Run torch.onnx.export version 2.1.0a0+41361538.nv23.06 =======
verbose: False, log level: Level.ERROR
======================= 0 NONE 0 NOTE 0 WARNING 0 ERROR ========================

====== Diagnostic Run torch.onnx.export version 2.1.0a0+41361538.nv23.06 =======
verbose: False, log level: Level.ERROR
======================= 0 NONE 0 NOTE 0 WARNING 0 ERROR ========================

====== Diagnostic Run torch.onnx.export version 2.1.0a0+41361538.nv23.06 =======
verbose: False, log level: Level.ERROR
======================= 0 NONE 0 NOTE 0 WARNING 0 ERROR ========================

====== Diagnostic Run torch.onnx.export version 2.1.0a0+41361538.nv23.06 =======
verbose: False, log level: Level.ERROR
======================= 0 NONE 0 NOTE 0 WARNING 0 ERROR ========================

====== Diagnostic Run torch.onnx.export version 2.1.0a0+41361538.nv23.06 =======
verbose: False, log level: Level.ERROR
======================= 0 NONE 0 NOTE 0 WARNING 0 ERROR ========================

====== Diagnostic Run torch.onnx.export version 2.1.0a0+41361538.nv23.06 =======
verbose: False, log level: Level.ERROR
======================= 0 NONE 0 NOTE 0 WARNING 0 ERROR ========================

====== Diagnostic Run torch.onnx.export version 2.1.0a0+41361538.nv23.06 =======
verbose: False, log level: Level.ERROR
======================= 0 NONE 0 NOTE 0 WARNING 0 ERROR ========================

====== Diagnostic Run torch.onnx.export version 2.1.0a0+41361538.nv23.06 =======
verbose: False, log level: Level.ERROR
======================= 0 NONE 0 NOTE 0 WARNING 0 ERROR ========================

====== Diagnostic Run torch.onnx.export version 2.1.0a0+41361538.nv23.06 =======
verbose: False, log level: Level.ERROR
======================= 0 NONE 0 NOTE 0 WARNING 0 ERROR ========================

====== Diagnostic Run torch.onnx.export version 2.1.0a0+41361538.nv23.06 =======
verbose: False, log level: Level.ERROR
======================= 0 NONE 0 NOTE 0 WARNING 0 ERROR ========================

====== Diagnostic Run torch.onnx.export version 2.1.0a0+41361538.nv23.06 =======
verbose: False, log level: Level.ERROR
======================= 0 NONE 0 NOTE 0 WARNING 0 ERROR ========================

    Conv2d(3,64,k3,s1)                  2.329ms [DLA]
    Conv2d(64,64,k3,s1)                 0.496ms [DLA]
    Conv2d(64,128,k3,s2)                0.469ms [DLA]
    Conv2d(128,256,k3,s2)               0.451ms [DLA]
    Conv2d(256,512,k3,s2)               0.695ms [DLA]
    Conv2d(64,256,k1,s1)                0.495ms [DLA]
    Conv2d(256,64,k1,s1)                0.460ms [DLA]
    Conv2d(512,2048,k1,s1)              0.663ms [DLA]
    Conv2d(32,64,k5,s1)                 2.102ms [DLA]
    DWConv(32,k3,s1)                    0.627ms [DLA]
    DWConv(64,k3,s2)                    0.263ms [DLA]
    DWConv(128,k3,s1)                   0.271ms [DLA]
    DWConv(256,k5,s1)                   0.374ms [DLA]
    DWConv(512,k3,s1)                   0.249ms [DLA]
    FC(512,512)                         0.261ms [DLA]
    FC(512,1000)                        0.347ms [DLA]
    FC(1024,1024)                       0.289ms [DLA]
    FC(2048,1000)                       0.371ms [DLA]
    FC(2048,2048)                       0.636ms [DLA]

Running reference model benchmarks...
  Benchmarking resnet18 on DLA core 1 (fp16)...
====== Diagnostic Run torch.onnx.export version 2.1.0a0+41361538.nv23.06 =======
verbose: False, log level: Level.ERROR
======================= 0 NONE 0 NOTE 0 WARNING 0 ERROR ========================

    8.04 ms, 124.4 FPS, DLA: 33/101 layers
  Benchmarking mobilenet_v2 on DLA core 1 (fp16)...
====== Diagnostic Run torch.onnx.export version 2.1.0a0+41361538.nv23.06 =======
verbose: False, log level: Level.ERROR
======================= 0 NONE 0 NOTE 0 WARNING 0 ERROR ========================

    5.32 ms, 187.8 FPS, DLA: 32/183 layers

======================================================================
  DLA Calibration Complete
  Results: 21/21 succeeded, 0 failed
  Saved:   /mnt/nvme/dev/branes/clones/graphs/hardware_registry/accelerator/nvidia_dla_orin/calibrations/dla1_fp16_mode_50w_20260131T223617Z.json
======================================================================


######################################################################
# DLA Core 0, Precision: INT8
######################################################################

======================================================================
  DLA Calibration
  Hardware:   Jetson AGX Orin for DSBOARD-AGX
  DLA Core:   0 (of 2)
  Precision:  INT8
  Fallback:   GPU
  Power Mode: MODE_50W (ID: 3)
  Clocks:     dvfs
  TensorRT:   8.5.2.2
======================================================================

Running synthetic layer benchmarks...
====== Diagnostic Run torch.onnx.export version 2.1.0a0+41361538.nv23.06 =======
verbose: False, log level: Level.ERROR
======================= 0 NONE 0 NOTE 0 WARNING 0 ERROR ========================

====== Diagnostic Run torch.onnx.export version 2.1.0a0+41361538.nv23.06 =======
verbose: False, log level: Level.ERROR
======================= 0 NONE 0 NOTE 0 WARNING 0 ERROR ========================

====== Diagnostic Run torch.onnx.export version 2.1.0a0+41361538.nv23.06 =======
verbose: False, log level: Level.ERROR
======================= 0 NONE 0 NOTE 0 WARNING 0 ERROR ========================

====== Diagnostic Run torch.onnx.export version 2.1.0a0+41361538.nv23.06 =======
verbose: False, log level: Level.ERROR
======================= 0 NONE 0 NOTE 0 WARNING 0 ERROR ========================

====== Diagnostic Run torch.onnx.export version 2.1.0a0+41361538.nv23.06 =======
verbose: False, log level: Level.ERROR
======================= 0 NONE 0 NOTE 0 WARNING 0 ERROR ========================

====== Diagnostic Run torch.onnx.export version 2.1.0a0+41361538.nv23.06 =======
verbose: False, log level: Level.ERROR
======================= 0 NONE 0 NOTE 0 WARNING 0 ERROR ========================

====== Diagnostic Run torch.onnx.export version 2.1.0a0+41361538.nv23.06 =======
verbose: False, log level: Level.ERROR
======================= 0 NONE 0 NOTE 0 WARNING 0 ERROR ========================

====== Diagnostic Run torch.onnx.export version 2.1.0a0+41361538.nv23.06 =======
verbose: False, log level: Level.ERROR
======================= 0 NONE 0 NOTE 0 WARNING 0 ERROR ========================

====== Diagnostic Run torch.onnx.export version 2.1.0a0+41361538.nv23.06 =======
verbose: False, log level: Level.ERROR
======================= 0 NONE 0 NOTE 0 WARNING 0 ERROR ========================

====== Diagnostic Run torch.onnx.export version 2.1.0a0+41361538.nv23.06 =======
verbose: False, log level: Level.ERROR
======================= 0 NONE 0 NOTE 0 WARNING 0 ERROR ========================

====== Diagnostic Run torch.onnx.export version 2.1.0a0+41361538.nv23.06 =======
verbose: False, log level: Level.ERROR
======================= 0 NONE 0 NOTE 0 WARNING 0 ERROR ========================

====== Diagnostic Run torch.onnx.export version 2.1.0a0+41361538.nv23.06 =======
verbose: False, log level: Level.ERROR
======================= 0 NONE 0 NOTE 0 WARNING 0 ERROR ========================

====== Diagnostic Run torch.onnx.export version 2.1.0a0+41361538.nv23.06 =======
verbose: False, log level: Level.ERROR
======================= 0 NONE 0 NOTE 0 WARNING 0 ERROR ========================

====== Diagnostic Run torch.onnx.export version 2.1.0a0+41361538.nv23.06 =======
verbose: False, log level: Level.ERROR
======================= 0 NONE 0 NOTE 0 WARNING 0 ERROR ========================

====== Diagnostic Run torch.onnx.export version 2.1.0a0+41361538.nv23.06 =======
verbose: False, log level: Level.ERROR
======================= 0 NONE 0 NOTE 0 WARNING 0 ERROR ========================

====== Diagnostic Run torch.onnx.export version 2.1.0a0+41361538.nv23.06 =======
verbose: False, log level: Level.ERROR
======================= 0 NONE 0 NOTE 0 WARNING 0 ERROR ========================

====== Diagnostic Run torch.onnx.export version 2.1.0a0+41361538.nv23.06 =======
verbose: False, log level: Level.ERROR
======================= 0 NONE 0 NOTE 0 WARNING 0 ERROR ========================

====== Diagnostic Run torch.onnx.export version 2.1.0a0+41361538.nv23.06 =======
verbose: False, log level: Level.ERROR
======================= 0 NONE 0 NOTE 0 WARNING 0 ERROR ========================

====== Diagnostic Run torch.onnx.export version 2.1.0a0+41361538.nv23.06 =======
verbose: False, log level: Level.ERROR
======================= 0 NONE 0 NOTE 0 WARNING 0 ERROR ========================

    Conv2d(3,64,k3,s1)                  0.517ms [DLA]
    Conv2d(64,64,k3,s1)                 0.197ms [DLA]
    Conv2d(64,128,k3,s2)                0.195ms [DLA]
    Conv2d(128,256,k3,s2)               0.200ms [DLA]
    Conv2d(256,512,k3,s2)               0.206ms [DLA]
    Conv2d(64,256,k1,s1)                0.304ms [DLA]
    Conv2d(256,64,k1,s1)                0.269ms [DLA]
    Conv2d(512,2048,k1,s1)              0.228ms [DLA]
    Conv2d(32,64,k5,s1)                 0.390ms [DLA]
    DWConv(32,k3,s1)                    0.298ms [DLA]
    DWConv(64,k3,s2)                    0.209ms [DLA]
    DWConv(128,k3,s1)                   0.215ms [DLA]
    DWConv(256,k5,s1)                   0.217ms [DLA]
    DWConv(512,k3,s1)                   0.201ms [DLA]
    FC(512,512)                         0.261ms [DLA]
    FC(512,1000)                        0.274ms [DLA]
    FC(1024,1024)                       0.698ms [DLA]
    FC(2048,1000)                       0.324ms [DLA]
    FC(2048,2048)                       0.475ms [DLA]

Running reference model benchmarks...
  Benchmarking resnet18 on DLA core 0 (int8)...
====== Diagnostic Run torch.onnx.export version 2.1.0a0+41361538.nv23.06 =======
verbose: False, log level: Level.ERROR
======================= 0 NONE 0 NOTE 0 WARNING 0 ERROR ========================

    2.15 ms, 464.6 FPS, DLA: 16/67 layers
  Benchmarking mobilenet_v2 on DLA core 0 (int8)...
====== Diagnostic Run torch.onnx.export version 2.1.0a0+41361538.nv23.06 =======
verbose: False, log level: Level.ERROR
======================= 0 NONE 0 NOTE 0 WARNING 0 ERROR ========================

    3.56 ms, 280.7 FPS, DLA: 27/160 layers

======================================================================
  DLA Calibration Complete
  Results: 21/21 succeeded, 0 failed
  Saved:   /mnt/nvme/dev/branes/clones/graphs/hardware_registry/accelerator/nvidia_dla_orin/calibrations/dla0_int8_mode_50w_20260131T223815Z.json
======================================================================


######################################################################
# DLA Core 1, Precision: INT8
######################################################################

======================================================================
  DLA Calibration
  Hardware:   Jetson AGX Orin for DSBOARD-AGX
  DLA Core:   1 (of 2)
  Precision:  INT8
  Fallback:   GPU
  Power Mode: MODE_50W (ID: 3)
  Clocks:     dvfs
  TensorRT:   8.5.2.2
======================================================================

Running synthetic layer benchmarks...
====== Diagnostic Run torch.onnx.export version 2.1.0a0+41361538.nv23.06 =======
verbose: False, log level: Level.ERROR
======================= 0 NONE 0 NOTE 0 WARNING 0 ERROR ========================

====== Diagnostic Run torch.onnx.export version 2.1.0a0+41361538.nv23.06 =======
verbose: False, log level: Level.ERROR
======================= 0 NONE 0 NOTE 0 WARNING 0 ERROR ========================

====== Diagnostic Run torch.onnx.export version 2.1.0a0+41361538.nv23.06 =======
verbose: False, log level: Level.ERROR
======================= 0 NONE 0 NOTE 0 WARNING 0 ERROR ========================

====== Diagnostic Run torch.onnx.export version 2.1.0a0+41361538.nv23.06 =======
verbose: False, log level: Level.ERROR
======================= 0 NONE 0 NOTE 0 WARNING 0 ERROR ========================

====== Diagnostic Run torch.onnx.export version 2.1.0a0+41361538.nv23.06 =======
verbose: False, log level: Level.ERROR
======================= 0 NONE 0 NOTE 0 WARNING 0 ERROR ========================

====== Diagnostic Run torch.onnx.export version 2.1.0a0+41361538.nv23.06 =======
verbose: False, log level: Level.ERROR
======================= 0 NONE 0 NOTE 0 WARNING 0 ERROR ========================

====== Diagnostic Run torch.onnx.export version 2.1.0a0+41361538.nv23.06 =======
verbose: False, log level: Level.ERROR
======================= 0 NONE 0 NOTE 0 WARNING 0 ERROR ========================

====== Diagnostic Run torch.onnx.export version 2.1.0a0+41361538.nv23.06 =======
verbose: False, log level: Level.ERROR
======================= 0 NONE 0 NOTE 0 WARNING 0 ERROR ========================

====== Diagnostic Run torch.onnx.export version 2.1.0a0+41361538.nv23.06 =======
verbose: False, log level: Level.ERROR
======================= 0 NONE 0 NOTE 0 WARNING 0 ERROR ========================

====== Diagnostic Run torch.onnx.export version 2.1.0a0+41361538.nv23.06 =======
verbose: False, log level: Level.ERROR
======================= 0 NONE 0 NOTE 0 WARNING 0 ERROR ========================

====== Diagnostic Run torch.onnx.export version 2.1.0a0+41361538.nv23.06 =======
verbose: False, log level: Level.ERROR
======================= 0 NONE 0 NOTE 0 WARNING 0 ERROR ========================

====== Diagnostic Run torch.onnx.export version 2.1.0a0+41361538.nv23.06 =======
verbose: False, log level: Level.ERROR
======================= 0 NONE 0 NOTE 0 WARNING 0 ERROR ========================

====== Diagnostic Run torch.onnx.export version 2.1.0a0+41361538.nv23.06 =======
verbose: False, log level: Level.ERROR
======================= 0 NONE 0 NOTE 0 WARNING 0 ERROR ========================

====== Diagnostic Run torch.onnx.export version 2.1.0a0+41361538.nv23.06 =======
verbose: False, log level: Level.ERROR
======================= 0 NONE 0 NOTE 0 WARNING 0 ERROR ========================

====== Diagnostic Run torch.onnx.export version 2.1.0a0+41361538.nv23.06 =======
verbose: False, log level: Level.ERROR
======================= 0 NONE 0 NOTE 0 WARNING 0 ERROR ========================

====== Diagnostic Run torch.onnx.export version 2.1.0a0+41361538.nv23.06 =======
verbose: False, log level: Level.ERROR
======================= 0 NONE 0 NOTE 0 WARNING 0 ERROR ========================

====== Diagnostic Run torch.onnx.export version 2.1.0a0+41361538.nv23.06 =======
verbose: False, log level: Level.ERROR
======================= 0 NONE 0 NOTE 0 WARNING 0 ERROR ========================

====== Diagnostic Run torch.onnx.export version 2.1.0a0+41361538.nv23.06 =======
verbose: False, log level: Level.ERROR
======================= 0 NONE 0 NOTE 0 WARNING 0 ERROR ========================

====== Diagnostic Run torch.onnx.export version 2.1.0a0+41361538.nv23.06 =======
verbose: False, log level: Level.ERROR
======================= 0 NONE 0 NOTE 0 WARNING 0 ERROR ========================

    Conv2d(3,64,k3,s1)                  0.566ms [DLA]
    Conv2d(64,64,k3,s1)                 0.226ms [DLA]
    Conv2d(64,128,k3,s2)                0.209ms [DLA]
    Conv2d(128,256,k3,s2)               0.200ms [DLA]
    Conv2d(256,512,k3,s2)               0.223ms [DLA]
    Conv2d(64,256,k1,s1)                0.299ms [DLA]
    Conv2d(256,64,k1,s1)                0.269ms [DLA]
    Conv2d(512,2048,k1,s1)              0.214ms [DLA]
    Conv2d(32,64,k5,s1)                 0.411ms [DLA]
    DWConv(32,k3,s1)                    0.316ms [DLA]
    DWConv(64,k3,s2)                    0.192ms [DLA]
    DWConv(128,k3,s1)                   0.216ms [DLA]
    DWConv(256,k5,s1)                   0.222ms [DLA]
    DWConv(512,k3,s1)                   0.202ms [DLA]
    FC(512,512)                         0.266ms [DLA]
    FC(512,1000)                        0.282ms [DLA]
    FC(1024,1024)                       0.712ms [DLA]
    FC(2048,1000)                       0.320ms [DLA]
    FC(2048,2048)                       0.366ms [DLA]

Running reference model benchmarks...
  Benchmarking resnet18 on DLA core 1 (int8)...
====== Diagnostic Run torch.onnx.export version 2.1.0a0+41361538.nv23.06 =======
verbose: False, log level: Level.ERROR
======================= 0 NONE 0 NOTE 0 WARNING 0 ERROR ========================

    2.34 ms, 427.4 FPS, DLA: 16/67 layers
  Benchmarking mobilenet_v2 on DLA core 1 (int8)...
====== Diagnostic Run torch.onnx.export version 2.1.0a0+41361538.nv23.06 =======
verbose: False, log level: Level.ERROR
======================= 0 NONE 0 NOTE 0 WARNING 0 ERROR ========================

    3.53 ms, 283.0 FPS, DLA: 26/162 layers

======================================================================
  DLA Calibration Complete
  Results: 21/21 succeeded, 0 failed
  Saved:   /mnt/nvme/dev/branes/clones/graphs/hardware_registry/accelerator/nvidia_dla_orin/calibrations/dla1_int8_mode_50w_20260131T224203Z.json
======================================================================


======================================================================
  DLA Calibration Summary
======================================================================
================================================================================
DLA Calibration: Jetson AGX Orin for DSBOARD-AGX
  Core: DLA 0  |  Precision: FP16
  Date: 2026-01-31T22:34:03.781008+00:00
  TensorRT: 8.5.2.2
  Power Mode: MODE_50W
  Clock Policy: dvfs
================================================================================

Synthetic Layer Benchmarks (19 succeeded, 0 failed):
  Layer                                  Latency     TFLOPS   DLA   GPU
  ----------------------------------------------------------------------
  Conv2d(3,64,k3,s1)                     2.692ms      0.064     3     0
  Conv2d(64,64,k3,s1)                    0.674ms      0.343     3     0
  Conv2d(64,128,k3,s2)                   0.620ms      0.186     3     0
  Conv2d(128,256,k3,s2)                  0.581ms      0.199     3     0
  Conv2d(256,512,k3,s2)                  0.910ms      0.127     3     0
  Conv2d(64,256,k1,s1)                   0.792ms      0.130     3     0
  Conv2d(256,64,k1,s1)                   0.708ms      0.145     3     0
  Conv2d(512,2048,k1,s1)                 0.874ms      0.118     3     0
  Conv2d(32,64,k5,s1)                    2.149ms      0.598     3     0
  DWConv(32,k3,s1)                       0.661ms      0.011     3     0
  DWConv(64,k3,s2)                       0.270ms      0.003     3     0
  DWConv(128,k3,s1)                      0.272ms      0.007     3     0
  DWConv(256,k5,s1)                      0.379ms      0.007     3     0
  DWConv(512,k3,s1)                      0.259ms      0.002     3     0
  FC(512,512)                            0.243ms      0.002     3     6
  FC(512,1000)                           0.318ms      0.003     4     6
  FC(1024,1024)                          0.301ms      0.007     3     6
  FC(2048,1000)                          0.376ms      0.011     4     6
  FC(2048,2048)                          0.523ms      0.016     3     5

Reference Model Benchmarks:
  Model                   Latency        FPS     DLA%    DLA/Total
  -----------------------------------------------------------------
  resnet18                 8.04ms      124.4    32.7%   33/101 
  mobilenet_v2             5.32ms      187.9    17.3%   32/185 

================================================================================
DLA Calibration: Jetson AGX Orin for DSBOARD-AGX
  Core: DLA 1  |  Precision: FP16
  Date: 2026-01-31T22:36:17.758489+00:00
  TensorRT: 8.5.2.2
  Power Mode: MODE_50W
  Clock Policy: dvfs
================================================================================

Synthetic Layer Benchmarks (19 succeeded, 0 failed):
  Layer                                  Latency     TFLOPS   DLA   GPU
  ----------------------------------------------------------------------
  Conv2d(3,64,k3,s1)                     2.329ms      0.074     3     0
  Conv2d(64,64,k3,s1)                    0.496ms      0.467     3     0
  Conv2d(64,128,k3,s2)                   0.469ms      0.247     3     0
  Conv2d(128,256,k3,s2)                  0.451ms      0.256     3     0
  Conv2d(256,512,k3,s2)                  0.695ms      0.166     3     0
  Conv2d(64,256,k1,s1)                   0.495ms      0.208     3     0
  Conv2d(256,64,k1,s1)                   0.460ms      0.223     3     0
  Conv2d(512,2048,k1,s1)                 0.663ms      0.155     3     0
  Conv2d(32,64,k5,s1)                    2.102ms      0.611     3     0
  DWConv(32,k3,s1)                       0.627ms      0.012     3     0
  DWConv(64,k3,s2)                       0.263ms      0.003     3     0
  DWConv(128,k3,s1)                      0.271ms      0.007     3     0
  DWConv(256,k5,s1)                      0.374ms      0.007     3     0
  DWConv(512,k3,s1)                      0.249ms      0.002     3     0
  FC(512,512)                            0.261ms      0.002     3     6
  FC(512,1000)                           0.347ms      0.003     4     6
  FC(1024,1024)                          0.289ms      0.007     3     6
  FC(2048,1000)                          0.371ms      0.011     4     6
  FC(2048,2048)                          0.636ms      0.013     3     5

Reference Model Benchmarks:
  Model                   Latency        FPS     DLA%    DLA/Total
  -----------------------------------------------------------------
  resnet18                 8.04ms      124.4    32.7%   33/101 
  mobilenet_v2             5.32ms      187.8    17.5%   32/183 

================================================================================
DLA Calibration: Jetson AGX Orin for DSBOARD-AGX
  Core: DLA 0  |  Precision: INT8
  Date: 2026-01-31T22:38:15.930019+00:00
  TensorRT: 8.5.2.2
  Power Mode: MODE_50W
  Clock Policy: dvfs
================================================================================

Synthetic Layer Benchmarks (19 succeeded, 0 failed):
  Layer                                  Latency     TFLOPS   DLA   GPU
  ----------------------------------------------------------------------
  Conv2d(3,64,k3,s1)                     0.517ms      0.336     3     0
  Conv2d(64,64,k3,s1)                    0.197ms      1.175     3     0
  Conv2d(64,128,k3,s2)                   0.195ms      0.593     3     0
  Conv2d(128,256,k3,s2)                  0.200ms      0.578     3     0
  Conv2d(256,512,k3,s2)                  0.206ms      0.560     3     0
  Conv2d(64,256,k1,s1)                   0.304ms      0.338     3     0
  Conv2d(256,64,k1,s1)                   0.269ms      0.382     3     0
  Conv2d(512,2048,k1,s1)                 0.228ms      0.450     3     0
  Conv2d(32,64,k5,s1)                    0.390ms      3.292     3     0
  DWConv(32,k3,s1)                       0.298ms      0.024     3     0
  DWConv(64,k3,s2)                       0.209ms      0.004     3     0
  DWConv(128,k3,s1)                      0.215ms      0.008     3     0
  DWConv(256,k5,s1)                      0.217ms      0.012     3     0
  DWConv(512,k3,s1)                      0.201ms      0.002     3     0
  FC(512,512)                            0.261ms      0.002     3     6
  FC(512,1000)                           0.274ms      0.004     3     5
  FC(1024,1024)                          0.698ms      0.003     3     6
  FC(2048,1000)                          0.324ms      0.013     3     5
  FC(2048,2048)                          0.475ms      0.018     3     6

Reference Model Benchmarks:
  Model                   Latency        FPS     DLA%    DLA/Total
  -----------------------------------------------------------------
  resnet18                 2.15ms      464.6    23.9%   16/67  
  mobilenet_v2             3.56ms      280.7    16.9%   27/160 

================================================================================
DLA Calibration: Jetson AGX Orin for DSBOARD-AGX
  Core: DLA 1  |  Precision: INT8
  Date: 2026-01-31T22:42:03.128948+00:00
  TensorRT: 8.5.2.2
  Power Mode: MODE_50W
  Clock Policy: dvfs
================================================================================

Synthetic Layer Benchmarks (19 succeeded, 0 failed):
  Layer                                  Latency     TFLOPS   DLA   GPU
  ----------------------------------------------------------------------
  Conv2d(3,64,k3,s1)                     0.566ms      0.306     3     0
  Conv2d(64,64,k3,s1)                    0.226ms      1.022     3     0
  Conv2d(64,128,k3,s2)                   0.209ms      0.552     3     0
  Conv2d(128,256,k3,s2)                  0.200ms      0.578     3     0
  Conv2d(256,512,k3,s2)                  0.223ms      0.518     3     0
  Conv2d(64,256,k1,s1)                   0.299ms      0.344     3     0
  Conv2d(256,64,k1,s1)                   0.269ms      0.382     3     0
  Conv2d(512,2048,k1,s1)                 0.214ms      0.480     3     0
  Conv2d(32,64,k5,s1)                    0.411ms      3.127     3     0
  DWConv(32,k3,s1)                       0.316ms      0.023     3     0
  DWConv(64,k3,s2)                       0.192ms      0.005     3     0
  DWConv(128,k3,s1)                      0.216ms      0.008     3     0
  DWConv(256,k5,s1)                      0.222ms      0.011     3     0
  DWConv(512,k3,s1)                      0.202ms      0.002     3     0
  FC(512,512)                            0.266ms      0.002     3     6
  FC(512,1000)                           0.282ms      0.004     4     6
  FC(1024,1024)                          0.712ms      0.003     3     6
  FC(2048,1000)                          0.320ms      0.013     3     5
  FC(2048,2048)                          0.366ms      0.023     3     6

Reference Model Benchmarks:
  Model                   Latency        FPS     DLA%    DLA/Total
  -----------------------------------------------------------------
  resnet18                 2.34ms      427.4    23.9%   16/67  
  mobilenet_v2             3.53ms      283.0    16.0%   26/162 

