
================================================================================
Using Hardware from Registry: jetson_orin_agx_cpu
================================================================================
  Vendor:   NVIDIA
  Model:    Jetson Orin AGX (CPU)
  Type:     cpu
  Arch:     Cortex-A78AE


================================================================================
EXECUTION DEVICE
================================================================================
  Requested device: CPU
  Actual device:    CPU
  Framework:        NUMPY

================================================================================
Hardware Calibration: Jetson Orin AGX (CPU)
================================================================================

Running pre-flight checks...
======================================================================
PRE-FLIGHT CHECKS
======================================================================

[OK] CPU Governor: schedutil (Jetson default)
    Current:  schedutil
    Expected: schedutil or performance
[OK] CPU Frequency: 2202 MHz (100% of max)
    Current:  2202 MHz
    Expected: >= 1981 MHz (90%)
[-] Turbo Boost: Could not determine (not Intel pstate)
[OK] System Load: 0.8% (idle)
    Current:  0.8%
    Expected: < 5%
[OK] Thermal State: 43°C (cool)
    Current:  43°C
    Expected: < 80°C

RESULT: PASSED
  System is ready for calibration.
======================================================================
System Information:
  CPU: aarch64
  Cores: 12 physical, 12 logical
  Memory: 61.3 GB
  Python: 3.8.10
  NumPy: 1.24.4
  PyTorch: 2.1.0a0+41361538.nv23.06

Execution Device:
  Running on: CPU
  Framework:  NUMPY
              (CPU-only, real-world signal processing performance)

Querying CPU clock frequencies...
  CPU Freq: 1220 MHz (55% of max 2202 MHz)
  Governor: schedutil
  Power Mode: MAXN (nvpmodel 0)
  Clock Policy: dvfs

Running calibration benchmarks...

1. STREAM Memory Bandwidth Benchmark
--------------------------------------------------------------------------------
Framework: NumPy (CPU-only)

STREAM Benchmark Suite:
--------------------------------------------------------------------------------

COPY (a[i] = b[i]):
  Memory ops: 2, FLOPs/element: 0
  Size     8 MB...    19.4 GB/s   (9.5%)    0.87 ms
  Size    16 MB...    20.1 GB/s   (9.8%)    1.67 ms
  Size    32 MB...    19.5 GB/s   (9.5%)    3.45 ms
  Size    64 MB...    19.5 GB/s   (9.5%)    6.88 ms
  Size   128 MB...    19.5 GB/s   (9.5%)   13.75 ms
  Size   256 MB...    19.7 GB/s   (9.6%)   27.32 ms
  Size   512 MB...    19.6 GB/s   (9.6%)   54.81 ms

SCALE (a[i] = q * b[i]):
  Memory ops: 2, FLOPs/element: 1
  Size     8 MB...    21.2 GB/s  (10.4%)    0.79 ms  |  2.7 GFLOPS
  Size    16 MB...    19.8 GB/s   (9.7%)    1.69 ms  |  2.5 GFLOPS
  Size    32 MB...    19.4 GB/s   (9.5%)    3.45 ms  |  2.4 GFLOPS
  Size    64 MB...    19.5 GB/s   (9.5%)    6.89 ms  |  2.4 GFLOPS
  Size   128 MB...    19.6 GB/s   (9.6%)   13.72 ms  |  2.4 GFLOPS
  Size   256 MB...    19.4 GB/s   (9.5%)   27.61 ms  |  2.4 GFLOPS
  Size   512 MB...    19.5 GB/s   (9.5%)   55.03 ms  |  2.4 GFLOPS

ADD (a[i] = b[i] + c[i]):
  Memory ops: 3, FLOPs/element: 1
  Size     8 MB...    17.1 GB/s   (8.3%)    1.47 ms  |  1.4 GFLOPS
  Size    16 MB...    16.4 GB/s   (8.0%)    3.06 ms  |  1.4 GFLOPS
  Size    32 MB...    16.2 GB/s   (7.9%)    6.20 ms  |  1.4 GFLOPS
  Size    64 MB...    16.4 GB/s   (8.0%)   12.26 ms  |  1.4 GFLOPS
  Size   128 MB...    16.4 GB/s   (8.0%)   24.60 ms  |  1.4 GFLOPS
  Size   256 MB...    16.4 GB/s   (8.0%)   49.00 ms  |  1.4 GFLOPS
  Size   512 MB...    16.4 GB/s   (8.0%)   98.17 ms  |  1.4 GFLOPS

TRIAD (a[i] = b[i] + q * c[i]):
  Memory ops: 3, FLOPs/element: 2
  Size     8 MB...     8.9 GB/s   (4.3%)    2.83 ms  |  1.5 GFLOPS
  Size    16 MB...     8.5 GB/s   (4.1%)    5.93 ms  |  1.4 GFLOPS
  Size    32 MB...     6.8 GB/s   (3.3%)   14.75 ms  |  1.1 GFLOPS
  Size    64 MB...     7.0 GB/s   (3.4%)   28.61 ms  |  1.2 GFLOPS
  Size   128 MB...     7.1 GB/s   (3.5%)   56.36 ms  |  1.2 GFLOPS
  Size   256 MB...     7.2 GB/s   (3.5%)  111.87 ms  |  1.2 GFLOPS
  Size   512 MB...     7.2 GB/s   (3.5%)  223.12 ms  |  1.2 GFLOPS

================================================================================
STREAM Summary:
--------------------------------------------------------------------------------
Kernel            Best BW    Latency   Efficiency Description
------------------------------------------------------------------------------------------
COPY               20.1 GB/s     1.67 ms        9.8%  a[i] = b[i]
SCALE              21.2 GB/s     0.79 ms       10.4%  a[i] = q * b[i]
ADD                17.1 GB/s     1.47 ms        8.3%  a[i] = b[i] + c[i]
TRIAD               8.9 GB/s     2.83 ms        4.3%  a[i] = b[i] + q * c[i]

STREAM Score (minimum): 6.8 GB/s
================================================================================
STREAM Score (minimum bandwidth): 6.8 GB/s

2. BLAS Compute Benchmark Suite
--------------------------------------------------------------------------------
Testing precisions: fp64, fp32, tf32, fp16, fp8, fp4, bf16, int64, int32, int16, int8, int4

Framework: NumPy (CPU-only)

BLAS Benchmark Suite:
==========================================================================================

BLAS Level 1: DOT
------------------------------------------------------------------------------------------
  Size     1K:
    fp64      [!] SLOW (   1.0 GFLOPS < 1.0 GFLOPS threshold)    0.00ms
    fp32                                           1.3 GFLOPS    0.00ms
    tf32                                              SKIPPED  (NumPy does not support this precision)
    fp16      [!] SLOW (   0.3 GFLOPS < 1.0 GFLOPS threshold)    0.01ms
    fp8                                               SKIPPED  (NumPy does not support this precision)
    fp4                                               SKIPPED  (NumPy does not support this precision)
    bf16                                              SKIPPED  (NumPy does not support this precision)
    int64      [!] SLOW (   0.8 GIOPS < 1.0 GFLOPS threshold)    0.00ms
    int32      [!] SLOW (   0.8 GIOPS < 1.0 GFLOPS threshold)    0.00ms
    int16      [!] SLOW (   0.8 GIOPS < 1.0 GFLOPS threshold)    0.00ms
    int8       [!] SLOW (   0.9 GIOPS < 1.0 GFLOPS threshold)    0.00ms
    int4                                              SKIPPED  (NumPy does not support this precision)
  Size    10K:
    fp64                                           2.9 GFLOPS    0.01ms
    fp32                                           5.8 GFLOPS    0.00ms
    tf32                                              SKIPPED  (NumPy does not support this precision)
    fp16      [!] SLOW (   0.4 GFLOPS < 1.0 GFLOPS threshold)    0.06ms
    fp8                                               SKIPPED  (NumPy does not support this precision)
    fp4                                               SKIPPED  (NumPy does not support this precision)
    bf16                                              SKIPPED  (NumPy does not support this precision)
    int64                                           2.2 GIOPS    0.01ms
    int32                                           2.2 GIOPS    0.01ms
    int16                                           2.2 GIOPS    0.01ms
    int8                                            2.8 GIOPS    0.01ms
    int4                                              SKIPPED  (NumPy does not support this precision)
  Size   100K:
    fp64                                           3.5 GFLOPS    0.06ms
    fp32                                           7.2 GFLOPS    0.03ms
    tf32                                              SKIPPED  (NumPy does not support this precision)
    fp16      [!] SLOW (   0.4 GFLOPS < 1.0 GFLOPS threshold)    0.55ms
    fp8                                               SKIPPED  (NumPy does not support this precision)
    fp4                                               SKIPPED  (NumPy does not support this precision)
    bf16                                              SKIPPED  (NumPy does not support this precision)
    int64                                           2.9 GIOPS    0.07ms
    int32                                           2.9 GIOPS    0.07ms
    int16                                           2.8 GIOPS    0.07ms
    int8                                            3.6 GIOPS    0.06ms
    int4                                              SKIPPED  (NumPy does not support this precision)
  Size     1M:
    fp64                                           1.9 GFLOPS    1.04ms
    fp32                                           4.9 GFLOPS    0.41ms
    tf32                                              SKIPPED  (NumPy does not support this precision)
    fp16      [!] SLOW (   0.4 GFLOPS < 1.0 GFLOPS threshold)    5.49ms
    fp8                                               SKIPPED  (NumPy does not support this precision)
    fp4                                               SKIPPED  (NumPy does not support this precision)
    bf16                                              SKIPPED  (NumPy does not support this precision)
    int64                                           1.9 GIOPS    1.06ms
    int32                                           2.8 GIOPS    0.70ms
    int16                                           2.8 GIOPS    0.72ms
    int8                                            3.7 GIOPS    0.54ms
    int4                                              SKIPPED  (NumPy does not support this precision)
  Size    10M:
    fp64                                           1.5 GFLOPS   12.94ms
    fp32                                           3.3 GFLOPS    6.14ms
    tf32                                              SKIPPED  (NumPy does not support this precision)
    fp16      [!] SLOW (   0.4 GFLOPS < 1.0 GFLOPS threshold)   54.88ms
    fp8                                               SKIPPED  (NumPy does not support this precision)
    fp4                                               SKIPPED  (NumPy does not support this precision)
    bf16                                              SKIPPED  (NumPy does not support this precision)
    int64                                           1.6 GIOPS   12.53ms
    int32                                           3.0 GIOPS    6.74ms
    int16                                           3.0 GIOPS    6.68ms
    int8                                            3.7 GIOPS    5.37ms
    int4                                              SKIPPED  (NumPy does not support this precision)

BLAS Level 1: AXPY
------------------------------------------------------------------------------------------
  Size     1K:
    fp64      [!] SLOW (   0.5 GFLOPS < 1.0 GFLOPS threshold)    0.00ms
    fp32      [!] SLOW (   0.5 GFLOPS < 1.0 GFLOPS threshold)    0.00ms
    tf32                                              SKIPPED  (NumPy does not support this precision)
    fp16      [!] SLOW (   0.1 GFLOPS < 1.0 GFLOPS threshold)    0.02ms
    fp8                                               SKIPPED  (NumPy does not support this precision)
    fp4                                               SKIPPED  (NumPy does not support this precision)
    bf16                                              SKIPPED  (NumPy does not support this precision)
    int64      [!] SLOW (   0.5 GIOPS < 1.0 GFLOPS threshold)    0.00ms
    int32      [!] SLOW (   0.5 GIOPS < 1.0 GFLOPS threshold)    0.00ms
    int16      [!] SLOW (   0.5 GIOPS < 1.0 GFLOPS threshold)    0.00ms
    int8       [!] SLOW (   0.6 GIOPS < 1.0 GFLOPS threshold)    0.00ms
    int4                                              SKIPPED  (NumPy does not support this precision)
  Size    10K:
    fp64                                           1.0 GFLOPS    0.02ms
    fp32                                           1.9 GFLOPS    0.01ms
    tf32                                              SKIPPED  (NumPy does not support this precision)
    fp16      [!] SLOW (   0.1 GFLOPS < 1.0 GFLOPS threshold)    0.21ms
    fp8                                               SKIPPED  (NumPy does not support this precision)
    fp4                                               SKIPPED  (NumPy does not support this precision)
    bf16                                              SKIPPED  (NumPy does not support this precision)
    int64      [!] SLOW (   1.0 GIOPS < 1.0 GFLOPS threshold)    0.02ms
    int32                                           2.0 GIOPS    0.01ms
    int16                                           3.0 GIOPS    0.01ms
    int8                                            4.0 GIOPS    0.00ms
    int4                                              SKIPPED  (NumPy does not support this precision)
  Size   100K:
    fp64                                           1.1 GFLOPS    0.18ms
    fp32                                           2.0 GFLOPS    0.10ms
    tf32                                              SKIPPED  (NumPy does not support this precision)
    fp16      [!] SLOW (   0.1 GFLOPS < 1.0 GFLOPS threshold)    2.11ms
    fp8                                               SKIPPED  (NumPy does not support this precision)
    fp4                                               SKIPPED  (NumPy does not support this precision)
    bf16                                              SKIPPED  (NumPy does not support this precision)
    int64                                           1.0 GIOPS    0.19ms
    int32                                           2.0 GIOPS    0.10ms
    int16                                           3.2 GIOPS    0.06ms
    int8                                            7.2 GIOPS    0.03ms
    int4                                              SKIPPED  (NumPy does not support this precision)
  Size     1M:
    fp64      [!] SLOW (   0.8 GFLOPS < 1.0 GFLOPS threshold)    2.60ms
    fp32                                           1.7 GFLOPS    1.15ms
    tf32                                              SKIPPED  (NumPy does not support this precision)
    fp16      [!] SLOW (   0.1 GFLOPS < 1.0 GFLOPS threshold)   20.96ms
    fp8                                               SKIPPED  (NumPy does not support this precision)
    fp4                                               SKIPPED  (NumPy does not support this precision)
    bf16                                              SKIPPED  (NumPy does not support this precision)
    int64      [!] SLOW (   0.8 GIOPS < 1.0 GFLOPS threshold)    2.62ms
    int32                                           1.7 GIOPS    1.16ms
    int16                                           4.4 GIOPS    0.46ms
    int8                                            9.0 GIOPS    0.22ms
    int4                                              SKIPPED  (NumPy does not support this precision)
  Size    10M:
    fp64      [!] SLOW (   0.6 GFLOPS < 1.0 GFLOPS threshold)   33.93ms
    fp32                                           1.2 GFLOPS   17.39ms
    tf32                                              SKIPPED  (NumPy does not support this precision)
    fp16      [!] SLOW (   0.1 GFLOPS < 1.0 GFLOPS threshold)  210.04ms
    fp8                                               SKIPPED  (NumPy does not support this precision)
    fp4                                               SKIPPED  (NumPy does not support this precision)
    bf16                                              SKIPPED  (NumPy does not support this precision)
    int64      [!] SLOW (   0.6 GIOPS < 1.0 GFLOPS threshold)   34.20ms
    int32                                           1.2 GIOPS   17.38ms
    int16                                           2.8 GIOPS    7.08ms
    int8                                            5.9 GIOPS    3.37ms
    int4                                              SKIPPED  (NumPy does not support this precision)

BLAS Level 2: GEMV
------------------------------------------------------------------------------------------
  Size     32:
    fp64      [!] SLOW (   0.3 GFLOPS < 1.0 GFLOPS threshold)    0.01ms
    fp32      [!] SLOW (   0.3 GFLOPS < 1.0 GFLOPS threshold)    0.01ms
    tf32                                              SKIPPED  (NumPy does not support this precision)
    fp16      [!] SLOW (   0.1 GFLOPS < 1.0 GFLOPS threshold)    0.01ms
    fp8                                               SKIPPED  (NumPy does not support this precision)
    fp4                                               SKIPPED  (NumPy does not support this precision)
    bf16                                              SKIPPED  (NumPy does not support this precision)
    int64      [!] SLOW (   0.3 GIOPS < 1.0 GFLOPS threshold)    0.01ms
    int32      [!] SLOW (   0.3 GIOPS < 1.0 GFLOPS threshold)    0.01ms
    int16      [!] SLOW (   0.2 GIOPS < 1.0 GFLOPS threshold)    0.01ms
    int8       [!] SLOW (   0.2 GIOPS < 1.0 GFLOPS threshold)    0.01ms
    int4                                              SKIPPED  (NumPy does not support this precision)
  Size     64:
    fp64                                           1.1 GFLOPS    0.01ms
    fp32      [!] SLOW (   1.0 GFLOPS < 1.0 GFLOPS threshold)    0.01ms
    tf32                                              SKIPPED  (NumPy does not support this precision)
    fp16      [!] SLOW (   0.2 GFLOPS < 1.0 GFLOPS threshold)    0.03ms
    fp8                                               SKIPPED  (NumPy does not support this precision)
    fp4                                               SKIPPED  (NumPy does not support this precision)
    bf16                                              SKIPPED  (NumPy does not support this precision)
    int64      [!] SLOW (   0.9 GIOPS < 1.0 GFLOPS threshold)    0.01ms
    int32      [!] SLOW (   0.8 GIOPS < 1.0 GFLOPS threshold)    0.01ms
    int16      [!] SLOW (   0.7 GIOPS < 1.0 GFLOPS threshold)    0.01ms
    int8       [!] SLOW (   0.7 GIOPS < 1.0 GFLOPS threshold)    0.01ms
    int4                                              SKIPPED  (NumPy does not support this precision)
  Size    128:
    fp64                                           3.2 GFLOPS    0.01ms
    fp32                                           3.0 GFLOPS    0.01ms
    tf32                                              SKIPPED  (NumPy does not support this precision)
    fp16      [!] SLOW (   0.3 GFLOPS < 1.0 GFLOPS threshold)    0.11ms
    fp8                                               SKIPPED  (NumPy does not support this precision)
    fp4                                               SKIPPED  (NumPy does not support this precision)
    bf16                                              SKIPPED  (NumPy does not support this precision)
    int64                                           1.7 GIOPS    0.02ms
    int32                                           1.7 GIOPS    0.02ms
    int16                                           1.1 GIOPS    0.03ms
    int8                                            1.2 GIOPS    0.03ms
    int4                                              SKIPPED  (NumPy does not support this precision)
  Size    256:
    fp64                                           9.1 GFLOPS    0.01ms
    fp32                                          11.5 GFLOPS    0.01ms
    tf32                                              SKIPPED  (NumPy does not support this precision)
    fp16      [!] SLOW (   0.3 GFLOPS < 1.0 GFLOPS threshold)    0.39ms
    fp8                                               SKIPPED  (NumPy does not support this precision)
    fp4                                               SKIPPED  (NumPy does not support this precision)
    bf16                                              SKIPPED  (NumPy does not support this precision)
    int64                                           2.4 GIOPS    0.05ms
    int32                                           2.4 GIOPS    0.06ms
    int16                                           1.4 GIOPS    0.10ms
    int8                                            1.4 GIOPS    0.09ms
    int4                                              SKIPPED  (NumPy does not support this precision)
  Size    512:
    fp64                                          21.0 GFLOPS    0.03ms
    fp32                                          25.3 GFLOPS    0.02ms
    tf32                                              SKIPPED  (NumPy does not support this precision)
    fp16      [!] SLOW (   0.3 GFLOPS < 1.0 GFLOPS threshold)    1.53ms
    fp8                                               SKIPPED  (NumPy does not support this precision)
    fp4                                               SKIPPED  (NumPy does not support this precision)
    bf16                                              SKIPPED  (NumPy does not support this precision)
    int64                                           2.6 GIOPS    0.21ms
    int32                                           2.7 GIOPS    0.19ms
    int16                                           1.4 GIOPS    0.36ms
    int8                                            1.4 GIOPS    0.36ms
    int4                                              SKIPPED  (NumPy does not support this precision)
  Size     1K:
    fp64                                          25.6 GFLOPS    0.08ms
    fp32                                          47.7 GFLOPS    0.04ms
    tf32                                              SKIPPED  (NumPy does not support this precision)
    fp16      [!] SLOW (   0.3 GFLOPS < 1.0 GFLOPS threshold)    6.08ms
    fp8                                               SKIPPED  (NumPy does not support this precision)
    fp4                                               SKIPPED  (NumPy does not support this precision)
    bf16                                              SKIPPED  (NumPy does not support this precision)
    int64                                           2.8 GIOPS    0.75ms
    int32                                           2.6 GIOPS    0.81ms
    int16                                           1.5 GIOPS    1.44ms
    int8                                            1.5 GIOPS    1.43ms
    int4                                              SKIPPED  (NumPy does not support this precision)
  Size     2K:
    fp64                                          16.5 GFLOPS    0.51ms
    fp32                                          40.3 GFLOPS    0.21ms
    tf32                                              SKIPPED  (NumPy does not support this precision)
    fp16      [!] SLOW (   0.4 GFLOPS < 1.0 GFLOPS threshold)   23.73ms
    fp8                                               SKIPPED  (NumPy does not support this precision)
    fp4                                               SKIPPED  (NumPy does not support this precision)
    bf16                                              SKIPPED  (NumPy does not support this precision)
    int64                                           2.7 GIOPS    3.06ms
    int32                                           2.9 GIOPS    2.92ms
    int16                                           1.5 GIOPS    5.74ms
    int8                                            1.5 GIOPS    5.74ms
    int4                                              SKIPPED  (NumPy does not support this precision)

BLAS Level 3: GEMM
------------------------------------------------------------------------------------------
  Size     32:
    fp64                                           4.4 GFLOPS    0.01ms
    fp32                                           5.3 GFLOPS    0.01ms
    tf32                                              SKIPPED  (NumPy does not support this precision)
    fp16      [!] SLOW (   0.3 GFLOPS < 1.0 GFLOPS threshold)    0.24ms
    fp8                                               SKIPPED  (NumPy does not support this precision)
    fp4                                               SKIPPED  (NumPy does not support this precision)
    bf16                                              SKIPPED  (NumPy does not support this precision)
    int64                                           1.9 GIOPS    0.03ms
    int32                                           2.0 GIOPS    0.03ms
    int16                                           1.6 GIOPS    0.04ms
    int8                                            1.6 GIOPS    0.04ms
    int4                                              SKIPPED  (NumPy does not support this precision)
  Size     64:
    fp64                                          10.0 GFLOPS    0.05ms
    fp32                                          16.7 GFLOPS    0.03ms
    tf32                                              SKIPPED  (NumPy does not support this precision)
    fp16      [!] SLOW (   0.3 GFLOPS < 1.0 GFLOPS threshold)    1.70ms
    fp8                                               SKIPPED  (NumPy does not support this precision)
    fp4                                               SKIPPED  (NumPy does not support this precision)
    bf16                                              SKIPPED  (NumPy does not support this precision)
    int64                                           2.5 GIOPS    0.21ms
    int32                                           2.6 GIOPS    0.20ms
    int16                                           1.7 GIOPS    0.31ms
    int8                                            1.7 GIOPS    0.30ms
    int4                                              SKIPPED  (NumPy does not support this precision)
  Size    128:
    fp64                                          25.1 GFLOPS    0.17ms
    fp32                                          36.9 GFLOPS    0.11ms
    tf32                                              SKIPPED  (NumPy does not support this precision)
    fp16      [!] SLOW (   0.3 GFLOPS < 1.0 GFLOPS threshold)   12.59ms
    fp8                                               SKIPPED  (NumPy does not support this precision)
    fp4                                               SKIPPED  (NumPy does not support this precision)
    bf16                                              SKIPPED  (NumPy does not support this precision)
    int64                                           1.0 GIOPS    4.03ms
    int32                                           2.8 GIOPS    1.50ms
    int16                                           1.6 GIOPS    2.63ms
    int8                                            1.6 GIOPS    2.62ms
    int4                                              SKIPPED  (NumPy does not support this precision)
  Size    256:
    fp64                                          64.5 GFLOPS    0.52ms
    fp32                                         112.6 GFLOPS    0.30ms
    tf32                                              SKIPPED  (NumPy does not support this precision)
    fp16      [!] SLOW (   0.3 GFLOPS < 1.0 GFLOPS threshold)   98.02ms
    fp8                                               SKIPPED  (NumPy does not support this precision)
    fp4                                               SKIPPED  (NumPy does not support this precision)
    bf16                                              SKIPPED  (NumPy does not support this precision)
    int64      [!] SLOW (   0.9 GIOPS < 1.0 GFLOPS threshold)   36.01ms
    int32      [!] SLOW (   1.0 GIOPS < 1.0 GFLOPS threshold)   34.04ms
    int16                                           1.1 GIOPS   31.35ms
    int8                                            1.5 GIOPS   22.04ms
    int4                                              SKIPPED  (NumPy does not support this precision)
  Size    512:
    fp64                                          96.4 GFLOPS    2.78ms
    fp32                                         191.5 GFLOPS    1.40ms
    tf32                                              SKIPPED  (NumPy does not support this precision)
    fp16                                              SKIPPED  (Skipped (poor performance at size 256: 0.3 GFLOPS < 1.0 GFLOPS))
    fp8                                               SKIPPED  (NumPy does not support this precision)
    fp4                                               SKIPPED  (NumPy does not support this precision)
    bf16                                              SKIPPED  (NumPy does not support this precision)
    int64                                             SKIPPED  (Skipped (poor performance at size 256: 0.9 GFLOPS < 1.0 GFLOPS))
    int32                                             SKIPPED  (Skipped (poor performance at size 256: 1.0 GFLOPS < 1.0 GFLOPS))
    int16                                           1.0 GIOPS  261.60ms
    int8       [!] SLOW (   1.0 GIOPS < 1.0 GFLOPS threshold)  271.05ms
    int4                                              SKIPPED  (NumPy does not support this precision)
  Size     1K:
    fp64                                         132.3 GFLOPS   16.23ms
    fp32                                         262.4 GFLOPS    8.18ms
    tf32                                              SKIPPED  (NumPy does not support this precision)
    fp16                                              SKIPPED  (Skipped (poor performance at size 256: 0.3 GFLOPS < 1.0 GFLOPS))
    fp8                                               SKIPPED  (NumPy does not support this precision)
    fp4                                               SKIPPED  (NumPy does not support this precision)
    bf16                                              SKIPPED  (NumPy does not support this precision)
    int64                                             SKIPPED  (Skipped (poor performance at size 256: 0.9 GFLOPS < 1.0 GFLOPS))
    int32                                             SKIPPED  (Skipped (poor performance at size 256: 1.0 GFLOPS < 1.0 GFLOPS))
    int16                                             SKIPPED  (Timeout: GEMM benchmark exceeded 5s timeout)
    int8                                              SKIPPED  (Skipped (poor performance at size 512: 1.0 GFLOPS < 1.0 GFLOPS))
    int4                                              SKIPPED  (NumPy does not support this precision)
  Size     2K:
    fp64                                         123.8 GFLOPS  138.75ms
    fp32                                         274.0 GFLOPS   62.70ms
    tf32                                              SKIPPED  (NumPy does not support this precision)
    fp16                                              SKIPPED  (Skipped (poor performance at size 256: 0.3 GFLOPS < 1.0 GFLOPS))
    fp8                                               SKIPPED  (NumPy does not support this precision)
    fp4                                               SKIPPED  (NumPy does not support this precision)
    bf16                                              SKIPPED  (NumPy does not support this precision)
    int64                                             SKIPPED  (Skipped (poor performance at size 256: 0.9 GFLOPS < 1.0 GFLOPS))
    int32                                             SKIPPED  (Skipped (poor performance at size 256: 1.0 GFLOPS < 1.0 GFLOPS))
    int16                                             SKIPPED  (Skipped (poor performance at size 1K: Timeout (>5s)))
    int8                                              SKIPPED  (Skipped (poor performance at size 512: 1.0 GFLOPS < 1.0 GFLOPS))
    int4                                              SKIPPED  (NumPy does not support this precision)

==========================================================================================
BLAS Suite Complete: 24 calibrations
==========================================================================================

Building precision capability matrix...

Calibration saved to: hardware_registry/cpu/jetson_orin_agx_cpu/calibrations/pending_numpy.json

================================================================================
Hardware Calibration: Jetson Orin AGX (CPU)
Date: 2026-01-30T13:31:07.402761
================================================================================

Framework: NUMPY
Device:    CPU

Theoretical Specifications:
  Peak GFLOPS (FP32): 422.4
  Peak Bandwidth:     204.8 GB/s

STREAM Memory Bandwidth Benchmark:
  Kernel           Size (MB)    Bandwidth    Latency   Efficiency Description
  -----------------------------------------------------------------------------------------------
  COPY                    16       20.1 GB/s     1.67 ms        9.8%  a[i] = b[i]
  SCALE                    8       21.2 GB/s     0.79 ms       10.4%  a[i] = q * b[i]
  ADD                      8       17.1 GB/s     1.47 ms        8.3%  a[i] = b[i] + c[i]
  TRIAD                    8        8.9 GB/s     2.83 ms        4.3%  a[i] = b[i] + q * c[i]

  STREAM Score (minimum): 6.8 GB/s

BLAS Performance Summary (Highest Throughput by Precision):
  Operation          fp64       fp32       tf32       fp16        fp8        fp4       bf16      int64      int32      int16       int8       int4   Best Precision
  ------------------------------------------------------------------------------------------------------------------------------------------------------------------
  AXPY                1.1        2.0        N/A        0.1        N/A        N/A        N/A        1.0        2.0        4.4        9.0        N/A             int8
  DOT                 3.5        7.2        N/A        0.4        N/A        N/A        N/A        2.9        3.0        3.0        3.7        N/A             fp32
  GEMV               25.6       47.7        N/A        0.4        N/A        N/A        N/A        2.8        2.9        1.5        1.5        N/A             fp32
  GEMM              132.3      274.0        N/A        0.3        N/A        N/A        N/A        2.5        2.8        1.7        1.7        N/A             fp32

BLAS Compute Performance (by Operation and Precision):
========================================================================================================================

Level 1: Vector-Vector (O(n))
------------------------------------------------------------------------------------------------------------------------

AXPY:
  Precision   Best Size Highest Throughput    Latency       AI   Efficiency
  --------------------------------------------------------------------------------
  fp64             100K         1.1 GFLOPS     0.18ms     0.08        0.5%
  fp32             100K         2.0 GFLOPS     0.10ms     0.17        0.5%
  fp16               1M         0.1 GFLOPS    20.96ms     0.33        0.0%
  int64            100K          1.0 GIOPS     0.19ms     0.08        0.5%
  int32            100K          2.0 GIOPS     0.10ms     0.17        0.5%
  int16              1M          4.4 GIOPS     0.46ms     0.33        0.5%
  int8               1M          9.0 GIOPS     0.22ms     0.67        0.5%

DOT:
  Precision   Best Size Highest Throughput    Latency       AI   Efficiency
  --------------------------------------------------------------------------------
  fp64             100K         3.5 GFLOPS     0.06ms     0.12        1.6%
  fp32             100K         7.2 GFLOPS     0.03ms     0.25        1.7%
  fp16               1M         0.4 GFLOPS     5.49ms     0.50        0.0%
  int64            100K          2.9 GIOPS     0.07ms     0.12        1.4%
  int32             10M          3.0 GIOPS     6.74ms     0.25        0.7%
  int16             10M          3.0 GIOPS     6.68ms     0.50        0.4%
  int8              10M          3.7 GIOPS     5.37ms     1.00        0.2%

Level 2: Matrix-Vector (O(n²))
------------------------------------------------------------------------------------------------------------------------

GEMV:
  Precision   Best Size Highest Throughput    Latency       AI   Efficiency
  --------------------------------------------------------------------------------
  fp64               1K        25.6 GFLOPS     0.08ms     0.25       12.1%
  fp32               1K        47.7 GFLOPS     0.04ms     0.50       11.3%
  fp16               2K         0.4 GFLOPS    23.73ms     1.00        0.0%
  int64              1K          2.8 GIOPS     0.75ms     0.25        1.3%
  int32              2K          2.9 GIOPS     2.92ms     0.50        0.7%
  int16              2K          1.5 GIOPS     5.74ms     1.00        0.2%
  int8               1K          1.5 GIOPS     1.43ms     2.00        0.1%

Level 3: Matrix-Matrix (O(n³))
------------------------------------------------------------------------------------------------------------------------

GEMM:
  Precision   Best Size Highest Throughput    Latency       AI   Efficiency
  --------------------------------------------------------------------------------
  fp64               1K       132.3 GFLOPS    16.23ms    85.33       62.7%
  fp32               2K       274.0 GFLOPS    62.70ms   341.33       64.9%
  fp16              256         0.3 GFLOPS    98.02ms    85.33        0.0%
  int64              64          2.5 GIOPS     0.21ms     5.33        1.2%
  int32             128          2.8 GIOPS     1.50ms    21.33        0.7%
  int16              64          1.7 GIOPS     0.31ms    21.33        0.2%
  int8               64          1.7 GIOPS     0.30ms    42.67        0.1%

Precision Support Summary:
  Supported:   fp64, fp32, fp16, int64, int32, int16, int8
  Unsupported: tf32, fp8, fp4, bf16, int4


================================================================================
Calibration Complete!
================================================================================

Calibration file: hardware_registry/cpu/jetson_orin_agx_cpu/calibrations/MAXN_1220MHz_numpy_20260130T133159Z.json

Next steps:
  1. Review the calibration results above
  2. View calibration efficiency:
     ./cli/show_calibration_efficiency.py --id jetson_orin_agx_cpu

  3. Use in analysis (calibration auto-loaded from registry):
     ./cli/analyze_comprehensive.py --model resnet18 --hardware jetson_orin_agx_cpu

