(.venv) cjuser@sdhome-jetson:~/dev/branes/clones/graphs$ cli/calibrate_hardware.py --id jetson_orin_agx_cpu --framework numpy

================================================================================
Using Hardware from Registry: jetson_orin_agx_cpu
================================================================================
  Vendor:   NVIDIA
  Model:    Jetson Orin AGX (CPU)
  Type:     cpu
  Arch:     Cortex-A78AE


================================================================================
EXECUTION DEVICE
================================================================================
  Requested device: CPU
  Actual device:    CPU
  Framework:        NUMPY

================================================================================
Hardware Calibration: Jetson Orin AGX (CPU)
================================================================================

Running pre-flight checks...
======================================================================
PRE-FLIGHT CHECKS
======================================================================

[OK] CPU Governor: schedutil (Jetson default)
    Current:  schedutil
    Expected: schedutil or performance
[OK] CPU Frequency: 1216 MHz idle (DVFS will boost under load)
    Current:  1216 MHz (idle)
    Expected: Up to 1728 MHz under load
[-] Turbo Boost: Could not determine (not Intel pstate)
[OK] System Load: 0.0% (idle)
    Current:  0.0%
    Expected: < 5%
[OK] Thermal State: 40°C (cool)
    Current:  40°C
    Expected: < 80°C

RESULT: PASSED
  System is ready for calibration.
======================================================================
System Information:
  CPU: aarch64
  Cores: 8 physical, 8 logical
  Memory: 61.3 GB
  Python: 3.8.10
  NumPy: 1.24.4
  PyTorch: 2.1.0a0+41361538.nv23.06

Execution Device:
  Running on: CPU
  Framework:  NUMPY
              (CPU-only, real-world signal processing performance)

Querying CPU clock frequencies...
  CPU Freq: 883 MHz (51% of max 1728 MHz)
  Governor: schedutil
  Power Mode: MODE_30W (nvpmodel 30)

Running calibration benchmarks...

1. STREAM Memory Bandwidth Benchmark
--------------------------------------------------------------------------------
Framework: NumPy (CPU-only)

STREAM Benchmark Suite:
--------------------------------------------------------------------------------

COPY (a[i] = b[i]):
  Memory ops: 2, FLOPs/element: 0
  Size     8 MB...     8.6 GB/s   (4.2%)    1.95 ms
  Size    16 MB...     8.4 GB/s   (4.1%)    3.99 ms
  Size    32 MB...     8.3 GB/s   (4.1%)    8.05 ms
  Size    64 MB...     8.4 GB/s   (4.1%)   15.94 ms
  Size   128 MB...     8.4 GB/s   (4.1%)   31.77 ms
  Size   256 MB...     8.5 GB/s   (4.1%)   63.48 ms
  Size   512 MB...     8.4 GB/s   (4.1%)  127.18 ms

SCALE (a[i] = q * b[i]):
  Memory ops: 2, FLOPs/element: 1
  Size     8 MB...     8.4 GB/s   (4.1%)    2.00 ms  |  1.0 GFLOPS
  Size    16 MB...     8.4 GB/s   (4.1%)    4.01 ms  |  1.0 GFLOPS
  Size    32 MB...     8.4 GB/s   (4.1%)    8.04 ms  |  1.0 GFLOPS
  Size    64 MB...     8.4 GB/s   (4.1%)   15.98 ms  |  1.1 GFLOPS
  Size   128 MB...     8.4 GB/s   (4.1%)   31.85 ms  |  1.1 GFLOPS
  Size   256 MB...     8.4 GB/s   (4.1%)   63.61 ms  |  1.1 GFLOPS
  Size   512 MB...     8.4 GB/s   (4.1%)  127.21 ms  |  1.1 GFLOPS

ADD (a[i] = b[i] + c[i]):
  Memory ops: 3, FLOPs/element: 1
  Size     8 MB...     6.8 GB/s   (3.3%)    3.73 ms  |  0.6 GFLOPS
  Size    16 MB...     6.8 GB/s   (3.3%)    7.41 ms  |  0.6 GFLOPS
  Size    32 MB...     7.0 GB/s   (3.4%)   14.44 ms  |  0.6 GFLOPS
  Size    64 MB...     7.0 GB/s   (3.4%)   28.93 ms  |  0.6 GFLOPS
  Size   128 MB...     7.0 GB/s   (3.4%)   57.84 ms  |  0.6 GFLOPS
  Size   256 MB...     7.0 GB/s   (3.4%)  115.57 ms  |  0.6 GFLOPS
  Size   512 MB...     7.0 GB/s   (3.4%)  230.96 ms  |  0.6 GFLOPS

TRIAD (a[i] = b[i] + q * c[i]):
  Memory ops: 3, FLOPs/element: 2
  Size     8 MB...     3.8 GB/s   (1.9%)    6.61 ms  |  0.6 GFLOPS
  Size    16 MB...     3.6 GB/s   (1.8%)   13.82 ms  |  0.6 GFLOPS
  Size    32 MB...     3.0 GB/s   (1.5%)   33.49 ms  |  0.5 GFLOPS
  Size    64 MB...     3.1 GB/s   (1.5%)   64.86 ms  |  0.5 GFLOPS
  Size   128 MB...     3.2 GB/s   (1.5%)  127.77 ms  |  0.5 GFLOPS
  Size   256 MB...     3.2 GB/s   (1.5%)  254.15 ms  |  0.5 GFLOPS
  Size   512 MB...     3.2 GB/s   (1.6%)  505.82 ms  |  0.5 GFLOPS

================================================================================
STREAM Summary:
--------------------------------------------------------------------------------
Kernel            Best BW    Latency   Efficiency Description
------------------------------------------------------------------------------------------
COPY                8.6 GB/s     1.95 ms        4.2%  a[i] = b[i]
SCALE               8.4 GB/s    63.61 ms        4.1%  a[i] = q * b[i]
ADD                 7.0 GB/s   230.96 ms        3.4%  a[i] = b[i] + c[i]
TRIAD               3.8 GB/s     6.61 ms        1.9%  a[i] = b[i] + q * c[i]

STREAM Score (minimum): 3.0 GB/s
================================================================================
STREAM Score (minimum bandwidth): 3.0 GB/s

2. BLAS Compute Benchmark Suite
--------------------------------------------------------------------------------
Testing precisions: fp64, fp32, tf32, fp16, fp8, fp4, bf16, int64, int32, int16, int8, int4

Framework: NumPy (CPU-only)

BLAS Benchmark Suite:
==========================================================================================

BLAS Level 1: DOT
------------------------------------------------------------------------------------------
  Size     1K:
    fp64      [!] SLOW (   0.8 GFLOPS < 1.0 GFLOPS threshold)    0.00ms
    fp32                                           1.0 GFLOPS    0.00ms
    tf32                                              SKIPPED  (NumPy does not support this precision)
    fp16      [!] SLOW (   0.2 GFLOPS < 1.0 GFLOPS threshold)    0.01ms
    fp8                                               SKIPPED  (NumPy does not support this precision)
    fp4                                               SKIPPED  (NumPy does not support this precision)
    bf16                                              SKIPPED  (NumPy does not support this precision)
    int64      [!] SLOW (   0.6 GIOPS < 1.0 GFLOPS threshold)    0.00ms
    int32      [!] SLOW (   0.7 GIOPS < 1.0 GFLOPS threshold)    0.00ms
    int16      [!] SLOW (   0.7 GIOPS < 1.0 GFLOPS threshold)    0.00ms
    int8       [!] SLOW (   0.7 GIOPS < 1.0 GFLOPS threshold)    0.00ms
    int4                                              SKIPPED  (NumPy does not support this precision)
  Size    10K:
    fp64                                           2.2 GFLOPS    0.01ms
    fp32                                           4.6 GFLOPS    0.00ms
    tf32                                              SKIPPED  (NumPy does not support this precision)
    fp16      [!] SLOW (   0.3 GFLOPS < 1.0 GFLOPS threshold)    0.07ms
    fp8                                               SKIPPED  (NumPy does not support this precision)
    fp4                                               SKIPPED  (NumPy does not support this precision)
    bf16                                              SKIPPED  (NumPy does not support this precision)
    int64                                           1.6 GIOPS    0.01ms
    int32                                           1.8 GIOPS    0.01ms
    int16                                           1.8 GIOPS    0.01ms
    int8                                            2.1 GIOPS    0.01ms
    int4                                              SKIPPED  (NumPy does not support this precision)
  Size   100K:
    fp64                                           2.8 GFLOPS    0.07ms
    fp32                                           5.6 GFLOPS    0.04ms
    tf32                                              SKIPPED  (NumPy does not support this precision)
    fp16      [!] SLOW (   0.3 GFLOPS < 1.0 GFLOPS threshold)    0.70ms
    fp8                                               SKIPPED  (NumPy does not support this precision)
    fp4                                               SKIPPED  (NumPy does not support this precision)
    bf16                                              SKIPPED  (NumPy does not support this precision)
    int64                                           2.1 GIOPS    0.10ms
    int32                                           2.2 GIOPS    0.09ms
    int16                                           2.3 GIOPS    0.09ms
    int8                                            2.8 GIOPS    0.07ms
    int4                                              SKIPPED  (NumPy does not support this precision)
  Size     1M:
    fp64      [!] SLOW (   0.8 GFLOPS < 1.0 GFLOPS threshold)    2.46ms
    fp32                                           2.0 GFLOPS    0.98ms
    tf32                                              SKIPPED  (NumPy does not support this precision)
    fp16      [!] SLOW (   0.3 GFLOPS < 1.0 GFLOPS threshold)    7.00ms
    fp8                                               SKIPPED  (NumPy does not support this precision)
    fp4                                               SKIPPED  (NumPy does not support this precision)
    bf16                                              SKIPPED  (NumPy does not support this precision)
    int64      [!] SLOW (   0.9 GIOPS < 1.0 GFLOPS threshold)    2.30ms
    int32                                           2.1 GIOPS    0.97ms
    int16                                           2.0 GIOPS    1.02ms
    int8                                            2.9 GIOPS    0.69ms
    int4                                              SKIPPED  (NumPy does not support this precision)
  Size    10M:
    fp64      [!] SLOW (   0.6 GFLOPS < 1.0 GFLOPS threshold)   32.37ms
    fp32                                           1.3 GFLOPS   14.91ms
    tf32                                              SKIPPED  (NumPy does not support this precision)
    fp16      [!] SLOW (   0.3 GFLOPS < 1.0 GFLOPS threshold)   69.93ms
    fp8                                               SKIPPED  (NumPy does not support this precision)
    fp4                                               SKIPPED  (NumPy does not support this precision)
    bf16                                              SKIPPED  (NumPy does not support this precision)
    int64      [!] SLOW (   0.7 GIOPS < 1.0 GFLOPS threshold)   30.73ms
    int32                                           1.3 GIOPS   14.83ms
    int16                                           2.3 GIOPS    8.82ms
    int8                                            2.9 GIOPS    6.87ms
    int4                                              SKIPPED  (NumPy does not support this precision)

BLAS Level 1: AXPY
------------------------------------------------------------------------------------------
  Size     1K:
    fp64      [!] SLOW (   0.4 GFLOPS < 1.0 GFLOPS threshold)    0.01ms
    fp32      [!] SLOW (   0.4 GFLOPS < 1.0 GFLOPS threshold)    0.01ms
    tf32                                              SKIPPED  (NumPy does not support this precision)
    fp16      [!] SLOW (   0.1 GFLOPS < 1.0 GFLOPS threshold)    0.03ms
    fp8                                               SKIPPED  (NumPy does not support this precision)
    fp4                                               SKIPPED  (NumPy does not support this precision)
    bf16                                              SKIPPED  (NumPy does not support this precision)
    int64      [!] SLOW (   0.4 GIOPS < 1.0 GFLOPS threshold)    0.01ms
    int32      [!] SLOW (   0.4 GIOPS < 1.0 GFLOPS threshold)    0.01ms
    int16      [!] SLOW (   0.4 GIOPS < 1.0 GFLOPS threshold)    0.00ms
    int8       [!] SLOW (   0.5 GIOPS < 1.0 GFLOPS threshold)    0.00ms
    int4                                              SKIPPED  (NumPy does not support this precision)
  Size    10K:
    fp64      [!] SLOW (   0.8 GFLOPS < 1.0 GFLOPS threshold)    0.03ms
    fp32                                           1.6 GFLOPS    0.01ms
    tf32                                              SKIPPED  (NumPy does not support this precision)
    fp16      [!] SLOW (   0.1 GFLOPS < 1.0 GFLOPS threshold)    0.27ms
    fp8                                               SKIPPED  (NumPy does not support this precision)
    fp4                                               SKIPPED  (NumPy does not support this precision)
    bf16                                              SKIPPED  (NumPy does not support this precision)
    int64      [!] SLOW (   0.7 GIOPS < 1.0 GFLOPS threshold)    0.03ms
    int32                                           1.6 GIOPS    0.01ms
    int16                                           2.3 GIOPS    0.01ms
    int8                                            3.2 GIOPS    0.01ms
    int4                                              SKIPPED  (NumPy does not support this precision)
  Size   100K:
    fp64      [!] SLOW (   0.8 GFLOPS < 1.0 GFLOPS threshold)    0.26ms
    fp32                                           1.5 GFLOPS    0.13ms
    tf32                                              SKIPPED  (NumPy does not support this precision)
    fp16      [!] SLOW (   0.1 GFLOPS < 1.0 GFLOPS threshold)    2.68ms
    fp8                                               SKIPPED  (NumPy does not support this precision)
    fp4                                               SKIPPED  (NumPy does not support this precision)
    bf16                                              SKIPPED  (NumPy does not support this precision)
    int64      [!] SLOW (   0.8 GIOPS < 1.0 GFLOPS threshold)    0.25ms
    int32                                           1.5 GIOPS    0.13ms
    int16                                           2.5 GIOPS    0.08ms
    int8                                            5.6 GIOPS    0.04ms
    int4                                              SKIPPED  (NumPy does not support this precision)
  Size     1M:
    fp64      [!] SLOW (   0.3 GFLOPS < 1.0 GFLOPS threshold)    5.93ms
    fp32      [!] SLOW (   0.8 GFLOPS < 1.0 GFLOPS threshold)    2.41ms
    tf32                                              SKIPPED  (NumPy does not support this precision)
    fp16      [!] SLOW (   0.1 GFLOPS < 1.0 GFLOPS threshold)   26.88ms
    fp8                                               SKIPPED  (NumPy does not support this precision)
    fp4                                               SKIPPED  (NumPy does not support this precision)
    bf16                                              SKIPPED  (NumPy does not support this precision)
    int64      [!] SLOW (   0.3 GIOPS < 1.0 GFLOPS threshold)    5.96ms
    int32      [!] SLOW (   0.8 GIOPS < 1.0 GFLOPS threshold)    2.41ms
    int16                                           2.4 GIOPS    0.84ms
    int8                                            6.0 GIOPS    0.34ms
    int4                                              SKIPPED  (NumPy does not support this precision)
  Size    10M:
    fp64      [!] SLOW (   0.3 GFLOPS < 1.0 GFLOPS threshold)   76.51ms
    fp32      [!] SLOW (   0.5 GFLOPS < 1.0 GFLOPS threshold)   39.08ms
    tf32                                              SKIPPED  (NumPy does not support this precision)
    fp16      [!] SLOW (   0.1 GFLOPS < 1.0 GFLOPS threshold)  270.45ms
    fp8                                               SKIPPED  (NumPy does not support this precision)
    fp4                                               SKIPPED  (NumPy does not support this precision)
    bf16                                              SKIPPED  (NumPy does not support this precision)
    int64      [!] SLOW (   0.3 GIOPS < 1.0 GFLOPS threshold)   75.50ms
    int32      [!] SLOW (   0.5 GIOPS < 1.0 GFLOPS threshold)   39.10ms
    int16                                           1.2 GIOPS   16.48ms
    int8                                            2.6 GIOPS    7.70ms
    int4                                              SKIPPED  (NumPy does not support this precision)

BLAS Level 2: GEMV
------------------------------------------------------------------------------------------
  Size     32:
    fp64      [!] SLOW (   0.2 GFLOPS < 1.0 GFLOPS threshold)    0.01ms
    fp32      [!] SLOW (   0.2 GFLOPS < 1.0 GFLOPS threshold)    0.01ms
    tf32                                              SKIPPED  (NumPy does not support this precision)
    fp16      [!] SLOW (   0.1 GFLOPS < 1.0 GFLOPS threshold)    0.02ms
    fp8                                               SKIPPED  (NumPy does not support this precision)
    fp4                                               SKIPPED  (NumPy does not support this precision)
    bf16                                              SKIPPED  (NumPy does not support this precision)
    int64      [!] SLOW (   0.2 GIOPS < 1.0 GFLOPS threshold)    0.01ms
    int32      [!] SLOW (   0.2 GIOPS < 1.0 GFLOPS threshold)    0.01ms
    int16      [!] SLOW (   0.2 GIOPS < 1.0 GFLOPS threshold)    0.01ms
    int8       [!] SLOW (   0.2 GIOPS < 1.0 GFLOPS threshold)    0.01ms
    int4                                              SKIPPED  (NumPy does not support this precision)
  Size     64:
    fp64      [!] SLOW (   0.9 GFLOPS < 1.0 GFLOPS threshold)    0.01ms
    fp32      [!] SLOW (   0.8 GFLOPS < 1.0 GFLOPS threshold)    0.01ms
    tf32                                              SKIPPED  (NumPy does not support this precision)
    fp16      [!] SLOW (   0.2 GFLOPS < 1.0 GFLOPS threshold)    0.04ms
    fp8                                               SKIPPED  (NumPy does not support this precision)
    fp4                                               SKIPPED  (NumPy does not support this precision)
    bf16                                              SKIPPED  (NumPy does not support this precision)
    int64      [!] SLOW (   0.7 GIOPS < 1.0 GFLOPS threshold)    0.01ms
    int32      [!] SLOW (   0.6 GIOPS < 1.0 GFLOPS threshold)    0.01ms
    int16      [!] SLOW (   0.6 GIOPS < 1.0 GFLOPS threshold)    0.01ms
    int8       [!] SLOW (   0.6 GIOPS < 1.0 GFLOPS threshold)    0.01ms
    int4                                              SKIPPED  (NumPy does not support this precision)
  Size    128:
    fp64                                           1.9 GFLOPS    0.02ms
    fp32                                           2.4 GFLOPS    0.01ms
    tf32                                              SKIPPED  (NumPy does not support this precision)
    fp16      [!] SLOW (   0.2 GFLOPS < 1.0 GFLOPS threshold)    0.14ms
    fp8                                               SKIPPED  (NumPy does not support this precision)
    fp4                                               SKIPPED  (NumPy does not support this precision)
    bf16                                              SKIPPED  (NumPy does not support this precision)
    int64                                           1.2 GIOPS    0.03ms
    int32                                           1.3 GIOPS    0.02ms
    int16      [!] SLOW (   0.9 GIOPS < 1.0 GFLOPS threshold)    0.03ms
    int8       [!] SLOW (   1.0 GIOPS < 1.0 GFLOPS threshold)    0.03ms
    int4                                              SKIPPED  (NumPy does not support this precision)
  Size    256:
    fp64                                           6.6 GFLOPS    0.02ms
    fp32                                           8.9 GFLOPS    0.01ms
    tf32                                              SKIPPED  (NumPy does not support this precision)
    fp16      [!] SLOW (   0.3 GFLOPS < 1.0 GFLOPS threshold)    0.50ms
    fp8                                               SKIPPED  (NumPy does not support this precision)
    fp4                                               SKIPPED  (NumPy does not support this precision)
    bf16                                              SKIPPED  (NumPy does not support this precision)
    int64                                           1.9 GIOPS    0.07ms
    int32                                           1.9 GIOPS    0.07ms
    int16                                           1.1 GIOPS    0.12ms
    int8                                            1.1 GIOPS    0.12ms
    int4                                              SKIPPED  (NumPy does not support this precision)
  Size    512:
    fp64                                          14.8 GFLOPS    0.04ms
    fp32                                          17.6 GFLOPS    0.03ms
    tf32                                              SKIPPED  (NumPy does not support this precision)
    fp16      [!] SLOW (   0.3 GFLOPS < 1.0 GFLOPS threshold)    1.96ms
    fp8                                               SKIPPED  (NumPy does not support this precision)
    fp4                                               SKIPPED  (NumPy does not support this precision)
    bf16                                              SKIPPED  (NumPy does not support this precision)
    int64                                           2.1 GIOPS    0.25ms
    int32                                           2.1 GIOPS    0.25ms
    int16                                           1.1 GIOPS    0.46ms
    int8                                            1.1 GIOPS    0.46ms
    int4                                              SKIPPED  (NumPy does not support this precision)
  Size     1K:
    fp64                                           8.0 GFLOPS    0.26ms
    fp32                                          25.6 GFLOPS    0.08ms
    tf32                                              SKIPPED  (NumPy does not support this precision)
    fp16      [!] SLOW (   0.3 GFLOPS < 1.0 GFLOPS threshold)    7.59ms
    fp8                                               SKIPPED  (NumPy does not support this precision)
    fp4                                               SKIPPED  (NumPy does not support this precision)
    bf16                                              SKIPPED  (NumPy does not support this precision)
    int64                                           1.6 GIOPS    1.34ms
    int32                                           1.9 GIOPS    1.09ms
    int16                                           1.1 GIOPS    1.84ms
    int8                                            1.1 GIOPS    1.83ms
    int4                                              SKIPPED  (NumPy does not support this precision)
  Size     2K:
    fp64                                           4.5 GFLOPS    1.85ms
    fp32                                          11.0 GFLOPS    0.76ms
    tf32                                              SKIPPED  (NumPy does not support this precision)
    fp16      [!] SLOW (   0.3 GFLOPS < 1.0 GFLOPS threshold)   30.39ms
    fp8                                               SKIPPED  (NumPy does not support this precision)
    fp4                                               SKIPPED  (NumPy does not support this precision)
    bf16                                              SKIPPED  (NumPy does not support this precision)
    int64                                           1.3 GIOPS    6.36ms
    int32                                           2.2 GIOPS    3.77ms
    int16                                           1.1 GIOPS    7.33ms
    int8                                            1.1 GIOPS    7.32ms
    int4                                              SKIPPED  (NumPy does not support this precision)

BLAS Level 3: GEMM
------------------------------------------------------------------------------------------
  Size     32:
    fp64                                           2.6 GFLOPS    0.02ms
    fp32                                           2.6 GFLOPS    0.03ms
    tf32                                              SKIPPED  (NumPy does not support this precision)
    fp16      [!] SLOW (   0.2 GFLOPS < 1.0 GFLOPS threshold)    0.30ms
    fp8                                               SKIPPED  (NumPy does not support this precision)
    fp4                                               SKIPPED  (NumPy does not support this precision)
    bf16                                              SKIPPED  (NumPy does not support this precision)
    int64                                           1.5 GIOPS    0.04ms
    int32                                           1.5 GIOPS    0.04ms
    int16                                           1.2 GIOPS    0.05ms
    int8                                            1.2 GIOPS    0.05ms
    int4                                              SKIPPED  (NumPy does not support this precision)
  Size     64:
    fp64                                           6.4 GFLOPS    0.08ms
    fp32                                          10.1 GFLOPS    0.05ms
    tf32                                              SKIPPED  (NumPy does not support this precision)
    fp16      [!] SLOW (   0.2 GFLOPS < 1.0 GFLOPS threshold)    2.13ms
    fp8                                               SKIPPED  (NumPy does not support this precision)
    fp4                                               SKIPPED  (NumPy does not support this precision)
    bf16                                              SKIPPED  (NumPy does not support this precision)
    int64                                           2.0 GIOPS    0.26ms
    int32                                           2.0 GIOPS    0.26ms
    int16                                           1.3 GIOPS    0.39ms
    int8                                            1.4 GIOPS    0.39ms
    int4                                              SKIPPED  (NumPy does not support this precision)
  Size    128:
    fp64                                          19.6 GFLOPS    0.21ms
    fp32                                          40.1 GFLOPS    0.10ms
    tf32                                              SKIPPED  (NumPy does not support this precision)
    fp16      [!] SLOW (   0.3 GFLOPS < 1.0 GFLOPS threshold)   15.90ms
    fp8                                               SKIPPED  (NumPy does not support this precision)
    fp4                                               SKIPPED  (NumPy does not support this precision)
    bf16                                              SKIPPED  (NumPy does not support this precision)
    int64      [!] SLOW (   0.8 GIOPS < 1.0 GFLOPS threshold)    5.16ms
    int32                                           2.2 GIOPS    1.92ms
    int16                                           1.3 GIOPS    3.35ms
    int8                                            1.3 GIOPS    3.34ms
    int4                                              SKIPPED  (NumPy does not support this precision)
  Size    256:
    fp64                                          37.2 GFLOPS    0.90ms
    fp32                                          63.4 GFLOPS    0.53ms
    tf32                                              SKIPPED  (NumPy does not support this precision)
    fp16      [!] SLOW (   0.3 GFLOPS < 1.0 GFLOPS threshold)  125.13ms
    fp8                                               SKIPPED  (NumPy does not support this precision)
    fp4                                               SKIPPED  (NumPy does not support this precision)
    bf16                                              SKIPPED  (NumPy does not support this precision)
    int64      [!] SLOW (   0.7 GIOPS < 1.0 GFLOPS threshold)   45.15ms
    int32      [!] SLOW (   0.8 GIOPS < 1.0 GFLOPS threshold)   40.58ms
    int16      [!] SLOW (   0.8 GIOPS < 1.0 GFLOPS threshold)   40.00ms
    int8                                            1.2 GIOPS   28.12ms
    int4                                              SKIPPED  (NumPy does not support this precision)
  Size    512:
    fp64                                          47.4 GFLOPS    5.66ms
    fp32                                          98.4 GFLOPS    2.73ms
    tf32                                              SKIPPED  (NumPy does not support this precision)
    fp16                                              SKIPPED  (Skipped (poor performance at size 256: 0.3 GFLOPS < 1.0 GFLOPS))
    fp8                                               SKIPPED  (NumPy does not support this precision)
    fp4                                               SKIPPED  (NumPy does not support this precision)
    bf16                                              SKIPPED  (NumPy does not support this precision)
    int64                                             SKIPPED  (Skipped (poor performance at size 256: 0.7 GFLOPS < 1.0 GFLOPS))
    int32                                             SKIPPED  (Skipped (poor performance at size 256: 0.8 GFLOPS < 1.0 GFLOPS))
    int16                                             SKIPPED  (Skipped (poor performance at size 256: 0.8 GFLOPS < 1.0 GFLOPS))
    int8       [!] SLOW (   0.8 GIOPS < 1.0 GFLOPS threshold)  345.56ms
    int4                                              SKIPPED  (NumPy does not support this precision)
  Size     1K:
    fp64                                          61.3 GFLOPS   35.04ms
    fp32                                         133.1 GFLOPS   16.13ms
    tf32                                              SKIPPED  (NumPy does not support this precision)
    fp16                                              SKIPPED  (Skipped (poor performance at size 256: 0.3 GFLOPS < 1.0 GFLOPS))
    fp8                                               SKIPPED  (NumPy does not support this precision)
    fp4                                               SKIPPED  (NumPy does not support this precision)
    bf16                                              SKIPPED  (NumPy does not support this precision)
    int64                                             SKIPPED  (Skipped (poor performance at size 256: 0.7 GFLOPS < 1.0 GFLOPS))
    int32                                             SKIPPED  (Skipped (poor performance at size 256: 0.8 GFLOPS < 1.0 GFLOPS))
    int16                                             SKIPPED  (Skipped (poor performance at size 256: 0.8 GFLOPS < 1.0 GFLOPS))
    int8                                              SKIPPED  (Skipped (poor performance at size 512: 0.8 GFLOPS < 1.0 GFLOPS))
    int4                                              SKIPPED  (NumPy does not support this precision)
  Size     2K:
    fp64                                          66.7 GFLOPS  257.73ms
    fp32                                         157.8 GFLOPS  108.86ms
    tf32                                              SKIPPED  (NumPy does not support this precision)
    fp16                                              SKIPPED  (Skipped (poor performance at size 256: 0.3 GFLOPS < 1.0 GFLOPS))
    fp8                                               SKIPPED  (NumPy does not support this precision)
    fp4                                               SKIPPED  (NumPy does not support this precision)
    bf16                                              SKIPPED  (NumPy does not support this precision)
    int64                                             SKIPPED  (Skipped (poor performance at size 256: 0.7 GFLOPS < 1.0 GFLOPS))
    int32                                             SKIPPED  (Skipped (poor performance at size 256: 0.8 GFLOPS < 1.0 GFLOPS))
    int16                                             SKIPPED  (Skipped (poor performance at size 256: 0.8 GFLOPS < 1.0 GFLOPS))
    int8                                              SKIPPED  (Skipped (poor performance at size 512: 0.8 GFLOPS < 1.0 GFLOPS))
    int4                                              SKIPPED  (NumPy does not support this precision)

==========================================================================================
BLAS Suite Complete: 24 calibrations
==========================================================================================

Building precision capability matrix...

Calibration saved to: hardware_registry/cpu/jetson_orin_agx_cpu/calibrations/pending_numpy.json

================================================================================
Hardware Calibration: Jetson Orin AGX (CPU)
Date: 2026-01-29T15:28:23.634139
================================================================================

Framework: NUMPY
Device:    CPU

Theoretical Specifications:
  Peak GFLOPS (FP32): 422.4
  Peak Bandwidth:     204.8 GB/s

STREAM Memory Bandwidth Benchmark:
  Kernel           Size (MB)    Bandwidth    Latency   Efficiency Description
  -----------------------------------------------------------------------------------------------
  COPY                     8        8.6 GB/s     1.95 ms        4.2%  a[i] = b[i]
  SCALE                  256        8.4 GB/s    63.61 ms        4.1%  a[i] = q * b[i]
  ADD                    512        7.0 GB/s   230.96 ms        3.4%  a[i] = b[i] + c[i]
  TRIAD                    8        3.8 GB/s     6.61 ms        1.9%  a[i] = b[i] + q * c[i]

  STREAM Score (minimum): 3.0 GB/s

BLAS Performance Summary (Highest Throughput by Precision):
  Operation          fp64       fp32       tf32       fp16        fp8        fp4       bf16      int64      int32      int16       int8       int4   Best Precision
  ------------------------------------------------------------------------------------------------------------------------------------------------------------------
  AXPY                0.8        1.6        N/A        0.1        N/A        N/A        N/A        0.8        1.6        2.5        6.0        N/A             int8
  DOT                 2.8        5.6        N/A        0.3        N/A        N/A        N/A        2.1        2.2        2.3        2.9        N/A             fp32
  GEMV               14.8       25.6        N/A        0.3        N/A        N/A        N/A        2.1        2.2        1.1        1.1        N/A             fp32
  GEMM               66.7      157.8        N/A        0.3        N/A        N/A        N/A        2.0        2.2        1.3        1.4        N/A             fp32

BLAS Compute Performance (by Operation and Precision):
========================================================================================================================

Level 1: Vector-Vector (O(n))
------------------------------------------------------------------------------------------------------------------------

AXPY:
  Precision   Best Size Highest Throughput    Latency       AI   Efficiency
  --------------------------------------------------------------------------------
  fp64              10K         0.8 GFLOPS     0.03ms     0.08        0.4%
  fp32              10K         1.6 GFLOPS     0.01ms     0.17        0.4%
  fp16             100K         0.1 GFLOPS     2.68ms     0.33        0.0%
  int64            100K          0.8 GIOPS     0.25ms     0.08        0.4%
  int32             10K          1.6 GIOPS     0.01ms     0.17        0.4%
  int16            100K          2.5 GIOPS     0.08ms     0.33        0.3%
  int8               1M          6.0 GIOPS     0.34ms     0.67        0.4%

DOT:
  Precision   Best Size Highest Throughput    Latency       AI   Efficiency
  --------------------------------------------------------------------------------
  fp64             100K         2.8 GFLOPS     0.07ms     0.12        1.3%
  fp32             100K         5.6 GFLOPS     0.04ms     0.25        1.3%
  fp16              10M         0.3 GFLOPS    69.93ms     0.50        0.0%
  int64            100K          2.1 GIOPS     0.10ms     0.12        1.0%
  int32            100K          2.2 GIOPS     0.09ms     0.25        0.5%
  int16             10M          2.3 GIOPS     8.82ms     0.50        0.3%
  int8              10M          2.9 GIOPS     6.87ms     1.00        0.2%

Level 2: Matrix-Vector (O(n²))
------------------------------------------------------------------------------------------------------------------------

GEMV:
  Precision   Best Size Highest Throughput    Latency       AI   Efficiency
  --------------------------------------------------------------------------------
  fp64              512        14.8 GFLOPS     0.04ms     0.25        7.0%
  fp32               1K        25.6 GFLOPS     0.08ms     0.50        6.1%
  fp16               1K         0.3 GFLOPS     7.59ms     1.00        0.0%
  int64             512          2.1 GIOPS     0.25ms     0.25        1.0%
  int32              2K          2.2 GIOPS     3.77ms     0.50        0.5%
  int16              2K          1.1 GIOPS     7.33ms     1.00        0.1%
  int8               1K          1.1 GIOPS     1.83ms     2.00        0.1%

Level 3: Matrix-Matrix (O(n³))
------------------------------------------------------------------------------------------------------------------------

GEMM:
  Precision   Best Size Highest Throughput    Latency       AI   Efficiency
  --------------------------------------------------------------------------------
  fp64               2K        66.7 GFLOPS   257.73ms   170.67       31.6%
  fp32               2K       157.8 GFLOPS   108.86ms   341.33       37.4%
  fp16              256         0.3 GFLOPS   125.13ms    85.33        0.0%
  int64              64          2.0 GIOPS     0.26ms     5.33        0.9%
  int32             128          2.2 GIOPS     1.92ms    21.33        0.5%
  int16              64          1.3 GIOPS     0.39ms    21.33        0.2%
  int8               64          1.4 GIOPS     0.39ms    42.67        0.1%

Precision Support Summary:
  Supported:   fp64, fp32, fp16, int64, int32, int16, int8
  Unsupported: tf32, fp8, fp4, bf16, int4


================================================================================
Calibration Complete!
================================================================================

Calibration file: hardware_registry/cpu/jetson_orin_agx_cpu/calibrations/MODE30W_883MHz_numpy_20260129T152936Z.json

Next steps:
  1. Review the calibration results above
  2. View calibration efficiency:
     ./cli/show_calibration_efficiency.py --id jetson_orin_agx_cpu

  3. Use in analysis (calibration auto-loaded from registry):
     ./cli/analyze_comprehensive.py --model resnet18 --hardware jetson_orin_agx_cpu
