(.venv) cjuser@sdhome-jetson:/mnt/nvme/dev/branes/clones/graphs$ cli/calibrate_dla.py --precision int8 --nsys
Detected 2 DLA core(s)

######################################################################
# DLA Core 0, Precision: INT8
######################################################################

======================================================================
  DLA Calibration
  Hardware:   Jetson AGX Orin for DSBOARD-AGX
  DLA Core:   0 (of 2)
  Precision:  INT8
  Fallback:   GPU
  Power Mode: MODE_50W (ID: 3)
  Clocks:     dvfs
  TensorRT:   8.5.2.2
======================================================================

Running synthetic layer benchmarks...
====== Diagnostic Run torch.onnx.export version 2.1.0a0+41361538.nv23.06 =======
verbose: False, log level: Level.ERROR
======================= 0 NONE 0 NOTE 0 WARNING 0 ERROR ========================

====== Diagnostic Run torch.onnx.export version 2.1.0a0+41361538.nv23.06 =======
verbose: False, log level: Level.ERROR
======================= 0 NONE 0 NOTE 0 WARNING 0 ERROR ========================

====== Diagnostic Run torch.onnx.export version 2.1.0a0+41361538.nv23.06 =======
verbose: False, log level: Level.ERROR
======================= 0 NONE 0 NOTE 0 WARNING 0 ERROR ========================

====== Diagnostic Run torch.onnx.export version 2.1.0a0+41361538.nv23.06 =======
verbose: False, log level: Level.ERROR
======================= 0 NONE 0 NOTE 0 WARNING 0 ERROR ========================

====== Diagnostic Run torch.onnx.export version 2.1.0a0+41361538.nv23.06 =======
verbose: False, log level: Level.ERROR
======================= 0 NONE 0 NOTE 0 WARNING 0 ERROR ========================

====== Diagnostic Run torch.onnx.export version 2.1.0a0+41361538.nv23.06 =======
verbose: False, log level: Level.ERROR
======================= 0 NONE 0 NOTE 0 WARNING 0 ERROR ========================

====== Diagnostic Run torch.onnx.export version 2.1.0a0+41361538.nv23.06 =======
verbose: False, log level: Level.ERROR
======================= 0 NONE 0 NOTE 0 WARNING 0 ERROR ========================

====== Diagnostic Run torch.onnx.export version 2.1.0a0+41361538.nv23.06 =======
verbose: False, log level: Level.ERROR
======================= 0 NONE 0 NOTE 0 WARNING 0 ERROR ========================

====== Diagnostic Run torch.onnx.export version 2.1.0a0+41361538.nv23.06 =======
verbose: False, log level: Level.ERROR
======================= 0 NONE 0 NOTE 0 WARNING 0 ERROR ========================

====== Diagnostic Run torch.onnx.export version 2.1.0a0+41361538.nv23.06 =======
verbose: False, log level: Level.ERROR
======================= 0 NONE 0 NOTE 0 WARNING 0 ERROR ========================

====== Diagnostic Run torch.onnx.export version 2.1.0a0+41361538.nv23.06 =======
verbose: False, log level: Level.ERROR
======================= 0 NONE 0 NOTE 0 WARNING 0 ERROR ========================

====== Diagnostic Run torch.onnx.export version 2.1.0a0+41361538.nv23.06 =======
verbose: False, log level: Level.ERROR
======================= 0 NONE 0 NOTE 0 WARNING 0 ERROR ========================

====== Diagnostic Run torch.onnx.export version 2.1.0a0+41361538.nv23.06 =======
verbose: False, log level: Level.ERROR
======================= 0 NONE 0 NOTE 0 WARNING 0 ERROR ========================

====== Diagnostic Run torch.onnx.export version 2.1.0a0+41361538.nv23.06 =======
verbose: False, log level: Level.ERROR
======================= 0 NONE 0 NOTE 0 WARNING 0 ERROR ========================

====== Diagnostic Run torch.onnx.export version 2.1.0a0+41361538.nv23.06 =======
verbose: False, log level: Level.ERROR
======================= 0 NONE 0 NOTE 0 WARNING 0 ERROR ========================

====== Diagnostic Run torch.onnx.export version 2.1.0a0+41361538.nv23.06 =======
verbose: False, log level: Level.ERROR
======================= 0 NONE 0 NOTE 0 WARNING 0 ERROR ========================

====== Diagnostic Run torch.onnx.export version 2.1.0a0+41361538.nv23.06 =======
verbose: False, log level: Level.ERROR
======================= 0 NONE 0 NOTE 0 WARNING 0 ERROR ========================

====== Diagnostic Run torch.onnx.export version 2.1.0a0+41361538.nv23.06 =======
verbose: False, log level: Level.ERROR
======================= 0 NONE 0 NOTE 0 WARNING 0 ERROR ========================

====== Diagnostic Run torch.onnx.export version 2.1.0a0+41361538.nv23.06 =======
verbose: False, log level: Level.ERROR
======================= 0 NONE 0 NOTE 0 WARNING 0 ERROR ========================

    Conv2d(3,64,k3,s1)                  0.602ms [DLA]
    Conv2d(64,64,k3,s1)                 0.223ms [DLA]
    Conv2d(64,128,k3,s2)                0.213ms [DLA]
    Conv2d(128,256,k3,s2)               0.211ms [DLA]
    Conv2d(256,512,k3,s2)               0.229ms [DLA]
    Conv2d(64,256,k1,s1)                0.326ms [DLA]
    Conv2d(256,64,k1,s1)                0.297ms [DLA]
    Conv2d(512,2048,k1,s1)              0.227ms [DLA]
    Conv2d(32,64,k5,s1)                 0.415ms [DLA]
    DWConv(32,k3,s1)                    0.315ms [DLA]
    DWConv(64,k3,s2)                    0.200ms [DLA]
    DWConv(128,k3,s1)                   0.221ms [DLA]
    DWConv(256,k5,s1)                   0.220ms [DLA]
    DWConv(512,k3,s1)                   0.197ms [DLA]
    FC(512,512)                         0.275ms [DLA]
    FC(512,1000)                        0.273ms [DLA]
    FC(1024,1024)                       0.287ms [DLA]
    FC(2048,1000)                       0.330ms [DLA]
    FC(2048,2048)                       0.379ms [DLA]

Running reference model benchmarks...
  Benchmarking resnet18 on DLA core 0 (int8)...
/mnt/nvme/dev/branes/clones/graphs/.venv/lib/python3.8/site-packages/torchvision/io/image.py:13: UserWarning: Failed to load image Python extension: '/mnt/nvme/dev/branes/clones/graphs/.venv/lib/python3.8/site-packages/torchvision/image.so: undefined symbol: _ZN5torch3jit17parseSchemaOrNameERKSs'If you don't plan on using image functionality from `torchvision.io`, you can ignore this warning. Otherwise, there might be something wrong with your environment. Did you have `libjpeg` or `libpng` installed before building `torchvision` from source?
  warn(
====== Diagnostic Run torch.onnx.export version 2.1.0a0+41361538.nv23.06 =======
verbose: False, log level: Level.ERROR
======================= 0 NONE 0 NOTE 0 WARNING 0 ERROR ========================

    2.15 ms, 464.9 FPS, DLA: 16/67 layers
  Benchmarking mobilenet_v2 on DLA core 0 (int8)...
====== Diagnostic Run torch.onnx.export version 2.1.0a0+41361538.nv23.06 =======
verbose: False, log level: Level.ERROR
======================= 0 NONE 0 NOTE 0 WARNING 0 ERROR ========================

    3.89 ms, 256.9 FPS, DLA: 28/161 layers

Running nsys profiling for utilization metrics...
====== Diagnostic Run torch.onnx.export version 2.1.0a0+41361538.nv23.06 =======
verbose: False, log level: Level.ERROR
======================= 0 NONE 0 NOTE 0 WARNING 0 ERROR ========================

  Profiling resnet18...
    GPU busy: 124.170ms, DLA busy: 0.000ms, U: 100.0%
====== Diagnostic Run torch.onnx.export version 2.1.0a0+41361538.nv23.06 =======
verbose: False, log level: Level.ERROR
======================= 0 NONE 0 NOTE 0 WARNING 0 ERROR ========================

  Profiling mobilenet_v2...
nsys profile failed: WARNING: 'timer' backtrace collection trigger will not be used because sampling is disabled.
WARNING: 'sched' backtrace collection trigger will not be used because sampling is disabled.

    mobilenet_v2: nsys profiling failed

======================================================================
  DLA Calibration Complete
  Results: 21/21 succeeded, 0 failed
  Saved:   /mnt/nvme/dev/branes/clones/graphs/hardware_registry/accelerator/nvidia_dla_orin/calibrations/dla0_int8_mode_50w_20260131T231725Z.json
======================================================================


######################################################################
# DLA Core 1, Precision: INT8
######################################################################

======================================================================
  DLA Calibration
  Hardware:   Jetson AGX Orin for DSBOARD-AGX
  DLA Core:   1 (of 2)
  Precision:  INT8
  Fallback:   GPU
  Power Mode: MODE_50W (ID: 3)
  Clocks:     dvfs
  TensorRT:   8.5.2.2
======================================================================

Running synthetic layer benchmarks...
====== Diagnostic Run torch.onnx.export version 2.1.0a0+41361538.nv23.06 =======
verbose: False, log level: Level.ERROR
======================= 0 NONE 0 NOTE 0 WARNING 0 ERROR ========================

====== Diagnostic Run torch.onnx.export version 2.1.0a0+41361538.nv23.06 =======
verbose: False, log level: Level.ERROR
======================= 0 NONE 0 NOTE 0 WARNING 0 ERROR ========================

====== Diagnostic Run torch.onnx.export version 2.1.0a0+41361538.nv23.06 =======
verbose: False, log level: Level.ERROR
======================= 0 NONE 0 NOTE 0 WARNING 0 ERROR ========================

====== Diagnostic Run torch.onnx.export version 2.1.0a0+41361538.nv23.06 =======
verbose: False, log level: Level.ERROR
======================= 0 NONE 0 NOTE 0 WARNING 0 ERROR ========================

====== Diagnostic Run torch.onnx.export version 2.1.0a0+41361538.nv23.06 =======
verbose: False, log level: Level.ERROR
======================= 0 NONE 0 NOTE 0 WARNING 0 ERROR ========================

====== Diagnostic Run torch.onnx.export version 2.1.0a0+41361538.nv23.06 =======
verbose: False, log level: Level.ERROR
======================= 0 NONE 0 NOTE 0 WARNING 0 ERROR ========================

====== Diagnostic Run torch.onnx.export version 2.1.0a0+41361538.nv23.06 =======
verbose: False, log level: Level.ERROR
======================= 0 NONE 0 NOTE 0 WARNING 0 ERROR ========================

====== Diagnostic Run torch.onnx.export version 2.1.0a0+41361538.nv23.06 =======
verbose: False, log level: Level.ERROR
======================= 0 NONE 0 NOTE 0 WARNING 0 ERROR ========================

====== Diagnostic Run torch.onnx.export version 2.1.0a0+41361538.nv23.06 =======
verbose: False, log level: Level.ERROR
======================= 0 NONE 0 NOTE 0 WARNING 0 ERROR ========================

====== Diagnostic Run torch.onnx.export version 2.1.0a0+41361538.nv23.06 =======
verbose: False, log level: Level.ERROR
======================= 0 NONE 0 NOTE 0 WARNING 0 ERROR ========================

====== Diagnostic Run torch.onnx.export version 2.1.0a0+41361538.nv23.06 =======
verbose: False, log level: Level.ERROR
======================= 0 NONE 0 NOTE 0 WARNING 0 ERROR ========================

====== Diagnostic Run torch.onnx.export version 2.1.0a0+41361538.nv23.06 =======
verbose: False, log level: Level.ERROR
======================= 0 NONE 0 NOTE 0 WARNING 0 ERROR ========================

====== Diagnostic Run torch.onnx.export version 2.1.0a0+41361538.nv23.06 =======
verbose: False, log level: Level.ERROR
======================= 0 NONE 0 NOTE 0 WARNING 0 ERROR ========================

====== Diagnostic Run torch.onnx.export version 2.1.0a0+41361538.nv23.06 =======
verbose: False, log level: Level.ERROR
======================= 0 NONE 0 NOTE 0 WARNING 0 ERROR ========================

====== Diagnostic Run torch.onnx.export version 2.1.0a0+41361538.nv23.06 =======
verbose: False, log level: Level.ERROR
======================= 0 NONE 0 NOTE 0 WARNING 0 ERROR ========================

====== Diagnostic Run torch.onnx.export version 2.1.0a0+41361538.nv23.06 =======
verbose: False, log level: Level.ERROR
======================= 0 NONE 0 NOTE 0 WARNING 0 ERROR ========================

====== Diagnostic Run torch.onnx.export version 2.1.0a0+41361538.nv23.06 =======
verbose: False, log level: Level.ERROR
======================= 0 NONE 0 NOTE 0 WARNING 0 ERROR ========================

====== Diagnostic Run torch.onnx.export version 2.1.0a0+41361538.nv23.06 =======
verbose: False, log level: Level.ERROR
======================= 0 NONE 0 NOTE 0 WARNING 0 ERROR ========================

====== Diagnostic Run torch.onnx.export version 2.1.0a0+41361538.nv23.06 =======
verbose: False, log level: Level.ERROR
======================= 0 NONE 0 NOTE 0 WARNING 0 ERROR ========================

    Conv2d(3,64,k3,s1)                  0.614ms [DLA]
    Conv2d(64,64,k3,s1)                 0.221ms [DLA]
    Conv2d(64,128,k3,s2)                0.207ms [DLA]
    Conv2d(128,256,k3,s2)               0.209ms [DLA]
    Conv2d(256,512,k3,s2)               0.219ms [DLA]
    Conv2d(64,256,k1,s1)                0.329ms [DLA]
    Conv2d(256,64,k1,s1)                0.296ms [DLA]
    Conv2d(512,2048,k1,s1)              0.239ms [DLA]
    Conv2d(32,64,k5,s1)                 0.415ms [DLA]
    DWConv(32,k3,s1)                    0.430ms [DLA]
    DWConv(64,k3,s2)                    0.232ms [DLA]
    DWConv(128,k3,s1)                   0.267ms [DLA]
    DWConv(256,k5,s1)                   0.262ms [DLA]
    DWConv(512,k3,s1)                   0.237ms [DLA]
    FC(512,512)                         0.320ms [DLA]
    FC(512,1000)                        0.340ms [DLA]
    FC(1024,1024)                       0.341ms [DLA]
    FC(2048,1000)                       0.326ms [DLA]
    FC(2048,2048)                       0.374ms [DLA]

Running reference model benchmarks...
  Benchmarking resnet18 on DLA core 1 (int8)...
====== Diagnostic Run torch.onnx.export version 2.1.0a0+41361538.nv23.06 =======
verbose: False, log level: Level.ERROR
======================= 0 NONE 0 NOTE 0 WARNING 0 ERROR ========================

    2.22 ms, 450.1 FPS, DLA: 16/67 layers
  Benchmarking mobilenet_v2 on DLA core 1 (int8)...
====== Diagnostic Run torch.onnx.export version 2.1.0a0+41361538.nv23.06 =======
verbose: False, log level: Level.ERROR
======================= 0 NONE 0 NOTE 0 WARNING 0 ERROR ========================

    3.93 ms, 254.1 FPS, DLA: 28/161 layers

Running nsys profiling for utilization metrics...
====== Diagnostic Run torch.onnx.export version 2.1.0a0+41361538.nv23.06 =======
verbose: False, log level: Level.ERROR
======================= 0 NONE 0 NOTE 0 WARNING 0 ERROR ========================

  Profiling resnet18...
nsys profile failed: WARNING: 'timer' backtrace collection trigger will not be used because sampling is disabled.
WARNING: 'sched' backtrace collection trigger will not be used because sampling is disabled.

    resnet18: nsys profiling failed
====== Diagnostic Run torch.onnx.export version 2.1.0a0+41361538.nv23.06 =======
verbose: False, log level: Level.ERROR
======================= 0 NONE 0 NOTE 0 WARNING 0 ERROR ========================

  Profiling mobilenet_v2...
nsys profile failed: WARNING: 'timer' backtrace collection trigger will not be used because sampling is disabled.
WARNING: 'sched' backtrace collection trigger will not be used because sampling is disabled.

    mobilenet_v2: nsys profiling failed

======================================================================
  DLA Calibration Complete
  Results: 21/21 succeeded, 0 failed
  Saved:   /mnt/nvme/dev/branes/clones/graphs/hardware_registry/accelerator/nvidia_dla_orin/calibrations/dla1_int8_mode_50w_20260131T232839Z.json
======================================================================


======================================================================
  DLA Calibration Summary
======================================================================
================================================================================
DLA Calibration: Jetson AGX Orin for DSBOARD-AGX
  Core: DLA 0  |  Precision: INT8
  Date: 2026-01-31T23:17:25.252898+00:00
  TensorRT: 8.5.2.2
  Power Mode: MODE_50W
  Clock Policy: dvfs
================================================================================

Synthetic Layer Benchmarks (19 succeeded, 0 failed):
  Layer                                  Latency     TFLOPS     E(%)   DLA   GPU
  ------------------------------------------------------------------------------
  Conv2d(3,64,k3,s1)                     0.602ms      0.288      5.4     3     0
  Conv2d(64,64,k3,s1)                    0.223ms      1.039     19.5     3     0
  Conv2d(64,128,k3,s2)                   0.213ms      0.544     10.2     3     0
  Conv2d(128,256,k3,s2)                  0.211ms      0.547     10.3     3     0
  Conv2d(256,512,k3,s2)                  0.229ms      0.506      9.5     3     0
  Conv2d(64,256,k1,s1)                   0.326ms      0.316      5.9     3     0
  Conv2d(256,64,k1,s1)                   0.297ms      0.346      6.5     3     0
  Conv2d(512,2048,k1,s1)                 0.227ms      0.453      8.5     3     0
  Conv2d(32,64,k5,s1)                    0.415ms      3.098     58.2     3     0
  DWConv(32,k3,s1)                       0.315ms      0.023      0.4     3     0
  DWConv(64,k3,s2)                       0.200ms      0.005      0.1     3     0
  DWConv(128,k3,s1)                      0.221ms      0.008      0.2     3     0
  DWConv(256,k5,s1)                      0.220ms      0.011      0.2     3     0
  DWConv(512,k3,s1)                      0.197ms      0.002      0.0     3     0
  FC(512,512)                            0.275ms      0.002      0.0     3     6
  FC(512,1000)                           0.273ms      0.004      0.1     3     5
  FC(1024,1024)                          0.287ms      0.007      0.1     3     6
  FC(2048,1000)                          0.330ms      0.012      0.2     3     4
  FC(2048,2048)                          0.379ms      0.022      0.4     3     6

Reference Model Benchmarks:
  Model                   Latency        FPS    X(GFLOPS)     E(%)     U(%)     DLA%    DLA/Total
  -------------------------------------------------------------------------------------
  resnet18                 2.15ms      464.9        836.8     15.7    100.0    23.9%   16/67
  mobilenet_v2             3.89ms      256.9         77.1      1.4      N/A    17.4%   28/161

================================================================================
DLA Calibration: Jetson AGX Orin for DSBOARD-AGX
  Core: DLA 1  |  Precision: INT8
  Date: 2026-01-31T23:28:39.078786+00:00
  TensorRT: 8.5.2.2
  Power Mode: MODE_50W
  Clock Policy: dvfs
================================================================================

Synthetic Layer Benchmarks (19 succeeded, 0 failed):
  Layer                                  Latency     TFLOPS     E(%)   DLA   GPU
  ------------------------------------------------------------------------------
  Conv2d(3,64,k3,s1)                     0.614ms      0.282      5.3     3     0
  Conv2d(64,64,k3,s1)                    0.221ms      1.045     19.6     3     0
  Conv2d(64,128,k3,s2)                   0.207ms      0.559     10.5     3     0
  Conv2d(128,256,k3,s2)                  0.209ms      0.553     10.4     3     0
  Conv2d(256,512,k3,s2)                  0.219ms      0.528      9.9     3     0
  Conv2d(64,256,k1,s1)                   0.329ms      0.313      5.9     3     0
  Conv2d(256,64,k1,s1)                   0.296ms      0.347      6.5     3     0
  Conv2d(512,2048,k1,s1)                 0.239ms      0.431      8.1     3     0
  Conv2d(32,64,k5,s1)                    0.415ms      3.093     58.1     3     0
  DWConv(32,k3,s1)                       0.430ms      0.017      0.3     3     0
  DWConv(64,k3,s2)                       0.232ms      0.004      0.1     3     0
  DWConv(128,k3,s1)                      0.267ms      0.007      0.1     3     0
  DWConv(256,k5,s1)                      0.262ms      0.010      0.2     3     0
  DWConv(512,k3,s1)                      0.237ms      0.002      0.0     3     0
  FC(512,512)                            0.320ms      0.002      0.0     3     5
  FC(512,1000)                           0.340ms      0.003      0.1     3     5
  FC(1024,1024)                          0.341ms      0.006      0.1     3     6
  FC(2048,1000)                          0.326ms      0.013      0.2     3     5
  FC(2048,2048)                          0.374ms      0.022      0.4     3     6

Reference Model Benchmarks:
  Model                   Latency        FPS    X(GFLOPS)     E(%)     DLA%    DLA/Total
  ---------------------------------------------------------------------------
  resnet18                 2.22ms      450.1        810.2     15.2    23.9%   16/67
  mobilenet_v2             3.93ms      254.1         76.2      1.4    17.4%   28/161

