
================================================================================
Using Hardware from Registry: jetson_orin_agx_cpu
================================================================================
  Vendor:   NVIDIA
  Model:    Jetson Orin AGX (CPU)
  Type:     cpu
  Arch:     Cortex-A78AE


================================================================================
EXECUTION DEVICE
================================================================================
  Requested device: CPU
  Actual device:    CPU
  Framework:        NUMPY

================================================================================
Hardware Calibration: Jetson Orin AGX (CPU)
================================================================================

Running pre-flight checks...
======================================================================
PRE-FLIGHT CHECKS
======================================================================

[OK] CPU Governor: schedutil (Jetson default)
    Current:  schedutil
    Expected: schedutil or performance
[OK] CPU Frequency: 1498 MHz (100% of max)
    Current:  1498 MHz
    Expected: >= 1348 MHz (90%)
[-] Turbo Boost: Could not determine (not Intel pstate)
[OK] System Load: 4.4% (idle)
    Current:  4.4%
    Expected: < 5%
[OK] Thermal State: 43°C (cool)
    Current:  43°C
    Expected: < 80°C

RESULT: PASSED
  System is ready for calibration.
======================================================================
System Information:
  CPU: aarch64
  Cores: 12 physical, 12 logical
  Memory: 61.3 GB
  Python: 3.8.10
  NumPy: 1.24.4
  PyTorch: 2.1.0a0+41361538.nv23.06

Execution Device:
  Running on: CPU
  Framework:  NUMPY
              (CPU-only, real-world signal processing performance)

Querying CPU clock frequencies...
  CPU Freq: 986 MHz (66% of max 1498 MHz)
  Governor: schedutil
  Power Mode: MODE_50W (nvpmodel 50)
  Clock Policy: dvfs

Running calibration benchmarks...

1. STREAM Memory Bandwidth Benchmark
--------------------------------------------------------------------------------
Framework: NumPy (CPU-only)

STREAM Benchmark Suite:
--------------------------------------------------------------------------------

COPY (a[i] = b[i]):
  Memory ops: 2, FLOPs/element: 0
  Size     8 MB...    18.4 GB/s   (9.0%)    0.91 ms
  Size    16 MB...    18.1 GB/s   (8.9%)    1.85 ms
  Size    32 MB...    17.9 GB/s   (8.7%)    3.75 ms
  Size    64 MB...    17.9 GB/s   (8.7%)    7.49 ms
  Size   128 MB...    18.0 GB/s   (8.8%)   14.91 ms
  Size   256 MB...    18.0 GB/s   (8.8%)   29.75 ms
  Size   512 MB...    18.0 GB/s   (8.8%)   59.76 ms

SCALE (a[i] = q * b[i]):
  Memory ops: 2, FLOPs/element: 1
  Size     8 MB...    18.8 GB/s   (9.2%)    0.89 ms  |  2.3 GFLOPS
  Size    16 MB...    17.9 GB/s   (8.8%)    1.87 ms  |  2.2 GFLOPS
  Size    32 MB...    17.9 GB/s   (8.7%)    3.76 ms  |  2.2 GFLOPS
  Size    64 MB...    17.9 GB/s   (8.8%)    7.49 ms  |  2.2 GFLOPS
  Size   128 MB...    18.0 GB/s   (8.8%)   14.95 ms  |  2.2 GFLOPS
  Size   256 MB...    18.0 GB/s   (8.8%)   29.89 ms  |  2.2 GFLOPS
  Size   512 MB...    17.9 GB/s   (8.8%)   59.84 ms  |  2.2 GFLOPS

ADD (a[i] = b[i] + c[i]):
  Memory ops: 3, FLOPs/element: 1
  Size     8 MB...    15.3 GB/s   (7.5%)    1.64 ms  |  1.3 GFLOPS
  Size    16 MB...    15.0 GB/s   (7.3%)    3.36 ms  |  1.2 GFLOPS
  Size    32 MB...    15.0 GB/s   (7.3%)    6.72 ms  |  1.2 GFLOPS
  Size    64 MB...    15.0 GB/s   (7.3%)   13.41 ms  |  1.3 GFLOPS
  Size   128 MB...    15.0 GB/s   (7.3%)   26.78 ms  |  1.3 GFLOPS
  Size   256 MB...    15.0 GB/s   (7.3%)   53.73 ms  |  1.2 GFLOPS
  Size   512 MB...    15.0 GB/s   (7.3%)  107.23 ms  |  1.3 GFLOPS

TRIAD (a[i] = b[i] + q * c[i]):
  Memory ops: 3, FLOPs/element: 2
  Size     8 MB...     7.8 GB/s   (3.8%)    3.22 ms  |  1.3 GFLOPS
  Size    16 MB...     7.7 GB/s   (3.8%)    6.54 ms  |  1.3 GFLOPS
  Size    32 MB...     6.0 GB/s   (2.9%)   16.73 ms  |  1.0 GFLOPS
  Size    64 MB...     6.2 GB/s   (3.0%)   32.42 ms  |  1.0 GFLOPS
  Size   128 MB...     6.3 GB/s   (3.1%)   63.79 ms  |  1.1 GFLOPS
  Size   256 MB...     6.4 GB/s   (3.1%)  126.59 ms  |  1.1 GFLOPS
  Size   512 MB...     6.4 GB/s   (3.1%)  252.11 ms  |  1.1 GFLOPS

================================================================================
STREAM Summary:
--------------------------------------------------------------------------------
Kernel            Best BW    Latency   Efficiency Description
------------------------------------------------------------------------------------------
COPY               18.4 GB/s     0.91 ms        9.0%  a[i] = b[i]
SCALE              18.8 GB/s     0.89 ms        9.2%  a[i] = q * b[i]
ADD                15.3 GB/s     1.64 ms        7.5%  a[i] = b[i] + c[i]
TRIAD               7.8 GB/s     3.22 ms        3.8%  a[i] = b[i] + q * c[i]

STREAM Score (minimum): 6.0 GB/s
================================================================================
STREAM Score (minimum bandwidth): 6.0 GB/s

2. BLAS Compute Benchmark Suite
--------------------------------------------------------------------------------
Testing precisions: fp64, fp32, tf32, fp16, fp8, fp4, bf16, int64, int32, int16, int8, int4

Framework: NumPy (CPU-only)

BLAS Benchmark Suite:
==========================================================================================

BLAS Level 1: DOT
------------------------------------------------------------------------------------------
  Size     1K:
    fp64      [!] SLOW (   0.7 GFLOPS < 1.0 GFLOPS threshold)    0.00ms
    fp32      [!] SLOW (   0.9 GFLOPS < 1.0 GFLOPS threshold)    0.00ms
    tf32                                              SKIPPED  (NumPy does not support this precision)
    fp16      [!] SLOW (   0.2 GFLOPS < 1.0 GFLOPS threshold)    0.01ms
    fp8                                               SKIPPED  (NumPy does not support this precision)
    fp4                                               SKIPPED  (NumPy does not support this precision)
    bf16                                              SKIPPED  (NumPy does not support this precision)
    int64      [!] SLOW (   0.6 GIOPS < 1.0 GFLOPS threshold)    0.00ms
    int32      [!] SLOW (   0.6 GIOPS < 1.0 GFLOPS threshold)    0.00ms
    int16      [!] SLOW (   0.6 GIOPS < 1.0 GFLOPS threshold)    0.00ms
    int8       [!] SLOW (   0.6 GIOPS < 1.0 GFLOPS threshold)    0.00ms
    int4                                              SKIPPED  (NumPy does not support this precision)
  Size    10K:
    fp64                                           2.0 GFLOPS    0.01ms
    fp32                                           3.9 GFLOPS    0.01ms
    tf32                                              SKIPPED  (NumPy does not support this precision)
    fp16      [!] SLOW (   0.2 GFLOPS < 1.0 GFLOPS threshold)    0.09ms
    fp8                                               SKIPPED  (NumPy does not support this precision)
    fp4                                               SKIPPED  (NumPy does not support this precision)
    bf16                                              SKIPPED  (NumPy does not support this precision)
    int64                                           1.4 GIOPS    0.01ms
    int32                                           1.6 GIOPS    0.01ms
    int16                                           1.6 GIOPS    0.01ms
    int8                                            1.8 GIOPS    0.01ms
    int4                                              SKIPPED  (NumPy does not support this precision)
  Size   100K:
    fp64                                           2.5 GFLOPS    0.08ms
    fp32                                           4.9 GFLOPS    0.04ms
    tf32                                              SKIPPED  (NumPy does not support this precision)
    fp16      [!] SLOW (   0.2 GFLOPS < 1.0 GFLOPS threshold)    0.81ms
    fp8                                               SKIPPED  (NumPy does not support this precision)
    fp4                                               SKIPPED  (NumPy does not support this precision)
    bf16                                              SKIPPED  (NumPy does not support this precision)
    int64                                           2.0 GIOPS    0.10ms
    int32                                           1.9 GIOPS    0.10ms
    int16                                           2.0 GIOPS    0.10ms
    int8                                            2.4 GIOPS    0.08ms
    int4                                              SKIPPED  (NumPy does not support this precision)
  Size     1M:
    fp64                                           1.6 GFLOPS    1.22ms
    fp32                                           3.5 GFLOPS    0.57ms
    tf32                                              SKIPPED  (NumPy does not support this precision)
    fp16      [!] SLOW (   0.2 GFLOPS < 1.0 GFLOPS threshold)    8.17ms
    fp8                                               SKIPPED  (NumPy does not support this precision)
    fp4                                               SKIPPED  (NumPy does not support this precision)
    bf16                                              SKIPPED  (NumPy does not support this precision)
    int64                                           1.7 GIOPS    1.16ms
    int32                                           2.0 GIOPS    1.01ms
    int16                                           1.9 GIOPS    1.06ms
    int8                                            2.5 GIOPS    0.80ms
    int4                                              SKIPPED  (NumPy does not support this precision)
  Size    10M:
    fp64                                           1.4 GFLOPS   13.91ms
    fp32                                           3.0 GFLOPS    6.71ms
    tf32                                              SKIPPED  (NumPy does not support this precision)
    fp16      [!] SLOW (   0.2 GFLOPS < 1.0 GFLOPS threshold)   81.34ms
    fp8                                               SKIPPED  (NumPy does not support this precision)
    fp4                                               SKIPPED  (NumPy does not support this precision)
    bf16                                              SKIPPED  (NumPy does not support this precision)
    int64                                           1.5 GIOPS   13.71ms
    int32                                           2.0 GIOPS    9.86ms
    int16                                           2.0 GIOPS   10.09ms
    int8                                            2.5 GIOPS    7.93ms
    int4                                              SKIPPED  (NumPy does not support this precision)

BLAS Level 1: AXPY
------------------------------------------------------------------------------------------
  Size     1K:
    fp64      [!] SLOW (   0.3 GFLOPS < 1.0 GFLOPS threshold)    0.01ms
    fp32      [!] SLOW (   0.3 GFLOPS < 1.0 GFLOPS threshold)    0.01ms
    tf32                                              SKIPPED  (NumPy does not support this precision)
    fp16      [!] SLOW (   0.1 GFLOPS < 1.0 GFLOPS threshold)    0.04ms
    fp8                                               SKIPPED  (NumPy does not support this precision)
    fp4                                               SKIPPED  (NumPy does not support this precision)
    bf16                                              SKIPPED  (NumPy does not support this precision)
    int64      [!] SLOW (   0.3 GIOPS < 1.0 GFLOPS threshold)    0.01ms
    int32      [!] SLOW (   0.3 GIOPS < 1.0 GFLOPS threshold)    0.01ms
    int16      [!] SLOW (   0.3 GIOPS < 1.0 GFLOPS threshold)    0.01ms
    int8       [!] SLOW (   0.4 GIOPS < 1.0 GFLOPS threshold)    0.01ms
    int4                                              SKIPPED  (NumPy does not support this precision)
  Size    10K:
    fp64      [!] SLOW (   0.7 GFLOPS < 1.0 GFLOPS threshold)    0.03ms
    fp32                                           1.3 GFLOPS    0.01ms
    tf32                                              SKIPPED  (NumPy does not support this precision)
    fp16      [!] SLOW (   0.1 GFLOPS < 1.0 GFLOPS threshold)    0.32ms
    fp8                                               SKIPPED  (NumPy does not support this precision)
    fp4                                               SKIPPED  (NumPy does not support this precision)
    bf16                                              SKIPPED  (NumPy does not support this precision)
    int64      [!] SLOW (   0.6 GIOPS < 1.0 GFLOPS threshold)    0.03ms
    int32                                           1.3 GIOPS    0.01ms
    int16                                           1.7 GIOPS    0.01ms
    int8                                            2.7 GIOPS    0.01ms
    int4                                              SKIPPED  (NumPy does not support this precision)
  Size   100K:
    fp64      [!] SLOW (   0.8 GFLOPS < 1.0 GFLOPS threshold)    0.26ms
    fp32                                           1.4 GFLOPS    0.15ms
    tf32                                              SKIPPED  (NumPy does not support this precision)
    fp16      [!] SLOW (   0.1 GFLOPS < 1.0 GFLOPS threshold)    3.12ms
    fp8                                               SKIPPED  (NumPy does not support this precision)
    fp4                                               SKIPPED  (NumPy does not support this precision)
    bf16                                              SKIPPED  (NumPy does not support this precision)
    int64      [!] SLOW (   0.7 GIOPS < 1.0 GFLOPS threshold)    0.27ms
    int32                                           1.3 GIOPS    0.15ms
    int16                                           2.1 GIOPS    0.09ms
    int8                                            4.6 GIOPS    0.04ms
    int4                                              SKIPPED  (NumPy does not support this precision)
  Size     1M:
    fp64      [!] SLOW (   0.7 GFLOPS < 1.0 GFLOPS threshold)    2.96ms
    fp32                                           1.5 GFLOPS    1.37ms
    tf32                                              SKIPPED  (NumPy does not support this precision)
    fp16      [!] SLOW (   0.1 GFLOPS < 1.0 GFLOPS threshold)   31.04ms
    fp8                                               SKIPPED  (NumPy does not support this precision)
    fp4                                               SKIPPED  (NumPy does not support this precision)
    bf16                                              SKIPPED  (NumPy does not support this precision)
    int64      [!] SLOW (   0.7 GIOPS < 1.0 GFLOPS threshold)    3.02ms
    int32                                           1.5 GIOPS    1.37ms
    int16                                           3.2 GIOPS    0.62ms
    int8                                            6.5 GIOPS    0.31ms
    int4                                              SKIPPED  (NumPy does not support this precision)
  Size    10M:
    fp64      [!] SLOW (   0.5 GFLOPS < 1.0 GFLOPS threshold)   38.53ms
    fp32                                           1.0 GFLOPS   19.82ms
    tf32                                              SKIPPED  (NumPy does not support this precision)
    fp16      [!] SLOW (   0.1 GFLOPS < 1.0 GFLOPS threshold)  310.05ms
    fp8                                               SKIPPED  (NumPy does not support this precision)
    fp4                                               SKIPPED  (NumPy does not support this precision)
    bf16                                              SKIPPED  (NumPy does not support this precision)
    int64      [!] SLOW (   0.5 GIOPS < 1.0 GFLOPS threshold)   39.18ms
    int32                                           1.0 GIOPS   19.73ms
    int16                                           2.6 GIOPS    7.79ms
    int8                                            5.3 GIOPS    3.76ms
    int4                                              SKIPPED  (NumPy does not support this precision)

BLAS Level 2: GEMV
------------------------------------------------------------------------------------------
  Size     32:
    fp64      [!] SLOW (   0.2 GFLOPS < 1.0 GFLOPS threshold)    0.01ms
    fp32      [!] SLOW (   0.2 GFLOPS < 1.0 GFLOPS threshold)    0.01ms
    tf32                                              SKIPPED  (NumPy does not support this precision)
    fp16      [!] SLOW (   0.1 GFLOPS < 1.0 GFLOPS threshold)    0.02ms
    fp8                                               SKIPPED  (NumPy does not support this precision)
    fp4                                               SKIPPED  (NumPy does not support this precision)
    bf16                                              SKIPPED  (NumPy does not support this precision)
    int64      [!] SLOW (   0.2 GIOPS < 1.0 GFLOPS threshold)    0.01ms
    int32      [!] SLOW (   0.2 GIOPS < 1.0 GFLOPS threshold)    0.01ms
    int16      [!] SLOW (   0.2 GIOPS < 1.0 GFLOPS threshold)    0.01ms
    int8       [!] SLOW (   0.2 GIOPS < 1.0 GFLOPS threshold)    0.01ms
    int4                                              SKIPPED  (NumPy does not support this precision)
  Size     64:
    fp64      [!] SLOW (   0.8 GFLOPS < 1.0 GFLOPS threshold)    0.01ms
    fp32      [!] SLOW (   0.7 GFLOPS < 1.0 GFLOPS threshold)    0.01ms
    tf32                                              SKIPPED  (NumPy does not support this precision)
    fp16      [!] SLOW (   0.2 GFLOPS < 1.0 GFLOPS threshold)    0.05ms
    fp8                                               SKIPPED  (NumPy does not support this precision)
    fp4                                               SKIPPED  (NumPy does not support this precision)
    bf16                                              SKIPPED  (NumPy does not support this precision)
    int64      [!] SLOW (   0.6 GIOPS < 1.0 GFLOPS threshold)    0.01ms
    int32      [!] SLOW (   0.6 GIOPS < 1.0 GFLOPS threshold)    0.01ms
    int16      [!] SLOW (   0.5 GIOPS < 1.0 GFLOPS threshold)    0.02ms
    int8       [!] SLOW (   0.5 GIOPS < 1.0 GFLOPS threshold)    0.02ms
    int4                                              SKIPPED  (NumPy does not support this precision)
  Size    128:
    fp64                                           2.2 GFLOPS    0.01ms
    fp32                                           2.0 GFLOPS    0.02ms
    tf32                                              SKIPPED  (NumPy does not support this precision)
    fp16      [!] SLOW (   0.2 GFLOPS < 1.0 GFLOPS threshold)    0.16ms
    fp8                                               SKIPPED  (NumPy does not support this precision)
    fp4                                               SKIPPED  (NumPy does not support this precision)
    bf16                                              SKIPPED  (NumPy does not support this precision)
    int64                                           1.1 GIOPS    0.03ms
    int32                                           1.1 GIOPS    0.03ms
    int16      [!] SLOW (   0.8 GIOPS < 1.0 GFLOPS threshold)    0.04ms
    int8       [!] SLOW (   0.8 GIOPS < 1.0 GFLOPS threshold)    0.04ms
    int4                                              SKIPPED  (NumPy does not support this precision)
  Size    256:
    fp64                                           6.6 GFLOPS    0.02ms
    fp32                                           8.0 GFLOPS    0.02ms
    tf32                                              SKIPPED  (NumPy does not support this precision)
    fp16      [!] SLOW (   0.2 GFLOPS < 1.0 GFLOPS threshold)    0.58ms
    fp8                                               SKIPPED  (NumPy does not support this precision)
    fp4                                               SKIPPED  (NumPy does not support this precision)
    bf16                                              SKIPPED  (NumPy does not support this precision)
    int64                                           1.6 GIOPS    0.08ms
    int32                                           1.6 GIOPS    0.08ms
    int16      [!] SLOW (   0.9 GIOPS < 1.0 GFLOPS threshold)    0.14ms
    int8       [!] SLOW (   1.0 GIOPS < 1.0 GFLOPS threshold)    0.14ms
    int4                                              SKIPPED  (NumPy does not support this precision)
  Size    512:
    fp64                                          15.4 GFLOPS    0.03ms
    fp32                                          17.9 GFLOPS    0.03ms
    tf32                                              SKIPPED  (NumPy does not support this precision)
    fp16      [!] SLOW (   0.2 GFLOPS < 1.0 GFLOPS threshold)    2.28ms
    fp8                                               SKIPPED  (NumPy does not support this precision)
    fp4                                               SKIPPED  (NumPy does not support this precision)
    bf16                                              SKIPPED  (NumPy does not support this precision)
    int64                                           1.8 GIOPS    0.30ms
    int32                                           1.8 GIOPS    0.29ms
    int16      [!] SLOW (   1.0 GIOPS < 1.0 GFLOPS threshold)    0.54ms
    int8       [!] SLOW (   1.0 GIOPS < 1.0 GFLOPS threshold)    0.54ms
    int4                                              SKIPPED  (NumPy does not support this precision)
  Size     1K:
    fp64                                          16.1 GFLOPS    0.13ms
    fp32                                          31.9 GFLOPS    0.07ms
    tf32                                              SKIPPED  (NumPy does not support this precision)
    fp16      [!] SLOW (   0.2 GFLOPS < 1.0 GFLOPS threshold)    8.93ms
    fp8                                               SKIPPED  (NumPy does not support this precision)
    fp4                                               SKIPPED  (NumPy does not support this precision)
    bf16                                              SKIPPED  (NumPy does not support this precision)
    int64                                           1.9 GIOPS    1.10ms
    int32                                           1.9 GIOPS    1.10ms
    int16      [!] SLOW (   1.0 GIOPS < 1.0 GFLOPS threshold)    2.12ms
    int8       [!] SLOW (   1.0 GIOPS < 1.0 GFLOPS threshold)    2.12ms
    int4                                              SKIPPED  (NumPy does not support this precision)
  Size     2K:
    fp64                                          15.0 GFLOPS    0.56ms
    fp32                                          33.3 GFLOPS    0.25ms
    tf32                                              SKIPPED  (NumPy does not support this precision)
    fp16      [!] SLOW (   0.2 GFLOPS < 1.0 GFLOPS threshold)   35.07ms
    fp8                                               SKIPPED  (NumPy does not support this precision)
    fp4                                               SKIPPED  (NumPy does not support this precision)
    bf16                                              SKIPPED  (NumPy does not support this precision)
    int64                                           1.9 GIOPS    4.43ms
    int32                                           2.0 GIOPS    4.29ms
    int16      [!] SLOW (   1.0 GIOPS < 1.0 GFLOPS threshold)    8.49ms
    int8       [!] SLOW (   1.0 GIOPS < 1.0 GFLOPS threshold)    8.48ms
    int4                                              SKIPPED  (NumPy does not support this precision)

BLAS Level 3: GEMM
------------------------------------------------------------------------------------------
  Size     32:
    fp64                                           2.3 GFLOPS    0.03ms
    fp32                                           2.5 GFLOPS    0.03ms
    tf32                                              SKIPPED  (NumPy does not support this precision)
    fp16      [!] SLOW (   0.2 GFLOPS < 1.0 GFLOPS threshold)    0.36ms
    fp8                                               SKIPPED  (NumPy does not support this precision)
    fp4                                               SKIPPED  (NumPy does not support this precision)
    bf16                                              SKIPPED  (NumPy does not support this precision)
    int64                                           1.3 GIOPS    0.05ms
    int32                                           1.3 GIOPS    0.05ms
    int16                                           1.1 GIOPS    0.06ms
    int8                                            1.1 GIOPS    0.06ms
    int4                                              SKIPPED  (NumPy does not support this precision)
  Size     64:
    fp64                                           5.7 GFLOPS    0.09ms
    fp32                                           8.6 GFLOPS    0.06ms
    tf32                                              SKIPPED  (NumPy does not support this precision)
    fp16      [!] SLOW (   0.2 GFLOPS < 1.0 GFLOPS threshold)    2.48ms
    fp8                                               SKIPPED  (NumPy does not support this precision)
    fp4                                               SKIPPED  (NumPy does not support this precision)
    bf16                                              SKIPPED  (NumPy does not support this precision)
    int64                                           1.7 GIOPS    0.31ms
    int32                                           1.8 GIOPS    0.30ms
    int16                                           1.2 GIOPS    0.45ms
    int8                                            1.2 GIOPS    0.45ms
    int4                                              SKIPPED  (NumPy does not support this precision)
  Size    128:
    fp64                                          21.4 GFLOPS    0.20ms
    fp32                                          28.9 GFLOPS    0.14ms
    tf32                                              SKIPPED  (NumPy does not support this precision)
    fp16      [!] SLOW (   0.2 GFLOPS < 1.0 GFLOPS threshold)   18.58ms
    fp8                                               SKIPPED  (NumPy does not support this precision)
    fp4                                               SKIPPED  (NumPy does not support this precision)
    bf16                                              SKIPPED  (NumPy does not support this precision)
    int64      [!] SLOW (   0.7 GIOPS < 1.0 GFLOPS threshold)    5.97ms
    int32                                           1.9 GIOPS    2.23ms
    int16                                           1.1 GIOPS    3.89ms
    int8                                            1.1 GIOPS    3.89ms
    int4                                              SKIPPED  (NumPy does not support this precision)
  Size    256:
    fp64                                          45.8 GFLOPS    0.73ms
    fp32                                          77.3 GFLOPS    0.43ms
    tf32                                              SKIPPED  (NumPy does not support this precision)
    fp16      [!] SLOW (   0.2 GFLOPS < 1.0 GFLOPS threshold)  145.88ms
    fp8                                               SKIPPED  (NumPy does not support this precision)
    fp4                                               SKIPPED  (NumPy does not support this precision)
    bf16                                              SKIPPED  (NumPy does not support this precision)
    int64      [!] SLOW (   0.6 GIOPS < 1.0 GFLOPS threshold)   54.18ms
    int32      [!] SLOW (   0.7 GIOPS < 1.0 GFLOPS threshold)   47.48ms
    int16      [!] SLOW (   0.7 GIOPS < 1.0 GFLOPS threshold)   46.41ms
    int8                                            1.0 GIOPS   32.56ms
    int4                                              SKIPPED  (NumPy does not support this precision)
  Size    512:
    fp64                                          69.8 GFLOPS    3.85ms
    fp32                                         132.6 GFLOPS    2.02ms
    tf32                                              SKIPPED  (NumPy does not support this precision)
    fp16                                              SKIPPED  (Skipped (poor performance at size 256: 0.2 GFLOPS < 1.0 GFLOPS))
    fp8                                               SKIPPED  (NumPy does not support this precision)
    fp4                                               SKIPPED  (NumPy does not support this precision)
    bf16                                              SKIPPED  (NumPy does not support this precision)
    int64                                             SKIPPED  (Skipped (poor performance at size 256: 0.6 GFLOPS < 1.0 GFLOPS))
    int32                                             SKIPPED  (Skipped (poor performance at size 256: 0.7 GFLOPS < 1.0 GFLOPS))
    int16                                             SKIPPED  (Skipped (poor performance at size 256: 0.7 GFLOPS < 1.0 GFLOPS))
    int8                                              SKIPPED  (Timeout: GEMM benchmark exceeded 5s timeout)
    int4                                              SKIPPED  (NumPy does not support this precision)
  Size     1K:
    fp64                                          99.6 GFLOPS   21.55ms
    fp32                                         187.7 GFLOPS   11.44ms
    tf32                                              SKIPPED  (NumPy does not support this precision)
    fp16                                              SKIPPED  (Skipped (poor performance at size 256: 0.2 GFLOPS < 1.0 GFLOPS))
    fp8                                               SKIPPED  (NumPy does not support this precision)
    fp4                                               SKIPPED  (NumPy does not support this precision)
    bf16                                              SKIPPED  (NumPy does not support this precision)
    int64                                             SKIPPED  (Skipped (poor performance at size 256: 0.6 GFLOPS < 1.0 GFLOPS))
    int32                                             SKIPPED  (Skipped (poor performance at size 256: 0.7 GFLOPS < 1.0 GFLOPS))
    int16                                             SKIPPED  (Skipped (poor performance at size 256: 0.7 GFLOPS < 1.0 GFLOPS))
    int8                                              SKIPPED  (Skipped (poor performance at size 512: Timeout (>5s)))
    int4                                              SKIPPED  (NumPy does not support this precision)
  Size     2K:
    fp64                                          97.3 GFLOPS  176.62ms
    fp32                                         188.5 GFLOPS   91.15ms
    tf32                                              SKIPPED  (NumPy does not support this precision)
    fp16                                              SKIPPED  (Skipped (poor performance at size 256: 0.2 GFLOPS < 1.0 GFLOPS))
    fp8                                               SKIPPED  (NumPy does not support this precision)
    fp4                                               SKIPPED  (NumPy does not support this precision)
    bf16                                              SKIPPED  (NumPy does not support this precision)
    int64                                             SKIPPED  (Skipped (poor performance at size 256: 0.6 GFLOPS < 1.0 GFLOPS))
    int32                                             SKIPPED  (Skipped (poor performance at size 256: 0.7 GFLOPS < 1.0 GFLOPS))
    int16                                             SKIPPED  (Skipped (poor performance at size 256: 0.7 GFLOPS < 1.0 GFLOPS))
    int8                                              SKIPPED  (Skipped (poor performance at size 512: Timeout (>5s)))
    int4                                              SKIPPED  (NumPy does not support this precision)

==========================================================================================
BLAS Suite Complete: 24 calibrations
==========================================================================================

Building precision capability matrix...

Calibration saved to: hardware_registry/cpu/jetson_orin_agx_cpu/calibrations/pending_numpy.json

================================================================================
Hardware Calibration: Jetson Orin AGX (CPU)
Date: 2026-01-30T13:24:55.101203
================================================================================

Framework: NUMPY
Device:    CPU

Theoretical Specifications:
  Peak GFLOPS (FP32): 422.4
  Peak Bandwidth:     204.8 GB/s

STREAM Memory Bandwidth Benchmark:
  Kernel           Size (MB)    Bandwidth    Latency   Efficiency Description
  -----------------------------------------------------------------------------------------------
  COPY                     8       18.4 GB/s     0.91 ms        9.0%  a[i] = b[i]
  SCALE                    8       18.8 GB/s     0.89 ms        9.2%  a[i] = q * b[i]
  ADD                      8       15.3 GB/s     1.64 ms        7.5%  a[i] = b[i] + c[i]
  TRIAD                    8        7.8 GB/s     3.22 ms        3.8%  a[i] = b[i] + q * c[i]

  STREAM Score (minimum): 6.0 GB/s

BLAS Performance Summary (Highest Throughput by Precision):
  Operation          fp64       fp32       tf32       fp16        fp8        fp4       bf16      int64      int32      int16       int8       int4   Best Precision
  ------------------------------------------------------------------------------------------------------------------------------------------------------------------
  AXPY                0.8        1.5        N/A        0.1        N/A        N/A        N/A        0.7        1.5        3.2        6.5        N/A             int8
  DOT                 2.5        4.9        N/A        0.2        N/A        N/A        N/A        2.0        2.0        2.0        2.5        N/A             fp32
  GEMV               16.1       33.3        N/A        0.2        N/A        N/A        N/A        1.9        2.0        1.0        1.0        N/A             fp32
  GEMM               99.6      188.5        N/A        0.2        N/A        N/A        N/A        1.7        1.9        1.2        1.2        N/A             fp32

BLAS Compute Performance (by Operation and Precision):
========================================================================================================================

Level 1: Vector-Vector (O(n))
------------------------------------------------------------------------------------------------------------------------

AXPY:
  Precision   Best Size Highest Throughput    Latency       AI   Efficiency
  --------------------------------------------------------------------------------
  fp64             100K         0.8 GFLOPS     0.26ms     0.08        0.4%
  fp32               1M         1.5 GFLOPS     1.37ms     0.17        0.3%
  fp16              10M         0.1 GFLOPS   310.05ms     0.33        0.0%
  int64            100K          0.7 GIOPS     0.27ms     0.08        0.3%
  int32              1M          1.5 GIOPS     1.37ms     0.17        0.3%
  int16              1M          3.2 GIOPS     0.62ms     0.33        0.4%
  int8               1M          6.5 GIOPS     0.31ms     0.67        0.4%

DOT:
  Precision   Best Size Highest Throughput    Latency       AI   Efficiency
  --------------------------------------------------------------------------------
  fp64             100K         2.5 GFLOPS     0.08ms     0.12        1.2%
  fp32             100K         4.9 GFLOPS     0.04ms     0.25        1.2%
  fp16              10M         0.2 GFLOPS    81.34ms     0.50        0.0%
  int64            100K          2.0 GIOPS     0.10ms     0.12        0.9%
  int32             10M          2.0 GIOPS     9.86ms     0.25        0.5%
  int16             10M          2.0 GIOPS    10.09ms     0.50        0.2%
  int8              10M          2.5 GIOPS     7.93ms     1.00        0.1%

Level 2: Matrix-Vector (O(n²))
------------------------------------------------------------------------------------------------------------------------

GEMV:
  Precision   Best Size Highest Throughput    Latency       AI   Efficiency
  --------------------------------------------------------------------------------
  fp64               1K        16.1 GFLOPS     0.13ms     0.25        7.6%
  fp32               2K        33.3 GFLOPS     0.25ms     0.50        7.9%
  fp16               2K         0.2 GFLOPS    35.07ms     1.00        0.0%
  int64              1K          1.9 GIOPS     1.10ms     0.25        0.9%
  int32              2K          2.0 GIOPS     4.29ms     0.50        0.5%
  int16              2K          1.0 GIOPS     8.49ms     1.00        0.1%
  int8               2K          1.0 GIOPS     8.48ms     2.00        0.1%

Level 3: Matrix-Matrix (O(n³))
------------------------------------------------------------------------------------------------------------------------

GEMM:
  Precision   Best Size Highest Throughput    Latency       AI   Efficiency
  --------------------------------------------------------------------------------
  fp64               1K        99.6 GFLOPS    21.55ms    85.33       47.2%
  fp32               2K       188.5 GFLOPS    91.15ms   341.33       44.6%
  fp16              256         0.2 GFLOPS   145.88ms    85.33        0.0%
  int64              64          1.7 GIOPS     0.31ms     5.33        0.8%
  int32             128          1.9 GIOPS     2.23ms    21.33        0.4%
  int16              64          1.2 GIOPS     0.45ms    21.33        0.1%
  int8               64          1.2 GIOPS     0.45ms    42.67        0.1%

Precision Support Summary:
  Supported:   fp64, fp32, fp16, int64, int32, int16, int8
  Unsupported: tf32, fp8, fp4, bf16, int4


================================================================================
Calibration Complete!
================================================================================

Calibration file: hardware_registry/cpu/jetson_orin_agx_cpu/calibrations/MODE50W_985MHz_numpy_20260130T132553Z.json

Next steps:
  1. Review the calibration results above
  2. View calibration efficiency:
     ./cli/show_calibration_efficiency.py --id jetson_orin_agx_cpu

  3. Use in analysis (calibration auto-loaded from registry):
     ./cli/analyze_comprehensive.py --model resnet18 --hardware jetson_orin_agx_cpu

