(.venv) cjuser@sdhome-jetson:~/dev/branes/clones/graphs$ cli/calibrate_hardware.py --id jetson_orin_agx_gpu --framework pytorch

================================================================================
Using Hardware from Registry: jetson_orin_agx_gpu
================================================================================
  Vendor:   NVIDIA
  Model:    Jetson Orin AGX (GPU)
  Type:     gpu
  Arch:     Ampere


================================================================================
EXECUTION DEVICE
================================================================================
  Requested device: CUDA
  Actual device:    GPU (Orin)
  Framework:        PYTORCH

================================================================================
Hardware Calibration: Jetson Orin AGX (GPU)
================================================================================

Running pre-flight checks...
======================================================================
PRE-FLIGHT CHECKS
======================================================================

[OK] CPU Governor: schedutil (Jetson default)
    Current:  schedutil
    Expected: schedutil or performance
[OK] CPU Frequency: 1216 MHz idle (DVFS will boost under load)
    Current:  1216 MHz (idle)
    Expected: Up to 1728 MHz under load
[-] Turbo Boost: Could not determine (not Intel pstate)
[OK] System Load: 0.5% (idle)
    Current:  0.5%
    Expected: < 5%
[OK] Thermal State: 40°C (cool)
    Current:  40°C
    Expected: < 80°C
[!] GPU Power Mode: MODE_30W (unknown mode)
    Current:  MODE_30W
    Expected: Known mode (MAXN, 7W, 15W, 25W, etc.)

RESULT: PASSED with warnings
  Calibration will proceed, but results may not represent peak performance.
======================================================================

[!] Note: Some pre-flight checks have warnings.
  Results may not represent absolute peak performance.

System Information:
  CPU: aarch64
  Cores: 8 physical, 8 logical
  Memory: 61.3 GB
  Python: 3.8.10
  NumPy: 1.24.4
  PyTorch: 2.1.0a0+41361538.nv23.06

Execution Device:
  Running on: GPU (Orin)
  Framework:  PYTORCH
              (PyTorch DL framework, GPU-accelerated)

Querying CPU clock frequencies...
  CPU Freq: 550 MHz (32% of max 1728 MHz)
  Governor: schedutil
  Power Mode: MODE_30W (nvpmodel 30)

Querying GPU clock frequencies...
  Running warmup to capture clock under load...
  SM Clock: 306 MHz (50% of max 612 MHz)
  Power Mode: MODE_30W

Running calibration benchmarks...

1. STREAM Memory Bandwidth Benchmark
--------------------------------------------------------------------------------
Framework: PyTorch 2.1.0a0+41361538.nv23.06
  Device: Orin
  CUDA:   11.4

STREAM Benchmark Suite:
--------------------------------------------------------------------------------

COPY (a[i] = b[i]):
  Memory ops: 2, FLOPs/element: 0
  Size     8 MB...    39.3 GB/s  (19.2%)    0.43 ms
  Size    16 MB...    41.4 GB/s  (20.2%)    0.81 ms
  Size    32 MB...    44.1 GB/s  (21.6%)    1.52 ms
  Size    64 MB...    50.2 GB/s  (24.5%)    2.68 ms
  Size   128 MB...    51.4 GB/s  (25.1%)    5.22 ms
  Size   256 MB...    45.6 GB/s  (22.3%)   11.78 ms
  Size   512 MB...    50.6 GB/s  (24.7%)   21.22 ms

SCALE (a[i] = q * b[i]):
  Memory ops: 2, FLOPs/element: 1
  Size     8 MB...    39.3 GB/s  (19.2%)    0.43 ms  |  4.9 GFLOPS
  Size    16 MB...    57.6 GB/s  (28.1%)    0.58 ms  |  7.2 GFLOPS
  Size    32 MB...    57.3 GB/s  (28.0%)    1.17 ms  |  7.2 GFLOPS
  Size    64 MB...    81.7 GB/s  (39.9%)    1.64 ms  |  10.2 GFLOPS
  Size   128 MB...    86.7 GB/s  (42.4%)    3.09 ms  |  10.8 GFLOPS
  Size   256 MB...   108.6 GB/s  (53.0%)    4.94 ms  |  13.6 GFLOPS
  Size   512 MB...   113.4 GB/s  (55.3%)    9.47 ms  |  14.2 GFLOPS

ADD (a[i] = b[i] + c[i]):
  Memory ops: 3, FLOPs/element: 1
  Size     8 MB...    72.8 GB/s  (35.6%)    0.35 ms  |  6.1 GFLOPS
  Size    16 MB...    77.3 GB/s  (37.8%)    0.65 ms  |  6.4 GFLOPS
  Size    32 MB...   103.5 GB/s  (50.5%)    0.97 ms  |  8.6 GFLOPS
  Size    64 MB...   114.7 GB/s  (56.0%)    1.76 ms  |  9.6 GFLOPS
  Size   128 MB...   116.6 GB/s  (56.9%)    3.45 ms  |  9.7 GFLOPS
  Size   256 MB...   118.3 GB/s  (57.8%)    6.81 ms  |  9.9 GFLOPS
  Size   512 MB...   124.5 GB/s  (60.8%)   12.93 ms  |  10.4 GFLOPS

TRIAD (a[i] = b[i] + q * c[i]):
  Memory ops: 3, FLOPs/element: 2
  Size     8 MB...    41.1 GB/s  (20.1%)    0.61 ms  |  6.8 GFLOPS
  Size    16 MB...    55.8 GB/s  (27.3%)    0.90 ms  |  9.3 GFLOPS
  Size    32 MB...    64.1 GB/s  (31.3%)    1.57 ms  |  10.7 GFLOPS
  Size    64 MB...    69.3 GB/s  (33.8%)    2.90 ms  |  11.6 GFLOPS
  Size   128 MB...    72.7 GB/s  (35.5%)    5.54 ms  |  12.1 GFLOPS
  Size   256 MB...    71.6 GB/s  (35.0%)   11.24 ms  |  11.9 GFLOPS
  Size   512 MB...    73.2 GB/s  (35.8%)   22.00 ms  |  12.2 GFLOPS

================================================================================
STREAM Summary:
--------------------------------------------------------------------------------
Kernel            Best BW    Latency   Efficiency Description
------------------------------------------------------------------------------------------
COPY               51.4 GB/s     5.22 ms       25.1%  a[i] = b[i]
SCALE             113.4 GB/s     9.47 ms       55.3%  a[i] = q * b[i]
ADD               124.5 GB/s    12.93 ms       60.8%  a[i] = b[i] + c[i]
TRIAD              73.2 GB/s    22.00 ms       35.8%  a[i] = b[i] + q * c[i]

STREAM Score (minimum): 39.3 GB/s
================================================================================
STREAM Score (minimum bandwidth): 39.3 GB/s

2. BLAS Compute Benchmark Suite
--------------------------------------------------------------------------------
Testing precisions: fp64, fp32, tf32, fp16, fp8, fp4, bf16, int64, int32, int16, int8, int4

Framework: PyTorch 2.1.0a0+41361538.nv23.06
  Device: Orin
  CUDA:   11.4

BLAS Benchmark Suite:
==========================================================================================

BLAS Level 1: DOT
------------------------------------------------------------------------------------------
  Size     1K:
    fp64      [!] SLOW (   0.0 GFLOPS < 1.0 GFLOPS threshold)    0.17ms
    fp32      [!] SLOW (   0.0 GFLOPS < 1.0 GFLOPS threshold)    0.22ms
    tf32      [!] SLOW (   0.0 GFLOPS < 1.0 GFLOPS threshold)    0.07ms
    fp16      [!] SLOW (   0.0 GFLOPS < 1.0 GFLOPS threshold)    0.16ms
    fp8                                               SKIPPED  (PyTorch does not support this precision)
    fp4                                               SKIPPED  (PyTorch does not support this precision)
    bf16      [!] SLOW (   0.0 GFLOPS < 1.0 GFLOPS threshold)    0.14ms
    int64                                             SKIPPED  (RuntimeError: "dot" not implemented for 'Long')
    int32                                             SKIPPED  (RuntimeError: "dot" not implemented for 'Int')
    int16                                             SKIPPED  (RuntimeError: "dot" not implemented for 'Short')
    int8                                              SKIPPED  (RuntimeError: "dot" not implemented for 'Char')
    int4                                              SKIPPED  (PyTorch does not support this precision)
  Size    10K:
    fp64      [!] SLOW (   0.3 GFLOPS < 1.0 GFLOPS threshold)    0.08ms
    fp32      [!] SLOW (   0.2 GFLOPS < 1.0 GFLOPS threshold)    0.09ms
    tf32      [!] SLOW (   0.2 GFLOPS < 1.0 GFLOPS threshold)    0.09ms
    fp16      [!] SLOW (   0.2 GFLOPS < 1.0 GFLOPS threshold)    0.08ms
    fp8                                               SKIPPED  (PyTorch does not support this precision)
    fp4                                               SKIPPED  (PyTorch does not support this precision)
    bf16      [!] SLOW (   0.3 GFLOPS < 1.0 GFLOPS threshold)    0.08ms
    int64                                             SKIPPED  (RuntimeError: "dot" not implemented for 'Long')
    int32                                             SKIPPED  (RuntimeError: "dot" not implemented for 'Int')
    int16                                             SKIPPED  (RuntimeError: "dot" not implemented for 'Short')
    int8                                              SKIPPED  (RuntimeError: "dot" not implemented for 'Char')
    int4                                              SKIPPED  (PyTorch does not support this precision)
  Size   100K:
    fp64                                           2.6 GFLOPS    0.08ms
    fp32                                           2.6 GFLOPS    0.08ms
    tf32                                           2.7 GFLOPS    0.07ms
    fp16                                           2.7 GFLOPS    0.08ms
    fp8                                               SKIPPED  (PyTorch does not support this precision)
    fp4                                               SKIPPED  (PyTorch does not support this precision)
    bf16                                           2.6 GFLOPS    0.08ms
    int64                                             SKIPPED  (RuntimeError: "dot" not implemented for 'Long')
    int32                                             SKIPPED  (RuntimeError: "dot" not implemented for 'Int')
    int16                                             SKIPPED  (RuntimeError: "dot" not implemented for 'Short')
    int8                                              SKIPPED  (RuntimeError: "dot" not implemented for 'Char')
    int4                                              SKIPPED  (PyTorch does not support this precision)
  Size     1M:
    fp64                                           8.7 GFLOPS    0.23ms
    fp32                                          11.9 GFLOPS    0.17ms
    tf32                                          11.9 GFLOPS    0.17ms
    fp16                                          16.3 GFLOPS    0.12ms
    fp8                                               SKIPPED  (PyTorch does not support this precision)
    fp4                                               SKIPPED  (PyTorch does not support this precision)
    bf16                                          11.3 GFLOPS    0.18ms
    int64                                             SKIPPED  (RuntimeError: "dot" not implemented for 'Long')
    int32                                             SKIPPED  (RuntimeError: "dot" not implemented for 'Int')
    int16                                             SKIPPED  (RuntimeError: "dot" not implemented for 'Short')
    int8                                              SKIPPED  (RuntimeError: "dot" not implemented for 'Char')
    int4                                              SKIPPED  (PyTorch does not support this precision)
  Size    10M:
    fp64                                          14.4 GFLOPS    1.39ms
    fp32                                          22.5 GFLOPS    0.89ms
    tf32                                          20.9 GFLOPS    0.96ms
    fp16                                          19.8 GFLOPS    1.01ms
    fp8                                               SKIPPED  (PyTorch does not support this precision)
    fp4                                               SKIPPED  (PyTorch does not support this precision)
    bf16                                          20.4 GFLOPS    0.98ms
    int64                                             SKIPPED  (RuntimeError: "dot" not implemented for 'Long')
    int32                                             SKIPPED  (RuntimeError: "dot" not implemented for 'Int')
    int16                                             SKIPPED  (RuntimeError: "dot" not implemented for 'Short')
    int8                                              SKIPPED  (RuntimeError: "dot" not implemented for 'Char')
    int4                                              SKIPPED  (PyTorch does not support this precision)

BLAS Level 1: AXPY
------------------------------------------------------------------------------------------
  Size     1K:
    fp64      [!] SLOW (   0.0 GFLOPS < 1.0 GFLOPS threshold)    0.15ms
    fp32      [!] SLOW (   0.0 GFLOPS < 1.0 GFLOPS threshold)    0.15ms
    tf32      [!] SLOW (   0.0 GFLOPS < 1.0 GFLOPS threshold)    0.15ms
    fp16      [!] SLOW (   0.0 GFLOPS < 1.0 GFLOPS threshold)    0.15ms
    fp8                                               SKIPPED  (PyTorch does not support this precision)
    fp4                                               SKIPPED  (PyTorch does not support this precision)
    bf16      [!] SLOW (   0.0 GFLOPS < 1.0 GFLOPS threshold)    0.15ms
    int64      [!] SLOW (   0.0 GIOPS < 1.0 GFLOPS threshold)    0.15ms
    int32      [!] SLOW (   0.0 GIOPS < 1.0 GFLOPS threshold)    0.16ms
    int16      [!] SLOW (   0.0 GIOPS < 1.0 GFLOPS threshold)    0.15ms
    int8       [!] SLOW (   0.0 GIOPS < 1.0 GFLOPS threshold)    0.15ms
    int4                                              SKIPPED  (PyTorch does not support this precision)
  Size    10K:
    fp64      [!] SLOW (   0.1 GFLOPS < 1.0 GFLOPS threshold)    0.15ms
    fp32      [!] SLOW (   0.1 GFLOPS < 1.0 GFLOPS threshold)    0.15ms
    tf32      [!] SLOW (   0.1 GFLOPS < 1.0 GFLOPS threshold)    0.16ms
    fp16      [!] SLOW (   0.1 GFLOPS < 1.0 GFLOPS threshold)    0.15ms
    fp8                                               SKIPPED  (PyTorch does not support this precision)
    fp4                                               SKIPPED  (PyTorch does not support this precision)
    bf16      [!] SLOW (   0.1 GFLOPS < 1.0 GFLOPS threshold)    0.15ms
    int64      [!] SLOW (   0.1 GIOPS < 1.0 GFLOPS threshold)    0.15ms
    int32      [!] SLOW (   0.1 GIOPS < 1.0 GFLOPS threshold)    0.15ms
    int16      [!] SLOW (   0.1 GIOPS < 1.0 GFLOPS threshold)    0.15ms
    int8       [!] SLOW (   0.1 GIOPS < 1.0 GFLOPS threshold)    0.15ms
    int4                                              SKIPPED  (PyTorch does not support this precision)
  Size   100K:
    fp64                                           1.3 GFLOPS    0.15ms
    fp32                                           1.3 GFLOPS    0.15ms
    tf32                                           1.3 GFLOPS    0.15ms
    fp16                                           1.1 GFLOPS    0.18ms
    fp8                                               SKIPPED  (PyTorch does not support this precision)
    fp4                                               SKIPPED  (PyTorch does not support this precision)
    bf16                                           1.3 GFLOPS    0.15ms
    int64                                           1.3 GIOPS    0.15ms
    int32                                           1.3 GIOPS    0.15ms
    int16                                           1.3 GIOPS    0.15ms
    int8                                            1.4 GIOPS    0.15ms
    int4                                              SKIPPED  (PyTorch does not support this precision)
  Size     1M:
    fp64                                           2.8 GFLOPS    0.71ms
    fp32                                           5.6 GFLOPS    0.36ms
    tf32                                           5.6 GFLOPS    0.36ms
    fp16                                           8.8 GFLOPS    0.23ms
    fp8                                               SKIPPED  (PyTorch does not support this precision)
    fp4                                               SKIPPED  (PyTorch does not support this precision)
    bf16                                           8.8 GFLOPS    0.23ms
    int64                                           3.0 GIOPS    0.66ms
    int32                                           5.6 GIOPS    0.35ms
    int16                                           8.8 GIOPS    0.23ms
    int8                                           12.7 GIOPS    0.16ms
    int4                                              SKIPPED  (PyTorch does not support this precision)
  Size    10M:
    fp64                                           3.1 GFLOPS    6.36ms
    fp32                                           7.0 GFLOPS    2.85ms
    tf32                                           7.0 GFLOPS    2.84ms
    fp16                                          12.8 GFLOPS    1.56ms
    fp8                                               SKIPPED  (PyTorch does not support this precision)
    fp4                                               SKIPPED  (PyTorch does not support this precision)
    bf16                                          14.2 GFLOPS    1.41ms
    int64                                           3.2 GIOPS    6.31ms
    int32                                           7.6 GIOPS    2.64ms
    int16                                          13.8 GIOPS    1.45ms
    int8                                           18.5 GIOPS    1.08ms
    int4                                              SKIPPED  (PyTorch does not support this precision)

BLAS Level 2: GEMV
------------------------------------------------------------------------------------------
  Size     32:
    fp64      [!] SLOW (   0.0 GFLOPS < 1.0 GFLOPS threshold)    0.25ms
    fp32      [!] SLOW (   0.0 GFLOPS < 1.0 GFLOPS threshold)    0.30ms
    tf32      [!] SLOW (   0.0 GFLOPS < 1.0 GFLOPS threshold)    0.38ms
    fp16      [!] SLOW (   0.0 GFLOPS < 1.0 GFLOPS threshold)    0.34ms
    fp8                                               SKIPPED  (PyTorch does not support this precision)
    fp4                                               SKIPPED  (PyTorch does not support this precision)
    bf16      [!] SLOW (   0.0 GFLOPS < 1.0 GFLOPS threshold)    0.32ms
    int64                                             SKIPPED  (RuntimeError: "addmv_impl_cuda" not implemented for 'Long')
    int32                                             SKIPPED  (RuntimeError: "addmv_impl_cuda" not implemented for 'Int')
    int16                                             SKIPPED  (RuntimeError: "addmv_impl_cuda" not implemented for 'Short')
    int8                                              SKIPPED  (RuntimeError: "addmv_impl_cuda" not implemented for 'Char')
    int4                                              SKIPPED  (PyTorch does not support this precision)
  Size     64:
    fp64      [!] SLOW (   0.0 GFLOPS < 1.0 GFLOPS threshold)    0.25ms
    fp32      [!] SLOW (   0.0 GFLOPS < 1.0 GFLOPS threshold)    0.25ms
    tf32      [!] SLOW (   0.0 GFLOPS < 1.0 GFLOPS threshold)    0.24ms
    fp16      [!] SLOW (   0.0 GFLOPS < 1.0 GFLOPS threshold)    0.25ms
    fp8                                               SKIPPED  (PyTorch does not support this precision)
    fp4                                               SKIPPED  (PyTorch does not support this precision)
    bf16      [!] SLOW (   0.0 GFLOPS < 1.0 GFLOPS threshold)    0.25ms
    int64                                             SKIPPED  (RuntimeError: "addmv_impl_cuda" not implemented for 'Long')
    int32                                             SKIPPED  (RuntimeError: "addmv_impl_cuda" not implemented for 'Int')
    int16                                             SKIPPED  (RuntimeError: "addmv_impl_cuda" not implemented for 'Short')
    int8                                              SKIPPED  (RuntimeError: "addmv_impl_cuda" not implemented for 'Char')
    int4                                              SKIPPED  (PyTorch does not support this precision)
  Size    128:
    fp64      [!] SLOW (   0.1 GFLOPS < 1.0 GFLOPS threshold)    0.25ms
    fp32      [!] SLOW (   0.1 GFLOPS < 1.0 GFLOPS threshold)    0.24ms
    tf32      [!] SLOW (   0.1 GFLOPS < 1.0 GFLOPS threshold)    0.24ms
    fp16      [!] SLOW (   0.1 GFLOPS < 1.0 GFLOPS threshold)    0.25ms
    fp8                                               SKIPPED  (PyTorch does not support this precision)
    fp4                                               SKIPPED  (PyTorch does not support this precision)
    bf16      [!] SLOW (   0.1 GFLOPS < 1.0 GFLOPS threshold)    0.24ms
    int64                                             SKIPPED  (RuntimeError: "addmv_impl_cuda" not implemented for 'Long')
    int32                                             SKIPPED  (RuntimeError: "addmv_impl_cuda" not implemented for 'Int')
    int16                                             SKIPPED  (RuntimeError: "addmv_impl_cuda" not implemented for 'Short')
    int8                                              SKIPPED  (RuntimeError: "addmv_impl_cuda" not implemented for 'Char')
    int4                                              SKIPPED  (PyTorch does not support this precision)
  Size    256:
    fp64      [!] SLOW (   0.5 GFLOPS < 1.0 GFLOPS threshold)    0.25ms
    fp32      [!] SLOW (   0.5 GFLOPS < 1.0 GFLOPS threshold)    0.24ms
    tf32      [!] SLOW (   0.5 GFLOPS < 1.0 GFLOPS threshold)    0.25ms
    fp16      [!] SLOW (   0.5 GFLOPS < 1.0 GFLOPS threshold)    0.25ms
    fp8                                               SKIPPED  (PyTorch does not support this precision)
    fp4                                               SKIPPED  (PyTorch does not support this precision)
    bf16      [!] SLOW (   0.5 GFLOPS < 1.0 GFLOPS threshold)    0.25ms
    int64                                             SKIPPED  (RuntimeError: "addmv_impl_cuda" not implemented for 'Long')
    int32                                             SKIPPED  (RuntimeError: "addmv_impl_cuda" not implemented for 'Int')
    int16                                             SKIPPED  (RuntimeError: "addmv_impl_cuda" not implemented for 'Short')
    int8                                              SKIPPED  (RuntimeError: "addmv_impl_cuda" not implemented for 'Char')
    int4                                              SKIPPED  (PyTorch does not support this precision)
  Size    512:
    fp64                                           2.1 GFLOPS    0.25ms
    fp32                                           2.1 GFLOPS    0.25ms
    tf32                                           2.1 GFLOPS    0.25ms
    fp16                                           2.1 GFLOPS    0.25ms
    fp8                                               SKIPPED  (PyTorch does not support this precision)
    fp4                                               SKIPPED  (PyTorch does not support this precision)
    bf16                                           2.1 GFLOPS    0.25ms
    int64                                             SKIPPED  (RuntimeError: "addmv_impl_cuda" not implemented for 'Long')
    int32                                             SKIPPED  (RuntimeError: "addmv_impl_cuda" not implemented for 'Int')
    int16                                             SKIPPED  (RuntimeError: "addmv_impl_cuda" not implemented for 'Short')
    int8                                              SKIPPED  (RuntimeError: "addmv_impl_cuda" not implemented for 'Char')
    int4                                              SKIPPED  (PyTorch does not support this precision)
  Size     1K:
    fp64                                           8.1 GFLOPS    0.26ms
    fp32                                           8.5 GFLOPS    0.25ms
    tf32                                           8.6 GFLOPS    0.25ms
    fp16                                           8.5 GFLOPS    0.25ms
    fp8                                               SKIPPED  (PyTorch does not support this precision)
    fp4                                               SKIPPED  (PyTorch does not support this precision)
    bf16                                           8.5 GFLOPS    0.25ms
    int64                                             SKIPPED  (RuntimeError: "addmv_impl_cuda" not implemented for 'Long')
    int32                                             SKIPPED  (RuntimeError: "addmv_impl_cuda" not implemented for 'Int')
    int16                                             SKIPPED  (RuntimeError: "addmv_impl_cuda" not implemented for 'Short')
    int8                                              SKIPPED  (RuntimeError: "addmv_impl_cuda" not implemented for 'Char')
    int4                                              SKIPPED  (PyTorch does not support this precision)
  Size     2K:
    fp64                                           9.7 GFLOPS    0.87ms
    fp32                                          30.4 GFLOPS    0.28ms
    tf32                                          30.4 GFLOPS    0.28ms
    fp16                                          29.9 GFLOPS    0.28ms
    fp8                                               SKIPPED  (PyTorch does not support this precision)
    fp4                                               SKIPPED  (PyTorch does not support this precision)
    bf16                                          31.0 GFLOPS    0.27ms
    int64                                             SKIPPED  (RuntimeError: "addmv_impl_cuda" not implemented for 'Long')
    int32                                             SKIPPED  (RuntimeError: "addmv_impl_cuda" not implemented for 'Int')
    int16                                             SKIPPED  (RuntimeError: "addmv_impl_cuda" not implemented for 'Short')
    int8                                              SKIPPED  (RuntimeError: "addmv_impl_cuda" not implemented for 'Char')
    int4                                              SKIPPED  (PyTorch does not support this precision)

BLAS Level 3: GEMM
------------------------------------------------------------------------------------------
  Size     32... ALL PRECISIONS FAILED
  Size     64... ALL PRECISIONS FAILED
  Size    128... ALL PRECISIONS FAILED
  Size    256... ALL PRECISIONS FAILED
  Size    512... ALL PRECISIONS FAILED
  Size     1K... ALL PRECISIONS FAILED
  Size     2K... ALL PRECISIONS FAILED

==========================================================================================
BLAS Suite Complete: 17 calibrations
==========================================================================================

Building precision capability matrix...

Calibration saved to: hardware_registry/gpu/jetson_orin_agx_gpu/calibrations/pending_pytorch.json

================================================================================
Hardware Calibration: Jetson Orin AGX (GPU)
Date: 2026-01-29T17:06:20.433717
================================================================================

Framework: PYTORCH
Device:    CUDA

Theoretical Specifications:
  Peak GFLOPS (FP32): 5325.0
  Peak Bandwidth:     204.8 GB/s

STREAM Memory Bandwidth Benchmark:
  Kernel           Size (MB)    Bandwidth    Latency   Efficiency Description
  -----------------------------------------------------------------------------------------------
  COPY                   128       51.4 GB/s     5.22 ms       25.1%  a[i] = b[i]
  SCALE                  512      113.4 GB/s     9.47 ms       55.3%  a[i] = q * b[i]
  ADD                    512      124.5 GB/s    12.93 ms       60.8%  a[i] = b[i] + c[i]
  TRIAD                  512       73.2 GB/s    22.00 ms       35.8%  a[i] = b[i] + q * c[i]

  STREAM Score (minimum): 39.3 GB/s

BLAS Performance Summary (Highest Throughput by Precision):
  Operation          fp64       fp32       tf32       fp16        fp8        fp4       bf16      int64      int32      int16       int8       int4   Best Precision
  ------------------------------------------------------------------------------------------------------------------------------------------------------------------
  AXPY                3.1        7.0        7.0       12.8        N/A        N/A       14.2        3.2        7.6       13.8       18.5        N/A             int8
  DOT                14.4       22.5       20.9       19.8        N/A        N/A       20.4        N/A        N/A        N/A        N/A        N/A             fp32
  GEMV                9.7       30.4       30.4       29.9        N/A        N/A       31.0        N/A        N/A        N/A        N/A        N/A             bf16

BLAS Compute Performance (by Operation and Precision):
========================================================================================================================

Level 1: Vector-Vector (O(n))
------------------------------------------------------------------------------------------------------------------------

AXPY:
  Precision   Best Size Highest Throughput    Latency       AI   Efficiency
  --------------------------------------------------------------------------------
  fp64              10M         3.1 GFLOPS     6.36ms     0.33        1.9%
  fp32              10M         7.0 GFLOPS     2.85ms     0.17        0.1%
  tf32              10M         7.0 GFLOPS     2.84ms     0.17        0.1%
  fp16              10M        12.8 GFLOPS     1.56ms     0.33        0.1%
  bf16              10M        14.2 GFLOPS     1.41ms     0.33        0.1%
  int64             10M          3.2 GIOPS     6.31ms     0.33        0.0%
  int32             10M          7.6 GIOPS     2.64ms     0.33        0.1%
  int16             10M         13.8 GIOPS     1.45ms     0.33        0.1%
  int8              10M         18.5 GIOPS     1.08ms     0.33        0.0%

DOT:
  Precision   Best Size Highest Throughput    Latency       AI   Efficiency
  --------------------------------------------------------------------------------
  fp64              10M        14.4 GFLOPS     1.39ms     0.50        8.7%
  fp32              10M        22.5 GFLOPS     0.89ms     0.25        0.4%
  tf32              10M        20.9 GFLOPS     0.96ms     0.25        0.2%
  fp16              10M        19.8 GFLOPS     1.01ms     0.50        0.1%
  bf16              10M        20.4 GFLOPS     0.98ms     0.50        0.1%

Level 2: Matrix-Vector (O(n²))
------------------------------------------------------------------------------------------------------------------------

GEMV:
  Precision   Best Size Highest Throughput    Latency       AI   Efficiency
  --------------------------------------------------------------------------------
  fp64               2K         9.7 GFLOPS     0.87ms     1.00        5.8%
  fp32               2K        30.4 GFLOPS     0.28ms     0.50        0.6%
  tf32               2K        30.4 GFLOPS     0.28ms     0.50        0.3%
  fp16               2K        29.9 GFLOPS     0.28ms     1.00        0.1%
  bf16               2K        31.0 GFLOPS     0.27ms     1.00        0.1%

Precision Support Summary:
  Supported:   fp64, fp32, tf32, fp16, bf16, int64, int32, int16, int8
  Unsupported: fp8, fp4, int4


================================================================================
Calibration Complete!
================================================================================

Calibration file: hardware_registry/gpu/jetson_orin_agx_gpu/calibrations/MODE30W_306MHz_pytorch_20260129T170710Z.json

Next steps:
  1. Review the calibration results above
  2. View calibration efficiency:
     ./cli/show_calibration_efficiency.py --id jetson_orin_agx_gpu

  3. Use in analysis (calibration auto-loaded from registry):
     ./cli/analyze_comprehensive.py --model resnet18 --hardware jetson_orin_agx_gpu

