================================================================================
Hardware Calibration: Ryzen 7 2700X Eight-Core Processor
================================================================================

Running pre-flight checks...

======================================================================
PRE-FLIGHT CHECKS
======================================================================

[-] CPU Governor: cpufreq not available (VM or container?)
[OK] CPU Frequency: 3700 MHz (100% of max)
    Current:  3700 MHz
    Expected: >= 3330 MHz (90%)
[-] Turbo Boost: Could not determine (not Intel pstate)
[!] System Load: 17.5% (some background activity)
    Current:  17.5%
    Expected: < 5%
[-] Thermal State: Could not read temperature

RESULT: PASSED with warnings
  Calibration will proceed, but results may not represent peak performance.======================================================================

[!] Note: Some pre-flight checks have warnings.
  Results may not represent absolute peak performance.

System Information:
  CPU: AMD64 Family 23 Model 8 Stepping 2, AuthenticAMD
  Cores: 8 physical, 16 logical
  Memory: 32.0 GB
  Python: 3.11.9
  NumPy: 2.2.6
  PyTorch: 2.9.1+cpu

Target Device: CPU
Framework:     NUMPY

Querying CPU clock frequencies...
  CPU Freq: 3700 MHz (100% of max 3700 MHz)
  Governor: Sonos

Running calibration benchmarks...

1. STREAM Memory Bandwidth Benchmark
--------------------------------------------------------------------------------
Framework: NumPy (CPU-only)

STREAM Benchmark Suite:
--------------------------------------------------------------------------------

COPY (a[i] = b[i]):
  Memory ops: 2, FLOPs/element: 0
  Size     8 MB...    30.1 GB/s  (63.1%)    0.56 ms
  Size    16 MB...    21.9 GB/s  (45.9%)    1.53 ms
  Size    32 MB...    23.7 GB/s  (49.8%)    2.83 ms
  Size    64 MB...    27.5 GB/s  (57.8%)    4.87 ms
  Size   128 MB...    24.2 GB/s  (50.7%)   11.11 ms
  Size   256 MB...    23.8 GB/s  (50.0%)   22.52 ms
  Size   512 MB...    23.3 GB/s  (48.9%)   46.08 ms

SCALE (a[i] = q * b[i]):
  Memory ops: 2, FLOPs/element: 1
  Size     8 MB...    15.8 GB/s  (33.1%)    1.06 ms  |  2.0 GFLOPS
  Size    16 MB...    12.4 GB/s  (26.1%)    2.70 ms  |  1.6 GFLOPS
  Size    32 MB...    15.0 GB/s  (31.5%)    4.46 ms  |  1.9 GFLOPS
  Size    64 MB...    15.4 GB/s  (32.2%)    8.74 ms  |  1.9 GFLOPS
  Size   128 MB...    14.9 GB/s  (31.3%)   17.98 ms  |  1.9 GFLOPS
  Size   256 MB...    14.6 GB/s  (30.6%)   36.79 ms  |  1.8 GFLOPS
  Size   512 MB...    16.2 GB/s  (34.0%)   66.26 ms  |  2.0 GFLOPS

ADD (a[i] = b[i] + c[i]):
  Memory ops: 3, FLOPs/element: 1
  Size     8 MB...    18.3 GB/s  (38.4%)    1.38 ms  |  1.5 GFLOPS
  Size    16 MB...    18.7 GB/s  (39.1%)    2.70 ms  |  1.6 GFLOPS
  Size    32 MB...    18.7 GB/s  (39.2%)    5.38 ms  |  1.6 GFLOPS
  Size    64 MB...    18.6 GB/s  (39.0%)   10.83 ms  |  1.5 GFLOPS
  Size   128 MB...    19.2 GB/s  (40.2%)   21.02 ms  |  1.6 GFLOPS
  Size   256 MB...    19.2 GB/s  (40.3%)   41.89 ms  |  1.6 GFLOPS
  Size   512 MB...    19.0 GB/s  (39.9%)   84.76 ms  |  1.6 GFLOPS

TRIAD (a[i] = b[i] + q * c[i]):
  Memory ops: 3, FLOPs/element: 2
  Size     8 MB...     4.7 GB/s   (9.9%)    5.34 ms  |  0.8 GFLOPS
  Size    16 MB...     4.5 GB/s   (9.4%)   11.23 ms  |  0.7 GFLOPS
  Size    32 MB...     5.0 GB/s  (10.4%)   20.32 ms  |  0.8 GFLOPS
  Size    64 MB...     4.8 GB/s  (10.1%)   41.79 ms  |  0.8 GFLOPS
  Size   128 MB...     5.0 GB/s  (10.5%)   80.45 ms  |  0.8 GFLOPS
  Size   256 MB...     5.0 GB/s  (10.6%)  159.68 ms  |  0.8 GFLOPS
  Size   512 MB...     4.5 GB/s   (9.5%)  356.86 ms  |  0.8 GFLOPS

================================================================================
STREAM Summary:
--------------------------------------------------------------------------------
Kernel            Best BW    Latency   Efficiency Description
------------------------------------------------------------------------------------------
COPY               30.1 GB/s     0.56 ms       63.1%  a[i] = b[i]
SCALE              16.2 GB/s    66.26 ms       34.0%  a[i] = q * b[i]
ADD                19.2 GB/s    41.89 ms       40.3%  a[i] = b[i] + c[i]
TRIAD               5.0 GB/s   159.68 ms       10.6%  a[i] = b[i] + q * c[i]

STREAM Score (minimum): 4.5 GB/s
================================================================================
STREAM Score (minimum bandwidth): 4.5 GB/s

2. BLAS Compute Benchmark Suite
--------------------------------------------------------------------------------
Testing precisions: fp64, fp32, tf32, fp16, fp8, fp4, bf16, int64, int32, int16, int8, int4

Framework: NumPy (CPU-only)

BLAS Benchmark Suite:
==========================================================================================

BLAS Level 1: DOT
------------------------------------------------------------------------------------------
  Size     1K:
    fp64                                           1.3 GFLOPS    0.00ms
    fp32                                           1.6 GFLOPS    0.00ms
    tf32                                              SKIPPED  (NumPy does not support this precision)
    fp16      [!] SLOW (   0.3 GFLOPS < 1.0 GFLOPS threshold)    0.01ms
    fp8                                               SKIPPED  (NumPy does not support this precision)
    fp4                                               SKIPPED  (NumPy does not support this precision)
    bf16                                              SKIPPED  (NumPy does not support this precision)
    int64      [!] SLOW (   1.0 GIOPS < 1.0 GFLOPS threshold)    0.00ms
    int32                                           1.0 GIOPS    0.00ms
    int16      [!] SLOW (   0.9 GIOPS < 1.0 GFLOPS threshold)    0.00ms
    int8       [!] SLOW (   0.9 GIOPS < 1.0 GFLOPS threshold)    0.00ms
    int4                                              SKIPPED  (NumPy does not support this precision)
  Size    10K:
    fp64                                           7.4 GFLOPS    0.00ms
    fp32                                          10.6 GFLOPS    0.00ms
    tf32                                              SKIPPED  (NumPy does not support this precision)
    fp16      [!] SLOW (   0.4 GFLOPS < 1.0 GFLOPS threshold)    0.05ms
    fp8                                               SKIPPED  (NumPy does not support this precision)
    fp4                                               SKIPPED  (NumPy does not support this precision)
    bf16                                              SKIPPED  (NumPy does not support this precision)
    int64                                           3.2 GIOPS    0.01ms
    int32                                           3.4 GIOPS    0.01ms
    int16                                           2.4 GIOPS    0.01ms
    int8                                            2.4 GIOPS    0.01ms
    int4                                              SKIPPED  (NumPy does not support this precision)
  Size   100K:
    fp64                                           1.1 GFLOPS    0.18ms
    fp32                                          21.3 GFLOPS    0.01ms
    tf32                                              SKIPPED  (NumPy does not support this precision)
    fp16      [!] SLOW (   0.4 GFLOPS < 1.0 GFLOPS threshold)    0.48ms
    fp8                                               SKIPPED  (NumPy does not support this precision)
    fp4                                               SKIPPED  (NumPy does not support this precision)
    bf16                                              SKIPPED  (NumPy does not support this precision)
    int64                                           4.5 GIOPS    0.04ms
    int32                                           4.5 GIOPS    0.04ms
    int16                                           2.9 GIOPS    0.07ms
    int8                                            2.9 GIOPS    0.07ms
    int4                                              SKIPPED  (NumPy does not support this precision)
  Size     1M:
    fp64                                           4.4 GFLOPS    0.46ms
    fp32                                           9.5 GFLOPS    0.21ms
    tf32                                              SKIPPED  (NumPy does not support this precision)
    fp16      [!] SLOW (   0.4 GFLOPS < 1.0 GFLOPS threshold)    4.77ms
    fp8                                               SKIPPED  (NumPy does not support this precision)
    fp4                                               SKIPPED  (NumPy does not support this precision)
    bf16                                              SKIPPED  (NumPy does not support this precision)
    int64                                           2.3 GIOPS    0.89ms
    int32                                           4.1 GIOPS    0.49ms
    int16                                           2.9 GIOPS    0.70ms
    int8                                            2.8 GIOPS    0.72ms
    int4                                              SKIPPED  (NumPy does not support this precision)
  Size    10M:
    fp64                                           3.8 GFLOPS    5.30ms
    fp32                                           5.5 GFLOPS    3.64ms
    tf32                                              SKIPPED  (NumPy does not support this precision)
    fp16      [!] SLOW (   0.4 GFLOPS < 1.0 GFLOPS threshold)   47.65ms
    fp8                                               SKIPPED  (NumPy does not support this precision)
    fp4                                               SKIPPED  (NumPy does not support this precision)
    bf16                                              SKIPPED  (NumPy does not support this precision)
    int64                                           2.1 GIOPS    9.37ms
    int32                                           3.6 GIOPS    5.53ms
    int16                                           2.9 GIOPS    6.80ms
    int8                                            3.0 GIOPS    6.77ms
    int4                                              SKIPPED  (NumPy does not support this precision)

BLAS Level 1: AXPY
------------------------------------------------------------------------------------------
  Size     1K:
    fp64      [!] SLOW (   0.5 GFLOPS < 1.0 GFLOPS threshold)    0.00ms
    fp32      [!] SLOW (   0.3 GFLOPS < 1.0 GFLOPS threshold)    0.01ms
    tf32                                              SKIPPED  (NumPy does not support this precision)
    fp16      [!] SLOW (   0.1 GFLOPS < 1.0 GFLOPS threshold)    0.02ms
    fp8                                               SKIPPED  (NumPy does not support this precision)
    fp4                                               SKIPPED  (NumPy does not support this precision)
    bf16                                              SKIPPED  (NumPy does not support this precision)
    int64      [!] SLOW (   0.5 GIOPS < 1.0 GFLOPS threshold)    0.00ms
    int32      [!] SLOW (   0.4 GIOPS < 1.0 GFLOPS threshold)    0.00ms
    int16      [!] SLOW (   0.5 GIOPS < 1.0 GFLOPS threshold)    0.00ms
    int8       [!] SLOW (   0.5 GIOPS < 1.0 GFLOPS threshold)    0.00ms
    int4                                              SKIPPED  (NumPy does not support this precision)
  Size    10K:
    fp64                                           2.4 GFLOPS    0.01ms
    fp32                                           3.3 GFLOPS    0.01ms
    tf32                                              SKIPPED  (NumPy does not support this precision)
    fp16      [!] SLOW (   0.1 GFLOPS < 1.0 GFLOPS threshold)    0.16ms
    fp8                                               SKIPPED  (NumPy does not support this precision)
    fp4                                               SKIPPED  (NumPy does not support this precision)
    bf16                                              SKIPPED  (NumPy does not support this precision)
    int64                                           1.3 GIOPS    0.02ms
    int32                                           1.3 GIOPS    0.02ms
    int16                                           1.3 GIOPS    0.02ms
    int8                                            1.3 GIOPS    0.01ms
    int4                                              SKIPPED  (NumPy does not support this precision)
  Size   100K:
    fp64                                           3.1 GFLOPS    0.07ms
    fp32                                           6.0 GFLOPS    0.03ms
    tf32                                              SKIPPED  (NumPy does not support this precision)
    fp16      [!] SLOW (   0.1 GFLOPS < 1.0 GFLOPS threshold)    1.58ms
    fp8                                               SKIPPED  (NumPy does not support this precision)
    fp4                                               SKIPPED  (NumPy does not support this precision)
    bf16                                              SKIPPED  (NumPy does not support this precision)
    int64                                           1.5 GIOPS    0.13ms
    int32                                           1.7 GIOPS    0.12ms
    int16                                           1.6 GIOPS    0.12ms
    int8                                            1.6 GIOPS    0.12ms
    int4                                              SKIPPED  (NumPy does not support this precision)
  Size     1M:
    fp64      [!] SLOW (   0.4 GFLOPS < 1.0 GFLOPS threshold)    5.53ms
    fp32      [!] SLOW (   0.7 GFLOPS < 1.0 GFLOPS threshold)    3.00ms
    tf32                                              SKIPPED  (NumPy does not support this precision)
    fp16      [!] SLOW (   0.1 GFLOPS < 1.0 GFLOPS threshold)   16.71ms
    fp8                                               SKIPPED  (NumPy does not support this precision)
    fp4                                               SKIPPED  (NumPy does not support this precision)
    bf16                                              SKIPPED  (NumPy does not support this precision)
    int64      [!] SLOW (   0.4 GIOPS < 1.0 GFLOPS threshold)    5.65ms
    int32      [!] SLOW (   0.6 GIOPS < 1.0 GFLOPS threshold)    3.43ms
    int16      [!] SLOW (   1.0 GIOPS < 1.0 GFLOPS threshold)    2.08ms
    int8                                            1.7 GIOPS    1.15ms
    int4                                              SKIPPED  (NumPy does not support this precision)
  Size    10M:
    fp64      [!] SLOW (   0.4 GFLOPS < 1.0 GFLOPS threshold)   51.39ms
    fp32      [!] SLOW (   0.7 GFLOPS < 1.0 GFLOPS threshold)   27.90ms
    tf32                                              SKIPPED  (NumPy does not support this precision)
    fp16      [!] SLOW (   0.1 GFLOPS < 1.0 GFLOPS threshold)  166.70ms
    fp8                                               SKIPPED  (NumPy does not support this precision)
    fp4                                               SKIPPED  (NumPy does not support this precision)
    bf16                                              SKIPPED  (NumPy does not support this precision)
    int64      [!] SLOW (   0.4 GIOPS < 1.0 GFLOPS threshold)   56.38ms
    int32      [!] SLOW (   0.7 GIOPS < 1.0 GFLOPS threshold)   30.03ms
    int16                                           1.1 GIOPS   18.98ms
    int8                                            1.3 GIOPS   15.43ms
    int4                                              SKIPPED  (NumPy does not support this precision)

BLAS Level 2: GEMV
------------------------------------------------------------------------------------------
  Size     32:
    fp64      [!] SLOW (   0.4 GFLOPS < 1.0 GFLOPS threshold)    0.01ms
    fp32      [!] SLOW (   0.3 GFLOPS < 1.0 GFLOPS threshold)    0.01ms
    tf32                                              SKIPPED  (NumPy does not support this precision)
    fp16      [!] SLOW (   0.1 GFLOPS < 1.0 GFLOPS threshold)    0.02ms
    fp8                                               SKIPPED  (NumPy does not support this precision)
    fp4                                               SKIPPED  (NumPy does not support this precision)
    bf16                                              SKIPPED  (NumPy does not support this precision)
    int64      [!] SLOW (   0.3 GIOPS < 1.0 GFLOPS threshold)    0.01ms
    int32      [!] SLOW (   0.3 GIOPS < 1.0 GFLOPS threshold)    0.01ms
    int16      [!] SLOW (   0.3 GIOPS < 1.0 GFLOPS threshold)    0.01ms
    int8       [!] SLOW (   0.3 GIOPS < 1.0 GFLOPS threshold)    0.01ms
    int4                                              SKIPPED  (NumPy does not support this precision)
  Size     64:
    fp64                                           1.4 GFLOPS    0.01ms
    fp32                                           1.3 GFLOPS    0.01ms
    tf32                                              SKIPPED  (NumPy does not support this precision)
    fp16      [!] SLOW (   0.3 GFLOPS < 1.0 GFLOPS threshold)    0.03ms
    fp8                                               SKIPPED  (NumPy does not support this precision)
    fp4                                               SKIPPED  (NumPy does not support this precision)
    bf16                                              SKIPPED  (NumPy does not support this precision)
    int64      [!] SLOW (   0.8 GIOPS < 1.0 GFLOPS threshold)    0.01ms
    int32      [!] SLOW (   0.7 GIOPS < 1.0 GFLOPS threshold)    0.01ms
    int16      [!] SLOW (   0.7 GIOPS < 1.0 GFLOPS threshold)    0.01ms
    int8       [!] SLOW (   0.7 GIOPS < 1.0 GFLOPS threshold)    0.01ms
    int4                                              SKIPPED  (NumPy does not support this precision)
  Size    128:
    fp64                                           4.4 GFLOPS    0.01ms
    fp32                                           4.7 GFLOPS    0.01ms
    tf32                                              SKIPPED  (NumPy does not support this precision)
    fp16      [!] SLOW (   0.4 GFLOPS < 1.0 GFLOPS threshold)    0.09ms
    fp8                                               SKIPPED  (NumPy does not support this precision)
    fp4                                               SKIPPED  (NumPy does not support this precision)
    bf16                                              SKIPPED  (NumPy does not support this precision)
    int64                                           1.1 GIOPS    0.03ms
    int32                                           1.0 GIOPS    0.03ms
    int16                                           1.0 GIOPS    0.03ms
    int8                                            1.0 GIOPS    0.03ms
    int4                                              SKIPPED  (NumPy does not support this precision)
  Size    256:
    fp64                                          10.1 GFLOPS    0.01ms
    fp32                                          12.4 GFLOPS    0.01ms
    tf32                                              SKIPPED  (NumPy does not support this precision)
    fp16      [!] SLOW (   0.4 GFLOPS < 1.0 GFLOPS threshold)    0.34ms
    fp8                                               SKIPPED  (NumPy does not support this precision)
    fp4                                               SKIPPED  (NumPy does not support this precision)
    bf16                                              SKIPPED  (NumPy does not support this precision)
    int64                                           1.2 GIOPS    0.11ms
    int32                                           1.1 GIOPS    0.12ms
    int16                                           1.1 GIOPS    0.12ms
    int8                                            1.1 GIOPS    0.11ms
    int4                                              SKIPPED  (NumPy does not support this precision)
  Size    512:
    fp64                                          16.0 GFLOPS    0.03ms
    fp32                                          21.9 GFLOPS    0.02ms
    tf32                                              SKIPPED  (NumPy does not support this precision)
    fp16      [!] SLOW (   0.4 GFLOPS < 1.0 GFLOPS threshold)    1.33ms
    fp8                                               SKIPPED  (NumPy does not support this precision)
    fp4                                               SKIPPED  (NumPy does not support this precision)
    bf16                                              SKIPPED  (NumPy does not support this precision)
    int64                                           1.2 GIOPS    0.45ms
    int32                                           1.2 GIOPS    0.45ms
    int16                                           1.2 GIOPS    0.46ms
    int8                                            1.2 GIOPS    0.45ms
    int4                                              SKIPPED  (NumPy does not support this precision)
  Size     1K:
    fp64                                          10.3 GFLOPS    0.20ms
    fp32                                          11.9 GFLOPS    0.18ms
    tf32                                              SKIPPED  (NumPy does not support this precision)
    fp16      [!] SLOW (   0.4 GFLOPS < 1.0 GFLOPS threshold)    5.27ms
    fp8                                               SKIPPED  (NumPy does not support this precision)
    fp4                                               SKIPPED  (NumPy does not support this precision)
    bf16                                              SKIPPED  (NumPy does not support this precision)
    int64                                           1.1 GIOPS    1.89ms
    int32                                           1.1 GIOPS    1.85ms
    int16                                           1.2 GIOPS    1.82ms
    int8                                            1.2 GIOPS    1.81ms
    int4                                              SKIPPED  (NumPy does not support this precision)
  Size     2K:
    fp64                                           6.2 GFLOPS    1.36ms
    fp32                                          16.4 GFLOPS    0.51ms
    tf32                                              SKIPPED  (NumPy does not support this precision)
    fp16      [!] SLOW (   0.4 GFLOPS < 1.0 GFLOPS threshold)   21.18ms
    fp8                                               SKIPPED  (NumPy does not support this precision)
    fp4                                               SKIPPED  (NumPy does not support this precision)
    bf16                                              SKIPPED  (NumPy does not support this precision)
    int64                                           1.1 GIOPS    7.54ms
    int32                                           1.1 GIOPS    7.48ms
    int16                                           1.1 GIOPS    7.33ms
    int8                                            1.1 GIOPS    7.31ms
    int4                                              SKIPPED  (NumPy does not support this precision)

BLAS Level 3: GEMM
------------------------------------------------------------------------------------------
  Size     32:
    fp64                                           5.3 GFLOPS    0.01ms
    fp32                                           5.0 GFLOPS    0.01ms
    tf32                                              SKIPPED  (NumPy does not support this precision)
    fp16      [!] SLOW (   0.3 GFLOPS < 1.0 GFLOPS threshold)    0.21ms
    fp8                                               SKIPPED  (NumPy does not support this precision)
    fp4                                               SKIPPED  (NumPy does not support this precision)
    bf16                                              SKIPPED  (NumPy does not support this precision)
    int64                                           1.2 GIOPS    0.05ms
    int32                                           1.5 GIOPS    0.04ms
    int16                                           1.2 GIOPS    0.05ms
    int8                                            1.4 GIOPS    0.05ms
    int4                                              SKIPPED  (NumPy does not support this precision)
  Size     64:
    fp64                                          14.2 GFLOPS    0.04ms
    fp32                                          21.3 GFLOPS    0.02ms
    tf32                                              SKIPPED  (NumPy does not support this precision)
    fp16      [!] SLOW (   0.4 GFLOPS < 1.0 GFLOPS threshold)    1.46ms
    fp8                                               SKIPPED  (NumPy does not support this precision)
    fp4                                               SKIPPED  (NumPy does not support this precision)
    bf16                                              SKIPPED  (NumPy does not support this precision)
    int64                                           1.5 GIOPS    0.36ms
    int32                                           1.4 GIOPS    0.38ms
    int16                                           1.4 GIOPS    0.37ms
    int8                                            1.4 GIOPS    0.36ms
    int4                                              SKIPPED  (NumPy does not support this precision)
  Size    128:
    fp64                                          22.9 GFLOPS    0.18ms
    fp32                                          33.1 GFLOPS    0.13ms
    tf32                                              SKIPPED  (NumPy does not support this precision)
    fp16      [!] SLOW (   0.4 GFLOPS < 1.0 GFLOPS threshold)   11.06ms
    fp8                                               SKIPPED  (NumPy does not support this precision)
    fp4                                               SKIPPED  (NumPy does not support this precision)
    bf16                                              SKIPPED  (NumPy does not support this precision)
    int64                                           1.3 GIOPS    3.27ms
    int32                                           1.3 GIOPS    3.25ms
    int16                                           1.3 GIOPS    3.34ms
    int8                                            1.3 GIOPS    3.34ms
    int4                                              SKIPPED  (NumPy does not support this precision)
  Size    256:
    fp64                                          46.6 GFLOPS    0.72ms
    fp32                                         103.6 GFLOPS    0.32ms
    tf32                                              SKIPPED  (NumPy does not support this precision)
    fp16      [!] SLOW (   0.4 GFLOPS < 1.0 GFLOPS threshold)   86.50ms
    fp8                                               SKIPPED  (NumPy does not support this precision)
    fp4                                               SKIPPED  (NumPy does not support this precision)
    bf16                                              SKIPPED  (NumPy does not support this precision)
    int64      [!] SLOW (   0.9 GIOPS < 1.0 GFLOPS threshold)   36.68ms
    int32                                           1.2 GIOPS   28.10ms
    int16                                           1.2 GIOPS   28.05ms
    int8                                            1.2 GIOPS   27.91ms
    int4                                              SKIPPED  (NumPy does not support this precision)
  Size    512:
    fp64                                          60.0 GFLOPS    4.47ms
    fp32                                         100.0 GFLOPS    2.69ms
    tf32                                              SKIPPED  (NumPy does not support this precision)
    fp16                                              SKIPPED  (Skipped (poor performance at size 256: 0.4 GFLOPS < 1.0 GFLOPS))
    fp8                                               SKIPPED  (NumPy does not support this precision)
    fp4                                               SKIPPED  (NumPy does not support this precision)
    bf16                                              SKIPPED  (NumPy does not support this precision)
    int64                                             SKIPPED  (Skipped (poor performance at size 256: 0.9 GFLOPS < 1.0 GFLOPS))
    int32                                             SKIPPED  (Timeout: GEMM benchmark exceeded 5s timeout)
    int16                                             SKIPPED  (Timeout: GEMM benchmark exceeded 5s timeout)
    int8                                              SKIPPED  (Timeout: GEMM benchmark exceeded 5s timeout)
    int4                                              SKIPPED  (NumPy does not support this precision)
  Size     1K:
    fp64                                          86.6 GFLOPS   24.81ms
    fp32                                         190.5 GFLOPS   11.28ms
    tf32                                              SKIPPED  (NumPy does not support this precision)
    fp16                                              SKIPPED  (Skipped (poor performance at size 256: 0.4 GFLOPS < 1.0 GFLOPS))
    fp8                                               SKIPPED  (NumPy does not support this precision)
    fp4                                               SKIPPED  (NumPy does not support this precision)
    bf16                                              SKIPPED  (NumPy does not support this precision)
    int64                                             SKIPPED  (Skipped (poor performance at size 256: 0.9 GFLOPS < 1.0 GFLOPS))
    int32                                             SKIPPED  (Skipped (poor performance at size 512: Timeout (>5s)))
    int16                                             SKIPPED  (Skipped (poor performance at size 512: Timeout (>5s)))
    int8                                              SKIPPED  (Skipped (poor performance at size 512: Timeout (>5s)))
    int4                                              SKIPPED  (NumPy does not support this precision)
  Size     2K:
    fp64                                         117.2 GFLOPS  146.57ms
    fp32                                         235.7 GFLOPS   72.88ms
    tf32                                              SKIPPED  (NumPy does not support this precision)
    fp16                                              SKIPPED  (Skipped (poor performance at size 256: 0.4 GFLOPS < 1.0 GFLOPS))
    fp8                                               SKIPPED  (NumPy does not support this precision)
    fp4                                               SKIPPED  (NumPy does not support this precision)
    bf16                                              SKIPPED  (NumPy does not support this precision)
    int64                                             SKIPPED  (Skipped (poor performance at size 256: 0.9 GFLOPS < 1.0 GFLOPS))
    int32                                             SKIPPED  (Skipped (poor performance at size 512: Timeout (>5s)))
    int16                                             SKIPPED  (Skipped (poor performance at size 512: Timeout (>5s)))
    int8                                              SKIPPED  (Skipped (poor performance at size 512: Timeout (>5s)))
    int4                                              SKIPPED  (NumPy does not support this precision)

==========================================================================================
BLAS Suite Complete: 24 calibrations
==========================================================================================

Building precision capability matrix...

================================================================================
Hardware Calibration: Ryzen 7 2700X Eight-Core Processor
Date: 2025-12-01T07:36:35.667654
================================================================================

Framework: NUMPY
Device:    CPU

Theoretical Specifications:
  Peak GFLOPS (FP32): 119.0
  Peak Bandwidth:     47.7 GB/s

STREAM Memory Bandwidth Benchmark:
  Kernel           Size (MB)    Bandwidth    Latency   Efficiency Description
  -----------------------------------------------------------------------------------------------
  COPY                     8       30.1 GB/s     0.56 ms       63.1%  a[i] = b[i]
  SCALE                  512       16.2 GB/s    66.26 ms       34.0%  a[i] = q * b[i]
  ADD                    256       19.2 GB/s    41.89 ms       40.3%  a[i] = b[i] + c[i]
  TRIAD                  256        5.0 GB/s   159.68 ms       10.6%  a[i] = b[i] + q * c[i]

  STREAM Score (minimum): 4.5 GB/s

BLAS Performance Summary (Highest Throughput by Precision):
  Operation          fp64       fp32       tf32       fp16        fp8        fp4       bf16      int64      int32      int16       int8       int4   Best Precision
  ------------------------------------------------------------------------------------------------------------------------------------------------------------------
  AXPY                3.1        6.0        N/A        0.1        N/A        N/A        N/A        1.5        1.7        1.6        1.7        N/A             fp32
  DOT                 7.4       21.3        N/A        0.4        N/A        N/A        N/A        4.5        4.5        2.9        3.0        N/A             fp32
  GEMV               16.0       21.9        N/A        0.4        N/A        N/A        N/A        1.2        1.2        1.2        1.2        N/A             fp32
  GEMM              117.2      235.7        N/A        0.4        N/A        N/A        N/A        1.5        1.5        1.4        1.4        N/A             fp32

BLAS Compute Performance (by Operation and Precision):
========================================================================================================================

Level 1: Vector-Vector (O(n))
------------------------------------------------------------------------------------------------------------------------

AXPY:
  Precision   Best Size Highest Throughput    Latency       AI   Efficiency
  --------------------------------------------------------------------------------
  fp64             100K         3.1 GFLOPS     0.07ms     0.08        2.6%
  fp32             100K         6.0 GFLOPS     0.03ms     0.17        5.0%
  fp16             100K         0.1 GFLOPS     1.58ms     0.33        0.0%
  int64            100K          1.5 GIOPS     0.13ms     0.08        0.3%
  int32            100K          1.7 GIOPS     0.12ms     0.17        0.4%
  int16            100K          1.6 GIOPS     0.12ms     0.33        0.3%
  int8               1M          1.7 GIOPS     1.15ms     0.67        0.4%

DOT:
  Precision   Best Size Highest Throughput    Latency       AI   Efficiency
  --------------------------------------------------------------------------------
  fp64              10K         7.4 GFLOPS     0.00ms     0.12        6.2%
  fp32             100K        21.3 GFLOPS     0.01ms     0.25       17.9%
  fp16             100K         0.4 GFLOPS     0.48ms     0.50        0.0%
  int64            100K          4.5 GIOPS     0.04ms     0.12        0.9%
  int32            100K          4.5 GIOPS     0.04ms     0.25        0.9%
  int16             10M          2.9 GIOPS     6.80ms     0.50        0.6%
  int8              10M          3.0 GIOPS     6.77ms     1.00        0.6%

Level 2: Matrix-Vector (O(n²))
------------------------------------------------------------------------------------------------------------------------

GEMV:
  Precision   Best Size Highest Throughput    Latency       AI   Efficiency
  --------------------------------------------------------------------------------
  fp64              512        16.0 GFLOPS     0.03ms     0.25       13.4%
  fp32              512        21.9 GFLOPS     0.02ms     0.50       18.4%
  fp16               1K         0.4 GFLOPS     5.27ms     1.00        0.0%
  int64             512          1.2 GIOPS     0.45ms     0.25        0.2%
  int32             512          1.2 GIOPS     0.45ms     0.50        0.2%
  int16              1K          1.2 GIOPS     1.82ms     1.00        0.2%
  int8              512          1.2 GIOPS     0.45ms     1.99        0.2%

Level 3: Matrix-Matrix (O(n³))
------------------------------------------------------------------------------------------------------------------------

GEMM:
  Precision   Best Size Highest Throughput    Latency       AI   Efficiency
  --------------------------------------------------------------------------------
  fp64               2K       117.2 GFLOPS   146.57ms   170.67       98.5%
  fp32               2K       235.7 GFLOPS    72.88ms   341.33      198.1%
  fp16              256         0.4 GFLOPS    86.50ms    85.33        0.0%
  int64              64          1.5 GIOPS     0.36ms     5.33        0.3%
  int32              32          1.5 GIOPS     0.04ms     5.33        0.3%
  int16              64          1.4 GIOPS     0.37ms    21.33        0.3%
  int8               64          1.4 GIOPS     0.36ms    42.67        0.3%

Precision Support Summary:
  Supported:   fp64, fp32, fp16, int64, int32, int16, int8
  Unsupported: tf32, fp8, fp4, bf16, int4

