
===============================================================================
                            COMPREHENSIVE ANALYSIS                             
===============================================================================
Model: efficientnet_b1
Hardware: Jetson-Orin-AGX
Precision: FP32
Batch Size: 1
===============================================================================

Creating model: efficientnet_b1 (batch_size=1)...
Creating hardware mapper: Jetson-Orin-AGX (precision=FP32)...
Tracing model with FX...
  PyTorch version: 2.1.0a0+41361538.nv23.06 (parsed: (2, 1))
  Dynamo export available: False
  Tracing model with torch.fx.symbolic_trace...
    [OK] symbolic_trace successful
  Running fusion-based partitioning...
    Partitioned into 106 subgraphs
    Total FLOPs: 1.38 GFLOPs
Partitioned into 106 subgraphs
Total FLOPs: 1.38 GFLOPs
Total memory traffic: 137.06 MB
Running hardware mapping...
  Peak units allocated: 16/16
  Average utilization: 100.0%
Running roofline analysis (thermal_profile=30W)...
Running energy analysis (thermal_profile=30W)...
Running memory analysis...
Running operator-level EDP breakdown...
Analyzing efficientnet_b1 on 1 architectures...

  Analyzing Jetson-Orin-AGX-64GB...

Analysis complete!

  Found 106 operators across 106 subgraphs

Analysis complete!
===============================================================================
                 COMPREHENSIVE ANALYSIS REPORT
===============================================================================

EXECUTIVE SUMMARY
-------------------------------------------------------------------------------
Model:                   EfficientNet-B1
Hardware:                Jetson-Orin-AGX-64GB
Precision:               FP32
Batch Size:              1

Performance:             2.36 ms latency, 423.7 fps
Energy:                  25.9 mJ total (25.9 mJ/inference)
Energy per Inference:    25.9 mJ (82% static overhead)
Efficiency:              37.3% hardware utilization

Memory:                  Peak 33.7 MB
                         (activations: 4.1 MB, weights: 31.2 MB)
                         [X] Does not fit in L2 cache (4.2 MB)

PERFORMANCE ANALYSIS
-------------------------------------------------------------------------------
Total Latency:           2.36 ms
Throughput:              423.7 fps
Hardware Utilization:    37.3%
Total FLOPs:             1.38 GFLOPs
Subgraphs:               106
Bottlenecks:             106 compute-bound, 0 memory-bound

ENERGY ANALYSIS
-------------------------------------------------------------------------------
Total Energy:            25.9 mJ
  Compute Energy:        2.6 mJ
  Memory Energy:         2.1 mJ
  Static Energy:         21.2 mJ

Energy per Inference:    25.9 mJ
Average Power:           11.0 W
Peak Power:              12.3 W
Energy Efficiency:       14.7%

Power Management:
  Average Units Allocated: 16.0
  Allocated Units Idle:    21.2 mJ
  Unallocated Units Idle:  0.0 mJ
  Power Gating:            DISABLED (conservative estimate)

MEMORY ANALYSIS
-------------------------------------------------------------------------------
Peak Memory:             33.7 MB
  Activations:           4.1 MB
  Weights:               31.2 MB
  Workspace:             1.4 MB

Average Memory:          32.0 MB
Memory Utilization:      90.6%

Hardware Fit:
  L2 Cache (4.2 MB):       [X] Does not fit
  Device Memory (68.7 GB):  [OK] Fits

RECOMMENDATIONS
-------------------------------------------------------------------------------
  1. Increase batch size to amortize static energy (82% overhead)
  2. Consider tiling or model partitioning to improve cache locality

