
===============================================================================
                            COMPREHENSIVE ANALYSIS                             
===============================================================================
Model: efficientnet_b0
Hardware: Jetson-Orin-AGX
Precision: FP32
Batch Size: 1
===============================================================================

Creating model: efficientnet_b0 (batch_size=1)...
Creating hardware mapper: Jetson-Orin-AGX (precision=FP32)...
Tracing model with FX...
  PyTorch version: 2.1.0a0+41361538.nv23.06 (parsed: (2, 1))
  Dynamo export available: False
  Tracing model with torch.fx.symbolic_trace...
    [OK] symbolic_trace successful
  Running fusion-based partitioning...
    Partitioned into 71 subgraphs
    Total FLOPs: 0.77 GFLOPs
Partitioned into 71 subgraphs
Total FLOPs: 0.77 GFLOPs
Total memory traffic: 77.27 MB
Running hardware mapping...
  Peak units allocated: 16/16
  Average utilization: 100.0%
Running roofline analysis (thermal_profile=30W)...
Running energy analysis (thermal_profile=30W)...
Running memory analysis...
Running operator-level EDP breakdown...
Analyzing efficientnet_b0 on 1 architectures...

  Analyzing Jetson-Orin-AGX-64GB...

Analysis complete!

  Found 71 operators across 71 subgraphs

Analysis complete!
===============================================================================
                 COMPREHENSIVE ANALYSIS REPORT
===============================================================================

EXECUTIVE SUMMARY
-------------------------------------------------------------------------------
Model:                   EfficientNet-B0
Hardware:                Jetson-Orin-AGX-64GB
Precision:               FP32
Batch Size:              1

Performance:             1.37 ms latency, 728.1 fps
Energy:                  15.0 mJ total (15.0 mJ/inference)
Energy per Inference:    15.0 mJ (82% static overhead)
Efficiency:              38.4% hardware utilization

Memory:                  Peak 23.6 MB
                         (activations: 3.6 MB, weights: 21.2 MB)
                         [X] Does not fit in L2 cache (4.2 MB)

PERFORMANCE ANALYSIS
-------------------------------------------------------------------------------
Total Latency:           1.37 ms
Throughput:              728.1 fps
Hardware Utilization:    38.4%
Total FLOPs:             0.77 GFLOPs
Subgraphs:               71
Bottlenecks:             71 compute-bound, 0 memory-bound

ENERGY ANALYSIS
-------------------------------------------------------------------------------
Total Energy:            15.0 mJ
  Compute Energy:        1.5 mJ
  Memory Energy:         1.2 mJ
  Static Energy:         12.4 mJ

Energy per Inference:    15.0 mJ
Average Power:           10.9 W
Peak Power:              12.2 W
Energy Efficiency:       14.1%

Power Management:
  Average Units Allocated: 16.0
  Allocated Units Idle:    12.4 mJ
  Unallocated Units Idle:  0.0 mJ
  Power Gating:            DISABLED (conservative estimate)

MEMORY ANALYSIS
-------------------------------------------------------------------------------
Peak Memory:             23.6 MB
  Activations:           3.6 MB
  Weights:               21.2 MB
  Workspace:             1.2 MB

Average Memory:          21.8 MB
Memory Utilization:      88.1%

Hardware Fit:
  L2 Cache (4.2 MB):       [X] Does not fit
  Device Memory (68.7 GB):  [OK] Fits

RECOMMENDATIONS
-------------------------------------------------------------------------------
  1. Increase batch size to amortize static energy (82% overhead)
  2. Consider tiling or model partitioning to improve cache locality

