
===============================================================================
                            COMPREHENSIVE ANALYSIS                             
===============================================================================
Model: fcn_resnet50
Hardware: Jetson-Orin-AGX
Precision: FP32
Batch Size: 1
===============================================================================

Creating model: fcn_resnet50 (batch_size=1)...
Creating hardware mapper: Jetson-Orin-AGX (precision=FP32)...
Tracing model with FX...
  PyTorch version: 2.1.0a0+41361538.nv23.06 (parsed: (2, 1))
  Dynamo export available: False
  Tracing model with torch.fx.symbolic_trace...
    [OK] symbolic_trace successful
  Running fusion-based partitioning...
    Partitioned into 75 subgraphs
    Total FLOPs: 52.98 GFLOPs
Partitioned into 75 subgraphs
Total FLOPs: 52.98 GFLOPs
Total memory traffic: 501.86 MB
Running hardware mapping...
  Peak units allocated: 16/16
  Average utilization: 98.0%
Running roofline analysis (thermal_profile=30W)...
Running energy analysis (thermal_profile=30W)...
Running memory analysis...
Running operator-level EDP breakdown...
Analyzing fcn_resnet50 on 1 architectures...

  Analyzing Jetson-Orin-AGX-64GB...

Analysis complete!

  Found 75 operators across 75 subgraphs

Analysis complete!
===============================================================================
                 COMPREHENSIVE ANALYSIS REPORT
===============================================================================

EXECUTIVE SUMMARY
-------------------------------------------------------------------------------
Model:                   FCN-ResNet50
Hardware:                Jetson-Orin-AGX-64GB
Precision:               FP32
Batch Size:              1

Performance:             58.06 ms latency, 17.2 fps
Energy:                  630.7 mJ total (630.7 mJ/inference)
Energy per Inference:    630.7 mJ (83% static overhead)
Efficiency:              71.9% hardware utilization

Memory:                  Peak 145.6 MB
                         (activations: 12.8 MB, weights: 131.8 MB)
                         [X] Does not fit in L2 cache (4.2 MB)

PERFORMANCE ANALYSIS
-------------------------------------------------------------------------------
Total Latency:           58.06 ms
Throughput:              17.2 fps
Hardware Utilization:    71.9%
Total FLOPs:             52.98 GFLOPs
Subgraphs:               75
Bottlenecks:             75 compute-bound, 0 memory-bound

ENERGY ANALYSIS
-------------------------------------------------------------------------------
Total Energy:            630.7 mJ
  Compute Energy:        100.7 mJ
  Memory Energy:         7.5 mJ
  Static Energy:         522.6 mJ

Energy per Inference:    630.7 mJ
Average Power:           10.9 W
Peak Power:              11.9 W
Energy Efficiency:       18.8%

Power Management:
  Average Units Allocated: 15.7
  Allocated Units Idle:    522.5 mJ
  Unallocated Units Idle:  0.1 mJ
  Power Gating:            DISABLED (conservative estimate)

MEMORY ANALYSIS
-------------------------------------------------------------------------------
Peak Memory:             145.6 MB
  Activations:           12.8 MB
  Weights:               131.8 MB
  Workspace:             12.8 MB

Average Memory:          136.7 MB
Memory Utilization:      89.5%

Hardware Fit:
  L2 Cache (4.2 MB):       [X] Does not fit
  Device Memory (68.7 GB):  [OK] Fits

RECOMMENDATIONS
-------------------------------------------------------------------------------
  1. Increase batch size to amortize static energy (83% overhead)
  2. Consider tiling or model partitioning to improve cache locality

