
===============================================================================
                            COMPREHENSIVE ANALYSIS                             
===============================================================================
Model: mobilenet_v3_small
Hardware: Jetson-Orin-AGX
Precision: FP32
Batch Size: 1
===============================================================================

Creating model: mobilenet_v3_small (batch_size=1)...
Creating hardware mapper: Jetson-Orin-AGX (precision=FP32)...
Tracing model with FX...
  PyTorch version: 2.1.0a0+41361538.nv23.06 (parsed: (2, 1))
  Dynamo export available: False
  Tracing model with torch.fx.symbolic_trace...
    [OK] symbolic_trace successful
  Running fusion-based partitioning...
    Partitioned into 82 subgraphs
    Total FLOPs: 0.11 GFLOPs
Partitioned into 82 subgraphs
Total FLOPs: 0.11 GFLOPs
Total memory traffic: 26.22 MB
Running hardware mapping...
  Peak units allocated: 16/16
  Average utilization: 73.0%
Running roofline analysis (thermal_profile=30W)...
Running energy analysis (thermal_profile=30W)...
Running memory analysis...
Running operator-level EDP breakdown...
Analyzing mobilenet_v3_small on 1 architectures...

  Analyzing Jetson-Orin-AGX-64GB...

Analysis complete!

  Found 82 operators across 82 subgraphs

Analysis complete!
===============================================================================
                 COMPREHENSIVE ANALYSIS REPORT
===============================================================================

EXECUTIVE SUMMARY
-------------------------------------------------------------------------------
Model:                   MobileNet-V3-Small
Hardware:                Jetson-Orin-AGX-64GB
Precision:               FP32
Batch Size:              1

Performance:             0.60 ms latency, 1667.1 fps
Energy:                  6.0 mJ total (6.0 mJ/inference)
Energy per Inference:    6.0 mJ (90% static overhead)
Efficiency:              15.5% hardware utilization

Memory:                  Peak 11.6 MB
                         (activations: 1.1 MB, weights: 10.2 MB)
                         [X] Does not fit in L2 cache (4.2 MB)

PERFORMANCE ANALYSIS
-------------------------------------------------------------------------------
Total Latency:           0.60 ms
Throughput:              1667.1 fps
Hardware Utilization:    15.5%
Total FLOPs:             0.11 GFLOPs
Subgraphs:               82
Bottlenecks:             82 compute-bound, 0 memory-bound

ENERGY ANALYSIS
-------------------------------------------------------------------------------
Total Energy:            6.0 mJ
  Compute Energy:        0.2 mJ
  Memory Energy:         0.4 mJ
  Static Energy:         5.4 mJ

Energy per Inference:    6.0 mJ
Average Power:           10.0 W
Peak Power:              11.6 W
Energy Efficiency:       7.6%

Power Management:
  Average Units Allocated: 11.7
  Allocated Units Idle:    4.3 mJ
  Unallocated Units Idle:  1.1 mJ
  Power Gating:            DISABLED (conservative estimate)

MEMORY ANALYSIS
-------------------------------------------------------------------------------
Peak Memory:             11.6 MB
  Activations:           1.1 MB
  Weights:               10.2 MB
  Workspace:             1.2 MB

Average Memory:          10.4 MB
Memory Utilization:      85.1%

Hardware Fit:
  L2 Cache (4.2 MB):       [X] Does not fit
  Device Memory (68.7 GB):  [OK] Fits

RECOMMENDATIONS
-------------------------------------------------------------------------------
  1. Increase batch size to amortize static energy (90% overhead)
  2. Consider FP16 for 2× speedup with minimal accuracy loss
  3. Consider tiling or model partitioning to improve cache locality

