
===============================================================================
                            COMPREHENSIVE ANALYSIS                             
===============================================================================
Model: resnet50
Hardware: Jetson-Orin-AGX
Precision: FP32
Batch Size: 1
===============================================================================

Creating model: resnet50 (batch_size=1)...
Creating hardware mapper: Jetson-Orin-AGX (precision=FP32)...
Tracing model with FX...
  PyTorch version: 2.1.0a0+41361538.nv23.06 (parsed: (2, 1))
  Dynamo export available: False
  Tracing model with torch.fx.symbolic_trace...
    [OK] symbolic_trace successful
  Running fusion-based partitioning...
    Partitioned into 73 subgraphs
    Total FLOPs: 8.18 GFLOPs
Partitioned into 73 subgraphs
Total FLOPs: 8.18 GFLOPs
Total memory traffic: 260.02 MB
Running hardware mapping...
  Peak units allocated: 16/16
  Average utilization: 100.0%
Running roofline analysis (thermal_profile=30W)...
Running energy analysis (thermal_profile=30W)...
Running memory analysis...
Running operator-level EDP breakdown...
Analyzing resnet50 on 1 architectures...

  Analyzing Jetson-Orin-AGX-64GB...

Analysis complete!

  Found 73 operators across 73 subgraphs

Analysis complete!
===============================================================================
                 COMPREHENSIVE ANALYSIS REPORT
===============================================================================

EXECUTIVE SUMMARY
-------------------------------------------------------------------------------
Model:                   ResNet-50
Hardware:                Jetson-Orin-AGX-64GB
Precision:               FP32
Batch Size:              1

Performance:             9.52 ms latency, 105.0 fps
Energy:                  105.2 mJ total (105.2 mJ/inference)
Energy per Inference:    105.2 mJ (82% static overhead)
Efficiency:              70.5% hardware utilization

Memory:                  Peak 103.6 MB
                         (activations: 6.4 MB, weights: 102.2 MB)
                         [X] Does not fit in L2 cache (4.2 MB)

PERFORMANCE ANALYSIS
-------------------------------------------------------------------------------
Total Latency:           9.52 ms
Throughput:              105.0 fps
Hardware Utilization:    70.5%
Total FLOPs:             8.18 GFLOPs
Subgraphs:               73
Bottlenecks:             73 compute-bound, 0 memory-bound

ENERGY ANALYSIS
-------------------------------------------------------------------------------
Total Energy:            105.2 mJ
  Compute Energy:        15.5 mJ
  Memory Energy:         3.9 mJ
  Static Energy:         85.7 mJ

Energy per Inference:    105.2 mJ
Average Power:           11.0 W
Peak Power:              11.9 W
Energy Efficiency:       18.6%

Power Management:
  Average Units Allocated: 16.0
  Allocated Units Idle:    85.7 mJ
  Unallocated Units Idle:  0.0 mJ
  Power Gating:            DISABLED (conservative estimate)

MEMORY ANALYSIS
-------------------------------------------------------------------------------
Peak Memory:             103.6 MB
  Activations:           6.4 MB
  Weights:               102.2 MB
  Workspace:             3.2 MB

Average Memory:          104.3 MB
Memory Utilization:      96.0%

Hardware Fit:
  L2 Cache (4.2 MB):       [X] Does not fit
  Device Memory (68.7 GB):  [OK] Fits

RECOMMENDATIONS
-------------------------------------------------------------------------------
  1. Increase batch size to amortize static energy (82% overhead)
  2. Consider tiling or model partitioning to improve cache locality

