
===============================================================================
                            COMPREHENSIVE ANALYSIS                             
===============================================================================
Model: resnet101
Hardware: Jetson-Orin-AGX
Precision: FP32
Batch Size: 1
===============================================================================

Creating model: resnet101 (batch_size=1)...
Creating hardware mapper: Jetson-Orin-AGX (precision=FP32)...
Tracing model with FX...
  PyTorch version: 2.1.0a0+41361538.nv23.06 (parsed: (2, 1))
  Dynamo export available: False
  Tracing model with torch.fx.symbolic_trace...
    [OK] symbolic_trace successful
  Running fusion-based partitioning...
    Partitioned into 141 subgraphs
    Total FLOPs: 15.61 GFLOPs
Partitioned into 141 subgraphs
Total FLOPs: 15.61 GFLOPs
Total memory traffic: 417.87 MB
Running hardware mapping...
  Peak units allocated: 16/16
  Average utilization: 100.0%
Running roofline analysis (thermal_profile=30W)...
Running energy analysis (thermal_profile=30W)...
Running memory analysis...
Running operator-level EDP breakdown...
Analyzing resnet101 on 1 architectures...

  Analyzing Jetson-Orin-AGX-64GB...

Analysis complete!

  Found 141 operators across 141 subgraphs

Analysis complete!
===============================================================================
                 COMPREHENSIVE ANALYSIS REPORT
===============================================================================

EXECUTIVE SUMMARY
-------------------------------------------------------------------------------
Model:                   ResNet-101
Hardware:                Jetson-Orin-AGX-64GB
Precision:               FP32
Batch Size:              1

Performance:             18.03 ms latency, 55.5 fps
Energy:                  198.2 mJ total (198.2 mJ/inference)
Energy per Inference:    198.2 mJ (82% static overhead)
Efficiency:              71.5% hardware utilization

Memory:                  Peak 176.1 MB
                         (activations: 6.4 MB, weights: 178.2 MB)
                         [X] Does not fit in L2 cache (4.2 MB)

PERFORMANCE ANALYSIS
-------------------------------------------------------------------------------
Total Latency:           18.03 ms
Throughput:              55.5 fps
Hardware Utilization:    71.5%
Total FLOPs:             15.61 GFLOPs
Subgraphs:               141
Bottlenecks:             141 compute-bound, 0 memory-bound

ENERGY ANALYSIS
-------------------------------------------------------------------------------
Total Energy:            198.2 mJ
  Compute Energy:        29.7 mJ
  Memory Energy:         6.3 mJ
  Static Energy:         162.3 mJ

Energy per Inference:    198.2 mJ
Average Power:           11.0 W
Peak Power:              11.9 W
Energy Efficiency:       18.4%

Power Management:
  Average Units Allocated: 16.0
  Allocated Units Idle:    162.3 mJ
  Unallocated Units Idle:  0.0 mJ
  Power Gating:            DISABLED (conservative estimate)

MEMORY ANALYSIS
-------------------------------------------------------------------------------
Peak Memory:             176.1 MB
  Activations:           6.4 MB
  Weights:               178.2 MB
  Workspace:             3.2 MB

Average Memory:          179.8 MB
Memory Utilization:      97.4%

Hardware Fit:
  L2 Cache (4.2 MB):       [X] Does not fit
  Device Memory (68.7 GB):  [OK] Fits

RECOMMENDATIONS
-------------------------------------------------------------------------------
  1. Increase batch size to amortize static energy (82% overhead)
  2. Consider tiling or model partitioning to improve cache locality

