
===============================================================================
                            COMPREHENSIVE ANALYSIS                             
===============================================================================
Model: resnet152
Hardware: Jetson-Orin-AGX
Precision: FP32
Batch Size: 1
===============================================================================

Creating model: resnet152 (batch_size=1)...
Creating hardware mapper: Jetson-Orin-AGX (precision=FP32)...
Tracing model with FX...
  PyTorch version: 2.1.0a0+41361538.nv23.06 (parsed: (2, 1))
  Dynamo export available: False
  Tracing model with torch.fx.symbolic_trace...
    [OK] symbolic_trace successful
  Running fusion-based partitioning...
    Partitioned into 209 subgraphs
    Total FLOPs: 23.04 GFLOPs
Partitioned into 209 subgraphs
Total FLOPs: 23.04 GFLOPs
Total memory traffic: 581.60 MB
Running hardware mapping...
  Peak units allocated: 16/16
  Average utilization: 100.0%
Running roofline analysis (thermal_profile=30W)...
Running energy analysis (thermal_profile=30W)...
Running memory analysis...
Running operator-level EDP breakdown...
Analyzing resnet152 on 1 architectures...

  Analyzing Jetson-Orin-AGX-64GB...

Analysis complete!

  Found 209 operators across 209 subgraphs

Analysis complete!
===============================================================================
                 COMPREHENSIVE ANALYSIS REPORT
===============================================================================

EXECUTIVE SUMMARY
-------------------------------------------------------------------------------
Model:                   ResNet-152
Hardware:                Jetson-Orin-AGX-64GB
Precision:               FP32
Batch Size:              1

Performance:             26.58 ms latency, 37.6 fps
Energy:                  291.8 mJ total (291.8 mJ/inference)
Energy per Inference:    291.8 mJ (82% static overhead)
Efficiency:              71.9% hardware utilization

Memory:                  Peak 235.7 MB
                         (activations: 6.4 MB, weights: 240.8 MB)
                         [X] Does not fit in L2 cache (4.2 MB)

PERFORMANCE ANALYSIS
-------------------------------------------------------------------------------
Total Latency:           26.58 ms
Throughput:              37.6 fps
Hardware Utilization:    71.9%
Total FLOPs:             23.04 GFLOPs
Subgraphs:               209
Bottlenecks:             209 compute-bound, 0 memory-bound

ENERGY ANALYSIS
-------------------------------------------------------------------------------
Total Energy:            291.8 mJ
  Compute Energy:        43.8 mJ
  Memory Energy:         8.7 mJ
  Static Energy:         239.3 mJ

Energy per Inference:    291.8 mJ
Average Power:           11.0 W
Peak Power:              11.9 W
Energy Efficiency:       18.4%

Power Management:
  Average Units Allocated: 16.0
  Allocated Units Idle:    239.3 mJ
  Unallocated Units Idle:  0.0 mJ
  Power Gating:            DISABLED (conservative estimate)

MEMORY ANALYSIS
-------------------------------------------------------------------------------
Peak Memory:             235.7 MB
  Activations:           6.4 MB
  Weights:               240.8 MB
  Workspace:             3.2 MB

Average Memory:          242.3 MB
Memory Utilization:      98.0%

Hardware Fit:
  L2 Cache (4.2 MB):       [X] Does not fit
  Device Memory (68.7 GB):  [OK] Fits

RECOMMENDATIONS
-------------------------------------------------------------------------------
  1. Increase batch size to amortize static energy (82% overhead)
  2. Consider tiling or model partitioning to improve cache locality

