
===============================================================================
                            COMPREHENSIVE ANALYSIS                             
===============================================================================
Model: vgg11
Hardware: Jetson-Orin-AGX
Precision: FP32
Batch Size: 1
===============================================================================

Creating model: vgg11 (batch_size=1)...
Creating hardware mapper: Jetson-Orin-AGX (precision=FP32)...
Tracing model with FX...
  PyTorch version: 2.1.0a0+41361538.nv23.06 (parsed: (2, 1))
  Dynamo export available: False
  Tracing model with torch.fx.symbolic_trace...
    [OK] symbolic_trace successful
  Running fusion-based partitioning...
    Partitioned into 18 subgraphs
    Total FLOPs: 15.22 GFLOPs
Partitioned into 18 subgraphs
Total FLOPs: 15.22 GFLOPs
Total memory traffic: 604.18 MB
Running hardware mapping...
  Peak units allocated: 16/16
  Average utilization: 83.3%
Running roofline analysis (thermal_profile=30W)...
Running energy analysis (thermal_profile=30W)...
Running memory analysis...
Running operator-level EDP breakdown...
Analyzing vgg11 on 1 architectures...

  Analyzing Jetson-Orin-AGX-64GB...

Analysis complete!

  Found 18 operators across 18 subgraphs

Analysis complete!
===============================================================================
                 COMPREHENSIVE ANALYSIS REPORT
===============================================================================

EXECUTIVE SUMMARY
-------------------------------------------------------------------------------
Model:                   VGG-11
Hardware:                Jetson-Orin-AGX-64GB
Precision:               FP32
Batch Size:              1

Performance:             18.72 ms latency, 53.4 fps
Energy:                  206.5 mJ total (206.5 mJ/inference)
Energy per Inference:    206.5 mJ (82% static overhead)
Efficiency:              46.0% hardware utilization

Memory:                  Peak 522.1 MB
                         (activations: 16.1 MB, weights: 531.5 MB)
                         [X] Does not fit in L2 cache (4.2 MB)

PERFORMANCE ANALYSIS
-------------------------------------------------------------------------------
Total Latency:           18.72 ms
Throughput:              53.4 fps
Hardware Utilization:    46.0%
Total FLOPs:             15.22 GFLOPs
Subgraphs:               18
Bottlenecks:             18 compute-bound, 0 memory-bound

ENERGY ANALYSIS
-------------------------------------------------------------------------------
Total Energy:            206.5 mJ
  Compute Energy:        28.9 mJ
  Memory Energy:         9.1 mJ
  Static Energy:         168.5 mJ

Energy per Inference:    206.5 mJ
Average Power:           11.0 W
Peak Power:              12.3 W
Energy Efficiency:       18.3%

Power Management:
  Average Units Allocated: 13.3
  Allocated Units Idle:    152.1 mJ
  Unallocated Units Idle:  16.4 mJ
  Power Gating:            DISABLED (conservative estimate)

MEMORY ANALYSIS
-------------------------------------------------------------------------------
Peak Memory:             522.1 MB
  Activations:           16.1 MB
  Weights:               531.5 MB
  Workspace:             6.4 MB

Average Memory:          536.8 MB
Memory Utilization:      98.0%

Hardware Fit:
  L2 Cache (4.2 MB):       [X] Does not fit
  Device Memory (68.7 GB):  [OK] Fits

RECOMMENDATIONS
-------------------------------------------------------------------------------
  1. Increase batch size to amortize static energy (82% overhead)
  2. Consider tiling or model partitioning to improve cache locality

