
===============================================================================
                            COMPREHENSIVE ANALYSIS                             
===============================================================================
Model: vgg16
Hardware: Jetson-Orin-AGX
Precision: FP32
Batch Size: 1
===============================================================================

Creating model: vgg16 (batch_size=1)...
Creating hardware mapper: Jetson-Orin-AGX (precision=FP32)...
Tracing model with FX...
  PyTorch version: 2.1.0a0+41361538.nv23.06 (parsed: (2, 1))
  Dynamo export available: False
  Tracing model with torch.fx.symbolic_trace...
    [OK] symbolic_trace successful
  Running fusion-based partitioning...
    Partitioned into 23 subgraphs
    Total FLOPs: 30.94 GFLOPs
Partitioned into 23 subgraphs
Total FLOPs: 30.94 GFLOPs
Total memory traffic: 675.13 MB
Running hardware mapping...
  Peak units allocated: 16/16
  Average utilization: 87.0%
Running roofline analysis (thermal_profile=30W)...
Running energy analysis (thermal_profile=30W)...
Running memory analysis...
Running operator-level EDP breakdown...
Analyzing vgg16 on 1 architectures...

  Analyzing Jetson-Orin-AGX-64GB...

Analysis complete!

  Found 23 operators across 23 subgraphs

Analysis complete!
===============================================================================
                 COMPREHENSIVE ANALYSIS REPORT
===============================================================================

EXECUTIVE SUMMARY
-------------------------------------------------------------------------------
Model:                   VGG-16
Hardware:                Jetson-Orin-AGX-64GB
Precision:               FP32
Batch Size:              1

Performance:             35.62 ms latency, 28.1 fps
Energy:                  389.5 mJ total (389.5 mJ/inference)
Energy per Inference:    389.5 mJ (82% static overhead)
Efficiency:              57.7% hardware utilization

Memory:                  Peak 576.8 MB
                         (activations: 25.7 MB, weights: 553.4 MB)
                         [X] Does not fit in L2 cache (4.2 MB)

PERFORMANCE ANALYSIS
-------------------------------------------------------------------------------
Total Latency:           35.62 ms
Throughput:              28.1 fps
Hardware Utilization:    57.7%
Total FLOPs:             30.94 GFLOPs
Subgraphs:               23
Bottlenecks:             23 compute-bound, 0 memory-bound

ENERGY ANALYSIS
-------------------------------------------------------------------------------
Total Energy:            389.5 mJ
  Compute Energy:        58.8 mJ
  Memory Energy:         10.1 mJ
  Static Energy:         320.6 mJ

Energy per Inference:    389.5 mJ
Average Power:           10.9 W
Peak Power:              12.3 W
Energy Efficiency:       18.0%

Power Management:
  Average Units Allocated: 13.9
  Allocated Units Idle:    304.1 mJ
  Unallocated Units Idle:  16.4 mJ
  Power Gating:            DISABLED (conservative estimate)

MEMORY ANALYSIS
-------------------------------------------------------------------------------
Peak Memory:             576.8 MB
  Activations:           25.7 MB
  Weights:               553.4 MB
  Workspace:             25.7 MB

Average Memory:          561.9 MB
Memory Utilization:      92.9%

Hardware Fit:
  L2 Cache (4.2 MB):       [X] Does not fit
  Device Memory (68.7 GB):  [OK] Fits

RECOMMENDATIONS
-------------------------------------------------------------------------------
  1. Increase batch size to amortize static energy (82% overhead)
  2. Consider tiling or model partitioning to improve cache locality

