
===============================================================================
                            COMPREHENSIVE ANALYSIS                             
===============================================================================
Model: vit_h_14
Hardware: Jetson-Orin-AGX
Precision: FP32
Batch Size: 1
===============================================================================

Creating model: vit_h_14 (batch_size=1)...
Creating hardware mapper: Jetson-Orin-AGX (precision=FP32)...
Tracing model with FX...
  PyTorch version: 2.1.0a0+41361538.nv23.06 (parsed: (2, 1))
  Dynamo export available: False
  Tracing model with torch.fx.symbolic_trace...
    [OK] symbolic_trace successful
  Running fusion-based partitioning...
    Partitioned into 376 subgraphs
    Total FLOPs: 1.25 GFLOPs
Partitioned into 376 subgraphs
Total FLOPs: 1.25 GFLOPs
Total memory traffic: 3429.42 MB
Running hardware mapping...
  Peak units allocated: 16/16
  Average utilization: 55.9%
Running roofline analysis (thermal_profile=30W)...
Running energy analysis (thermal_profile=30W)...
Running memory analysis...
Running operator-level EDP breakdown...
Analyzing vit_h_14 on 1 architectures...

  Analyzing Jetson-Orin-AGX-64GB...

Analysis complete!

  Found 376 operators across 376 subgraphs

Analysis complete!
===============================================================================
                 COMPREHENSIVE ANALYSIS REPORT
===============================================================================

EXECUTIVE SUMMARY
-------------------------------------------------------------------------------
Model:                   ViT-H/14
Hardware:                Jetson-Orin-AGX-64GB
Precision:               FP32
Batch Size:              1

Performance:             19.01 ms latency, 52.6 fps
Energy:                  224.9 mJ total (224.9 mJ/inference)
Energy per Inference:    224.9 mJ (76% static overhead)
Efficiency:              2.0% hardware utilization

Memory:                  Peak 2418.6 MB
                         (activations: 6.6 MB, weights: 2526.9 MB)
                         [X] Does not fit in L2 cache (4.2 MB)

PERFORMANCE ANALYSIS
-------------------------------------------------------------------------------
Total Latency:           19.01 ms
Throughput:              52.6 fps
Hardware Utilization:    2.0%
Total FLOPs:             1.25 GFLOPs
Subgraphs:               376
Bottlenecks:             376 compute-bound, 0 memory-bound

ENERGY ANALYSIS
-------------------------------------------------------------------------------
Total Energy:            224.9 mJ
  Compute Energy:        2.4 mJ
  Memory Energy:         51.4 mJ
  Static Energy:         171.1 mJ

Energy per Inference:    224.9 mJ
Average Power:           11.8 W
Peak Power:              12.1 W
Energy Efficiency:       15.1%

Power Management:
  Average Units Allocated: 8.9
  Allocated Units Idle:    125.5 mJ
  Unallocated Units Idle:  45.7 mJ
  Power Gating:            DISABLED (conservative estimate)

MEMORY ANALYSIS
-------------------------------------------------------------------------------
Peak Memory:             2418.6 MB
  Activations:           6.6 MB
  Weights:               2526.9 MB
  Workspace:             2.6 MB

Average Memory:          2529.1 MB
Memory Utilization:      99.7%

Hardware Fit:
  L2 Cache (4.2 MB):       [X] Does not fit
  Device Memory (68.7 GB):  [OK] Fits

RECOMMENDATIONS
-------------------------------------------------------------------------------
  1. Increase batch size to amortize static energy (76% overhead)
  2. Consider FP16 for 2× speedup with minimal accuracy loss
  3. Consider tiling or model partitioning to improve cache locality

