
===============================================================================
                            COMPREHENSIVE ANALYSIS                             
===============================================================================
Model: vit_l_16
Hardware: Jetson-Orin-AGX
Precision: FP32
Batch Size: 1
===============================================================================

Creating model: vit_l_16 (batch_size=1)...
Creating hardware mapper: Jetson-Orin-AGX (precision=FP32)...
Tracing model with FX...
  PyTorch version: 2.1.0a0+41361538.nv23.06 (parsed: (2, 1))
  Dynamo export available: False
  Tracing model with torch.fx.symbolic_trace...
    [OK] symbolic_trace successful
  Running fusion-based partitioning...
    Partitioned into 288 subgraphs
    Total FLOPs: 0.72 GFLOPs
Partitioned into 288 subgraphs
Total FLOPs: 0.72 GFLOPs
Total memory traffic: 1634.88 MB
Running hardware mapping...
  Peak units allocated: 16/16
  Average utilization: 55.4%
Running roofline analysis (thermal_profile=30W)...
Running energy analysis (thermal_profile=30W)...
Running memory analysis...
Running operator-level EDP breakdown...
Analyzing vit_l_16 on 1 architectures...

  Analyzing Jetson-Orin-AGX-64GB...

Analysis complete!

  Found 288 operators across 288 subgraphs

Analysis complete!
===============================================================================
                 COMPREHENSIVE ANALYSIS REPORT
===============================================================================

EXECUTIVE SUMMARY
-------------------------------------------------------------------------------
Model:                   ViT-L/16
Hardware:                Jetson-Orin-AGX-64GB
Precision:               FP32
Batch Size:              1

Performance:             9.73 ms latency, 102.8 fps
Energy:                  113.5 mJ total (113.5 mJ/inference)
Energy per Inference:    113.5 mJ (77% static overhead)
Efficiency:              2.0% hardware utilization

Memory:                  Peak 1165.5 MB
                         (activations: 4.0 MB, weights: 1216.5 MB)
                         [X] Does not fit in L2 cache (4.2 MB)

PERFORMANCE ANALYSIS
-------------------------------------------------------------------------------
Total Latency:           9.73 ms
Throughput:              102.8 fps
Hardware Utilization:    2.0%
Total FLOPs:             0.72 GFLOPs
Subgraphs:               288
Bottlenecks:             288 compute-bound, 0 memory-bound

ENERGY ANALYSIS
-------------------------------------------------------------------------------
Total Energy:            113.5 mJ
  Compute Energy:        1.4 mJ
  Memory Energy:         24.5 mJ
  Static Energy:         87.6 mJ

Energy per Inference:    113.5 mJ
Average Power:           11.7 W
Peak Power:              12.1 W
Energy Efficiency:       13.7%

Power Management:
  Average Units Allocated: 8.9
  Allocated Units Idle:    63.5 mJ
  Unallocated Units Idle:  24.1 mJ
  Power Gating:            DISABLED (conservative estimate)

MEMORY ANALYSIS
-------------------------------------------------------------------------------
Peak Memory:             1165.5 MB
  Activations:           4.0 MB
  Weights:               1216.5 MB
  Workspace:             1.6 MB

Average Memory:          1217.9 MB
Memory Utilization:      99.7%

Hardware Fit:
  L2 Cache (4.2 MB):       [X] Does not fit
  Device Memory (68.7 GB):  [OK] Fits

RECOMMENDATIONS
-------------------------------------------------------------------------------
  1. Increase batch size to amortize static energy (77% overhead)
  2. Consider FP16 for 2× speedup with minimal accuracy loss
  3. Consider tiling or model partitioning to improve cache locality

