
===============================================================================
                            COMPREHENSIVE ANALYSIS                             
===============================================================================
Model: vit_b_16
Hardware: Jetson-Orin-AGX
Precision: FP32
Batch Size: 1
===============================================================================

Creating model: vit_b_16 (batch_size=1)...
Creating hardware mapper: Jetson-Orin-AGX (precision=FP32)...
Tracing model with FX...
  PyTorch version: 2.1.0a0+41361538.nv23.06 (parsed: (2, 1))
  Dynamo export available: False
  Tracing model with torch.fx.symbolic_trace...
    [OK] symbolic_trace successful
  Running fusion-based partitioning...
    Partitioned into 156 subgraphs
    Total FLOPs: 0.35 GFLOPs
Partitioned into 156 subgraphs
Total FLOPs: 0.35 GFLOPs
Total memory traffic: 507.24 MB
Running hardware mapping...
  Peak units allocated: 16/16
  Average utilization: 53.6%
Running roofline analysis (thermal_profile=30W)...
Running energy analysis (thermal_profile=30W)...
Running memory analysis...
Running operator-level EDP breakdown...
Analyzing vit_b_16 on 1 architectures...

  Analyzing Jetson-Orin-AGX-64GB...

Analysis complete!

  Found 156 operators across 156 subgraphs

Analysis complete!
===============================================================================
                 COMPREHENSIVE ANALYSIS REPORT
===============================================================================

EXECUTIVE SUMMARY
-------------------------------------------------------------------------------
Model:                   ViT-B/16
Hardware:                Jetson-Orin-AGX-64GB
Precision:               FP32
Batch Size:              1

Performance:             3.49 ms latency, 286.7 fps
Energy:                  39.7 mJ total (39.7 mJ/inference)
Energy per Inference:    39.7 mJ (79% static overhead)
Efficiency:              2.1% hardware utilization

Memory:                  Peak 333.7 MB
                         (activations: 3.0 MB, weights: 345.7 MB)
                         [X] Does not fit in L2 cache (4.2 MB)

PERFORMANCE ANALYSIS
-------------------------------------------------------------------------------
Total Latency:           3.49 ms
Throughput:              286.7 fps
Hardware Utilization:    2.1%
Total FLOPs:             0.35 GFLOPs
Subgraphs:               156
Bottlenecks:             156 compute-bound, 0 memory-bound

ENERGY ANALYSIS
-------------------------------------------------------------------------------
Total Energy:            39.7 mJ
  Compute Energy:        0.7 mJ
  Memory Energy:         7.6 mJ
  Static Energy:         31.4 mJ

Energy per Inference:    39.7 mJ
Average Power:           11.4 W
Peak Power:              12.0 W
Energy Efficiency:       12.3%

Power Management:
  Average Units Allocated: 8.6
  Allocated Units Idle:    22.8 mJ
  Unallocated Units Idle:  8.6 mJ
  Power Gating:            DISABLED (conservative estimate)

MEMORY ANALYSIS
-------------------------------------------------------------------------------
Peak Memory:             333.7 MB
  Activations:           3.0 MB
  Weights:               345.7 MB
  Workspace:             1.2 MB

Average Memory:          346.6 MB
Memory Utilization:      99.1%

Hardware Fit:
  L2 Cache (4.2 MB):       [X] Does not fit
  Device Memory (68.7 GB):  [OK] Fits

RECOMMENDATIONS
-------------------------------------------------------------------------------
  1. Increase batch size to amortize static energy (79% overhead)
  2. Consider FP16 for 2× speedup with minimal accuracy loss
  3. Consider tiling or model partitioning to improve cache locality

