================================================================================
Hardware Calibration: Jetson Orin Nano (GPU)
================================================================================

Running pre-flight checks...

======================================================================
PRE-FLIGHT CHECKS
======================================================================

[OK] CPU Governor: schedutil (Jetson default)
    Current:  schedutil
    Expected: schedutil or performance
[OK] CPU Frequency: 1088 MHz idle (DVFS will boost under load)
    Current:  1088 MHz (idle)
    Expected: Up to 1728 MHz under load
[-] Turbo Boost: Could not determine (not Intel pstate)
[OK] System Load: 1.7% (idle)
    Current:  1.7%
    Expected: < 5%
[OK] Thermal State: 47°C (cool)
    Current:  47°C
    Expected: < 80°C
[OK] GPU Power Mode: MAXN_SUPER (maximum performance)

RESULT: PASSED
  System is ready for calibration.======================================================================
System Information:
  CPU: aarch64
  Cores: 6 physical, 6 logical
  Memory: 7.4 GB
  Python: 3.10.12
  NumPy: 1.26.4
  PyTorch: 2.5.0a0+872d972e41.nv24.08

Target Device: CUDA
Framework:     PYTORCH

Querying CPU clock frequencies...
  CPU Freq: 730 MHz (42% of max 1728 MHz)
  Governor: schedutil

Querying GPU clock frequencies...
  Running warmup to capture clock under load...
  SM Clock (idle): 306 MHz
  SM Clock (load): 1020 MHz (100% of max 1020 MHz)
  Power Mode: MAXN_SUPER

Running calibration benchmarks...

1. STREAM Memory Bandwidth Benchmark
--------------------------------------------------------------------------------
Framework: PyTorch 2.5.0a0+872d972e41.nv24.08
  Device: Orin
  CUDA:   12.6

STREAM Benchmark Suite:
--------------------------------------------------------------------------------

COPY (a[i] = b[i]):
  Memory ops: 2, FLOPs/element: 0
  Size     8 MB...    43.1 GB/s  (63.4%)    0.39 ms
  Size    16 MB...    33.7 GB/s  (49.6%)    0.99 ms
  Size    32 MB...    55.0 GB/s  (80.9%)    1.22 ms
  Size    64 MB...    55.8 GB/s  (82.1%)    2.41 ms
  Size   128 MB...    59.1 GB/s  (86.9%)    4.54 ms
  Size   256 MB...    58.4 GB/s  (85.9%)    9.19 ms
  Size   512 MB...    57.1 GB/s  (84.0%)   18.79 ms

SCALE (a[i] = q * b[i]):
  Memory ops: 2, FLOPs/element: 1
  Size     8 MB...    17.5 GB/s  (25.7%)    0.96 ms  |  2.2 GFLOPS
  Size    16 MB...    31.5 GB/s  (46.4%)    1.06 ms  |  3.9 GFLOPS
  Size    32 MB...    56.8 GB/s  (83.6%)    1.18 ms  |  7.1 GFLOPS
  Size    64 MB...    49.4 GB/s  (72.6%)    2.72 ms  |  6.2 GFLOPS
  Size   128 MB...    76.6 GB/s (112.6%)    3.51 ms  |  9.6 GFLOPS
  Size   256 MB...    86.8 GB/s (127.7%)    6.18 ms  |  10.9 GFLOPS
  Size   512 MB...    94.8 GB/s (139.4%)   11.33 ms  |  11.9 GFLOPS

ADD (a[i] = b[i] + c[i]):
  Memory ops: 3, FLOPs/element: 1
  Size     8 MB...    68.3 GB/s (100.4%)    0.37 ms  |  5.7 GFLOPS
  Size    16 MB...    47.4 GB/s  (69.7%)    1.06 ms  |  4.0 GFLOPS
  Size    32 MB...    80.9 GB/s (119.0%)    1.24 ms  |  6.7 GFLOPS
  Size    64 MB...    72.6 GB/s (106.7%)    2.77 ms  |  6.0 GFLOPS
  Size   128 MB...    74.5 GB/s (109.6%)    5.40 ms  |  6.2 GFLOPS
  Size   256 MB...    95.3 GB/s (140.1%)    8.45 ms  |  7.9 GFLOPS
  Size   512 MB...    92.0 GB/s (135.3%)   17.50 ms  |  7.7 GFLOPS

TRIAD (a[i] = b[i] + q * c[i]):
  Memory ops: 3, FLOPs/element: 2
  Size     8 MB...    44.3 GB/s  (65.1%)    0.57 ms  |  7.4 GFLOPS
  Size    16 MB...    45.7 GB/s  (67.2%)    1.10 ms  |  7.6 GFLOPS
  Size    32 MB...    43.3 GB/s  (63.6%)    2.33 ms  |  7.2 GFLOPS
  Size    64 MB...    49.9 GB/s  (73.3%)    4.04 ms  |  8.3 GFLOPS
  Size   128 MB...    55.7 GB/s  (81.9%)    7.23 ms  |  9.3 GFLOPS
  Size   256 MB...    52.9 GB/s  (77.8%)   15.22 ms  |  8.8 GFLOPS
  Size   512 MB...    57.0 GB/s  (83.8%)   28.26 ms  |  9.5 GFLOPS

================================================================================
STREAM Summary:
--------------------------------------------------------------------------------
Kernel            Best BW    Latency   Efficiency Description
------------------------------------------------------------------------------------------
COPY               59.1 GB/s     4.54 ms       86.9%  a[i] = b[i]
SCALE              94.8 GB/s    11.33 ms      139.4%  a[i] = q * b[i]
ADD                95.3 GB/s     8.45 ms      140.1%  a[i] = b[i] + c[i]
TRIAD              57.0 GB/s    28.26 ms       83.8%  a[i] = b[i] + q * c[i]

STREAM Score (minimum): 17.5 GB/s
================================================================================
STREAM Score (minimum bandwidth): 17.5 GB/s

2. BLAS Compute Benchmark Suite
--------------------------------------------------------------------------------
Testing precisions: fp64, fp32, tf32, fp16, fp8, fp4, bf16, int64, int32, int16, int8, int4

Framework: PyTorch 2.5.0a0+872d972e41.nv24.08
  Device: Orin
  CUDA:   12.6

BLAS Benchmark Suite:
==========================================================================================

BLAS Level 1: DOT
------------------------------------------------------------------------------------------
  Size     1K:
    fp64      [!] SLOW (   0.0 GFLOPS < 1.0 GFLOPS threshold)    0.10ms
    fp32      [!] SLOW (   0.0 GFLOPS < 1.0 GFLOPS threshold)    0.19ms
    tf32      [!] SLOW (   0.0 GFLOPS < 1.0 GFLOPS threshold)    0.18ms
    fp16      [!] SLOW (   0.0 GFLOPS < 1.0 GFLOPS threshold)    0.27ms
    fp8                                               SKIPPED  (PyTorch does not support this precision)
    fp4                                               SKIPPED  (PyTorch does not support this precision)
    bf16      [!] SLOW (   0.0 GFLOPS < 1.0 GFLOPS threshold)    0.49ms
    int64                                             SKIPPED  (RuntimeError: "dot" not implemented for 'Long')
    int32                                             SKIPPED  (RuntimeError: "dot" not implemented for 'Int')
    int16                                             SKIPPED  (RuntimeError: "dot" not implemented for 'Short')
    int8                                              SKIPPED  (RuntimeError: "dot" not implemented for 'Char')
    int4                                              SKIPPED  (PyTorch does not support this precision)
  Size    10K:
    fp64      [!] SLOW (   0.2 GFLOPS < 1.0 GFLOPS threshold)    0.09ms
    fp32      [!] SLOW (   0.2 GFLOPS < 1.0 GFLOPS threshold)    0.09ms
    tf32      [!] SLOW (   0.2 GFLOPS < 1.0 GFLOPS threshold)    0.11ms
    fp16      [!] SLOW (   0.0 GFLOPS < 1.0 GFLOPS threshold)    0.49ms
    fp8                                               SKIPPED  (PyTorch does not support this precision)
    fp4                                               SKIPPED  (PyTorch does not support this precision)
    bf16      [!] SLOW (   0.1 GFLOPS < 1.0 GFLOPS threshold)    0.17ms
    int64                                             SKIPPED  (RuntimeError: "dot" not implemented for 'Long')
    int32                                             SKIPPED  (RuntimeError: "dot" not implemented for 'Int')
    int16                                             SKIPPED  (RuntimeError: "dot" not implemented for 'Short')
    int8                                              SKIPPED  (RuntimeError: "dot" not implemented for 'Char')
    int4                                              SKIPPED  (PyTorch does not support this precision)
  Size   100K:
    fp64                                           1.3 GFLOPS    0.16ms
    fp32                                           1.3 GFLOPS    0.15ms
    tf32                                           1.3 GFLOPS    0.15ms
    fp16                                           1.4 GFLOPS    0.14ms
    fp8                                               SKIPPED  (PyTorch does not support this precision)
    fp4                                               SKIPPED  (PyTorch does not support this precision)
    bf16                                           1.4 GFLOPS    0.14ms
    int64                                             SKIPPED  (RuntimeError: "dot" not implemented for 'Long')
    int32                                             SKIPPED  (RuntimeError: "dot" not implemented for 'Int')
    int16                                             SKIPPED  (RuntimeError: "dot" not implemented for 'Short')
    int8                                              SKIPPED  (RuntimeError: "dot" not implemented for 'Char')
    int4                                              SKIPPED  (PyTorch does not support this precision)
  Size     1M:
    fp64                                           2.5 GFLOPS    0.79ms
    fp32                                          10.9 GFLOPS    0.18ms
    tf32                                          11.5 GFLOPS    0.17ms
    fp16                                           8.4 GFLOPS    0.24ms
    fp8                                               SKIPPED  (PyTorch does not support this precision)
    fp4                                               SKIPPED  (PyTorch does not support this precision)
    bf16                                          13.7 GFLOPS    0.15ms
    int64                                             SKIPPED  (RuntimeError: "dot" not implemented for 'Long')
    int32                                             SKIPPED  (RuntimeError: "dot" not implemented for 'Int')
    int16                                             SKIPPED  (RuntimeError: "dot" not implemented for 'Short')
    int8                                              SKIPPED  (RuntimeError: "dot" not implemented for 'Char')
    int4                                              SKIPPED  (PyTorch does not support this precision)
  Size    10M:
    fp64                                           7.9 GFLOPS    2.54ms
    fp32                                          18.7 GFLOPS    1.07ms
    tf32                                          18.8 GFLOPS    1.07ms
    fp16                                          32.0 GFLOPS    0.63ms
    fp8                                               SKIPPED  (PyTorch does not support this precision)
    fp4                                               SKIPPED  (PyTorch does not support this precision)
    bf16                                          31.8 GFLOPS    0.63ms
    int64                                             SKIPPED  (RuntimeError: "dot" not implemented for 'Long')
    int32                                             SKIPPED  (RuntimeError: "dot" not implemented for 'Int')
    int16                                             SKIPPED  (RuntimeError: "dot" not implemented for 'Short')
    int8                                              SKIPPED  (RuntimeError: "dot" not implemented for 'Char')
    int4                                              SKIPPED  (PyTorch does not support this precision)

BLAS Level 1: AXPY
------------------------------------------------------------------------------------------
  Size     1K:
    fp64      [!] SLOW (   0.0 GFLOPS < 1.0 GFLOPS threshold)    0.20ms
    fp32      [!] SLOW (   0.0 GFLOPS < 1.0 GFLOPS threshold)    0.28ms
    tf32      [!] SLOW (   0.0 GFLOPS < 1.0 GFLOPS threshold)    0.50ms
    fp16      [!] SLOW (   0.0 GFLOPS < 1.0 GFLOPS threshold)    0.30ms
    fp8                                               SKIPPED  (PyTorch does not support this precision)
    fp4                                               SKIPPED  (PyTorch does not support this precision)
    bf16      [!] SLOW (   0.0 GFLOPS < 1.0 GFLOPS threshold)    0.41ms
    int64      [!] SLOW (   0.0 GIOPS < 1.0 GFLOPS threshold)    0.31ms
    int32      [!] SLOW (   0.0 GIOPS < 1.0 GFLOPS threshold)    0.38ms
    int16      [!] SLOW (   0.0 GIOPS < 1.0 GFLOPS threshold)    0.29ms
    int8       [!] SLOW (   0.0 GIOPS < 1.0 GFLOPS threshold)    0.30ms
    int4                                              SKIPPED  (PyTorch does not support this precision)
  Size    10K:
    fp64      [!] SLOW (   0.1 GFLOPS < 1.0 GFLOPS threshold)    0.28ms
    fp32      [!] SLOW (   0.1 GFLOPS < 1.0 GFLOPS threshold)    0.28ms
    tf32      [!] SLOW (   0.1 GFLOPS < 1.0 GFLOPS threshold)    0.26ms
    fp16      [!] SLOW (   0.1 GFLOPS < 1.0 GFLOPS threshold)    0.26ms
    fp8                                               SKIPPED  (PyTorch does not support this precision)
    fp4                                               SKIPPED  (PyTorch does not support this precision)
    bf16      [!] SLOW (   0.1 GFLOPS < 1.0 GFLOPS threshold)    0.25ms
    int64      [!] SLOW (   0.1 GIOPS < 1.0 GFLOPS threshold)    0.22ms
    int32      [!] SLOW (   0.0 GIOPS < 1.0 GFLOPS threshold)    0.66ms
    int16      [!] SLOW (   0.1 GIOPS < 1.0 GFLOPS threshold)    0.26ms
    int8       [!] SLOW (   0.1 GIOPS < 1.0 GFLOPS threshold)    0.28ms
    int4                                              SKIPPED  (PyTorch does not support this precision)
  Size   100K:
    fp64      [!] SLOW (   0.6 GFLOPS < 1.0 GFLOPS threshold)    0.36ms
    fp32      [!] SLOW (   0.9 GFLOPS < 1.0 GFLOPS threshold)    0.22ms
    tf32      [!] SLOW (   0.8 GFLOPS < 1.0 GFLOPS threshold)    0.24ms
    fp16      [!] SLOW (   0.4 GFLOPS < 1.0 GFLOPS threshold)    0.55ms
    fp8                                               SKIPPED  (PyTorch does not support this precision)
    fp4                                               SKIPPED  (PyTorch does not support this precision)
    bf16      [!] SLOW (   0.8 GFLOPS < 1.0 GFLOPS threshold)    0.25ms
    int64      [!] SLOW (   0.8 GIOPS < 1.0 GFLOPS threshold)    0.25ms
    int32      [!] SLOW (   0.9 GIOPS < 1.0 GFLOPS threshold)    0.23ms
    int16      [!] SLOW (   0.9 GIOPS < 1.0 GFLOPS threshold)    0.22ms
    int8       [!] SLOW (   0.9 GIOPS < 1.0 GFLOPS threshold)    0.23ms
    int4                                              SKIPPED  (PyTorch does not support this precision)
  Size     1M:
    fp64                                           2.5 GFLOPS    0.79ms
    fp32                                           2.1 GFLOPS    0.97ms
    tf32                                           2.7 GFLOPS    0.73ms
    fp16                                           2.9 GFLOPS    0.70ms
    fp8                                               SKIPPED  (PyTorch does not support this precision)
    fp4                                               SKIPPED  (PyTorch does not support this precision)
    bf16                                           7.2 GFLOPS    0.28ms
    int64                                           2.5 GIOPS    0.80ms
    int32                                           4.5 GIOPS    0.45ms
    int16                                           6.5 GIOPS    0.31ms
    int8                                            7.5 GIOPS    0.27ms
    int4                                              SKIPPED  (PyTorch does not support this precision)
  Size    10M:
    fp64                                           2.6 GFLOPS    7.57ms
    fp32                                           6.1 GFLOPS    3.26ms
    tf32                                           6.4 GFLOPS    3.14ms
    fp16                                          12.0 GFLOPS    1.67ms
    fp8                                               SKIPPED  (PyTorch does not support this precision)
    fp4                                               SKIPPED  (PyTorch does not support this precision)
    bf16                                          12.0 GFLOPS    1.67ms
    int64                                           2.9 GIOPS    6.88ms
    int32                                           6.4 GIOPS    3.14ms
    int16                                          12.0 GIOPS    1.67ms
    int8                                           18.6 GIOPS    1.07ms
    int4                                              SKIPPED  (PyTorch does not support this precision)

BLAS Level 2: GEMV
------------------------------------------------------------------------------------------
  Size     32:
    fp64      [!] SLOW (   0.0 GFLOPS < 1.0 GFLOPS threshold)    0.24ms
    fp32      [!] SLOW (   0.0 GFLOPS < 1.0 GFLOPS threshold)    0.30ms
    tf32      [!] SLOW (   0.0 GFLOPS < 1.0 GFLOPS threshold)    0.28ms
    fp16      [!] SLOW (   0.0 GFLOPS < 1.0 GFLOPS threshold)    0.24ms
    fp8                                               SKIPPED  (PyTorch does not support this precision)
    fp4                                               SKIPPED  (PyTorch does not support this precision)
    bf16      [!] SLOW (   0.0 GFLOPS < 1.0 GFLOPS threshold)    0.25ms
    int64                                             SKIPPED  (RuntimeError: "addmv_impl_cuda" not implemented for 'Long')
    int32                                             SKIPPED  (RuntimeError: "addmv_impl_cuda" not implemented for 'Int')
    int16                                             SKIPPED  (RuntimeError: "addmv_impl_cuda" not implemented for 'Short')
    int8                                              SKIPPED  (RuntimeError: "addmv_impl_cuda" not implemented for 'Char')
    int4                                              SKIPPED  (PyTorch does not support this precision)
  Size     64:
    fp64      [!] SLOW (   0.0 GFLOPS < 1.0 GFLOPS threshold)    0.25ms
    fp32      [!] SLOW (   0.0 GFLOPS < 1.0 GFLOPS threshold)    0.25ms
    tf32      [!] SLOW (   0.0 GFLOPS < 1.0 GFLOPS threshold)    0.25ms
    fp16      [!] SLOW (   0.0 GFLOPS < 1.0 GFLOPS threshold)    0.25ms
    fp8                                               SKIPPED  (PyTorch does not support this precision)
    fp4                                               SKIPPED  (PyTorch does not support this precision)
    bf16      [!] SLOW (   0.0 GFLOPS < 1.0 GFLOPS threshold)    0.25ms
    int64                                             SKIPPED  (RuntimeError: "addmv_impl_cuda" not implemented for 'Long')
    int32                                             SKIPPED  (RuntimeError: "addmv_impl_cuda" not implemented for 'Int')
    int16                                             SKIPPED  (RuntimeError: "addmv_impl_cuda" not implemented for 'Short')
    int8                                              SKIPPED  (RuntimeError: "addmv_impl_cuda" not implemented for 'Char')
    int4                                              SKIPPED  (PyTorch does not support this precision)
  Size    128:
    fp64      [!] SLOW (   0.1 GFLOPS < 1.0 GFLOPS threshold)    0.24ms
    fp32      [!] SLOW (   0.1 GFLOPS < 1.0 GFLOPS threshold)    0.24ms
    tf32      [!] SLOW (   0.1 GFLOPS < 1.0 GFLOPS threshold)    0.24ms
    fp16      [!] SLOW (   0.1 GFLOPS < 1.0 GFLOPS threshold)    0.24ms
    fp8                                               SKIPPED  (PyTorch does not support this precision)
    fp4                                               SKIPPED  (PyTorch does not support this precision)
    bf16      [!] SLOW (   0.1 GFLOPS < 1.0 GFLOPS threshold)    0.24ms
    int64                                             SKIPPED  (RuntimeError: "addmv_impl_cuda" not implemented for 'Long')
    int32                                             SKIPPED  (RuntimeError: "addmv_impl_cuda" not implemented for 'Int')
    int16                                             SKIPPED  (RuntimeError: "addmv_impl_cuda" not implemented for 'Short')
    int8                                              SKIPPED  (RuntimeError: "addmv_impl_cuda" not implemented for 'Char')
    int4                                              SKIPPED  (PyTorch does not support this precision)
  Size    256:
    fp64      [!] SLOW (   0.1 GFLOPS < 1.0 GFLOPS threshold)    0.95ms
    fp32      [!] SLOW (   0.5 GFLOPS < 1.0 GFLOPS threshold)    0.24ms
    tf32      [!] SLOW (   0.5 GFLOPS < 1.0 GFLOPS threshold)    0.24ms
    fp16      [!] SLOW (   0.5 GFLOPS < 1.0 GFLOPS threshold)    0.24ms
    fp8                                               SKIPPED  (PyTorch does not support this precision)
    fp4                                               SKIPPED  (PyTorch does not support this precision)
    bf16      [!] SLOW (   0.5 GFLOPS < 1.0 GFLOPS threshold)    0.25ms
    int64                                             SKIPPED  (RuntimeError: "addmv_impl_cuda" not implemented for 'Long')
    int32                                             SKIPPED  (RuntimeError: "addmv_impl_cuda" not implemented for 'Int')
    int16                                             SKIPPED  (RuntimeError: "addmv_impl_cuda" not implemented for 'Short')
    int8                                              SKIPPED  (RuntimeError: "addmv_impl_cuda" not implemented for 'Char')
    int4                                              SKIPPED  (PyTorch does not support this precision)
  Size    512:
    fp64                                           2.2 GFLOPS    0.24ms
    fp32                                           2.2 GFLOPS    0.24ms
    tf32      [!] SLOW (   0.8 GFLOPS < 1.0 GFLOPS threshold)    0.69ms
    fp16                                           2.0 GFLOPS    0.26ms
    fp8                                               SKIPPED  (PyTorch does not support this precision)
    fp4                                               SKIPPED  (PyTorch does not support this precision)
    bf16                                           2.1 GFLOPS    0.25ms
    int64                                             SKIPPED  (RuntimeError: "addmv_impl_cuda" not implemented for 'Long')
    int32                                             SKIPPED  (RuntimeError: "addmv_impl_cuda" not implemented for 'Int')
    int16                                             SKIPPED  (RuntimeError: "addmv_impl_cuda" not implemented for 'Short')
    int8                                              SKIPPED  (RuntimeError: "addmv_impl_cuda" not implemented for 'Char')
    int4                                              SKIPPED  (PyTorch does not support this precision)
  Size     1K:
    fp64                                           7.6 GFLOPS    0.28ms
    fp32                                           5.3 GFLOPS    0.40ms
    tf32                                           3.4 GFLOPS    0.62ms
    fp16                                           8.1 GFLOPS    0.26ms
    fp8                                               SKIPPED  (PyTorch does not support this precision)
    fp4                                               SKIPPED  (PyTorch does not support this precision)
    bf16                                           7.9 GFLOPS    0.27ms
    int64                                             SKIPPED  (RuntimeError: "addmv_impl_cuda" not implemented for 'Long')
    int32                                             SKIPPED  (RuntimeError: "addmv_impl_cuda" not implemented for 'Int')
    int16                                             SKIPPED  (RuntimeError: "addmv_impl_cuda" not implemented for 'Short')
    int8                                              SKIPPED  (RuntimeError: "addmv_impl_cuda" not implemented for 'Char')
    int4                                              SKIPPED  (PyTorch does not support this precision)
  Size     2K:
    fp64                                           6.1 GFLOPS    1.38ms
    fp32                                          16.1 GFLOPS    0.52ms
    tf32                                          21.4 GFLOPS    0.39ms
    fp16                                          25.9 GFLOPS    0.32ms
    fp8                                               SKIPPED  (PyTorch does not support this precision)
    fp4                                               SKIPPED  (PyTorch does not support this precision)
    bf16                                          27.8 GFLOPS    0.30ms
    int64                                             SKIPPED  (RuntimeError: "addmv_impl_cuda" not implemented for 'Long')
    int32                                             SKIPPED  (RuntimeError: "addmv_impl_cuda" not implemented for 'Int')
    int16                                             SKIPPED  (RuntimeError: "addmv_impl_cuda" not implemented for 'Short')
    int8                                              SKIPPED  (RuntimeError: "addmv_impl_cuda" not implemented for 'Char')
    int4                                              SKIPPED  (PyTorch does not support this precision)

BLAS Level 3: GEMM
------------------------------------------------------------------------------------------
  Size     32:
    fp64      [!] SLOW (   0.2 GFLOPS < 1.0 GFLOPS threshold)    0.27ms
    fp32      [!] SLOW (   0.3 GFLOPS < 1.0 GFLOPS threshold)    0.25ms
    tf32      [!] SLOW (   0.3 GFLOPS < 1.0 GFLOPS threshold)    0.25ms
    fp16      [!] SLOW (   0.2 GFLOPS < 1.0 GFLOPS threshold)    0.27ms
    fp8                                               SKIPPED  (PyTorch does not support this precision)
    fp4                                               SKIPPED  (PyTorch does not support this precision)
    bf16      [!] SLOW (   0.3 GFLOPS < 1.0 GFLOPS threshold)    0.26ms
    int64                                             SKIPPED  (RuntimeError: RuntimeError: "addmm_cuda" not implemented for 'Lo)
    int32                                             SKIPPED  (RuntimeError: RuntimeError: "addmm_cuda" not implemented for 'In)
    int16                                             SKIPPED  (RuntimeError: RuntimeError: "addmm_cuda" not implemented for 'Sh)
    int8                                              SKIPPED  (RuntimeError: RuntimeError: "addmm_cuda" not implemented for 'Ch)
    int4                                              SKIPPED  (PyTorch does not support this precision)
  Size     64:
    fp64                                           2.0 GFLOPS    0.27ms
    fp32                                           2.0 GFLOPS    0.26ms
    tf32                                           2.1 GFLOPS    0.25ms
    fp16                                           1.9 GFLOPS    0.27ms
    fp8                                               SKIPPED  (PyTorch does not support this precision)
    fp4                                               SKIPPED  (PyTorch does not support this precision)
    bf16                                           2.1 GFLOPS    0.25ms
    int64                                             SKIPPED  (RuntimeError: RuntimeError: "addmm_cuda" not implemented for 'Lo)
    int32                                             SKIPPED  (RuntimeError: RuntimeError: "addmm_cuda" not implemented for 'In)
    int16                                             SKIPPED  (RuntimeError: RuntimeError: "addmm_cuda" not implemented for 'Sh)
    int8                                              SKIPPED  (RuntimeError: RuntimeError: "addmm_cuda" not implemented for 'Ch)
    int4                                              SKIPPED  (PyTorch does not support this precision)
  Size    128:
    fp64                                           6.1 GFLOPS    0.69ms
    fp32                                          16.0 GFLOPS    0.26ms
    tf32                                          16.0 GFLOPS    0.26ms
    fp16                                          16.0 GFLOPS    0.26ms
    fp8                                               SKIPPED  (PyTorch does not support this precision)
    fp4                                               SKIPPED  (PyTorch does not support this precision)
    bf16                                          16.4 GFLOPS    0.26ms
    int64                                             SKIPPED  (RuntimeError: RuntimeError: "addmm_cuda" not implemented for 'Lo)
    int32                                             SKIPPED  (RuntimeError: RuntimeError: "addmm_cuda" not implemented for 'In)
    int16                                             SKIPPED  (RuntimeError: RuntimeError: "addmm_cuda" not implemented for 'Sh)
    int8                                              SKIPPED  (RuntimeError: RuntimeError: "addmm_cuda" not implemented for 'Ch)
    int4                                              SKIPPED  (PyTorch does not support this precision)
  Size    256:
    fp64                                           9.4 GFLOPS    3.56ms
    fp32                                         108.8 GFLOPS    0.31ms
    tf32                                         130.5 GFLOPS    0.26ms
    fp16                                         130.3 GFLOPS    0.26ms
    fp8                                               SKIPPED  (PyTorch does not support this precision)
    fp4                                               SKIPPED  (PyTorch does not support this precision)
    bf16                                         131.7 GFLOPS    0.25ms
    int64                                             SKIPPED  (RuntimeError: RuntimeError: "addmm_cuda" not implemented for 'Lo)
    int32                                             SKIPPED  (RuntimeError: RuntimeError: "addmm_cuda" not implemented for 'In)
    int16                                             SKIPPED  (RuntimeError: RuntimeError: "addmm_cuda" not implemented for 'Sh)
    int8                                              SKIPPED  (RuntimeError: RuntimeError: "addmm_cuda" not implemented for 'Ch)
    int4                                              SKIPPED  (PyTorch does not support this precision)
  Size    512:
    fp64                                          22.4 GFLOPS   11.97ms
    fp32                                         228.8 GFLOPS    1.17ms
    tf32                                         446.2 GFLOPS    0.60ms
    fp16                                         728.0 GFLOPS    0.37ms
    fp8                                               SKIPPED  (PyTorch does not support this precision)
    fp4                                               SKIPPED  (PyTorch does not support this precision)
    bf16                                         708.4 GFLOPS    0.38ms
    int64                                             SKIPPED  (RuntimeError: RuntimeError: "addmm_cuda" not implemented for 'Lo)
    int32                                             SKIPPED  (RuntimeError: RuntimeError: "addmm_cuda" not implemented for 'In)
    int16                                             SKIPPED  (RuntimeError: RuntimeError: "addmm_cuda" not implemented for 'Sh)
    int8                                              SKIPPED  (RuntimeError: RuntimeError: "addmm_cuda" not implemented for 'Ch)
    int4                                              SKIPPED  (PyTorch does not support this precision)
  Size     1K:
    fp64                                          27.0 GFLOPS   79.59ms
    fp32                                         453.1 GFLOPS    4.74ms
    tf32                                         721.7 GFLOPS    2.98ms
    fp16                                        1499.8 GFLOPS    1.43ms
    fp8                                               SKIPPED  (PyTorch does not support this precision)
    fp4                                               SKIPPED  (PyTorch does not support this precision)
    bf16                                        1300.3 GFLOPS    1.65ms
    int64                                             SKIPPED  (RuntimeError: RuntimeError: "addmm_cuda" not implemented for 'Lo)
    int32                                             SKIPPED  (RuntimeError: RuntimeError: "addmm_cuda" not implemented for 'In)
    int16                                             SKIPPED  (RuntimeError: RuntimeError: "addmm_cuda" not implemented for 'Sh)
    int8                                              SKIPPED  (RuntimeError: RuntimeError: "addmm_cuda" not implemented for 'Ch)
    int4                                              SKIPPED  (PyTorch does not support this precision)
  Size     2K:
    fp64                                              SKIPPED  (Timeout: GEMM benchmark exceeded 5s timeout)
    fp32                                        1041.7 GFLOPS   16.49ms
    tf32                                        2059.4 GFLOPS    8.34ms
    fp16                                        3108.4 GFLOPS    5.53ms
    fp8                                               SKIPPED  (PyTorch does not support this precision)
    fp4                                               SKIPPED  (PyTorch does not support this precision)
    bf16                                        2772.9 GFLOPS    6.20ms
    int64                                             SKIPPED  (RuntimeError: RuntimeError: "addmm_cuda" not implemented for 'Lo)
    int32                                             SKIPPED  (RuntimeError: RuntimeError: "addmm_cuda" not implemented for 'In)
    int16                                             SKIPPED  (RuntimeError: RuntimeError: "addmm_cuda" not implemented for 'Sh)
    int8                                              SKIPPED  (RuntimeError: RuntimeError: "addmm_cuda" not implemented for 'Ch)
    int4                                              SKIPPED  (PyTorch does not support this precision)

==========================================================================================
BLAS Suite Complete: 24 calibrations
==========================================================================================

Building precision capability matrix...

================================================================================
Hardware Calibration: Jetson Orin Nano (GPU)
Date: 2025-11-28T11:09:11.126919
================================================================================

Framework: PYTORCH
Device:    CUDA

Theoretical Specifications:
  Peak GFLOPS (FP32): 1880.0
  Peak Bandwidth:     68.0 GB/s

STREAM Memory Bandwidth Benchmark:
  Kernel           Size (MB)    Bandwidth    Latency   Efficiency Description
  -----------------------------------------------------------------------------------------------
  COPY                   128       59.1 GB/s     4.54 ms       86.9%  a[i] = b[i]
  SCALE                  512       94.8 GB/s    11.33 ms      139.4%  a[i] = q * b[i]
  ADD                    256       95.3 GB/s     8.45 ms      140.1%  a[i] = b[i] + c[i]
  TRIAD                  512       57.0 GB/s    28.26 ms       83.8%  a[i] = b[i] + q * c[i]

  STREAM Score (minimum): 17.5 GB/s

BLAS Performance Summary (Highest Throughput by Precision):
  Operation          fp64       fp32       tf32       fp16        fp8        fp4       bf16      int64      int32      int16       int8       int4   Best Precision
  ------------------------------------------------------------------------------------------------------------------------------------------------------------------
  AXPY                2.6        6.1        6.4       12.0        N/A        N/A       12.0        2.9        6.4       12.0       18.6        N/A             int8
  DOT                 7.9       18.7       18.8       32.0        N/A        N/A       31.8        N/A        N/A        N/A        N/A        N/A             fp16
  GEMV                7.6       16.1       21.4       25.9        N/A        N/A       27.8        N/A        N/A        N/A        N/A        N/A             bf16
  GEMM               27.0     1041.7     2059.4     3108.4        N/A        N/A     2772.9        N/A        N/A        N/A        N/A        N/A             fp16

BLAS Compute Performance (by Operation and Precision):
========================================================================================================================

Level 1: Vector-Vector (O(n))
------------------------------------------------------------------------------------------------------------------------

AXPY:
  Precision   Best Size Highest Throughput    Latency       AI   Efficiency
  --------------------------------------------------------------------------------
  fp64              10M         2.6 GFLOPS     7.57ms     0.33        4.4%
  fp32              10M         6.1 GFLOPS     3.26ms     0.17        0.3%
  tf32              10M         6.4 GFLOPS     3.14ms     0.17        0.2%
  fp16              10M        12.0 GFLOPS     1.67ms     0.33        0.2%
  bf16              10M        12.0 GFLOPS     1.67ms     0.33        0.2%
  int64             10M          2.9 GIOPS     6.88ms     0.33        0.0%
  int32             10M          6.4 GIOPS     3.14ms     0.33        0.3%
  int16             10M         12.0 GIOPS     1.67ms     0.33        0.2%
  int8              10M         18.6 GIOPS     1.07ms     0.33        0.1%

DOT:
  Precision   Best Size Highest Throughput    Latency       AI   Efficiency
  --------------------------------------------------------------------------------
  fp64              10M         7.9 GFLOPS     2.54ms     0.50       13.1%
  fp32              10M        18.7 GFLOPS     1.07ms     0.25        1.0%
  tf32              10M        18.8 GFLOPS     1.07ms     0.25        0.5%
  fp16              10M        32.0 GFLOPS     0.63ms     0.50        0.4%
  bf16              10M        31.8 GFLOPS     0.63ms     0.50        0.4%

Level 2: Matrix-Vector (O(n²))
------------------------------------------------------------------------------------------------------------------------

GEMV:
  Precision   Best Size Highest Throughput    Latency       AI   Efficiency
  --------------------------------------------------------------------------------
  fp64               1K         7.6 GFLOPS     0.28ms     1.00       12.7%
  fp32               2K        16.1 GFLOPS     0.52ms     0.50        0.9%
  tf32               2K        21.4 GFLOPS     0.39ms     0.50        0.6%
  fp16               2K        25.9 GFLOPS     0.32ms     1.00        0.3%
  bf16               2K        27.8 GFLOPS     0.30ms     1.00        0.4%

Level 3: Matrix-Matrix (O(n³))
------------------------------------------------------------------------------------------------------------------------

GEMM:
  Precision   Best Size Highest Throughput    Latency       AI   Efficiency
  --------------------------------------------------------------------------------
  fp64               1K        27.0 GFLOPS    79.59ms    85.33       45.0%
  fp32               2K      1041.7 GFLOPS    16.49ms   341.33       55.4%
  tf32               2K      2059.4 GFLOPS     8.34ms   341.33       54.8%
  fp16               2K      3108.4 GFLOPS     5.53ms   682.67       41.3%
  bf16               2K      2772.9 GFLOPS     6.20ms   682.67       36.9%

Precision Support Summary:
  Supported:   fp64, fp32, tf32, fp16, bf16, int64, int32, int16, int8
  Unsupported: fp8, fp4, int4

