(.venv) cjuser@sdhome-jetson:/mnt/nvme/dev/branes/clones/graphs$ cli/characterize_dispatch.py --iterations 10000
======================================================================
  CUDA KERNEL DISPATCH LATENCY CHARACTERIZATION
======================================================================
  Device:     Orin
  Iterations: 10,000 (+ 500 warmup)
  Kernels:    empty, small_add, small_matmul
======================================================================

Measuring empty kernel dispatch...

Statistics (empty kernel):
  Count:  10,000
  Min:    0.0021 ms
  p50:    0.0287 ms
  p90:    0.0306 ms
  p95:    0.0332 ms
  p99:    0.0497 ms
  p99.9:  0.7200 ms
  Max:    1.2631 ms
  Mean:   0.0299 ms
  Std:    0.0310 ms

Histogram (p0-p99):
   0.0021 -  0.0045 ms: ##                                                 (  2.5%)
   0.0045 -  0.0069 ms:                                                    (  0.0%)
   0.0069 -  0.0093 ms:                                                    (  0.1%)
   0.0093 -  0.0117 ms:                                                    (  0.0%)
   0.0117 -  0.0140 ms:                                                    (  0.0%)
   0.0140 -  0.0164 ms:                                                    (  0.0%)
   0.0164 -  0.0188 ms:                                                    (  0.0%)
   0.0188 -  0.0212 ms:                                                    (  0.0%)
   0.0212 -  0.0236 ms:                                                    (  0.0%)
   0.0236 -  0.0259 ms:                                                    (  0.2%)
   0.0259 -  0.0283 ms: #################################                  ( 35.2%)
   0.0283 -  0.0307 ms: ################################################## ( 52.2%)
   0.0307 -  0.0331 ms: ####                                               (  4.6%)
   0.0331 -  0.0355 ms: ##                                                 (  2.1%)
   0.0355 -  0.0378 ms:                                                    (  0.8%)
   0.0378 -  0.0402 ms:                                                    (  0.4%)
   0.0402 -  0.0426 ms:                                                    (  0.2%)
   0.0426 -  0.0450 ms:                                                    (  0.2%)
   0.0450 -  0.0473 ms:                                                    (  0.2%)
   0.0473 -  0.0497 ms:                                                    (  0.2%)
  [> 0.0497 ms: 100 outliers (1.0%), max=1.2631 ms]

Measuring small_add kernel dispatch...

Statistics (small_add kernel):
  Count:  10,000
  Min:    0.0122 ms
  p50:    0.1190 ms
  p90:    0.1236 ms
  p95:    0.1307 ms
  p99:    0.1726 ms
  p99.9:  1.3709 ms
  Max:    11.1360 ms
  Mean:   0.1238 ms
  Std:    0.1426 ms

Histogram (p0-p99):
   0.0122 -  0.0202 ms: #                                                  (  2.4%)
   0.0202 -  0.0282 ms:                                                    (  0.0%)
   0.0282 -  0.0363 ms:                                                    (  0.0%)
   0.0363 -  0.0443 ms:                                                    (  0.1%)
   0.0443 -  0.0523 ms:                                                    (  0.0%)
   0.0523 -  0.0603 ms:                                                    (  0.1%)
   0.0603 -  0.0683 ms:                                                    (  0.1%)
   0.0683 -  0.0764 ms:                                                    (  0.0%)
   0.0764 -  0.0844 ms:                                                    (  0.1%)
   0.0844 -  0.0924 ms:                                                    (  0.0%)
   0.0924 -  0.1004 ms:                                                    (  0.0%)
   0.1004 -  0.1085 ms:                                                    (  0.0%)
   0.1085 -  0.1165 ms: ############                                       ( 17.4%)
   0.1165 -  0.1245 ms: ################################################## ( 71.5%)
   0.1245 -  0.1325 ms: ##                                                 (  3.4%)
   0.1325 -  0.1406 ms: #                                                  (  1.8%)
   0.1406 -  0.1486 ms:                                                    (  1.3%)
   0.1486 -  0.1566 ms:                                                    (  0.2%)
   0.1566 -  0.1646 ms:                                                    (  0.2%)
   0.1646 -  0.1726 ms:                                                    (  0.3%)
  [> 0.1726 ms: 100 outliers (1.0%), max=11.1360 ms]

Measuring small_matmul kernel dispatch...

Statistics (small_matmul kernel):
  Count:  10,000
  Min:    0.1333 ms
  p50:    0.1421 ms
  p90:    0.1504 ms
  p95:    0.1569 ms
  p99:    0.1677 ms
  p99.9:  0.1814 ms
  Max:    0.1996 ms
  Mean:   0.1437 ms
  Std:    0.0061 ms

Histogram (p0-p99):
   0.1333 -  0.1350 ms:                                                    (  0.1%)
   0.1350 -  0.1368 ms: ##                                                 (  1.2%)
   0.1368 -  0.1385 ms: #############                                      (  6.4%)
   0.1385 -  0.1402 ms: ###################################                ( 16.4%)
   0.1402 -  0.1419 ms: ################################################## ( 23.4%)
   0.1419 -  0.1436 ms: #########################################          ( 19.3%)
   0.1436 -  0.1454 ms: ########################                           ( 11.4%)
   0.1454 -  0.1471 ms: #############                                      (  6.2%)
   0.1471 -  0.1488 ms: ######                                             (  3.3%)
   0.1488 -  0.1505 ms: #####                                              (  2.5%)
   0.1505 -  0.1522 ms: #####                                              (  2.5%)
   0.1522 -  0.1540 ms: ##                                                 (  1.3%)
   0.1540 -  0.1557 ms: #                                                  (  0.7%)
   0.1557 -  0.1574 ms: #                                                  (  0.7%)
   0.1574 -  0.1591 ms: #                                                  (  0.6%)
   0.1591 -  0.1608 ms: #                                                  (  0.8%)
   0.1608 -  0.1626 ms: #                                                  (  0.8%)
   0.1626 -  0.1643 ms: #                                                  (  0.6%)
   0.1643 -  0.1660 ms: #                                                  (  0.5%)
   0.1660 -  0.1677 ms: #                                                  (  0.5%)
  [> 0.1677 ms: 100 outliers (1.0%), max=0.1996 ms]

======================================================================
  SUMMARY COMPARISON
======================================================================
  Kernel Type            Min        p50        p99        Max
  -------------------------------------------------------
  empty               0.0021     0.0287     0.0497     1.2631
  small_add           0.0122     0.1190     0.1726    11.1360
  small_matmul        0.1333     0.1421     0.1677     0.1996

