================================================================================
Hardware Calibration: AMD Ryzen 7 8845HS w/ Radeon 780M Graphics
================================================================================

Running pre-flight checks...

======================================================================
PRE-FLIGHT CHECKS
======================================================================

[-] CPU Governor: cpufreq not available (VM or container?)
[OK] CPU Frequency: 3801 MHz (100% of max)
    Current:  3801 MHz
    Expected: >= 3421 MHz (90%)
[-] Turbo Boost: Could not determine (not Intel pstate)
[OK] System Load: 1.4% (idle)
    Current:  1.4%
    Expected: < 5%
[-] Thermal State: Could not read temperature

RESULT: PASSED
  System is ready for calibration.======================================================================
System Information:
  CPU: AMD64 Family 25 Model 117 Stepping 2, AuthenticAMD
  Cores: 8 physical, 16 logical
  Memory: 27.8 GB
  Python: 3.11.9
  NumPy: 2.3.5
  PyTorch: 2.9.1+cpu

Target Device: CPU
Framework:     NUMPY

Querying CPU clock frequencies...
  CPU Freq: 3801 MHz (100% of max 3801 MHz)
  Governor: Balanced

Running calibration benchmarks...

1. STREAM Memory Bandwidth Benchmark
--------------------------------------------------------------------------------
Framework: NumPy (CPU-only)

STREAM Benchmark Suite:
--------------------------------------------------------------------------------

COPY (a[i] = b[i]):
  Memory ops: 2, FLOPs/element: 0
  Size     8 MB...    57.2 GB/s  (63.8%)    0.29 ms
  Size    16 MB...    35.1 GB/s  (39.2%)    0.96 ms
  Size    32 MB...    37.7 GB/s  (42.0%)    1.78 ms
  Size    64 MB...    59.4 GB/s  (66.3%)    2.26 ms
  Size   128 MB...    51.6 GB/s  (57.6%)    5.20 ms
  Size   256 MB...    49.8 GB/s  (55.6%)   10.78 ms
  Size   512 MB...    43.7 GB/s  (48.8%)   24.55 ms

SCALE (a[i] = q * b[i]):
  Memory ops: 2, FLOPs/element: 1
  Size     8 MB...    74.2 GB/s  (82.9%)    0.23 ms  |  9.3 GFLOPS
  Size    16 MB...    43.6 GB/s  (48.7%)    0.77 ms  |  5.4 GFLOPS
  Size    32 MB...    28.0 GB/s  (31.3%)    2.39 ms  |  3.5 GFLOPS
  Size    64 MB...    24.7 GB/s  (27.5%)    5.44 ms  |  3.1 GFLOPS
  Size   128 MB...    28.1 GB/s  (31.4%)    9.55 ms  |  3.5 GFLOPS
  Size   256 MB...    28.1 GB/s  (31.3%)   19.13 ms  |  3.5 GFLOPS
  Size   512 MB...    31.3 GB/s  (34.9%)   34.34 ms  |  3.9 GFLOPS

ADD (a[i] = b[i] + c[i]):
  Memory ops: 3, FLOPs/element: 1
  Size     8 MB...    54.8 GB/s  (61.2%)    0.46 ms  |  4.6 GFLOPS
  Size    16 MB...    37.5 GB/s  (41.8%)    1.34 ms  |  3.1 GFLOPS
  Size    32 MB...    34.7 GB/s  (38.7%)    2.90 ms  |  2.9 GFLOPS
  Size    64 MB...    36.1 GB/s  (40.3%)    5.57 ms  |  3.0 GFLOPS
  Size   128 MB...    32.2 GB/s  (35.9%)   12.51 ms  |  2.7 GFLOPS
  Size   256 MB...    33.4 GB/s  (37.3%)   24.09 ms  |  2.8 GFLOPS
  Size   512 MB...    37.0 GB/s  (41.3%)   43.48 ms  |  3.1 GFLOPS

TRIAD (a[i] = b[i] + q * c[i]):
  Memory ops: 3, FLOPs/element: 2
  Size     8 MB...     8.9 GB/s   (9.9%)    2.82 ms  |  1.5 GFLOPS
  Size    16 MB...     7.9 GB/s   (8.8%)    6.37 ms  |  1.3 GFLOPS
  Size    32 MB...     8.8 GB/s   (9.8%)   11.47 ms  |  1.5 GFLOPS
  Size    64 MB...     8.6 GB/s   (9.6%)   23.40 ms  |  1.4 GFLOPS
  Size   128 MB...     8.7 GB/s   (9.7%)   46.31 ms  |  1.4 GFLOPS
  Size   256 MB...     8.6 GB/s   (9.6%)   93.77 ms  |  1.4 GFLOPS
  Size   512 MB...     7.1 GB/s   (7.9%)  227.72 ms  |  1.2 GFLOPS

================================================================================
STREAM Summary:
--------------------------------------------------------------------------------
Kernel            Best BW    Latency   Efficiency Description
------------------------------------------------------------------------------------------
COPY               59.4 GB/s     2.26 ms       66.3%  a[i] = b[i]
SCALE              74.2 GB/s     0.23 ms       82.9%  a[i] = q * b[i]
ADD                54.8 GB/s     0.46 ms       61.2%  a[i] = b[i] + c[i]
TRIAD               8.9 GB/s     2.82 ms        9.9%  a[i] = b[i] + q * c[i]

STREAM Score (minimum): 7.1 GB/s
================================================================================
STREAM Score (minimum bandwidth): 7.1 GB/s

2. BLAS Compute Benchmark Suite
--------------------------------------------------------------------------------
Testing precisions: fp64, fp32, tf32, fp16, fp8, fp4, bf16, int64, int32, int16, int8, int4

Framework: NumPy (CPU-only)

BLAS Benchmark Suite:
==========================================================================================

BLAS Level 1: DOT
------------------------------------------------------------------------------------------
  Size     1K:
    fp64                                           1.7 GFLOPS    0.00ms
    fp32                                           2.1 GFLOPS    0.00ms
    tf32                                              SKIPPED  (NumPy does not support this precision)
    fp16      [!] SLOW (   0.3 GFLOPS < 1.0 GFLOPS threshold)    0.01ms
    fp8                                               SKIPPED  (NumPy does not support this precision)
    fp4                                               SKIPPED  (NumPy does not support this precision)
    bf16                                              SKIPPED  (NumPy does not support this precision)
    int64                                           1.3 GIOPS    0.00ms
    int32                                           1.4 GIOPS    0.00ms
    int16                                           1.2 GIOPS    0.00ms
    int8                                            1.2 GIOPS    0.00ms
    int4                                              SKIPPED  (NumPy does not support this precision)
  Size    10K:
    fp64                                           9.5 GFLOPS    0.00ms
    fp32                                          13.0 GFLOPS    0.00ms
    tf32                                              SKIPPED  (NumPy does not support this precision)
    fp16      [!] SLOW (   0.4 GFLOPS < 1.0 GFLOPS threshold)    0.05ms
    fp8                                               SKIPPED  (NumPy does not support this precision)
    fp4                                               SKIPPED  (NumPy does not support this precision)
    bf16                                              SKIPPED  (NumPy does not support this precision)
    int64                                           3.9 GIOPS    0.01ms
    int32                                           3.7 GIOPS    0.01ms
    int16                                           2.8 GIOPS    0.01ms
    int8                                            2.8 GIOPS    0.01ms
    int4                                              SKIPPED  (NumPy does not support this precision)
  Size   100K:
    fp64                                           2.0 GFLOPS    0.10ms
    fp32                                          25.1 GFLOPS    0.01ms
    tf32                                              SKIPPED  (NumPy does not support this precision)
    fp16      [!] SLOW (   0.5 GFLOPS < 1.0 GFLOPS threshold)    0.44ms
    fp8                                               SKIPPED  (NumPy does not support this precision)
    fp4                                               SKIPPED  (NumPy does not support this precision)
    bf16                                              SKIPPED  (NumPy does not support this precision)
    int64                                           6.3 GIOPS    0.03ms
    int32                                           6.2 GIOPS    0.03ms
    int16                                           4.1 GIOPS    0.05ms
    int8                                            3.1 GIOPS    0.07ms
    int4                                              SKIPPED  (NumPy does not support this precision)
  Size     1M:
    fp64                                          10.0 GFLOPS    0.20ms
    fp32                                          30.5 GFLOPS    0.07ms
    tf32                                              SKIPPED  (NumPy does not support this precision)
    fp16      [!] SLOW (   0.4 GFLOPS < 1.0 GFLOPS threshold)    4.48ms
    fp8                                               SKIPPED  (NumPy does not support this precision)
    fp4                                               SKIPPED  (NumPy does not support this precision)
    bf16                                              SKIPPED  (NumPy does not support this precision)
    int64                                           3.5 GIOPS    0.58ms
    int32                                           6.1 GIOPS    0.33ms
    int16                                           4.1 GIOPS    0.49ms
    int8                                            4.1 GIOPS    0.49ms
    int4                                              SKIPPED  (NumPy does not support this precision)
  Size    10M:
    fp64                                           6.7 GFLOPS    2.98ms
    fp32                                          10.5 GFLOPS    1.91ms
    tf32                                              SKIPPED  (NumPy does not support this precision)
    fp16      [!] SLOW (   0.4 GFLOPS < 1.0 GFLOPS threshold)   45.92ms
    fp8                                               SKIPPED  (NumPy does not support this precision)
    fp4                                               SKIPPED  (NumPy does not support this precision)
    bf16                                              SKIPPED  (NumPy does not support this precision)
    int64                                           3.8 GIOPS    5.28ms
    int32                                           5.0 GIOPS    3.96ms
    int16                                           4.0 GIOPS    5.00ms
    int8                                            3.9 GIOPS    5.18ms
    int4                                              SKIPPED  (NumPy does not support this precision)

BLAS Level 1: AXPY
------------------------------------------------------------------------------------------
  Size     1K:
    fp64      [!] SLOW (   0.7 GFLOPS < 1.0 GFLOPS threshold)    0.00ms
    fp32      [!] SLOW (   0.7 GFLOPS < 1.0 GFLOPS threshold)    0.00ms
    tf32                                              SKIPPED  (NumPy does not support this precision)
    fp16      [!] SLOW (   0.1 GFLOPS < 1.0 GFLOPS threshold)    0.02ms
    fp8                                               SKIPPED  (NumPy does not support this precision)
    fp4                                               SKIPPED  (NumPy does not support this precision)
    bf16                                              SKIPPED  (NumPy does not support this precision)
    int64      [!] SLOW (   0.9 GIOPS < 1.0 GFLOPS threshold)    0.00ms
    int32      [!] SLOW (   0.9 GIOPS < 1.0 GFLOPS threshold)    0.00ms
    int16      [!] SLOW (   0.9 GIOPS < 1.0 GFLOPS threshold)    0.00ms
    int8       [!] SLOW (   1.0 GIOPS < 1.0 GFLOPS threshold)    0.00ms
    int4                                              SKIPPED  (NumPy does not support this precision)
  Size    10K:
    fp64                                           2.6 GFLOPS    0.01ms
    fp32                                           3.8 GFLOPS    0.01ms
    tf32                                              SKIPPED  (NumPy does not support this precision)
    fp16      [!] SLOW (   0.1 GFLOPS < 1.0 GFLOPS threshold)    0.16ms
    fp8                                               SKIPPED  (NumPy does not support this precision)
    fp4                                               SKIPPED  (NumPy does not support this precision)
    bf16                                              SKIPPED  (NumPy does not support this precision)
    int64                                           2.5 GIOPS    0.01ms
    int32                                           2.4 GIOPS    0.01ms
    int16                                           2.3 GIOPS    0.01ms
    int8                                            2.3 GIOPS    0.01ms
    int4                                              SKIPPED  (NumPy does not support this precision)
  Size   100K:
    fp64                                           4.1 GFLOPS    0.05ms
    fp32                                           7.2 GFLOPS    0.03ms
    tf32                                              SKIPPED  (NumPy does not support this precision)
    fp16      [!] SLOW (   0.1 GFLOPS < 1.0 GFLOPS threshold)    1.35ms
    fp8                                               SKIPPED  (NumPy does not support this precision)
    fp4                                               SKIPPED  (NumPy does not support this precision)
    bf16                                              SKIPPED  (NumPy does not support this precision)
    int64                                           2.8 GIOPS    0.07ms
    int32                                           3.1 GIOPS    0.07ms
    int16                                           2.7 GIOPS    0.07ms
    int8                                            2.8 GIOPS    0.07ms
    int4                                              SKIPPED  (NumPy does not support this precision)
  Size     1M:
    fp64      [!] SLOW (   0.5 GFLOPS < 1.0 GFLOPS threshold)    4.01ms
    fp32                                           1.2 GFLOPS    1.68ms
    tf32                                              SKIPPED  (NumPy does not support this precision)
    fp16      [!] SLOW (   0.1 GFLOPS < 1.0 GFLOPS threshold)   14.02ms
    fp8                                               SKIPPED  (NumPy does not support this precision)
    fp4                                               SKIPPED  (NumPy does not support this precision)
    bf16                                              SKIPPED  (NumPy does not support this precision)
    int64      [!] SLOW (   0.5 GIOPS < 1.0 GFLOPS threshold)    4.00ms
    int32                                           1.2 GIOPS    1.64ms
    int16                                           1.5 GIOPS    1.36ms
    int8                                            2.7 GIOPS    0.73ms
    int4                                              SKIPPED  (NumPy does not support this precision)
  Size    10M:
    fp64      [!] SLOW (   0.6 GFLOPS < 1.0 GFLOPS threshold)   32.12ms
    fp32                                           1.5 GFLOPS   13.74ms
    tf32                                              SKIPPED  (NumPy does not support this precision)
    fp16      [!] SLOW (   0.1 GFLOPS < 1.0 GFLOPS threshold)  139.42ms
    fp8                                               SKIPPED  (NumPy does not support this precision)
    fp4                                               SKIPPED  (NumPy does not support this precision)
    bf16                                              SKIPPED  (NumPy does not support this precision)
    int64      [!] SLOW (   0.6 GIOPS < 1.0 GFLOPS threshold)   31.34ms
    int32      [!] SLOW (   1.0 GIOPS < 1.0 GFLOPS threshold)   21.05ms
    int16                                           1.3 GIOPS   15.11ms
    int8                                            2.1 GIOPS    9.36ms
    int4                                              SKIPPED  (NumPy does not support this precision)

BLAS Level 2: GEMV
------------------------------------------------------------------------------------------
  Size     32:
    fp64      [!] SLOW (   0.8 GFLOPS < 1.0 GFLOPS threshold)    0.00ms
    fp32      [!] SLOW (   0.8 GFLOPS < 1.0 GFLOPS threshold)    0.00ms
    tf32                                              SKIPPED  (NumPy does not support this precision)
    fp16      [!] SLOW (   0.3 GFLOPS < 1.0 GFLOPS threshold)    0.01ms
    fp8                                               SKIPPED  (NumPy does not support this precision)
    fp4                                               SKIPPED  (NumPy does not support this precision)
    bf16                                              SKIPPED  (NumPy does not support this precision)
    int64      [!] SLOW (   0.5 GIOPS < 1.0 GFLOPS threshold)    0.00ms
    int32      [!] SLOW (   0.7 GIOPS < 1.0 GFLOPS threshold)    0.00ms
    int16      [!] SLOW (   0.7 GIOPS < 1.0 GFLOPS threshold)    0.00ms
    int8       [!] SLOW (   0.7 GIOPS < 1.0 GFLOPS threshold)    0.00ms
    int4                                              SKIPPED  (NumPy does not support this precision)
  Size     64:
    fp64                                           3.0 GFLOPS    0.00ms
    fp32                                           3.0 GFLOPS    0.00ms
    tf32                                              SKIPPED  (NumPy does not support this precision)
    fp16      [!] SLOW (   0.4 GFLOPS < 1.0 GFLOPS threshold)    0.02ms
    fp8                                               SKIPPED  (NumPy does not support this precision)
    fp4                                               SKIPPED  (NumPy does not support this precision)
    bf16                                              SKIPPED  (NumPy does not support this precision)
    int64                                           2.1 GIOPS    0.00ms
    int32                                           2.0 GIOPS    0.00ms
    int16                                           1.7 GIOPS    0.00ms
    int8                                            1.7 GIOPS    0.00ms
    int4                                              SKIPPED  (NumPy does not support this precision)
  Size    128:
    fp64                                           9.4 GFLOPS    0.00ms
    fp32                                          10.5 GFLOPS    0.00ms
    tf32                                              SKIPPED  (NumPy does not support this precision)
    fp16      [!] SLOW (   0.4 GFLOPS < 1.0 GFLOPS threshold)    0.08ms
    fp8                                               SKIPPED  (NumPy does not support this precision)
    fp4                                               SKIPPED  (NumPy does not support this precision)
    bf16                                              SKIPPED  (NumPy does not support this precision)
    int64                                           3.6 GIOPS    0.01ms
    int32                                           3.4 GIOPS    0.01ms
    int16                                           2.8 GIOPS    0.01ms
    int8                                            2.7 GIOPS    0.01ms
    int4                                              SKIPPED  (NumPy does not support this precision)
  Size    256:
    fp64                                          14.0 GFLOPS    0.01ms
    fp32                                          27.8 GFLOPS    0.00ms
    tf32                                              SKIPPED  (NumPy does not support this precision)
    fp16      [!] SLOW (   0.4 GFLOPS < 1.0 GFLOPS threshold)    0.32ms
    fp8                                               SKIPPED  (NumPy does not support this precision)
    fp4                                               SKIPPED  (NumPy does not support this precision)
    bf16                                              SKIPPED  (NumPy does not support this precision)
    int64                                           3.5 GIOPS    0.04ms
    int32                                           3.2 GIOPS    0.04ms
    int16                                           2.6 GIOPS    0.05ms
    int8                                            2.7 GIOPS    0.05ms
    int4                                              SKIPPED  (NumPy does not support this precision)
  Size    512:
    fp64                                          19.4 GFLOPS    0.03ms
    fp32                                          28.2 GFLOPS    0.02ms
    tf32                                              SKIPPED  (NumPy does not support this precision)
    fp16      [!] SLOW (   0.4 GFLOPS < 1.0 GFLOPS threshold)    1.17ms
    fp8                                               SKIPPED  (NumPy does not support this precision)
    fp4                                               SKIPPED  (NumPy does not support this precision)
    bf16                                              SKIPPED  (NumPy does not support this precision)
    int64                                           5.7 GIOPS    0.09ms
    int32                                           5.3 GIOPS    0.10ms
    int16                                           3.5 GIOPS    0.15ms
    int8                                            3.5 GIOPS    0.15ms
    int4                                              SKIPPED  (NumPy does not support this precision)
  Size     1K:
    fp64                                          11.9 GFLOPS    0.18ms
    fp32                                          17.2 GFLOPS    0.12ms
    tf32                                              SKIPPED  (NumPy does not support this precision)
    fp16      [!] SLOW (   0.5 GFLOPS < 1.0 GFLOPS threshold)    4.65ms
    fp8                                               SKIPPED  (NumPy does not support this precision)
    fp4                                               SKIPPED  (NumPy does not support this precision)
    bf16                                              SKIPPED  (NumPy does not support this precision)
    int64                                           6.0 GIOPS    0.35ms
    int32                                           5.8 GIOPS    0.36ms
    int16                                           3.5 GIOPS    0.60ms
    int8                                            3.5 GIOPS    0.60ms
    int4                                              SKIPPED  (NumPy does not support this precision)
  Size     2K:
    fp64                                          17.0 GFLOPS    0.49ms
    fp32                                          45.1 GFLOPS    0.19ms
    tf32                                              SKIPPED  (NumPy does not support this precision)
    fp16      [!] SLOW (   0.5 GFLOPS < 1.0 GFLOPS threshold)   18.50ms
    fp8                                               SKIPPED  (NumPy does not support this precision)
    fp4                                               SKIPPED  (NumPy does not support this precision)
    bf16                                              SKIPPED  (NumPy does not support this precision)
    int64                                           4.6 GIOPS    1.81ms
    int32                                           5.9 GIOPS    1.42ms
    int16                                           3.5 GIOPS    2.39ms
    int8                                            3.5 GIOPS    2.36ms
    int4                                              SKIPPED  (NumPy does not support this precision)

BLAS Level 3: GEMM
------------------------------------------------------------------------------------------
  Size     32:
    fp64                                          14.7 GFLOPS    0.00ms
    fp32                                          16.0 GFLOPS    0.00ms
    tf32                                              SKIPPED  (NumPy does not support this precision)
    fp16      [!] SLOW (   0.4 GFLOPS < 1.0 GFLOPS threshold)    0.16ms
    fp8                                               SKIPPED  (NumPy does not support this precision)
    fp4                                               SKIPPED  (NumPy does not support this precision)
    bf16                                              SKIPPED  (NumPy does not support this precision)
    int64                                           4.2 GIOPS    0.02ms
    int32                                           3.6 GIOPS    0.02ms
    int16                                           2.9 GIOPS    0.02ms
    int8                                            3.0 GIOPS    0.02ms
    int4                                              SKIPPED  (NumPy does not support this precision)
  Size     64:
    fp64                                          41.8 GFLOPS    0.01ms
    fp32                                          61.0 GFLOPS    0.01ms
    tf32                                              SKIPPED  (NumPy does not support this precision)
    fp16      [!] SLOW (   0.4 GFLOPS < 1.0 GFLOPS threshold)    1.18ms
    fp8                                               SKIPPED  (NumPy does not support this precision)
    fp4                                               SKIPPED  (NumPy does not support this precision)
    bf16                                              SKIPPED  (NumPy does not support this precision)
    int64                                           4.4 GIOPS    0.12ms
    int32                                           4.6 GIOPS    0.11ms
    int16                                           3.5 GIOPS    0.15ms
    int8                                            3.4 GIOPS    0.15ms
    int4                                              SKIPPED  (NumPy does not support this precision)
  Size    128:
    fp64                                          29.7 GFLOPS    0.14ms
    fp32                                          43.3 GFLOPS    0.10ms
    tf32                                              SKIPPED  (NumPy does not support this precision)
    fp16      [!] SLOW (   0.5 GFLOPS < 1.0 GFLOPS threshold)    9.23ms
    fp8                                               SKIPPED  (NumPy does not support this precision)
    fp4                                               SKIPPED  (NumPy does not support this precision)
    bf16                                              SKIPPED  (NumPy does not support this precision)
    int64                                           2.7 GIOPS    1.56ms
    int32                                           4.3 GIOPS    0.98ms
    int16                                           3.3 GIOPS    1.29ms
    int8                                            3.6 GIOPS    1.18ms
    int4                                              SKIPPED  (NumPy does not support this precision)
  Size    256:
    fp64                                         151.2 GFLOPS    0.22ms
    fp32                                         174.3 GFLOPS    0.19ms
    tf32                                              SKIPPED  (NumPy does not support this precision)
    fp16      [!] SLOW (   0.5 GFLOPS < 1.0 GFLOPS threshold)   72.83ms
    fp8                                               SKIPPED  (NumPy does not support this precision)
    fp4                                               SKIPPED  (NumPy does not support this precision)
    bf16                                              SKIPPED  (NumPy does not support this precision)
    int64                                           1.6 GIOPS   21.58ms
    int32                                           2.7 GIOPS   12.57ms
    int16                                           3.4 GIOPS    9.79ms
    int8                                            3.5 GIOPS    9.47ms
    int4                                              SKIPPED  (NumPy does not support this precision)
  Size    512:
    fp64                                         111.7 GFLOPS    2.40ms
    fp32                                         294.1 GFLOPS    0.91ms
    tf32                                              SKIPPED  (NumPy does not support this precision)
    fp16                                              SKIPPED  (Skipped (poor performance at size 256: 0.5 GFLOPS < 1.0 GFLOPS))
    fp8                                               SKIPPED  (NumPy does not support this precision)
    fp4                                               SKIPPED  (NumPy does not support this precision)
    bf16                                              SKIPPED  (NumPy does not support this precision)
    int64                                             SKIPPED  (Timeout: GEMM benchmark exceeded 5s timeout)
    int32                                           1.4 GIOPS  197.42ms
    int16                                           2.4 GIOPS  112.06ms
    int8                                            3.4 GIOPS   78.52ms
    int4                                              SKIPPED  (NumPy does not support this precision)
  Size     1K:
    fp64                                         210.8 GFLOPS   10.19ms
    fp32                                         431.4 GFLOPS    4.98ms
    tf32                                              SKIPPED  (NumPy does not support this precision)
    fp16                                              SKIPPED  (Skipped (poor performance at size 256: 0.5 GFLOPS < 1.0 GFLOPS))
    fp8                                               SKIPPED  (NumPy does not support this precision)
    fp4                                               SKIPPED  (NumPy does not support this precision)
    bf16                                              SKIPPED  (NumPy does not support this precision)
    int64                                             SKIPPED  (Skipped (poor performance at size 512: Timeout (>5s)))
    int32                                             SKIPPED  (Timeout: GEMM benchmark exceeded 5s timeout)
    int16                                             SKIPPED  (Timeout: GEMM benchmark exceeded 5s timeout)
    int8                                              SKIPPED  (Timeout: GEMM benchmark exceeded 5s timeout)
    int4                                              SKIPPED  (NumPy does not support this precision)
  Size     2K:
    fp64                                         303.0 GFLOPS   56.71ms
    fp32                                         591.7 GFLOPS   29.03ms
    tf32                                              SKIPPED  (NumPy does not support this precision)
    fp16                                              SKIPPED  (Skipped (poor performance at size 256: 0.5 GFLOPS < 1.0 GFLOPS))
    fp8                                               SKIPPED  (NumPy does not support this precision)
    fp4                                               SKIPPED  (NumPy does not support this precision)
    bf16                                              SKIPPED  (NumPy does not support this precision)
    int64                                             SKIPPED  (Skipped (poor performance at size 512: Timeout (>5s)))
    int32                                             SKIPPED  (Skipped (poor performance at size 1K: Timeout (>5s)))
    int16                                             SKIPPED  (Skipped (poor performance at size 1K: Timeout (>5s)))
    int8                                              SKIPPED  (Skipped (poor performance at size 1K: Timeout (>5s)))
    int4                                              SKIPPED  (NumPy does not support this precision)

==========================================================================================
BLAS Suite Complete: 24 calibrations
==========================================================================================

Building precision capability matrix...

================================================================================
Hardware Calibration: AMD Ryzen 7 8845HS w/ Radeon 780M Graphics
Date: 2025-11-28T10:37:39.966195
================================================================================

Framework: NUMPY
Device:    CPU

Theoretical Specifications:
  Peak GFLOPS (FP32): 1305.6
  Peak Bandwidth:     89.6 GB/s

STREAM Memory Bandwidth Benchmark:
  Kernel           Size (MB)    Bandwidth    Latency   Efficiency Description
  -----------------------------------------------------------------------------------------------
  COPY                    64       59.4 GB/s     2.26 ms       66.3%  a[i] = b[i]
  SCALE                    8       74.2 GB/s     0.23 ms       82.9%  a[i] = q * b[i]
  ADD                      8       54.8 GB/s     0.46 ms       61.2%  a[i] = b[i] + c[i]
  TRIAD                    8        8.9 GB/s     2.82 ms        9.9%  a[i] = b[i] + q * c[i]

  STREAM Score (minimum): 7.1 GB/s

BLAS Performance Summary (Highest Throughput by Precision):
  Operation          fp64       fp32       tf32       fp16        fp8        fp4       bf16      int64      int32      int16       int8       int4   Best Precision
  ------------------------------------------------------------------------------------------------------------------------------------------------------------------
  AXPY                4.1        7.2        N/A        0.1        N/A        N/A        N/A        2.8        3.1        2.7        2.8        N/A             fp32
  DOT                10.0       30.5        N/A        0.5        N/A        N/A        N/A        6.3        6.2        4.1        4.1        N/A             fp32
  GEMV               19.4       45.1        N/A        0.5        N/A        N/A        N/A        6.0        5.9        3.5        3.5        N/A             fp32
  GEMM              303.0      591.7        N/A        0.5        N/A        N/A        N/A        4.4        4.6        3.5        3.6        N/A             fp32

BLAS Compute Performance (by Operation and Precision):
========================================================================================================================

Level 1: Vector-Vector (O(n))
------------------------------------------------------------------------------------------------------------------------

AXPY:
  Precision   Best Size Highest Throughput    Latency       AI   Efficiency
  --------------------------------------------------------------------------------
  fp64             100K         4.1 GFLOPS     0.05ms     0.08        0.6%
  fp32             100K         7.2 GFLOPS     0.03ms     0.17        0.6%
  fp16             100K         0.1 GFLOPS     1.35ms     0.33        0.0%
  int64            100K          2.8 GIOPS     0.07ms     0.08        0.0%
  int32            100K          3.1 GIOPS     0.07ms     0.17        0.0%
  int16            100K          2.7 GIOPS     0.07ms     0.33        0.0%
  int8             100K          2.8 GIOPS     0.07ms     0.67        0.0%

DOT:
  Precision   Best Size Highest Throughput    Latency       AI   Efficiency
  --------------------------------------------------------------------------------
  fp64               1M        10.0 GFLOPS     0.20ms     0.12        1.5%
  fp32               1M        30.5 GFLOPS     0.07ms     0.25        2.3%
  fp16             100K         0.5 GFLOPS     0.44ms     0.50        0.0%
  int64            100K          6.3 GIOPS     0.03ms     0.12        0.0%
  int32            100K          6.2 GIOPS     0.03ms     0.25        0.0%
  int16              1M          4.1 GIOPS     0.49ms     0.50        0.0%
  int8               1M          4.1 GIOPS     0.49ms     1.00        0.0%

Level 2: Matrix-Vector (O(n²))
------------------------------------------------------------------------------------------------------------------------

GEMV:
  Precision   Best Size Highest Throughput    Latency       AI   Efficiency
  --------------------------------------------------------------------------------
  fp64              512        19.4 GFLOPS     0.03ms     0.25        3.0%
  fp32               2K        45.1 GFLOPS     0.19ms     0.50        3.5%
  fp16               2K         0.5 GFLOPS    18.50ms     1.00        0.0%
  int64              1K          6.0 GIOPS     0.35ms     0.25        0.0%
  int32              2K          5.9 GIOPS     1.42ms     0.50        0.0%
  int16              2K          3.5 GIOPS     2.39ms     1.00        0.0%
  int8               2K          3.5 GIOPS     2.36ms     2.00        0.0%

Level 3: Matrix-Matrix (O(n³))
------------------------------------------------------------------------------------------------------------------------

GEMM:
  Precision   Best Size Highest Throughput    Latency       AI   Efficiency
  --------------------------------------------------------------------------------
  fp64               2K       303.0 GFLOPS    56.71ms   170.67       46.4%
  fp32               2K       591.7 GFLOPS    29.03ms   341.33       45.3%
  fp16              256         0.5 GFLOPS    72.83ms    85.33        0.0%
  int64              64          4.4 GIOPS     0.12ms     5.33        0.0%
  int32              64          4.6 GIOPS     0.11ms    10.67        0.0%
  int16              64          3.5 GIOPS     0.15ms    21.33        0.0%
  int8              128          3.6 GIOPS     1.18ms    85.33        0.0%

Precision Support Summary:
  Supported:   fp64, fp32, fp16, int64, int32, int16, int8
  Unsupported: tf32, fp8, fp4, bf16, int4

