======================================================================
  CUDA KERNEL DISPATCH LATENCY CHARACTERIZATION
======================================================================
  Device:     Orin
  Iterations: 10,000 (+ 500 warmup)
  Kernels:    empty, small_add, small_matmul
======================================================================

Measuring empty kernel dispatch...

Statistics (empty kernel):
  Count:  10,000
  Min:    0.0022 ms
  p50:    0.0216 ms
  p90:    0.0227 ms
  p95:    0.0231 ms
  p99:    0.0398 ms
  p99.9:  0.7343 ms
  Max:    3.0436 ms
  Mean:   0.0227 ms
  Std:    0.0467 ms

Histogram (p0-p99):
   0.0022 -  0.0041 ms: ###                                                (  4.8%)
   0.0041 -  0.0060 ms:                                                    (  0.0%)
   0.0060 -  0.0079 ms:                                                    (  0.1%)
   0.0079 -  0.0097 ms:                                                    (  0.1%)
   0.0097 -  0.0116 ms:                                                    (  0.0%)
   0.0116 -  0.0135 ms:                                                    (  0.0%)
   0.0135 -  0.0154 ms:                                                    (  0.0%)
   0.0154 -  0.0173 ms:                                                    (  0.0%)
   0.0173 -  0.0191 ms:                                                    (  0.0%)
   0.0191 -  0.0210 ms: ############                                       ( 17.8%)
   0.0210 -  0.0229 ms: ################################################## ( 70.8%)
   0.0229 -  0.0248 ms: ##                                                 (  3.9%)
   0.0248 -  0.0267 ms:                                                    (  0.4%)
   0.0267 -  0.0286 ms:                                                    (  0.3%)
   0.0286 -  0.0304 ms:                                                    (  0.1%)
   0.0304 -  0.0323 ms:                                                    (  0.1%)
   0.0323 -  0.0342 ms:                                                    (  0.1%)
   0.0342 -  0.0361 ms:                                                    (  0.1%)
   0.0361 -  0.0380 ms:                                                    (  0.1%)
   0.0380 -  0.0398 ms:                                                    (  0.1%)
  [> 0.0398 ms: 99 outliers (1.0%), max=3.0436 ms]

Measuring small_add kernel dispatch...

Statistics (small_add kernel):
  Count:  10,000
  Min:    0.0125 ms
  p50:    0.0918 ms
  p90:    0.0959 ms
  p95:    0.0976 ms
  p99:    0.1124 ms
  p99.9:  0.7625 ms
  Max:    6.4572 ms
  Mean:   0.0935 ms
  Std:    0.0711 ms

Histogram (p0-p99):
   0.0125 -  0.0175 ms: #                                                  (  1.1%)
   0.0175 -  0.0225 ms:                                                    (  0.0%)
   0.0225 -  0.0275 ms:                                                    (  0.0%)
   0.0275 -  0.0325 ms:                                                    (  0.0%)
   0.0325 -  0.0375 ms:                                                    (  0.0%)
   0.0375 -  0.0425 ms:                                                    (  0.0%)
   0.0425 -  0.0475 ms:                                                    (  0.0%)
   0.0475 -  0.0525 ms:                                                    (  0.0%)
   0.0525 -  0.0575 ms:                                                    (  0.0%)
   0.0575 -  0.0625 ms:                                                    (  0.0%)
   0.0625 -  0.0675 ms:                                                    (  0.0%)
   0.0675 -  0.0725 ms:                                                    (  0.0%)
   0.0725 -  0.0775 ms:                                                    (  0.0%)
   0.0775 -  0.0825 ms:                                                    (  0.0%)
   0.0825 -  0.0875 ms: ####                                               (  4.9%)
   0.0875 -  0.0925 ms: ################################################## ( 52.1%)
   0.0925 -  0.0975 ms: ###################################                ( 36.6%)
   0.0975 -  0.1025 ms: ##                                                 (  2.2%)
   0.1025 -  0.1075 ms: #                                                  (  1.1%)
   0.1075 -  0.1124 ms:                                                    (  0.8%)
  [> 0.1124 ms: 100 outliers (1.0%), max=6.4572 ms]

Measuring small_matmul kernel dispatch...

Statistics (small_matmul kernel):
  Count:  10,000
  Min:    0.0996 ms
  p50:    0.1061 ms
  p90:    0.1092 ms
  p95:    0.1106 ms
  p99:    0.1243 ms
  p99.9:  0.1324 ms
  Max:    0.1442 ms
  Mean:   0.1067 ms
  Std:    0.0035 ms

Histogram (p0-p99):
   0.0996 -  0.1008 ms:                                                    (  0.1%)
   0.1008 -  0.1020 ms: #                                                  (  0.6%)
   0.1020 -  0.1033 ms: #######                                            (  3.6%)
   0.1033 -  0.1045 ms: ##########################                         ( 13.7%)
   0.1045 -  0.1057 ms: ###############################################    ( 24.3%)
   0.1057 -  0.1070 ms: ################################################## ( 25.5%)
   0.1070 -  0.1082 ms: ##############################                     ( 15.3%)
   0.1082 -  0.1094 ms: ################                                   (  8.2%)
   0.1094 -  0.1107 ms: #######                                            (  3.9%)
   0.1107 -  0.1119 ms: ##                                                 (  1.5%)
   0.1119 -  0.1131 ms:                                                    (  0.4%)
   0.1131 -  0.1144 ms:                                                    (  0.1%)
   0.1144 -  0.1156 ms:                                                    (  0.0%)
   0.1156 -  0.1168 ms:                                                    (  0.0%)
   0.1168 -  0.1181 ms:                                                    (  0.1%)
   0.1181 -  0.1193 ms:                                                    (  0.2%)
   0.1193 -  0.1206 ms:                                                    (  0.3%)
   0.1206 -  0.1218 ms:                                                    (  0.4%)
   0.1218 -  0.1230 ms:                                                    (  0.4%)
   0.1230 -  0.1243 ms:                                                    (  0.3%)
  [> 0.1243 ms: 99 outliers (1.0%), max=0.1442 ms]

======================================================================
  SUMMARY COMPARISON
======================================================================
  Kernel Type            Min        p50        p99        Max
  -------------------------------------------------------
  empty               0.0022     0.0216     0.0398     3.0436
  small_add           0.0125     0.0918     0.1124     6.4572
  small_matmul        0.0996     0.1061     0.1243     0.1442

