======================================================================
  CUDA KERNEL DISPATCH LATENCY CHARACTERIZATION
======================================================================
  Device:     Orin
  Iterations: 10,000 (+ 500 warmup)
  Kernels:    empty, small_add, small_matmul
======================================================================

Measuring empty kernel dispatch...

Statistics (empty kernel):
  Count:  10,000
  Min:    0.0021 ms
  p50:    0.0144 ms
  p90:    0.0154 ms
  p95:    0.0174 ms
  p99:    0.0232 ms
  p99.9:  0.1036 ms
  Max:    1.2965 ms
  Mean:   0.0150 ms
  Std:    0.0212 ms

Histogram (p0-p99):
   0.0021 -  0.0032 ms: ##                                                 (  3.5%)
   0.0032 -  0.0042 ms:                                                    (  0.0%)
   0.0042 -  0.0053 ms:                                                    (  0.0%)
   0.0053 -  0.0063 ms:                                                    (  0.0%)
   0.0063 -  0.0074 ms:                                                    (  0.0%)
   0.0074 -  0.0084 ms:                                                    (  0.0%)
   0.0084 -  0.0095 ms:                                                    (  0.0%)
   0.0095 -  0.0105 ms:                                                    (  0.0%)
   0.0105 -  0.0116 ms:                                                    (  0.0%)
   0.0116 -  0.0127 ms:                                                    (  0.0%)
   0.0127 -  0.0137 ms:                                                    (  0.5%)
   0.0137 -  0.0148 ms: ################################################## ( 73.1%)
   0.0148 -  0.0158 ms: #########                                          ( 14.2%)
   0.0158 -  0.0169 ms:                                                    (  1.4%)
   0.0169 -  0.0179 ms: ##                                                 (  4.2%)
   0.0179 -  0.0190 ms:                                                    (  0.9%)
   0.0190 -  0.0200 ms:                                                    (  0.2%)
   0.0200 -  0.0211 ms:                                                    (  0.3%)
   0.0211 -  0.0221 ms:                                                    (  0.4%)
   0.0221 -  0.0232 ms:                                                    (  0.2%)
  [> 0.0232 ms: 100 outliers (1.0%), max=1.2965 ms]

Measuring small_add kernel dispatch...

Statistics (small_add kernel):
  Count:  10,000
  Min:    0.0113 ms
  p50:    0.0610 ms
  p90:    0.0631 ms
  p95:    0.0638 ms
  p99:    0.0718 ms
  p99.9:  0.1111 ms
  Max:    3.2339 ms
  Mean:   0.0616 ms
  Std:    0.0346 ms

Histogram (p0-p99):
   0.0113 -  0.0143 ms:                                                    (  0.3%)
   0.0143 -  0.0173 ms:                                                    (  0.0%)
   0.0173 -  0.0204 ms:                                                    (  0.0%)
   0.0204 -  0.0234 ms:                                                    (  0.0%)
   0.0234 -  0.0264 ms:                                                    (  0.0%)
   0.0264 -  0.0294 ms:                                                    (  0.0%)
   0.0294 -  0.0325 ms:                                                    (  0.0%)
   0.0325 -  0.0355 ms:                                                    (  0.0%)
   0.0355 -  0.0385 ms:                                                    (  0.0%)
   0.0385 -  0.0416 ms:                                                    (  0.0%)
   0.0416 -  0.0446 ms:                                                    (  0.0%)
   0.0446 -  0.0476 ms:                                                    (  0.0%)
   0.0476 -  0.0506 ms:                                                    (  0.0%)
   0.0506 -  0.0537 ms:                                                    (  0.0%)
   0.0537 -  0.0567 ms:                                                    (  0.2%)
   0.0567 -  0.0597 ms: ###############                                    ( 20.3%)
   0.0597 -  0.0628 ms: ################################################## ( 66.3%)
   0.0628 -  0.0658 ms: ########                                           ( 10.6%)
   0.0658 -  0.0688 ms:                                                    (  0.4%)
   0.0688 -  0.0718 ms:                                                    (  0.9%)
  [> 0.0718 ms: 100 outliers (1.0%), max=3.2339 ms]

Measuring small_matmul kernel dispatch...

Statistics (small_matmul kernel):
  Count:  10,000
  Min:    0.0149 ms
  p50:    0.0730 ms
  p90:    0.0767 ms
  p95:    0.0785 ms
  p99:    0.0851 ms
  p99.9:  0.1621 ms
  Max:    2.7587 ms
  Mean:   0.0739 ms
  Std:    0.0303 ms

Histogram (p0-p99):
   0.0149 -  0.0184 ms:                                                    (  0.6%)
   0.0184 -  0.0219 ms:                                                    (  0.0%)
   0.0219 -  0.0254 ms:                                                    (  0.0%)
   0.0254 -  0.0289 ms:                                                    (  0.0%)
   0.0289 -  0.0324 ms:                                                    (  0.0%)
   0.0324 -  0.0360 ms:                                                    (  0.0%)
   0.0360 -  0.0395 ms:                                                    (  0.0%)
   0.0395 -  0.0430 ms:                                                    (  0.0%)
   0.0430 -  0.0465 ms:                                                    (  0.0%)
   0.0465 -  0.0500 ms:                                                    (  0.0%)
   0.0500 -  0.0535 ms:                                                    (  0.0%)
   0.0535 -  0.0570 ms:                                                    (  0.0%)
   0.0570 -  0.0605 ms:                                                    (  0.0%)
   0.0605 -  0.0640 ms:                                                    (  0.0%)
   0.0640 -  0.0675 ms:                                                    (  0.0%)
   0.0675 -  0.0710 ms: ##                                                 (  4.4%)
   0.0710 -  0.0745 ms: ################################################## ( 75.4%)
   0.0745 -  0.0780 ms: #########                                          ( 13.8%)
   0.0780 -  0.0815 ms: ##                                                 (  3.2%)
   0.0815 -  0.0851 ms: #                                                  (  1.7%)
  [> 0.0851 ms: 100 outliers (1.0%), max=2.7587 ms]

======================================================================
  SUMMARY COMPARISON
======================================================================
  Kernel Type            Min        p50        p99        Max
  -------------------------------------------------------
  empty               0.0021     0.0144     0.0232     1.2965
  small_add           0.0113     0.0610     0.0718     3.2339
  small_matmul        0.0149     0.0730     0.0851     2.7587

