================================================================================
Hardware Calibration: 12th Gen Intel(R) Core(TM) i7-12700K
================================================================================

Running pre-flight checks...

======================================================================
PRE-FLIGHT CHECKS
======================================================================

✓ CPU Governor: performance
    Current:  performance
    Expected: performance
✓ CPU Frequency: 1898 MHz idle (intel_pstate will boost under load)
    Current:  1898 MHz (idle)
    Expected: Up to 4900 MHz under load
✓ Turbo Boost: Enabled
✓ System Load: 1.3% (idle)
    Current:  1.3%
    Expected: < 5%
✓ Thermal State: 28°C (cool)
    Current:  28°C
    Expected: < 80°C

RESULT: PASSED
  System is ready for calibration.======================================================================
System Information:
  CPU: x86_64
  Cores: 12 physical, 20 logical
  Memory: 31.1 GB
  Python: 3.11.14
  NumPy: 2.2.6
  PyTorch: 2.7.1+cu126

Target Device: CPU
Framework:     NUMPY

Querying CPU clock frequencies...
  CPU Freq: 1532 MHz (31% of max 4900 MHz)
  Governor: performance
  Turbo:    Enabled

Running calibration benchmarks...

1. STREAM Memory Bandwidth Benchmark
--------------------------------------------------------------------------------
Framework: NumPy (CPU-only)

STREAM Benchmark Suite:
--------------------------------------------------------------------------------

COPY (a[i] = b[i]):
  Memory ops: 2, FLOPs/element: 0
  Size     8 MB...    61.1 GB/s  (68.2%)    0.27 ms
  Size    16 MB...    80.9 GB/s  (90.2%)    0.41 ms
  Size    32 MB...    55.8 GB/s  (62.2%)    1.20 ms
  Size    64 MB...    48.1 GB/s  (53.7%)    2.79 ms

SCALE (a[i] = q * b[i]):
  Memory ops: 2, FLOPs/element: 1
  Size     8 MB...    62.8 GB/s  (70.1%)    0.27 ms  |  7.9 GFLOPS
  Size    16 MB...    25.3 GB/s  (28.2%)    1.33 ms  |  3.2 GFLOPS
  Size    32 MB...    30.8 GB/s  (34.4%)    2.18 ms  |  3.8 GFLOPS
  Size    64 MB...    28.4 GB/s  (31.7%)    4.73 ms  |  3.5 GFLOPS

ADD (a[i] = b[i] + c[i]):
  Memory ops: 3, FLOPs/element: 1
  Size     8 MB...    55.5 GB/s  (62.0%)    0.45 ms  |  4.6 GFLOPS
  Size    16 MB...    33.8 GB/s  (37.7%)    1.49 ms  |  2.8 GFLOPS
  Size    32 MB...    34.1 GB/s  (38.0%)    2.95 ms  |  2.8 GFLOPS
  Size    64 MB...    32.8 GB/s  (36.6%)    6.15 ms  |  2.7 GFLOPS

TRIAD (a[i] = b[i] + q * c[i]):
  Memory ops: 3, FLOPs/element: 2
  Size     8 MB...    15.6 GB/s  (17.5%)    1.61 ms  |  2.6 GFLOPS
  Size    16 MB...    14.6 GB/s  (16.3%)    3.44 ms  |  2.4 GFLOPS
  Size    32 MB...    12.3 GB/s  (13.7%)    8.17 ms  |  2.1 GFLOPS
  Size    64 MB...    11.5 GB/s  (12.9%)   17.46 ms  |  1.9 GFLOPS

================================================================================
STREAM Summary:
--------------------------------------------------------------------------------
Kernel            Best BW    Latency   Efficiency Description
------------------------------------------------------------------------------------------
COPY               80.9 GB/s     0.41 ms       90.2%  a[i] = b[i]
SCALE              62.8 GB/s     0.27 ms       70.1%  a[i] = q * b[i]
ADD                55.5 GB/s     0.45 ms       62.0%  a[i] = b[i] + c[i]
TRIAD              15.6 GB/s     1.61 ms       17.5%  a[i] = b[i] + q * c[i]

STREAM Score (minimum): 11.5 GB/s
================================================================================
STREAM Score (minimum bandwidth): 11.5 GB/s

2. BLAS Compute Benchmark Suite
--------------------------------------------------------------------------------
Testing precisions: fp64, fp32, fp16, fp8, fp4, bf16, tf32, int64, int32, int16, int8, int4

Framework: NumPy (CPU-only)

BLAS Benchmark Suite:
==========================================================================================

BLAS Level 1: DOT
------------------------------------------------------------------------------------------
  Size     1K:
    fp64                                           3.2 GFLOPS    0.00ms
    fp32                                           3.9 GFLOPS    0.00ms
    tf32                                              SKIPPED  (NumPy does not support this precision)
    fp16        ⚠ SLOW (   0.9 GFLOPS < 1.0 GFLOPS threshold)    0.00ms
    fp8                                               SKIPPED  (NumPy does not support this precision)
    fp4                                               SKIPPED  (NumPy does not support this precision)
    bf16                                              SKIPPED  (NumPy does not support this precision)
    int64                                           2.4 GIOPS    0.00ms
    int32                                           2.6 GIOPS    0.00ms
    int16                                           2.5 GIOPS    0.00ms
    int8                                            2.5 GIOPS    0.00ms
    int4                                              SKIPPED  (NumPy does not support this precision)
  Size    10K:
    fp64                                          13.1 GFLOPS    0.00ms
    fp32                                          20.2 GFLOPS    0.00ms
    tf32                                              SKIPPED  (NumPy does not support this precision)
    fp16                                           1.2 GFLOPS    0.02ms
    fp8                                               SKIPPED  (NumPy does not support this precision)
    fp4                                               SKIPPED  (NumPy does not support this precision)
    bf16                                              SKIPPED  (NumPy does not support this precision)
    int64                                           6.1 GIOPS    0.00ms
    int32                                           6.1 GIOPS    0.00ms
    int16                                           5.0 GIOPS    0.00ms
    int8                                            6.3 GIOPS    0.00ms
    int4                                              SKIPPED  (NumPy does not support this precision)
  Size   100K:
    fp64                                          57.6 GFLOPS    0.00ms
    fp32                                          30.5 GFLOPS    0.01ms
    tf32                                              SKIPPED  (NumPy does not support this precision)
    fp16        ⚠ SLOW (   0.8 GFLOPS < 1.0 GFLOPS threshold)    0.25ms
    fp8                                               SKIPPED  (NumPy does not support this precision)
    fp4                                               SKIPPED  (NumPy does not support this precision)
    bf16                                              SKIPPED  (NumPy does not support this precision)
    int64                                           4.9 GIOPS    0.04ms
    int32                                           4.2 GIOPS    0.05ms
    int16                                           4.3 GIOPS    0.05ms
    int8                                            4.3 GIOPS    0.05ms
    int4                                              SKIPPED  (NumPy does not support this precision)
  Size     1M:
    fp64                                          37.2 GFLOPS    0.05ms
    fp32                                          19.6 GFLOPS    0.10ms
    tf32                                              SKIPPED  (NumPy does not support this precision)
    fp16        ⚠ SLOW (   0.8 GFLOPS < 1.0 GFLOPS threshold)    2.46ms
    fp8                                               SKIPPED  (NumPy does not support this precision)
    fp4                                               SKIPPED  (NumPy does not support this precision)
    bf16                                              SKIPPED  (NumPy does not support this precision)
    int64                                           3.8 GIOPS    0.52ms
    int32                                           4.7 GIOPS    0.43ms
    int16                                           7.1 GIOPS    0.28ms
    int8                                            7.5 GIOPS    0.27ms
    int4                                              SKIPPED  (NumPy does not support this precision)

BLAS Level 1: AXPY
------------------------------------------------------------------------------------------
  Size     1K:
    fp64                                           1.3 GFLOPS    0.00ms
    fp32                                           1.5 GFLOPS    0.00ms
    tf32                                              SKIPPED  (NumPy does not support this precision)
    fp16        ⚠ SLOW (   0.3 GFLOPS < 1.0 GFLOPS threshold)    0.01ms
    fp8                                               SKIPPED  (NumPy does not support this precision)
    fp4                                               SKIPPED  (NumPy does not support this precision)
    bf16                                              SKIPPED  (NumPy does not support this precision)
    int64                                           1.5 GIOPS    0.00ms
    int32                                           1.6 GIOPS    0.00ms
    int16                                           1.7 GIOPS    0.00ms
    int8                                            1.8 GIOPS    0.00ms
    int4                                              SKIPPED  (NumPy does not support this precision)
  Size    10K:
    fp64                                           4.3 GFLOPS    0.00ms
    fp32                                           6.6 GFLOPS    0.00ms
    tf32                                              SKIPPED  (NumPy does not support this precision)
    fp16        ⚠ SLOW (   0.4 GFLOPS < 1.0 GFLOPS threshold)    0.05ms
    fp8                                               SKIPPED  (NumPy does not support this precision)
    fp4                                               SKIPPED  (NumPy does not support this precision)
    bf16                                              SKIPPED  (NumPy does not support this precision)
    int64                                           3.9 GIOPS    0.01ms
    int32                                           6.7 GIOPS    0.00ms
    int16                                           9.5 GIOPS    0.00ms
    int8                                           13.7 GIOPS    0.00ms
    int4                                              SKIPPED  (NumPy does not support this precision)
  Size   100K:
    fp64                                           2.1 GFLOPS    0.10ms
    fp32                                           7.8 GFLOPS    0.03ms
    tf32                                              SKIPPED  (NumPy does not support this precision)
    fp16        ⚠ SLOW (   0.4 GFLOPS < 1.0 GFLOPS threshold)    0.54ms
    fp8                                               SKIPPED  (NumPy does not support this precision)
    fp4                                               SKIPPED  (NumPy does not support this precision)
    bf16                                              SKIPPED  (NumPy does not support this precision)
    int64                                           2.6 GIOPS    0.08ms
    int32                                           7.9 GIOPS    0.03ms
    int16                                          18.3 GIOPS    0.01ms
    int8                                           31.9 GIOPS    0.01ms
    int4                                              SKIPPED  (NumPy does not support this precision)
  Size     1M:
    fp64                                           1.7 GFLOPS    1.18ms
    fp32                                           3.6 GFLOPS    0.56ms
    tf32                                              SKIPPED  (NumPy does not support this precision)
    fp16        ⚠ SLOW (   0.4 GFLOPS < 1.0 GFLOPS threshold)    5.57ms
    fp8                                               SKIPPED  (NumPy does not support this precision)
    fp4                                               SKIPPED  (NumPy does not support this precision)
    bf16                                              SKIPPED  (NumPy does not support this precision)
    int64                                           2.0 GIOPS    1.00ms
    int32                                           4.7 GIOPS    0.42ms
    int16                                          10.0 GIOPS    0.20ms
    int8                                           19.8 GIOPS    0.10ms
    int4                                              SKIPPED  (NumPy does not support this precision)

BLAS Level 2: GEMV
------------------------------------------------------------------------------------------
  Size     64:
    fp64                                           3.7 GFLOPS    0.00ms
    fp32                                           3.8 GFLOPS    0.00ms
    tf32                                              SKIPPED  (NumPy does not support this precision)
    fp16        ⚠ SLOW (   0.9 GFLOPS < 1.0 GFLOPS threshold)    0.01ms
    fp8                                               SKIPPED  (NumPy does not support this precision)
    fp4                                               SKIPPED  (NumPy does not support this precision)
    bf16                                              SKIPPED  (NumPy does not support this precision)
    int64                                           2.3 GIOPS    0.00ms
    int32                                           2.5 GIOPS    0.00ms
    int16                                           2.2 GIOPS    0.00ms
    int8                                            2.7 GIOPS    0.00ms
    int4                                              SKIPPED  (NumPy does not support this precision)
  Size    128:
    fp64                                          11.6 GFLOPS    0.00ms
    fp32                                          12.9 GFLOPS    0.00ms
    tf32                                              SKIPPED  (NumPy does not support this precision)
    fp16                                           1.1 GFLOPS    0.03ms
    fp8                                               SKIPPED  (NumPy does not support this precision)
    fp4                                               SKIPPED  (NumPy does not support this precision)
    bf16                                              SKIPPED  (NumPy does not support this precision)
    int64                                           4.1 GIOPS    0.01ms
    int32                                           4.4 GIOPS    0.01ms
    int16                                           4.2 GIOPS    0.01ms
    int8                                            4.5 GIOPS    0.01ms
    int4                                              SKIPPED  (NumPy does not support this precision)
  Size    256:
    fp64                                          24.0 GFLOPS    0.01ms
    fp32                                          27.8 GFLOPS    0.00ms
    tf32                                              SKIPPED  (NumPy does not support this precision)
    fp16                                           1.2 GFLOPS    0.11ms
    fp8                                               SKIPPED  (NumPy does not support this precision)
    fp4                                               SKIPPED  (NumPy does not support this precision)
    bf16                                              SKIPPED  (NumPy does not support this precision)
    int64                                           5.5 GIOPS    0.02ms
    int32                                           5.9 GIOPS    0.02ms
    int16                                           5.8 GIOPS    0.02ms
    int8                                            6.0 GIOPS    0.02ms
    int4                                              SKIPPED  (NumPy does not support this precision)
  Size    512:
    fp64                                          19.6 GFLOPS    0.03ms
    fp32                                          48.8 GFLOPS    0.01ms
    tf32                                              SKIPPED  (NumPy does not support this precision)
    fp16                                           1.2 GFLOPS    0.43ms
    fp8                                               SKIPPED  (NumPy does not support this precision)
    fp4                                               SKIPPED  (NumPy does not support this precision)
    bf16                                              SKIPPED  (NumPy does not support this precision)
    int64                                           5.5 GIOPS    0.09ms
    int32                                           6.6 GIOPS    0.08ms
    int16                                           6.2 GIOPS    0.09ms
    int8                                            6.8 GIOPS    0.08ms
    int4                                              SKIPPED  (NumPy does not support this precision)
  Size     1K:
    fp64                                         119.8 GFLOPS    0.02ms
    fp32                                         163.5 GFLOPS    0.01ms
    tf32                                              SKIPPED  (NumPy does not support this precision)
    fp16        ⚠ SLOW (   0.8 GFLOPS < 1.0 GFLOPS threshold)    2.62ms
    fp8                                               SKIPPED  (NumPy does not support this precision)
    fp4                                               SKIPPED  (NumPy does not support this precision)
    bf16                                              SKIPPED  (NumPy does not support this precision)
    int64                                           4.2 GIOPS    0.50ms
    int32                                           4.3 GIOPS    0.49ms
    int16                                           4.4 GIOPS    0.47ms
    int8                                            4.3 GIOPS    0.48ms
    int4                                              SKIPPED  (NumPy does not support this precision)

BLAS Level 3: GEMM
------------------------------------------------------------------------------------------
  Size     64:
    fp64                                          13.9 GFLOPS    0.04ms
    fp32                                          22.5 GFLOPS    0.02ms
    tf32                                              SKIPPED  (NumPy does not support this precision)
    fp16                                           1.1 GFLOPS    0.50ms
    fp8                                               SKIPPED  (NumPy does not support this precision)
    fp4                                               SKIPPED  (NumPy does not support this precision)
    bf16                                              SKIPPED  (NumPy does not support this precision)
    int64                                           3.0 GIOPS    0.17ms
    int32                                           3.2 GIOPS    0.17ms
    int16                                           1.8 GIOPS    0.29ms
    int8                                            3.4 GIOPS    0.15ms
    int4                                              SKIPPED  (NumPy does not support this precision)
  Size    128:
    fp64                                          82.8 GFLOPS    0.05ms
    fp32                                         111.5 GFLOPS    0.04ms
    tf32                                              SKIPPED  (NumPy does not support this precision)
    fp16                                           1.1 GFLOPS    3.79ms
    fp8                                               SKIPPED  (NumPy does not support this precision)
    fp4                                               SKIPPED  (NumPy does not support this precision)
    bf16                                              SKIPPED  (NumPy does not support this precision)
    int64                                           3.6 GIOPS    1.15ms
    int32                                           4.3 GIOPS    0.99ms
    int16                                           5.5 GIOPS    0.76ms
    int8                                            4.0 GIOPS    1.05ms
    int4                                              SKIPPED  (NumPy does not support this precision)
  Size    256:
    fp64                                           2.3 GFLOPS   14.40ms
    fp32                                         203.6 GFLOPS    0.16ms
    tf32                                              SKIPPED  (NumPy does not support this precision)
    fp16                                           1.2 GFLOPS   28.71ms
    fp8                                               SKIPPED  (NumPy does not support this precision)
    fp4                                               SKIPPED  (NumPy does not support this precision)
    bf16                                              SKIPPED  (NumPy does not support this precision)
    int64                                           3.7 GIOPS    8.99ms
    int32                                           4.1 GIOPS    8.23ms
    int16                                           4.2 GIOPS    7.92ms
    int8                                            4.3 GIOPS    7.88ms
    int4                                              SKIPPED  (NumPy does not support this precision)
  Size    512:
    fp64                                         233.1 GFLOPS    1.15ms
    fp32                                         403.4 GFLOPS    0.67ms
    tf32                                              SKIPPED  (NumPy does not support this precision)
    fp16                                           1.2 GFLOPS  222.06ms
    fp8                                               SKIPPED  (NumPy does not support this precision)
    fp4                                               SKIPPED  (NumPy does not support this precision)
    bf16                                              SKIPPED  (NumPy does not support this precision)
    int64                                           1.1 GIOPS  252.51ms
    int32                                           3.0 GIOPS   88.01ms
    int16                                           4.0 GIOPS   66.58ms
    int8                                            4.3 GIOPS   63.09ms
    int4                                              SKIPPED  (NumPy does not support this precision)
  Size     1K:
    fp64                                         273.2 GFLOPS    7.86ms
    fp32                                         531.2 GFLOPS    4.04ms
    tf32                                              SKIPPED  (NumPy does not support this precision)
    fp16                                              SKIPPED  (Timeout: GEMM benchmark exceeded 5s timeout)
    fp8                                               SKIPPED  (NumPy does not support this precision)
    fp4                                               SKIPPED  (NumPy does not support this precision)
    bf16                                              SKIPPED  (NumPy does not support this precision)
    int64                                             SKIPPED  (Timeout: GEMM benchmark exceeded 5s timeout)
    int32                                             SKIPPED  (Timeout: GEMM benchmark exceeded 5s timeout)
    int16                                             SKIPPED  (Timeout: GEMM benchmark exceeded 5s timeout)
    int8                                              SKIPPED  (Timeout: GEMM benchmark exceeded 5s timeout)
    int4                                              SKIPPED  (NumPy does not support this precision)

==========================================================================================
BLAS Suite Complete: 18 calibrations
==========================================================================================

Building precision capability matrix...

================================================================================
Hardware Calibration: 12th Gen Intel(R) Core(TM) i7-12700K
Date: 2025-11-28T09:30:04.046427
================================================================================

Framework: NUMPY
Device:    CPU

Theoretical Specifications:
  Peak GFLOPS (FP32): 1280.0
  Peak Bandwidth:     89.6 GB/s

STREAM Memory Bandwidth Benchmark:
  Kernel           Size (MB)    Bandwidth    Latency   Efficiency Description
  -----------------------------------------------------------------------------------------------
  COPY                    16       80.9 GB/s     0.41 ms       90.2%  a[i] = b[i]
  SCALE                    8       62.8 GB/s     0.27 ms       70.1%  a[i] = q * b[i]
  ADD                      8       55.5 GB/s     0.45 ms       62.0%  a[i] = b[i] + c[i]
  TRIAD                    8       15.6 GB/s     1.61 ms       17.5%  a[i] = b[i] + q * c[i]

  STREAM Score (minimum): 11.5 GB/s

BLAS Performance Summary (Highest Throughput by Precision):
  Operation          fp64       fp32       tf32       fp16        fp8        fp4       bf16      int64      int32      int16       int8       int4   Best Precision
  ------------------------------------------------------------------------------------------------------------------------------------------------------------------
  AXPY                4.3        7.8        N/A        0.4        N/A        N/A        N/A        3.9        7.9       18.3       31.9        N/A             int8
  DOT                57.6       30.5        N/A        1.2        N/A        N/A        N/A        6.1        6.1        7.1        7.5        N/A             fp64
  GEMV              119.8      163.5        N/A        1.2        N/A        N/A        N/A        5.5        6.6        6.2        6.8        N/A             fp32
  GEMM              273.2      531.2        N/A        1.2        N/A        N/A        N/A        3.7        4.3        5.5        4.3        N/A             fp32

BLAS Compute Performance (by Operation and Precision):
========================================================================================================================

Level 1: Vector-Vector (O(n))
------------------------------------------------------------------------------------------------------------------------

AXPY:
  Precision   Best Size Highest Throughput    Latency       AI   Efficiency
  --------------------------------------------------------------------------------
  fp64              10K         4.3 GFLOPS     0.00ms     0.08        0.7%
  fp32             100K         7.8 GFLOPS     0.03ms     0.17        0.6%
  fp16             100K         0.4 GFLOPS     0.54ms     0.33        0.0%
  int64             10K          3.9 GIOPS     0.01ms     0.08        0.0%
  int32            100K          7.9 GIOPS     0.03ms     0.17        0.0%
  int16            100K         18.3 GIOPS     0.01ms     0.33        0.0%
  int8             100K         31.9 GIOPS     0.01ms     0.67        0.0%

DOT:
  Precision   Best Size Highest Throughput    Latency       AI   Efficiency
  --------------------------------------------------------------------------------
  fp64             100K        57.6 GFLOPS     0.00ms     0.12        9.0%
  fp32             100K        30.5 GFLOPS     0.01ms     0.25        2.4%
  fp16              10K         1.2 GFLOPS     0.02ms     0.50        0.0%
  int64             10K          6.1 GIOPS     0.00ms     0.12        0.0%
  int32             10K          6.1 GIOPS     0.00ms     0.25        0.0%
  int16              1M          7.1 GIOPS     0.28ms     0.50        0.0%
  int8               1M          7.5 GIOPS     0.27ms     1.00        0.0%

Level 2: Matrix-Vector (O(n²))
------------------------------------------------------------------------------------------------------------------------

GEMV:
  Precision   Best Size Highest Throughput    Latency       AI   Efficiency
  --------------------------------------------------------------------------------
  fp64               1K       119.8 GFLOPS     0.02ms     0.25       18.7%
  fp32               1K       163.5 GFLOPS     0.01ms     0.50       12.8%
  fp16              512         1.2 GFLOPS     0.43ms     1.00        0.0%
  int64             512          5.5 GIOPS     0.09ms     0.25        0.0%
  int32             512          6.6 GIOPS     0.08ms     0.50        0.0%
  int16             512          6.2 GIOPS     0.09ms     1.00        0.0%
  int8              512          6.8 GIOPS     0.08ms     1.99        0.0%

Level 3: Matrix-Matrix (O(n³))
------------------------------------------------------------------------------------------------------------------------

GEMM:
  Precision   Best Size Highest Throughput    Latency       AI   Efficiency
  --------------------------------------------------------------------------------
  fp64               1K       273.2 GFLOPS     7.86ms    85.33       42.7%
  fp32               1K       531.2 GFLOPS     4.04ms   170.67       41.5%
  fp16              512         1.2 GFLOPS   222.06ms   170.67        0.0%
  int64             256          3.7 GIOPS     8.99ms    21.33        0.0%
  int32             128          4.3 GIOPS     0.99ms    21.33        0.0%
  int16             128          5.5 GIOPS     0.76ms    42.67        0.0%
  int8              256          4.3 GIOPS     7.88ms   170.67        0.0%

Precision Support Summary:
  Supported:   fp64, fp32, fp16, int64, int32, int16, int8
  Unsupported: tf32, fp8, fp4, bf16, int4

