======================================================================
  CUDA KERNEL DISPATCH LATENCY CHARACTERIZATION
======================================================================
  Device:     Orin
  Iterations: 10,000 (+ 500 warmup)
  Kernels:    empty, small_add, small_matmul
======================================================================

Measuring empty kernel dispatch...

Statistics (empty kernel):
  Count:  10,000
  Min:    0.0021 ms
  p50:    0.0190 ms
  p90:    0.0228 ms
  p95:    0.0243 ms
  p99:    0.0329 ms
  p99.9:  0.1120 ms
  Max:    10.5122 ms
  Mean:   0.0212 ms
  Std:    0.1122 ms

Histogram (p0-p99):
   0.0021 -  0.0037 ms: ###                                                (  3.7%)
   0.0037 -  0.0052 ms:                                                    (  0.1%)
   0.0052 -  0.0068 ms:                                                    (  0.0%)
   0.0068 -  0.0083 ms:                                                    (  0.1%)
   0.0083 -  0.0098 ms:                                                    (  0.0%)
   0.0098 -  0.0114 ms:                                                    (  0.0%)
   0.0114 -  0.0129 ms:                                                    (  0.0%)
   0.0129 -  0.0144 ms:                                                    (  0.0%)
   0.0144 -  0.0160 ms:                                                    (  0.0%)
   0.0160 -  0.0175 ms: #                                                  (  1.5%)
   0.0175 -  0.0190 ms: ################################################## ( 50.7%)
   0.0190 -  0.0206 ms: ############################                       ( 28.6%)
   0.0206 -  0.0221 ms: ###                                                (  3.6%)
   0.0221 -  0.0236 ms: #####                                              (  5.1%)
   0.0236 -  0.0252 ms: ##                                                 (  3.0%)
   0.0252 -  0.0267 ms:                                                    (  0.9%)
   0.0267 -  0.0283 ms:                                                    (  0.6%)
   0.0283 -  0.0298 ms:                                                    (  0.5%)
   0.0298 -  0.0313 ms:                                                    (  0.3%)
   0.0313 -  0.0329 ms:                                                    (  0.3%)
  [> 0.0329 ms: 99 outliers (1.0%), max=10.5122 ms]

Measuring small_add kernel dispatch...

Statistics (small_add kernel):
  Count:  10,000
  Min:    0.0124 ms
  p50:    0.0798 ms
  p90:    0.0833 ms
  p95:    0.0849 ms
  p99:    0.1128 ms
  p99.9:  0.7282 ms
  Max:    1.6470 ms
  Mean:   0.0810 ms
  Std:    0.0312 ms

Histogram (p0-p99):
   0.0124 -  0.0175 ms:                                                    (  1.1%)
   0.0175 -  0.0225 ms:                                                    (  0.0%)
   0.0225 -  0.0275 ms:                                                    (  0.0%)
   0.0275 -  0.0325 ms:                                                    (  0.0%)
   0.0325 -  0.0375 ms:                                                    (  0.0%)
   0.0375 -  0.0425 ms:                                                    (  0.0%)
   0.0425 -  0.0476 ms:                                                    (  0.0%)
   0.0476 -  0.0526 ms:                                                    (  0.0%)
   0.0526 -  0.0576 ms:                                                    (  0.0%)
   0.0576 -  0.0626 ms:                                                    (  0.0%)
   0.0626 -  0.0676 ms:                                                    (  0.0%)
   0.0676 -  0.0726 ms:                                                    (  0.0%)
   0.0726 -  0.0777 ms: ########                                           ( 12.1%)
   0.0777 -  0.0827 ms: ################################################## ( 73.0%)
   0.0827 -  0.0877 ms: #######                                            ( 10.3%)
   0.0877 -  0.0927 ms:                                                    (  1.2%)
   0.0927 -  0.0977 ms:                                                    (  0.8%)
   0.0977 -  0.1027 ms:                                                    (  0.2%)
   0.1027 -  0.1078 ms:                                                    (  0.1%)
   0.1078 -  0.1128 ms:                                                    (  0.1%)
  [> 0.1128 ms: 100 outliers (1.0%), max=1.6470 ms]

Measuring small_matmul kernel dispatch...

Statistics (small_matmul kernel):
  Count:  10,000
  Min:    0.0872 ms
  p50:    0.0921 ms
  p90:    0.0947 ms
  p95:    0.0968 ms
  p99:    0.1081 ms
  p99.9:  0.1192 ms
  Max:    0.1441 ms
  Mean:   0.0927 ms
  Std:    0.0033 ms

Histogram (p0-p99):
   0.0872 -  0.0883 ms:                                                    (  0.2%)
   0.0883 -  0.0893 ms: ####                                               (  2.2%)
   0.0893 -  0.0904 ms: #################                                  (  8.6%)
   0.0904 -  0.0914 ms: ###########################################        ( 21.7%)
   0.0914 -  0.0924 ms: ################################################## ( 25.0%)
   0.0924 -  0.0935 ms: #########################################          ( 21.0%)
   0.0935 -  0.0945 ms: ###################                                (  9.8%)
   0.0945 -  0.0956 ms: #########                                          (  4.8%)
   0.0956 -  0.0966 ms: ##                                                 (  1.3%)
   0.0966 -  0.0976 ms: #                                                  (  0.9%)
   0.0976 -  0.0987 ms: #                                                  (  0.6%)
   0.0987 -  0.0997 ms: #                                                  (  0.5%)
   0.0997 -  0.1008 ms:                                                    (  0.2%)
   0.1008 -  0.1018 ms:                                                    (  0.1%)
   0.1018 -  0.1029 ms:                                                    (  0.2%)
   0.1029 -  0.1039 ms:                                                    (  0.2%)
   0.1039 -  0.1049 ms:                                                    (  0.4%)
   0.1049 -  0.1060 ms:                                                    (  0.3%)
   0.1060 -  0.1070 ms:                                                    (  0.4%)
   0.1070 -  0.1081 ms:                                                    (  0.3%)
  [> 0.1081 ms: 100 outliers (1.0%), max=0.1441 ms]

======================================================================
  SUMMARY COMPARISON
======================================================================
  Kernel Type            Min        p50        p99        Max
  -------------------------------------------------------
  empty               0.0021     0.0190     0.0329    10.5122
  small_add           0.0124     0.0798     0.1128     1.6470
  small_matmul        0.0872     0.0921     0.1081     0.1441

